[0.030s] Invoking command in '/home/jiujiujiur0000/workspace/vscode/turtorials/build/custom_action_interfaces': CMAKE_PREFIX_PATH=${CMAKE_PREFIX_PATH}:/opt/ros/jazzy DEBUGINFOD_URLS=https://debuginfod.ubuntu.com /usr/bin/cmake --build /home/jiujiujiur0000/workspace/vscode/turtorials/build/custom_action_interfaces -- -j16 -l16
[0.083s] [  2%] [34m[1mGenerating type hashes for ROS interfaces[0m
[0.094s] [  2%] Built target ament_cmake_python_copy_custom_action_interfaces
[0.290s] [  2%] Built target custom_action_interfaces__rosidl_generator_type_description
[0.301s] [  5%] [34m[1mGenerating C code for ROS interfaces[0m
[0.314s] [  8%] [34m[1mGenerating C++ code for ROS interfaces[0m
[0.326s] running egg_info
[0.326s] creating custom_action_interfaces.egg-info
[0.346s] writing custom_action_interfaces.egg-info/PKG-INFO
[0.346s] writing dependency_links to custom_action_interfaces.egg-info/dependency_links.txt
[0.346s] writing top-level names to custom_action_interfaces.egg-info/top_level.txt
[0.347s] writing manifest file 'custom_action_interfaces.egg-info/SOURCES.txt'
[0.406s] reading manifest file 'custom_action_interfaces.egg-info/SOURCES.txt'
[0.406s] writing manifest file 'custom_action_interfaces.egg-info/SOURCES.txt'
[0.440s] [  8%] Built target ament_cmake_python_build_custom_action_interfaces_egg
[0.663s] [  8%] Built target custom_action_interfaces__cpp
[0.694s] [ 17%] [32mBuilding C object CMakeFiles/custom_action_interfaces__rosidl_generator_c.dir/rosidl_generator_c/custom_action_interfaces/action/detail/fibonacci__description.c.o[0m
[0.694s] [ 17%] [32mBuilding C object CMakeFiles/custom_action_interfaces__rosidl_generator_c.dir/rosidl_generator_c/custom_action_interfaces/action/detail/fibonacci__functions.c.o[0m
[0.694s] [ 17%] [32mBuilding C object CMakeFiles/custom_action_interfaces__rosidl_generator_c.dir/rosidl_generator_c/custom_action_interfaces/action/detail/fibonacci__type_support.c.o[0m
[0.829s] [ 20%] [32m[1mLinking C shared library libcustom_action_interfaces__rosidl_generator_c.so[0m
[0.869s] [ 20%] Built target custom_action_interfaces__rosidl_generator_c
[0.880s] [ 38%] [34m[1mGenerating C++ type support dispatch for ROS interfaces[0m
[0.880s] [ 38%] [34m[1mGenerating C type support for eProsima Fast-RTPS[0m
[0.880s] [ 38%] [34m[1mGenerating C++ introspection for ROS interfaces[0m
[0.880s] [ 38%] [34m[1mGenerating C type support dispatch for ROS interfaces[0m
[0.880s] [ 38%] [34m[1mGenerating C introspection for ROS interfaces[0m
[0.880s] [ 38%] [34m[1mGenerating C++ type support for eProsima Fast-RTPS[0m
[1.114s] [ 41%] [32mBuilding CXX object CMakeFiles/custom_action_interfaces__rosidl_typesupport_c.dir/rosidl_typesupport_c/custom_action_interfaces/action/fibonacci__type_support.cpp.o[0m
[1.127s] [ 44%] [32mBuilding CXX object CMakeFiles/custom_action_interfaces__rosidl_typesupport_cpp.dir/rosidl_typesupport_cpp/custom_action_interfaces/action/fibonacci__type_support.cpp.o[0m
[1.168s] [ 47%] [32mBuilding CXX object CMakeFiles/custom_action_interfaces__rosidl_typesupport_introspection_cpp.dir/rosidl_typesupport_introspection_cpp/custom_action_interfaces/action/detail/fibonacci__type_support.cpp.o[0m
[1.170s] [ 50%] [32m[1mLinking CXX shared library libcustom_action_interfaces__rosidl_typesupport_c.so[0m
[1.189s] [ 52%] [32mBuilding C object CMakeFiles/custom_action_interfaces__rosidl_typesupport_introspection_c.dir/rosidl_typesupport_introspection_c/custom_action_interfaces/action/detail/fibonacci__type_support.c.o[0m
[1.216s] [ 52%] Built target custom_action_interfaces__rosidl_typesupport_c
[1.257s] [ 55%] [32m[1mLinking C shared library libcustom_action_interfaces__rosidl_typesupport_introspection_c.so[0m
[1.283s] [ 58%] [32mBuilding CXX object CMakeFiles/custom_action_interfaces__rosidl_typesupport_fastrtps_cpp.dir/rosidl_typesupport_fastrtps_cpp/custom_action_interfaces/action/detail/dds_fastrtps/fibonacci__type_support.cpp.o[0m
[1.294s] [ 58%] Built target custom_action_interfaces__rosidl_typesupport_introspection_c
[1.307s] [ 61%] [32mBuilding CXX object CMakeFiles/custom_action_interfaces__rosidl_typesupport_fastrtps_c.dir/rosidl_typesupport_fastrtps_c/custom_action_interfaces/action/detail/fibonacci__type_support_c.cpp.o[0m
[1.723s] [ 64%] [32m[1mLinking CXX shared library libcustom_action_interfaces__rosidl_typesupport_cpp.so[0m
[1.805s] [ 64%] Built target custom_action_interfaces__rosidl_typesupport_cpp
[1.814s] [ 67%] [32m[1mLinking CXX shared library libcustom_action_interfaces__rosidl_typesupport_fastrtps_c.so[0m
[1.845s] [ 70%] [32m[1mLinking CXX shared library libcustom_action_interfaces__rosidl_typesupport_introspection_cpp.so[0m
[1.867s] [ 70%] Built target custom_action_interfaces__rosidl_typesupport_fastrtps_c
[1.921s] [ 70%] Built target custom_action_interfaces__rosidl_typesupport_introspection_cpp
[2.145s] [ 73%] [32m[1mLinking CXX shared library libcustom_action_interfaces__rosidl_typesupport_fastrtps_cpp.so[0m
[2.217s] [ 73%] Built target custom_action_interfaces__rosidl_typesupport_fastrtps_cpp
[2.239s] [ 73%] Built target custom_action_interfaces
[2.262s] [ 76%] [34m[1mGenerating Python code for ROS interfaces[0m
[2.768s] [ 76%] Built target custom_action_interfaces__py
[2.792s] [ 79%] [32mBuilding C object CMakeFiles/custom_action_interfaces__rosidl_generator_py.dir/rosidl_generator_py/custom_action_interfaces/action/_fibonacci_s.c.o[0m
[2.998s] [ 82%] [32m[1mLinking C shared library libcustom_action_interfaces__rosidl_generator_py.so[0m
[3.046s] [ 82%] Built target custom_action_interfaces__rosidl_generator_py
[3.070s] [ 91%] [32mBuilding C object CMakeFiles/custom_action_interfaces_s__rosidl_typesupport_fastrtps_c.dir/rosidl_generator_py/custom_action_interfaces/_custom_action_interfaces_s.ep.rosidl_typesupport_fastrtps_c.c.o[0m
[3.070s] [ 91%] [32mBuilding C object CMakeFiles/custom_action_interfaces_s__rosidl_typesupport_c.dir/rosidl_generator_py/custom_action_interfaces/_custom_action_interfaces_s.ep.rosidl_typesupport_c.c.o[0m
[3.070s] [ 91%] [32mBuilding C object CMakeFiles/custom_action_interfaces_s__rosidl_typesupport_introspection_c.dir/rosidl_generator_py/custom_action_interfaces/_custom_action_interfaces_s.ep.rosidl_typesupport_introspection_c.c.o[0m
[3.181s] [ 94%] [32m[1mLinking C shared module rosidl_generator_py/custom_action_interfaces/custom_action_interfaces_s__rosidl_typesupport_c.so[0m
[3.184s] [ 97%] [32m[1mLinking C shared module rosidl_generator_py/custom_action_interfaces/custom_action_interfaces_s__rosidl_typesupport_introspection_c.so[0m
[3.185s] [100%] [32m[1mLinking C shared module rosidl_generator_py/custom_action_interfaces/custom_action_interfaces_s__rosidl_typesupport_fastrtps_c.so[0m
[3.216s] [100%] Built target custom_action_interfaces_s__rosidl_typesupport_c
[3.218s] [100%] Built target custom_action_interfaces_s__rosidl_typesupport_introspection_c
[3.219s] [100%] Built target custom_action_interfaces_s__rosidl_typesupport_fastrtps_c
