[0.011s] Invoking command in '/home/jiujiujiur0000/workspace/vscode/turtorials/build/tutorial_interfaces': CMAKE_PREFIX_PATH=${CMAKE_PREFIX_PATH}:/opt/ros/jazzy DEBUGINFOD_URLS=https://debuginfod.ubuntu.com /usr/bin/cmake --build /home/jiujiujiur0000/workspace/vscode/turtorials/build/tutorial_interfaces -- -j16 -l16
[0.037s] -- Found ament_cmake: 2.5.4 (/opt/ros/jazzy/share/ament_cmake/cmake)
[0.127s] -- Found geometry_msgs: 5.3.6 (/opt/ros/jazzy/share/geometry_msgs/cmake)
[0.150s] -- Found rosidl_generator_c: 4.6.6 (/opt/ros/jazzy/share/rosidl_generator_c/cmake)
[0.157s] -- Found rosidl_generator_cpp: 4.6.6 (/opt/ros/jazzy/share/rosidl_generator_cpp/cmake)
[0.166s] -- Using all available rosidl_typesupport_c: rosidl_typesupport_fastrtps_c;rosidl_typesupport_introspection_c
[0.177s] -- Using all available rosidl_typesupport_cpp: rosidl_typesupport_fastrtps_cpp;rosidl_typesupport_introspection_cpp
[0.211s] -- Found rosidl_default_generators: 1.6.0 (/opt/ros/jazzy/share/rosidl_default_generators/cmake)
[0.218s] -- Found rosidl_adapter: 4.6.6 (/opt/ros/jazzy/share/rosidl_adapter/cmake)
[0.480s] -- Found ament_cmake_ros: 0.12.0 (/opt/ros/jazzy/share/ament_cmake_ros/cmake)
[0.741s] -- Using all available rosidl_typesupport_c: rosidl_typesupport_fastrtps_c;rosidl_typesupport_introspection_c
[0.842s] -- Using all available rosidl_typesupport_cpp: rosidl_typesupport_fastrtps_cpp;rosidl_typesupport_introspection_cpp
[0.843s] -- Found python_cmake_module: 0.11.1 (/opt/ros/jazzy/share/python_cmake_module/cmake)
[1.074s] -- Found Python3: /usr/bin/python3 (found version "3.12.3") found components: Interpreter Development NumPy Development.Module Development.Embed 
[1.106s] -- Found ament_lint_auto: 0.17.3 (/opt/ros/jazzy/share/ament_lint_auto/cmake)
[1.115s] -- Added test 'lint_cmake' to check CMake code style
[1.116s] -- Added test 'xmllint' to check XML markup files
[1.118s] -- Configuring done (1.1s)
[1.179s] -- Generating done (0.1s)
[1.190s] -- Build files have been written to: /home/jiujiujiur0000/workspace/vscode/turtorials/build/tutorial_interfaces
[1.230s] [  1%] Built target tutorial_interfaces__rosidl_generator_type_description
[1.243s] [  1%] Built target ament_cmake_python_copy_tutorial_interfaces
[1.252s] [  3%] Built target tutorial_interfaces__cpp
[1.257s] [ 24%] Built target tutorial_interfaces__rosidl_generator_c
[1.284s] [ 40%] Built target tutorial_interfaces__rosidl_typesupport_c
[1.284s] [ 42%] Built target tutorial_interfaces__rosidl_typesupport_introspection_c
[1.285s] [ 51%] Built target tutorial_interfaces__rosidl_typesupport_introspection_cpp
[1.286s] [ 61%] Built target tutorial_interfaces__rosidl_typesupport_fastrtps_cpp
[1.286s] [ 70%] Built target tutorial_interfaces__rosidl_typesupport_fastrtps_c
[1.287s] [ 79%] Built target tutorial_interfaces__rosidl_typesupport_cpp
[1.310s] [ 79%] Built target tutorial_interfaces
[1.335s] [ 81%] Built target tutorial_interfaces__py
[1.363s] [ 88%] Built target tutorial_interfaces__rosidl_generator_py
[1.389s] [100%] Built target tutorial_interfaces_s__rosidl_typesupport_introspection_c
[1.390s] [100%] Built target tutorial_interfaces_s__rosidl_typesupport_c
[1.390s] [100%] Built target tutorial_interfaces_s__rosidl_typesupport_fastrtps_c
[1.447s] running egg_info
[1.472s] writing tutorial_interfaces.egg-info/PKG-INFO
[1.472s] writing dependency_links to tutorial_interfaces.egg-info/dependency_links.txt
[1.472s] writing top-level names to tutorial_interfaces.egg-info/top_level.txt
[1.537s] reading manifest file 'tutorial_interfaces.egg-info/SOURCES.txt'
[1.538s] writing manifest file 'tutorial_interfaces.egg-info/SOURCES.txt'
[1.563s] [100%] Built target ament_cmake_python_build_tutorial_interfaces_egg
[1.577s] Invoked command in '/home/jiujiujiur0000/workspace/vscode/turtorials/build/tutorial_interfaces' returned '0': CMAKE_PREFIX_PATH=${CMAKE_PREFIX_PATH}:/opt/ros/jazzy DEBUGINFOD_URLS=https://debuginfod.ubuntu.com /usr/bin/cmake --build /home/jiujiujiur0000/workspace/vscode/turtorials/build/tutorial_interfaces -- -j16 -l16
[1.587s] Invoking command in '/home/jiujiujiur0000/workspace/vscode/turtorials/build/tutorial_interfaces': CMAKE_PREFIX_PATH=${CMAKE_PREFIX_PATH}:/opt/ros/jazzy DEBUGINFOD_URLS=https://debuginfod.ubuntu.com /usr/bin/cmake --install /home/jiujiujiur0000/workspace/vscode/turtorials/build/tutorial_interfaces
[1.596s] -- Install configuration: ""
[1.596s] -- Up-to-date: /home/jiujiujiur0000/workspace/vscode/turtorials/install/tutorial_interfaces/share/ament_index/resource_index/rosidl_interfaces/tutorial_interfaces
[1.596s] -- Up-to-date: /home/jiujiujiur0000/workspace/vscode/turtorials/install/tutorial_interfaces/share/tutorial_interfaces/msg/Num.json
[1.597s] -- Up-to-date: /home/jiujiujiur0000/workspace/vscode/turtorials/install/tutorial_interfaces/share/tutorial_interfaces/msg/Sphere.json
[1.597s] -- Up-to-date: /home/jiujiujiur0000/workspace/vscode/turtorials/install/tutorial_interfaces/share/tutorial_interfaces/srv/AddThreeInts.json
[1.597s] -- Up-to-date: /home/jiujiujiur0000/workspace/vscode/turtorials/install/tutorial_interfaces/include/tutorial_interfaces/tutorial_interfaces
[1.597s] -- Up-to-date: /home/jiujiujiur0000/workspace/vscode/turtorials/install/tutorial_interfaces/include/tutorial_interfaces/tutorial_interfaces/srv
[1.597s] -- Up-to-date: /home/jiujiujiur0000/workspace/vscode/turtorials/install/tutorial_interfaces/include/tutorial_interfaces/tutorial_interfaces/srv/detail
[1.597s] -- Up-to-date: /home/jiujiujiur0000/workspace/vscode/turtorials/install/tutorial_interfaces/include/tutorial_interfaces/tutorial_interfaces/srv/detail/add_three_ints__type_support.h
[1.597s] -- Up-to-date: /home/jiujiujiur0000/workspace/vscode/turtorials/install/tutorial_interfaces/include/tutorial_interfaces/tutorial_interfaces/srv/detail/add_three_ints__description.c
[1.597s] -- Up-to-date: /home/jiujiujiur0000/workspace/vscode/turtorials/install/tutorial_interfaces/include/tutorial_interfaces/tutorial_interfaces/srv/detail/add_three_ints__functions.h
[1.597s] -- Up-to-date: /home/jiujiujiur0000/workspace/vscode/turtorials/install/tutorial_interfaces/include/tutorial_interfaces/tutorial_interfaces/srv/detail/add_three_ints__functions.c
[1.597s] -- Up-to-date: /home/jiujiujiur0000/workspace/vscode/turtorials/install/tutorial_interfaces/include/tutorial_interfaces/tutorial_interfaces/srv/detail/add_three_ints__struct.h
[1.597s] -- Up-to-date: /home/jiujiujiur0000/workspace/vscode/turtorials/install/tutorial_interfaces/include/tutorial_interfaces/tutorial_interfaces/srv/detail/add_three_ints__type_support.c
[1.598s] -- Up-to-date: /home/jiujiujiur0000/workspace/vscode/turtorials/install/tutorial_interfaces/include/tutorial_interfaces/tutorial_interfaces/srv/add_three_ints.h
[1.598s] -- Up-to-date: /home/jiujiujiur0000/workspace/vscode/turtorials/install/tutorial_interfaces/include/tutorial_interfaces/tutorial_interfaces/msg
[1.598s] -- Up-to-date: /home/jiujiujiur0000/workspace/vscode/turtorials/install/tutorial_interfaces/include/tutorial_interfaces/tutorial_interfaces/msg/detail
[1.598s] -- Up-to-date: /home/jiujiujiur0000/workspace/vscode/turtorials/install/tutorial_interfaces/include/tutorial_interfaces/tutorial_interfaces/msg/detail/sphere__description.c
[1.598s] -- Up-to-date: /home/jiujiujiur0000/workspace/vscode/turtorials/install/tutorial_interfaces/include/tutorial_interfaces/tutorial_interfaces/msg/detail/sphere__struct.h
[1.598s] -- Up-to-date: /home/jiujiujiur0000/workspace/vscode/turtorials/install/tutorial_interfaces/include/tutorial_interfaces/tutorial_interfaces/msg/detail/num__functions.h
[1.598s] -- Up-to-date: /home/jiujiujiur0000/workspace/vscode/turtorials/install/tutorial_interfaces/include/tutorial_interfaces/tutorial_interfaces/msg/detail/sphere__type_support.c
[1.598s] -- Up-to-date: /home/jiujiujiur0000/workspace/vscode/turtorials/install/tutorial_interfaces/include/tutorial_interfaces/tutorial_interfaces/msg/detail/sphere__type_support.h
[1.598s] -- Up-to-date: /home/jiujiujiur0000/workspace/vscode/turtorials/install/tutorial_interfaces/include/tutorial_interfaces/tutorial_interfaces/msg/detail/num__struct.h
[1.598s] -- Up-to-date: /home/jiujiujiur0000/workspace/vscode/turtorials/install/tutorial_interfaces/include/tutorial_interfaces/tutorial_interfaces/msg/detail/sphere__functions.c
[1.598s] -- Up-to-date: /home/jiujiujiur0000/workspace/vscode/turtorials/install/tutorial_interfaces/include/tutorial_interfaces/tutorial_interfaces/msg/detail/num__functions.c
[1.598s] -- Up-to-date: /home/jiujiujiur0000/workspace/vscode/turtorials/install/tutorial_interfaces/include/tutorial_interfaces/tutorial_interfaces/msg/detail/sphere__functions.h
[1.598s] -- Up-to-date: /home/jiujiujiur0000/workspace/vscode/turtorials/install/tutorial_interfaces/include/tutorial_interfaces/tutorial_interfaces/msg/detail/num__type_support.h
[1.599s] -- Up-to-date: /home/jiujiujiur0000/workspace/vscode/turtorials/install/tutorial_interfaces/include/tutorial_interfaces/tutorial_interfaces/msg/detail/num__description.c
[1.599s] -- Up-to-date: /home/jiujiujiur0000/workspace/vscode/turtorials/install/tutorial_interfaces/include/tutorial_interfaces/tutorial_interfaces/msg/detail/num__type_support.c
[1.599s] -- Up-to-date: /home/jiujiujiur0000/workspace/vscode/turtorials/install/tutorial_interfaces/include/tutorial_interfaces/tutorial_interfaces/msg/rosidl_generator_c__visibility_control.h
[1.599s] -- Up-to-date: /home/jiujiujiur0000/workspace/vscode/turtorials/install/tutorial_interfaces/include/tutorial_interfaces/tutorial_interfaces/msg/sphere.h
[1.599s] -- Up-to-date: /home/jiujiujiur0000/workspace/vscode/turtorials/install/tutorial_interfaces/include/tutorial_interfaces/tutorial_interfaces/msg/num.h
[1.599s] -- Up-to-date: /home/jiujiujiur0000/workspace/vscode/turtorials/install/tutorial_interfaces/share/tutorial_interfaces/environment/library_path.sh
[1.599s] -- Up-to-date: /home/jiujiujiur0000/workspace/vscode/turtorials/install/tutorial_interfaces/share/tutorial_interfaces/environment/library_path.dsv
[1.600s] -- Up-to-date: /home/jiujiujiur0000/workspace/vscode/turtorials/install/tutorial_interfaces/lib/libtutorial_interfaces__rosidl_generator_c.so
[1.600s] -- Up-to-date: /home/jiujiujiur0000/workspace/vscode/turtorials/install/tutorial_interfaces/include/tutorial_interfaces/tutorial_interfaces
[1.600s] -- Up-to-date: /home/jiujiujiur0000/workspace/vscode/turtorials/install/tutorial_interfaces/include/tutorial_interfaces/tutorial_interfaces/srv
[1.600s] -- Up-to-date: /home/jiujiujiur0000/workspace/vscode/turtorials/install/tutorial_interfaces/include/tutorial_interfaces/tutorial_interfaces/srv/detail
[1.600s] -- Up-to-date: /home/jiujiujiur0000/workspace/vscode/turtorials/install/tutorial_interfaces/include/tutorial_interfaces/tutorial_interfaces/srv/detail/add_three_ints__rosidl_typesupport_fastrtps_c.h
[1.601s] -- Up-to-date: /home/jiujiujiur0000/workspace/vscode/turtorials/install/tutorial_interfaces/include/tutorial_interfaces/tutorial_interfaces/msg
[1.601s] -- Up-to-date: /home/jiujiujiur0000/workspace/vscode/turtorials/install/tutorial_interfaces/include/tutorial_interfaces/tutorial_interfaces/msg/detail
[1.601s] -- Up-to-date: /home/jiujiujiur0000/workspace/vscode/turtorials/install/tutorial_interfaces/include/tutorial_interfaces/tutorial_interfaces/msg/detail/sphere__rosidl_typesupport_fastrtps_c.h
[1.601s] -- Up-to-date: /home/jiujiujiur0000/workspace/vscode/turtorials/install/tutorial_interfaces/include/tutorial_interfaces/tutorial_interfaces/msg/detail/num__rosidl_typesupport_fastrtps_c.h
[1.601s] -- Up-to-date: /home/jiujiujiur0000/workspace/vscode/turtorials/install/tutorial_interfaces/include/tutorial_interfaces/tutorial_interfaces/msg/rosidl_typesupport_fastrtps_c__visibility_control.h
[1.601s] -- Up-to-date: /home/jiujiujiur0000/workspace/vscode/turtorials/install/tutorial_interfaces/lib/libtutorial_interfaces__rosidl_typesupport_fastrtps_c.so
[1.601s] -- Up-to-date: /home/jiujiujiur0000/workspace/vscode/turtorials/install/tutorial_interfaces/include/tutorial_interfaces/tutorial_interfaces
[1.601s] -- Up-to-date: /home/jiujiujiur0000/workspace/vscode/turtorials/install/tutorial_interfaces/include/tutorial_interfaces/tutorial_interfaces/srv
[1.601s] -- Up-to-date: /home/jiujiujiur0000/workspace/vscode/turtorials/install/tutorial_interfaces/include/tutorial_interfaces/tutorial_interfaces/srv/detail
[1.601s] -- Up-to-date: /home/jiujiujiur0000/workspace/vscode/turtorials/install/tutorial_interfaces/include/tutorial_interfaces/tutorial_interfaces/srv/detail/add_three_ints__struct.hpp
[1.601s] -- Up-to-date: /home/jiujiujiur0000/workspace/vscode/turtorials/install/tutorial_interfaces/include/tutorial_interfaces/tutorial_interfaces/srv/detail/add_three_ints__builder.hpp
[1.602s] -- Up-to-date: /home/jiujiujiur0000/workspace/vscode/turtorials/install/tutorial_interfaces/include/tutorial_interfaces/tutorial_interfaces/srv/detail/add_three_ints__traits.hpp
[1.602s] -- Up-to-date: /home/jiujiujiur0000/workspace/vscode/turtorials/install/tutorial_interfaces/include/tutorial_interfaces/tutorial_interfaces/srv/detail/add_three_ints__type_support.hpp
[1.602s] -- Up-to-date: /home/jiujiujiur0000/workspace/vscode/turtorials/install/tutorial_interfaces/include/tutorial_interfaces/tutorial_interfaces/srv/add_three_ints.hpp
[1.602s] -- Up-to-date: /home/jiujiujiur0000/workspace/vscode/turtorials/install/tutorial_interfaces/include/tutorial_interfaces/tutorial_interfaces/msg
[1.602s] -- Up-to-date: /home/jiujiujiur0000/workspace/vscode/turtorials/install/tutorial_interfaces/include/tutorial_interfaces/tutorial_interfaces/msg/detail
[1.602s] -- Up-to-date: /home/jiujiujiur0000/workspace/vscode/turtorials/install/tutorial_interfaces/include/tutorial_interfaces/tutorial_interfaces/msg/detail/sphere__struct.hpp
[1.602s] -- Up-to-date: /home/jiujiujiur0000/workspace/vscode/turtorials/install/tutorial_interfaces/include/tutorial_interfaces/tutorial_interfaces/msg/detail/sphere__type_support.hpp
[1.602s] -- Up-to-date: /home/jiujiujiur0000/workspace/vscode/turtorials/install/tutorial_interfaces/include/tutorial_interfaces/tutorial_interfaces/msg/detail/num__traits.hpp
[1.602s] -- Up-to-date: /home/jiujiujiur0000/workspace/vscode/turtorials/install/tutorial_interfaces/include/tutorial_interfaces/tutorial_interfaces/msg/detail/sphere__builder.hpp
[1.602s] -- Up-to-date: /home/jiujiujiur0000/workspace/vscode/turtorials/install/tutorial_interfaces/include/tutorial_interfaces/tutorial_interfaces/msg/detail/sphere__traits.hpp
[1.602s] -- Up-to-date: /home/jiujiujiur0000/workspace/vscode/turtorials/install/tutorial_interfaces/include/tutorial_interfaces/tutorial_interfaces/msg/detail/num__struct.hpp
[1.602s] -- Up-to-date: /home/jiujiujiur0000/workspace/vscode/turtorials/install/tutorial_interfaces/include/tutorial_interfaces/tutorial_interfaces/msg/detail/num__type_support.hpp
[1.602s] -- Up-to-date: /home/jiujiujiur0000/workspace/vscode/turtorials/install/tutorial_interfaces/include/tutorial_interfaces/tutorial_interfaces/msg/detail/num__builder.hpp
[1.602s] -- Up-to-date: /home/jiujiujiur0000/workspace/vscode/turtorials/install/tutorial_interfaces/include/tutorial_interfaces/tutorial_interfaces/msg/sphere.hpp
[1.603s] -- Up-to-date: /home/jiujiujiur0000/workspace/vscode/turtorials/install/tutorial_interfaces/include/tutorial_interfaces/tutorial_interfaces/msg/num.hpp
[1.603s] -- Up-to-date: /home/jiujiujiur0000/workspace/vscode/turtorials/install/tutorial_interfaces/include/tutorial_interfaces/tutorial_interfaces/msg/rosidl_generator_cpp__visibility_control.hpp
[1.603s] -- Up-to-date: /home/jiujiujiur0000/workspace/vscode/turtorials/install/tutorial_interfaces/include/tutorial_interfaces/tutorial_interfaces
[1.603s] -- Up-to-date: /home/jiujiujiur0000/workspace/vscode/turtorials/install/tutorial_interfaces/include/tutorial_interfaces/tutorial_interfaces/srv
[1.603s] -- Up-to-date: /home/jiujiujiur0000/workspace/vscode/turtorials/install/tutorial_interfaces/include/tutorial_interfaces/tutorial_interfaces/srv/detail
[1.603s] -- Up-to-date: /home/jiujiujiur0000/workspace/vscode/turtorials/install/tutorial_interfaces/include/tutorial_interfaces/tutorial_interfaces/srv/detail/add_three_ints__rosidl_typesupport_fastrtps_cpp.hpp
[1.603s] -- Up-to-date: /home/jiujiujiur0000/workspace/vscode/turtorials/install/tutorial_interfaces/include/tutorial_interfaces/tutorial_interfaces/srv/detail/dds_fastrtps
[1.603s] -- Up-to-date: /home/jiujiujiur0000/workspace/vscode/turtorials/install/tutorial_interfaces/include/tutorial_interfaces/tutorial_interfaces/msg
[1.603s] -- Up-to-date: /home/jiujiujiur0000/workspace/vscode/turtorials/install/tutorial_interfaces/include/tutorial_interfaces/tutorial_interfaces/msg/detail
[1.603s] -- Up-to-date: /home/jiujiujiur0000/workspace/vscode/turtorials/install/tutorial_interfaces/include/tutorial_interfaces/tutorial_interfaces/msg/detail/num__rosidl_typesupport_fastrtps_cpp.hpp
[1.603s] -- Up-to-date: /home/jiujiujiur0000/workspace/vscode/turtorials/install/tutorial_interfaces/include/tutorial_interfaces/tutorial_interfaces/msg/detail/sphere__rosidl_typesupport_fastrtps_cpp.hpp
[1.603s] -- Up-to-date: /home/jiujiujiur0000/workspace/vscode/turtorials/install/tutorial_interfaces/include/tutorial_interfaces/tutorial_interfaces/msg/detail/dds_fastrtps
[1.603s] -- Up-to-date: /home/jiujiujiur0000/workspace/vscode/turtorials/install/tutorial_interfaces/include/tutorial_interfaces/tutorial_interfaces/msg/rosidl_typesupport_fastrtps_cpp__visibility_control.h
[1.604s] -- Up-to-date: /home/jiujiujiur0000/workspace/vscode/turtorials/install/tutorial_interfaces/lib/libtutorial_interfaces__rosidl_typesupport_fastrtps_cpp.so
[1.604s] -- Up-to-date: /home/jiujiujiur0000/workspace/vscode/turtorials/install/tutorial_interfaces/include/tutorial_interfaces/tutorial_interfaces
[1.604s] -- Up-to-date: /home/jiujiujiur0000/workspace/vscode/turtorials/install/tutorial_interfaces/include/tutorial_interfaces/tutorial_interfaces/srv
[1.604s] -- Up-to-date: /home/jiujiujiur0000/workspace/vscode/turtorials/install/tutorial_interfaces/include/tutorial_interfaces/tutorial_interfaces/srv/detail
[1.604s] -- Up-to-date: /home/jiujiujiur0000/workspace/vscode/turtorials/install/tutorial_interfaces/include/tutorial_interfaces/tutorial_interfaces/srv/detail/add_three_ints__rosidl_typesupport_introspection_c.h
[1.604s] -- Up-to-date: /home/jiujiujiur0000/workspace/vscode/turtorials/install/tutorial_interfaces/include/tutorial_interfaces/tutorial_interfaces/srv/detail/add_three_ints__type_support.c
[1.604s] -- Up-to-date: /home/jiujiujiur0000/workspace/vscode/turtorials/install/tutorial_interfaces/include/tutorial_interfaces/tutorial_interfaces/msg
[1.604s] -- Up-to-date: /home/jiujiujiur0000/workspace/vscode/turtorials/install/tutorial_interfaces/include/tutorial_interfaces/tutorial_interfaces/msg/detail
[1.604s] -- Up-to-date: /home/jiujiujiur0000/workspace/vscode/turtorials/install/tutorial_interfaces/include/tutorial_interfaces/tutorial_interfaces/msg/detail/sphere__type_support.c
[1.604s] -- Up-to-date: /home/jiujiujiur0000/workspace/vscode/turtorials/install/tutorial_interfaces/include/tutorial_interfaces/tutorial_interfaces/msg/detail/sphere__rosidl_typesupport_introspection_c.h
[1.605s] -- Up-to-date: /home/jiujiujiur0000/workspace/vscode/turtorials/install/tutorial_interfaces/include/tutorial_interfaces/tutorial_interfaces/msg/detail/num__type_support.c
[1.605s] -- Up-to-date: /home/jiujiujiur0000/workspace/vscode/turtorials/install/tutorial_interfaces/include/tutorial_interfaces/tutorial_interfaces/msg/detail/num__rosidl_typesupport_introspection_c.h
[1.605s] -- Up-to-date: /home/jiujiujiur0000/workspace/vscode/turtorials/install/tutorial_interfaces/include/tutorial_interfaces/tutorial_interfaces/msg/rosidl_typesupport_introspection_c__visibility_control.h
[1.605s] -- Up-to-date: /home/jiujiujiur0000/workspace/vscode/turtorials/install/tutorial_interfaces/lib/libtutorial_interfaces__rosidl_typesupport_introspection_c.so
[1.605s] -- Up-to-date: /home/jiujiujiur0000/workspace/vscode/turtorials/install/tutorial_interfaces/lib/libtutorial_interfaces__rosidl_typesupport_c.so
[1.605s] -- Up-to-date: /home/jiujiujiur0000/workspace/vscode/turtorials/install/tutorial_interfaces/include/tutorial_interfaces/tutorial_interfaces
[1.605s] -- Up-to-date: /home/jiujiujiur0000/workspace/vscode/turtorials/install/tutorial_interfaces/include/tutorial_interfaces/tutorial_interfaces/srv
[1.605s] -- Up-to-date: /home/jiujiujiur0000/workspace/vscode/turtorials/install/tutorial_interfaces/include/tutorial_interfaces/tutorial_interfaces/srv/detail
[1.605s] -- Up-to-date: /home/jiujiujiur0000/workspace/vscode/turtorials/install/tutorial_interfaces/include/tutorial_interfaces/tutorial_interfaces/srv/detail/add_three_ints__type_support.cpp
[1.605s] -- Up-to-date: /home/jiujiujiur0000/workspace/vscode/turtorials/install/tutorial_interfaces/include/tutorial_interfaces/tutorial_interfaces/srv/detail/add_three_ints__rosidl_typesupport_introspection_cpp.hpp
[1.605s] -- Up-to-date: /home/jiujiujiur0000/workspace/vscode/turtorials/install/tutorial_interfaces/include/tutorial_interfaces/tutorial_interfaces/msg
[1.605s] -- Up-to-date: /home/jiujiujiur0000/workspace/vscode/turtorials/install/tutorial_interfaces/include/tutorial_interfaces/tutorial_interfaces/msg/detail
[1.605s] -- Up-to-date: /home/jiujiujiur0000/workspace/vscode/turtorials/install/tutorial_interfaces/include/tutorial_interfaces/tutorial_interfaces/msg/detail/num__type_support.cpp
[1.606s] -- Up-to-date: /home/jiujiujiur0000/workspace/vscode/turtorials/install/tutorial_interfaces/include/tutorial_interfaces/tutorial_interfaces/msg/detail/num__rosidl_typesupport_introspection_cpp.hpp
[1.606s] -- Up-to-date: /home/jiujiujiur0000/workspace/vscode/turtorials/install/tutorial_interfaces/include/tutorial_interfaces/tutorial_interfaces/msg/detail/sphere__type_support.cpp
[1.606s] -- Up-to-date: /home/jiujiujiur0000/workspace/vscode/turtorials/install/tutorial_interfaces/include/tutorial_interfaces/tutorial_interfaces/msg/detail/sphere__rosidl_typesupport_introspection_cpp.hpp
[1.606s] -- Up-to-date: /home/jiujiujiur0000/workspace/vscode/turtorials/install/tutorial_interfaces/lib/libtutorial_interfaces__rosidl_typesupport_introspection_cpp.so
[1.606s] -- Up-to-date: /home/jiujiujiur0000/workspace/vscode/turtorials/install/tutorial_interfaces/lib/libtutorial_interfaces__rosidl_typesupport_cpp.so
[1.606s] -- Up-to-date: /home/jiujiujiur0000/workspace/vscode/turtorials/install/tutorial_interfaces/share/tutorial_interfaces/environment/pythonpath.sh
[1.606s] -- Up-to-date: /home/jiujiujiur0000/workspace/vscode/turtorials/install/tutorial_interfaces/share/tutorial_interfaces/environment/pythonpath.dsv
[1.606s] -- Up-to-date: /home/jiujiujiur0000/workspace/vscode/turtorials/install/tutorial_interfaces/lib/python3.12/site-packages/tutorial_interfaces-0.0.0-py3.12.egg-info
[1.606s] -- Installing: /home/jiujiujiur0000/workspace/vscode/turtorials/install/tutorial_interfaces/lib/python3.12/site-packages/tutorial_interfaces-0.0.0-py3.12.egg-info/top_level.txt
[1.606s] -- Installing: /home/jiujiujiur0000/workspace/vscode/turtorials/install/tutorial_interfaces/lib/python3.12/site-packages/tutorial_interfaces-0.0.0-py3.12.egg-info/dependency_links.txt
[1.606s] -- Installing: /home/jiujiujiur0000/workspace/vscode/turtorials/install/tutorial_interfaces/lib/python3.12/site-packages/tutorial_interfaces-0.0.0-py3.12.egg-info/PKG-INFO
[1.607s] -- Installing: /home/jiujiujiur0000/workspace/vscode/turtorials/install/tutorial_interfaces/lib/python3.12/site-packages/tutorial_interfaces-0.0.0-py3.12.egg-info/SOURCES.txt
[1.607s] -- Up-to-date: /home/jiujiujiur0000/workspace/vscode/turtorials/install/tutorial_interfaces/lib/python3.12/site-packages/tutorial_interfaces
[1.607s] -- Up-to-date: /home/jiujiujiur0000/workspace/vscode/turtorials/install/tutorial_interfaces/lib/python3.12/site-packages/tutorial_interfaces/_tutorial_interfaces_s.ep.rosidl_typesupport_c.c
[1.607s] -- Up-to-date: /home/jiujiujiur0000/workspace/vscode/turtorials/install/tutorial_interfaces/lib/python3.12/site-packages/tutorial_interfaces/_tutorial_interfaces_s.ep.rosidl_typesupport_introspection_c.c
[1.607s] -- Up-to-date: /home/jiujiujiur0000/workspace/vscode/turtorials/install/tutorial_interfaces/lib/python3.12/site-packages/tutorial_interfaces/tutorial_interfaces_s__rosidl_typesupport_fastrtps_c.so
[1.607s] -- Up-to-date: /home/jiujiujiur0000/workspace/vscode/turtorials/install/tutorial_interfaces/lib/python3.12/site-packages/tutorial_interfaces/tutorial_interfaces_s__rosidl_typesupport_introspection_c.so
[1.607s] -- Up-to-date: /home/jiujiujiur0000/workspace/vscode/turtorials/install/tutorial_interfaces/lib/python3.12/site-packages/tutorial_interfaces/_tutorial_interfaces_s.ep.rosidl_typesupport_fastrtps_c.c
[1.607s] -- Up-to-date: /home/jiujiujiur0000/workspace/vscode/turtorials/install/tutorial_interfaces/lib/python3.12/site-packages/tutorial_interfaces/srv
[1.607s] -- Up-to-date: /home/jiujiujiur0000/workspace/vscode/turtorials/install/tutorial_interfaces/lib/python3.12/site-packages/tutorial_interfaces/srv/_add_three_ints_s.c
[1.607s] -- Up-to-date: /home/jiujiujiur0000/workspace/vscode/turtorials/install/tutorial_interfaces/lib/python3.12/site-packages/tutorial_interfaces/srv/_add_three_ints.py
[1.608s] -- Up-to-date: /home/jiujiujiur0000/workspace/vscode/turtorials/install/tutorial_interfaces/lib/python3.12/site-packages/tutorial_interfaces/srv/__init__.py
[1.608s] -- Up-to-date: /home/jiujiujiur0000/workspace/vscode/turtorials/install/tutorial_interfaces/lib/python3.12/site-packages/tutorial_interfaces/tutorial_interfaces_s__rosidl_typesupport_c.so
[1.608s] -- Installing: /home/jiujiujiur0000/workspace/vscode/turtorials/install/tutorial_interfaces/lib/python3.12/site-packages/tutorial_interfaces/__init__.py
[1.608s] -- Up-to-date: /home/jiujiujiur0000/workspace/vscode/turtorials/install/tutorial_interfaces/lib/python3.12/site-packages/tutorial_interfaces/msg
[1.608s] -- Up-to-date: /home/jiujiujiur0000/workspace/vscode/turtorials/install/tutorial_interfaces/lib/python3.12/site-packages/tutorial_interfaces/msg/_num_s.c
[1.608s] -- Up-to-date: /home/jiujiujiur0000/workspace/vscode/turtorials/install/tutorial_interfaces/lib/python3.12/site-packages/tutorial_interfaces/msg/_sphere_s.c
[1.608s] -- Up-to-date: /home/jiujiujiur0000/workspace/vscode/turtorials/install/tutorial_interfaces/lib/python3.12/site-packages/tutorial_interfaces/msg/_num.py
[1.608s] -- Up-to-date: /home/jiujiujiur0000/workspace/vscode/turtorials/install/tutorial_interfaces/lib/python3.12/site-packages/tutorial_interfaces/msg/_sphere.py
[1.608s] -- Up-to-date: /home/jiujiujiur0000/workspace/vscode/turtorials/install/tutorial_interfaces/lib/python3.12/site-packages/tutorial_interfaces/msg/__init__.py
[1.640s] Listing '/home/jiujiujiur0000/workspace/vscode/turtorials/install/tutorial_interfaces/lib/python3.12/site-packages/tutorial_interfaces'...
[1.640s] Compiling '/home/jiujiujiur0000/workspace/vscode/turtorials/install/tutorial_interfaces/lib/python3.12/site-packages/tutorial_interfaces/__init__.py'...
[1.640s] Listing '/home/jiujiujiur0000/workspace/vscode/turtorials/install/tutorial_interfaces/lib/python3.12/site-packages/tutorial_interfaces/msg'...
[1.640s] Listing '/home/jiujiujiur0000/workspace/vscode/turtorials/install/tutorial_interfaces/lib/python3.12/site-packages/tutorial_interfaces/srv'...
[1.645s] -- Up-to-date: /home/jiujiujiur0000/workspace/vscode/turtorials/install/tutorial_interfaces/lib/python3.12/site-packages/tutorial_interfaces/tutorial_interfaces_s__rosidl_typesupport_fastrtps_c.so
[1.646s] -- Up-to-date: /home/jiujiujiur0000/workspace/vscode/turtorials/install/tutorial_interfaces/lib/python3.12/site-packages/tutorial_interfaces/tutorial_interfaces_s__rosidl_typesupport_introspection_c.so
[1.646s] -- Up-to-date: /home/jiujiujiur0000/workspace/vscode/turtorials/install/tutorial_interfaces/lib/python3.12/site-packages/tutorial_interfaces/tutorial_interfaces_s__rosidl_typesupport_c.so
[1.647s] -- Up-to-date: /home/jiujiujiur0000/workspace/vscode/turtorials/install/tutorial_interfaces/lib/libtutorial_interfaces__rosidl_generator_py.so
[1.647s] -- Up-to-date: /home/jiujiujiur0000/workspace/vscode/turtorials/install/tutorial_interfaces/share/tutorial_interfaces/msg/Num.idl
[1.647s] -- Up-to-date: /home/jiujiujiur0000/workspace/vscode/turtorials/install/tutorial_interfaces/share/tutorial_interfaces/msg/Sphere.idl
[1.647s] -- Up-to-date: /home/jiujiujiur0000/workspace/vscode/turtorials/install/tutorial_interfaces/share/tutorial_interfaces/srv/AddThreeInts.idl
[1.648s] -- Up-to-date: /home/jiujiujiur0000/workspace/vscode/turtorials/install/tutorial_interfaces/share/tutorial_interfaces/msg/Num.msg
[1.648s] -- Up-to-date: /home/jiujiujiur0000/workspace/vscode/turtorials/install/tutorial_interfaces/share/tutorial_interfaces/msg/Sphere.msg
[1.648s] -- Installing: /home/jiujiujiur0000/workspace/vscode/turtorials/install/tutorial_interfaces/share/tutorial_interfaces/srv/AddThreeInts.srv
[1.648s] -- Up-to-date: /home/jiujiujiur0000/workspace/vscode/turtorials/install/tutorial_interfaces/share/ament_index/resource_index/package_run_dependencies/tutorial_interfaces
[1.648s] -- Installing: /home/jiujiujiur0000/workspace/vscode/turtorials/install/tutorial_interfaces/share/ament_index/resource_index/parent_prefix_path/tutorial_interfaces
[1.648s] -- Up-to-date: /home/jiujiujiur0000/workspace/vscode/turtorials/install/tutorial_interfaces/share/tutorial_interfaces/environment/ament_prefix_path.sh
[1.648s] -- Up-to-date: /home/jiujiujiur0000/workspace/vscode/turtorials/install/tutorial_interfaces/share/tutorial_interfaces/environment/ament_prefix_path.dsv
[1.648s] -- Up-to-date: /home/jiujiujiur0000/workspace/vscode/turtorials/install/tutorial_interfaces/share/tutorial_interfaces/environment/path.sh
[1.648s] -- Up-to-date: /home/jiujiujiur0000/workspace/vscode/turtorials/install/tutorial_interfaces/share/tutorial_interfaces/environment/path.dsv
[1.648s] -- Up-to-date: /home/jiujiujiur0000/workspace/vscode/turtorials/install/tutorial_interfaces/share/tutorial_interfaces/local_setup.bash
[1.649s] -- Up-to-date: /home/jiujiujiur0000/workspace/vscode/turtorials/install/tutorial_interfaces/share/tutorial_interfaces/local_setup.sh
[1.649s] -- Up-to-date: /home/jiujiujiur0000/workspace/vscode/turtorials/install/tutorial_interfaces/share/tutorial_interfaces/local_setup.zsh
[1.649s] -- Up-to-date: /home/jiujiujiur0000/workspace/vscode/turtorials/install/tutorial_interfaces/share/tutorial_interfaces/local_setup.dsv
[1.649s] -- Installing: /home/jiujiujiur0000/workspace/vscode/turtorials/install/tutorial_interfaces/share/tutorial_interfaces/package.dsv
[1.649s] -- Up-to-date: /home/jiujiujiur0000/workspace/vscode/turtorials/install/tutorial_interfaces/share/ament_index/resource_index/packages/tutorial_interfaces
[1.649s] -- Up-to-date: /home/jiujiujiur0000/workspace/vscode/turtorials/install/tutorial_interfaces/share/tutorial_interfaces/cmake/export_tutorial_interfaces__rosidl_generator_cExport.cmake
[1.649s] -- Up-to-date: /home/jiujiujiur0000/workspace/vscode/turtorials/install/tutorial_interfaces/share/tutorial_interfaces/cmake/export_tutorial_interfaces__rosidl_generator_cExport-noconfig.cmake
[1.649s] -- Up-to-date: /home/jiujiujiur0000/workspace/vscode/turtorials/install/tutorial_interfaces/share/tutorial_interfaces/cmake/export_tutorial_interfaces__rosidl_typesupport_fastrtps_cExport.cmake
[1.649s] -- Up-to-date: /home/jiujiujiur0000/workspace/vscode/turtorials/install/tutorial_interfaces/share/tutorial_interfaces/cmake/export_tutorial_interfaces__rosidl_typesupport_fastrtps_cExport-noconfig.cmake
[1.649s] -- Up-to-date: /home/jiujiujiur0000/workspace/vscode/turtorials/install/tutorial_interfaces/share/tutorial_interfaces/cmake/export_tutorial_interfaces__rosidl_generator_cppExport.cmake
[1.649s] -- Up-to-date: /home/jiujiujiur0000/workspace/vscode/turtorials/install/tutorial_interfaces/share/tutorial_interfaces/cmake/export_tutorial_interfaces__rosidl_typesupport_fastrtps_cppExport.cmake
[1.649s] -- Up-to-date: /home/jiujiujiur0000/workspace/vscode/turtorials/install/tutorial_interfaces/share/tutorial_interfaces/cmake/export_tutorial_interfaces__rosidl_typesupport_fastrtps_cppExport-noconfig.cmake
[1.650s] -- Up-to-date: /home/jiujiujiur0000/workspace/vscode/turtorials/install/tutorial_interfaces/share/tutorial_interfaces/cmake/tutorial_interfaces__rosidl_typesupport_introspection_cExport.cmake
[1.650s] -- Up-to-date: /home/jiujiujiur0000/workspace/vscode/turtorials/install/tutorial_interfaces/share/tutorial_interfaces/cmake/tutorial_interfaces__rosidl_typesupport_introspection_cExport-noconfig.cmake
[1.650s] -- Up-to-date: /home/jiujiujiur0000/workspace/vscode/turtorials/install/tutorial_interfaces/share/tutorial_interfaces/cmake/tutorial_interfaces__rosidl_typesupport_cExport.cmake
[1.650s] -- Up-to-date: /home/jiujiujiur0000/workspace/vscode/turtorials/install/tutorial_interfaces/share/tutorial_interfaces/cmake/tutorial_interfaces__rosidl_typesupport_cExport-noconfig.cmake
[1.650s] -- Up-to-date: /home/jiujiujiur0000/workspace/vscode/turtorials/install/tutorial_interfaces/share/tutorial_interfaces/cmake/tutorial_interfaces__rosidl_typesupport_introspection_cppExport.cmake
[1.650s] -- Up-to-date: /home/jiujiujiur0000/workspace/vscode/turtorials/install/tutorial_interfaces/share/tutorial_interfaces/cmake/tutorial_interfaces__rosidl_typesupport_introspection_cppExport-noconfig.cmake
[1.650s] -- Up-to-date: /home/jiujiujiur0000/workspace/vscode/turtorials/install/tutorial_interfaces/share/tutorial_interfaces/cmake/tutorial_interfaces__rosidl_typesupport_cppExport.cmake
[1.650s] -- Up-to-date: /home/jiujiujiur0000/workspace/vscode/turtorials/install/tutorial_interfaces/share/tutorial_interfaces/cmake/tutorial_interfaces__rosidl_typesupport_cppExport-noconfig.cmake
[1.650s] -- Up-to-date: /home/jiujiujiur0000/workspace/vscode/turtorials/install/tutorial_interfaces/share/tutorial_interfaces/cmake/export_tutorial_interfaces__rosidl_generator_pyExport.cmake
[1.650s] -- Up-to-date: /home/jiujiujiur0000/workspace/vscode/turtorials/install/tutorial_interfaces/share/tutorial_interfaces/cmake/export_tutorial_interfaces__rosidl_generator_pyExport-noconfig.cmake
[1.651s] -- Up-to-date: /home/jiujiujiur0000/workspace/vscode/turtorials/install/tutorial_interfaces/share/tutorial_interfaces/cmake/rosidl_cmake-extras.cmake
[1.651s] -- Up-to-date: /home/jiujiujiur0000/workspace/vscode/turtorials/install/tutorial_interfaces/share/tutorial_interfaces/cmake/ament_cmake_export_dependencies-extras.cmake
[1.651s] -- Up-to-date: /home/jiujiujiur0000/workspace/vscode/turtorials/install/tutorial_interfaces/share/tutorial_interfaces/cmake/ament_cmake_export_include_directories-extras.cmake
[1.651s] -- Up-to-date: /home/jiujiujiur0000/workspace/vscode/turtorials/install/tutorial_interfaces/share/tutorial_interfaces/cmake/ament_cmake_export_libraries-extras.cmake
[1.651s] -- Up-to-date: /home/jiujiujiur0000/workspace/vscode/turtorials/install/tutorial_interfaces/share/tutorial_interfaces/cmake/ament_cmake_export_targets-extras.cmake
[1.651s] -- Up-to-date: /home/jiujiujiur0000/workspace/vscode/turtorials/install/tutorial_interfaces/share/tutorial_interfaces/cmake/rosidl_cmake_export_typesupport_targets-extras.cmake
[1.651s] -- Up-to-date: /home/jiujiujiur0000/workspace/vscode/turtorials/install/tutorial_interfaces/share/tutorial_interfaces/cmake/rosidl_cmake_export_typesupport_libraries-extras.cmake
[1.651s] -- Up-to-date: /home/jiujiujiur0000/workspace/vscode/turtorials/install/tutorial_interfaces/share/tutorial_interfaces/cmake/tutorial_interfacesConfig.cmake
[1.651s] -- Up-to-date: /home/jiujiujiur0000/workspace/vscode/turtorials/install/tutorial_interfaces/share/tutorial_interfaces/cmake/tutorial_interfacesConfig-version.cmake
[1.651s] -- Up-to-date: /home/jiujiujiur0000/workspace/vscode/turtorials/install/tutorial_interfaces/share/tutorial_interfaces/package.xml
[1.653s] Invoked command in '/home/jiujiujiur0000/workspace/vscode/turtorials/build/tutorial_interfaces' returned '0': CMAKE_PREFIX_PATH=${CMAKE_PREFIX_PATH}:/opt/ros/jazzy DEBUGINFOD_URLS=https://debuginfod.ubuntu.com /usr/bin/cmake --install /home/jiujiujiur0000/workspace/vscode/turtorials/build/tutorial_interfaces
