[0.010s] Invoking command in '/home/jiujiujiur0000/workspace/vscode/turtorials/build/more_interfaces': CMAKE_PREFIX_PATH=${CMAKE_PREFIX_PATH}:/opt/ros/jazzy DEBUGINFOD_URLS=https://debuginfod.ubuntu.com /usr/bin/cmake /home/jiujiujiur0000/workspace/vscode/turtorials/src/more_interfaces -DCMAKE_INSTALL_PREFIX=/home/jiujiujiur0000/workspace/vscode/turtorials/install/more_interfaces
[0.114s] -- The C compiler identification is GNU 13.3.0
[0.198s] -- The CXX compiler identification is GNU 13.3.0
[0.218s] -- Detecting C compiler ABI info
[0.309s] -- Detecting C compiler ABI info - done
[0.316s] -- Check for working C compiler: /usr/bin/cc - skipped
[0.317s] -- Detecting C compile features
[0.317s] -- Detecting C compile features - done
[0.327s] -- Detecting CXX compiler ABI info
[0.421s] -- Detecting CXX compiler ABI info - done
[0.428s] -- Check for working CXX compiler: /usr/bin/c++ - skipped
[0.429s] -- Detecting CXX compile features
[0.429s] -- Detecting CXX compile features - done
[0.439s] -- Found ament_cmake: 2.5.4 (/opt/ros/jazzy/share/ament_cmake/cmake)
[0.596s] -- Found Python3: /usr/bin/python3 (found version "3.12.3") found components: Interpreter 
[0.731s] -- Found rosidl_default_generators: 1.6.0 (/opt/ros/jazzy/share/rosidl_default_generators/cmake)
[0.744s] -- Using all available rosidl_typesupport_c: rosidl_typesupport_fastrtps_c;rosidl_typesupport_introspection_c
[0.829s] -- Using all available rosidl_typesupport_cpp: rosidl_typesupport_fastrtps_cpp;rosidl_typesupport_introspection_cpp
[0.895s] -- Found rosidl_adapter: 4.6.6 (/opt/ros/jazzy/share/rosidl_adapter/cmake)
[0.902s] -- Found rclcpp: 28.1.12 (/opt/ros/jazzy/share/rclcpp/cmake)
[1.016s] -- Found rmw_implementation_cmake: 7.3.2 (/opt/ros/jazzy/share/rmw_implementation_cmake/cmake)
[1.022s] -- Found rmw_fastrtps_cpp: 8.4.3 (/opt/ros/jazzy/share/rmw_fastrtps_cpp/cmake)
[1.141s] -- Found OpenSSL: /usr/lib/x86_64-linux-gnu/libcrypto.so (found version "3.0.13")  
[1.164s] -- Found FastRTPS: /opt/ros/jazzy/include (Required is at least version "2.13") 
[1.186s] -- Using RMW implementation 'rmw_fastrtps_cpp' as default
[1.277s] [31mCMake Error at /opt/ros/jazzy/share/rosidl_cmake/cmake/rosidl_generate_interfaces.cmake:95 (message):
[1.277s]   rosidl_generate_interfaces() the passed file 'msg/Num.msg' doesn't exist
[1.277s]   relative to the CMAKE_CURRENT_SOURCE_DIR
[1.277s]   '/home/jiujiujiur0000/workspace/vscode/turtorials/src/more_interfaces'
[1.277s] Call Stack (most recent call first):
[1.277s]   CMakeLists.txt:19 (rosidl_generate_interfaces)
[1.277s] 
[1.277s] [0m
[1.278s] -- Configuring incomplete, errors occurred!
[1.286s] Invoked command in '/home/jiujiujiur0000/workspace/vscode/turtorials/build/more_interfaces' returned '1': CMAKE_PREFIX_PATH=${CMAKE_PREFIX_PATH}:/opt/ros/jazzy DEBUGINFOD_URLS=https://debuginfod.ubuntu.com /usr/bin/cmake /home/jiujiujiur0000/workspace/vscode/turtorials/src/more_interfaces -DCMAKE_INSTALL_PREFIX=/home/jiujiujiur0000/workspace/vscode/turtorials/install/more_interfaces
