[0.013s] Invoking command in '/home/jiujiujiur0000/workspace/vscode/turtorials/build/cpp_srvcli': CMAKE_PREFIX_PATH=${CMAKE_PREFIX_PATH}:/opt/ros/jazzy DEBUGINFOD_URLS=https://debuginfod.ubuntu.com /usr/bin/cmake --build /home/jiujiujiur0000/workspace/vscode/turtorials/build/cpp_srvcli -- -j16 -l16
[0.039s] -- Found ament_cmake: 2.5.4 (/opt/ros/jazzy/share/ament_cmake/cmake)
[0.233s] -- Found rclcpp: 28.1.12 (/opt/ros/jazzy/share/rclcpp/cmake)
[0.259s] -- Found rosidl_generator_c: 4.6.6 (/opt/ros/jazzy/share/rosidl_generator_c/cmake)
[0.267s] -- Found rosidl_generator_cpp: 4.6.6 (/opt/ros/jazzy/share/rosidl_generator_cpp/cmake)
[0.277s] -- Using all available rosidl_typesupport_c: rosidl_typesupport_fastrtps_c;rosidl_typesupport_introspection_c
[0.289s] -- Using all available rosidl_typesupport_cpp: rosidl_typesupport_fastrtps_cpp;rosidl_typesupport_introspection_cpp
[0.343s] -- Found rmw_implementation_cmake: 7.3.2 (/opt/ros/jazzy/share/rmw_implementation_cmake/cmake)
[0.344s] -- Found rmw_fastrtps_cpp: 8.4.3 (/opt/ros/jazzy/share/rmw_fastrtps_cpp/cmake)
[0.407s] -- Using RMW implementation 'rmw_fastrtps_cpp' as default
[0.465s] -- Found example_interfaces: 0.12.0 (/opt/ros/jazzy/share/example_interfaces/cmake)
[0.513s] -- Found tutorial_interfaces: 0.0.0 (/home/jiujiujiur0000/workspace/vscode/turtorials/install/tutorial_interfaces/share/tutorial_interfaces/cmake)
[0.567s] [31mCMake Error at CMakeLists.txt:23 (add_executable):
[0.567s]   add_executable cannot create target "server" because another target with
[0.567s]   the same name already exists.  The existing target is an executable created
[0.568s]   in source directory
[0.568s]   "/home/jiujiujiur0000/workspace/vscode/turtorials/src/cpp_srvcli".  See
[0.568s]   documentation for policy CMP0002 for more details.
[0.568s] 
[0.568s] [0m
[0.568s] [31mCMake Error at CMakeLists.txt:27 (add_executable):
[0.568s]   add_executable cannot create target "client" because another target with
[0.568s]   the same name already exists.  The existing target is an executable created
[0.568s]   in source directory
[0.569s]   "/home/jiujiujiur0000/workspace/vscode/turtorials/src/cpp_srvcli".  See
[0.569s]   documentation for policy CMP0002 for more details.
[0.569s] 
[0.569s] [0m
[0.569s] -- Found ament_lint_auto: 0.17.3 (/opt/ros/jazzy/share/ament_lint_auto/cmake)
[0.649s] -- Added test 'cppcheck' to perform static code analysis on C / C++ code
[0.649s] -- Configured cppcheck include dirs: 
[0.649s] -- Configured cppcheck exclude dirs and/or files: 
[0.650s] -- Added test 'lint_cmake' to check CMake code style
[0.651s] -- Added test 'uncrustify' to check C / C++ code style
[0.651s] -- Configured uncrustify additional arguments: 
[0.651s] -- Added test 'xmllint' to check XML markup files
[0.652s] -- Configuring incomplete, errors occurred!
[0.659s] gmake: *** [Makefile:308：cmake_check_build_system] 错误 1
[0.661s] Invoked command in '/home/jiujiujiur0000/workspace/vscode/turtorials/build/cpp_srvcli' returned '2': CMAKE_PREFIX_PATH=${CMAKE_PREFIX_PATH}:/opt/ros/jazzy DEBUGINFOD_URLS=https://debuginfod.ubuntu.com /usr/bin/cmake --build /home/jiujiujiur0000/workspace/vscode/turtorials/build/cpp_srvcli -- -j16 -l16
