[0.027s] Invoking command in '/home/jiujiujiur0000/workspace/vscode/turtorials/build/custom_action_interfaces': CMAKE_PREFIX_PATH=${CMAKE_PREFIX_PATH}:/opt/ros/jazzy DEBUGINFOD_URLS=https://debuginfod.ubuntu.com /usr/bin/cmake --build /home/jiujiujiur0000/workspace/vscode/turtorials/build/custom_action_interfaces -- -j16 -l16
[0.081s] [  2%] Built target custom_action_interfaces__rosidl_generator_type_description
[0.095s] [  2%] Built target ament_cmake_python_copy_custom_action_interfaces
[0.110s] [  5%] Built target custom_action_interfaces__cpp
[0.116s] [ 20%] Built target custom_action_interfaces__rosidl_generator_c
[0.152s] [ 29%] Built target custom_action_interfaces__rosidl_typesupport_introspection_c
[0.158s] [ 38%] Built target custom_action_interfaces__rosidl_typesupport_cpp
[0.161s] [ 55%] Built target custom_action_interfaces__rosidl_typesupport_introspection_cpp
[0.164s] [ 55%] Built target custom_action_interfaces__rosidl_typesupport_fastrtps_c
[0.168s] [ 64%] Built target custom_action_interfaces__rosidl_typesupport_c
[0.168s] [ 73%] Built target custom_action_interfaces__rosidl_typesupport_fastrtps_cpp
[0.195s] [ 73%] Built target custom_action_interfaces
[0.219s] [ 76%] Built target custom_action_interfaces__py
[0.245s] [ 82%] Built target custom_action_interfaces__rosidl_generator_py
[0.274s] [ 94%] Built target custom_action_interfaces_s__rosidl_typesupport_fastrtps_c
[0.274s] [ 94%] Built target custom_action_interfaces_s__rosidl_typesupport_introspection_c
[0.274s] [100%] Built target custom_action_interfaces_s__rosidl_typesupport_c
[0.352s] running egg_info
[0.372s] writing custom_action_interfaces.egg-info/PKG-INFO
[0.373s] writing dependency_links to custom_action_interfaces.egg-info/dependency_links.txt
[0.373s] writing top-level names to custom_action_interfaces.egg-info/top_level.txt
[0.431s] reading manifest file 'custom_action_interfaces.egg-info/SOURCES.txt'
[0.432s] writing manifest file 'custom_action_interfaces.egg-info/SOURCES.txt'
[0.473s] [100%] Built target ament_cmake_python_build_custom_action_interfaces_egg
[0.486s] Invoked command in '/home/jiujiujiur0000/workspace/vscode/turtorials/build/custom_action_interfaces' returned '0': CMAKE_PREFIX_PATH=${CMAKE_PREFIX_PATH}:/opt/ros/jazzy DEBUGINFOD_URLS=https://debuginfod.ubuntu.com /usr/bin/cmake --build /home/jiujiujiur0000/workspace/vscode/turtorials/build/custom_action_interfaces -- -j16 -l16
[0.487s] Invoking command in '/home/jiujiujiur0000/workspace/vscode/turtorials/build/custom_action_interfaces': CMAKE_PREFIX_PATH=${CMAKE_PREFIX_PATH}:/opt/ros/jazzy DEBUGINFOD_URLS=https://debuginfod.ubuntu.com /usr/bin/cmake --install /home/jiujiujiur0000/workspace/vscode/turtorials/build/custom_action_interfaces
[0.497s] -- Install configuration: ""
[0.497s] -- Up-to-date: /home/jiujiujiur0000/workspace/vscode/turtorials/install/custom_action_interfaces/share/ament_index/resource_index/rosidl_interfaces/custom_action_interfaces
[0.497s] -- Up-to-date: /home/jiujiujiur0000/workspace/vscode/turtorials/install/custom_action_interfaces/share/custom_action_interfaces/action/Fibonacci.json
[0.497s] -- Up-to-date: /home/jiujiujiur0000/workspace/vscode/turtorials/install/custom_action_interfaces/include/custom_action_interfaces/custom_action_interfaces
[0.497s] -- Up-to-date: /home/jiujiujiur0000/workspace/vscode/turtorials/install/custom_action_interfaces/include/custom_action_interfaces/custom_action_interfaces/action
[0.498s] -- Up-to-date: /home/jiujiujiur0000/workspace/vscode/turtorials/install/custom_action_interfaces/include/custom_action_interfaces/custom_action_interfaces/action/detail
[0.498s] -- Up-to-date: /home/jiujiujiur0000/workspace/vscode/turtorials/install/custom_action_interfaces/include/custom_action_interfaces/custom_action_interfaces/action/detail/fibonacci__description.c
[0.498s] -- Up-to-date: /home/jiujiujiur0000/workspace/vscode/turtorials/install/custom_action_interfaces/include/custom_action_interfaces/custom_action_interfaces/action/detail/fibonacci__struct.h
[0.498s] -- Up-to-date: /home/jiujiujiur0000/workspace/vscode/turtorials/install/custom_action_interfaces/include/custom_action_interfaces/custom_action_interfaces/action/detail/fibonacci__functions.c
[0.498s] -- Up-to-date: /home/jiujiujiur0000/workspace/vscode/turtorials/install/custom_action_interfaces/include/custom_action_interfaces/custom_action_interfaces/action/detail/fibonacci__type_support.h
[0.499s] -- Up-to-date: /home/jiujiujiur0000/workspace/vscode/turtorials/install/custom_action_interfaces/include/custom_action_interfaces/custom_action_interfaces/action/detail/fibonacci__functions.h
[0.499s] -- Up-to-date: /home/jiujiujiur0000/workspace/vscode/turtorials/install/custom_action_interfaces/include/custom_action_interfaces/custom_action_interfaces/action/detail/fibonacci__type_support.c
[0.499s] -- Up-to-date: /home/jiujiujiur0000/workspace/vscode/turtorials/install/custom_action_interfaces/include/custom_action_interfaces/custom_action_interfaces/action/fibonacci.h
[0.499s] -- Up-to-date: /home/jiujiujiur0000/workspace/vscode/turtorials/install/custom_action_interfaces/include/custom_action_interfaces/custom_action_interfaces/msg
[0.499s] -- Up-to-date: /home/jiujiujiur0000/workspace/vscode/turtorials/install/custom_action_interfaces/include/custom_action_interfaces/custom_action_interfaces/msg/rosidl_generator_c__visibility_control.h
[0.499s] -- Up-to-date: /home/jiujiujiur0000/workspace/vscode/turtorials/install/custom_action_interfaces/share/custom_action_interfaces/environment/library_path.sh
[0.500s] -- Up-to-date: /home/jiujiujiur0000/workspace/vscode/turtorials/install/custom_action_interfaces/share/custom_action_interfaces/environment/library_path.dsv
[0.500s] -- Up-to-date: /home/jiujiujiur0000/workspace/vscode/turtorials/install/custom_action_interfaces/lib/libcustom_action_interfaces__rosidl_generator_c.so
[0.500s] -- Up-to-date: /home/jiujiujiur0000/workspace/vscode/turtorials/install/custom_action_interfaces/include/custom_action_interfaces/custom_action_interfaces
[0.500s] -- Up-to-date: /home/jiujiujiur0000/workspace/vscode/turtorials/install/custom_action_interfaces/include/custom_action_interfaces/custom_action_interfaces/action
[0.500s] -- Up-to-date: /home/jiujiujiur0000/workspace/vscode/turtorials/install/custom_action_interfaces/include/custom_action_interfaces/custom_action_interfaces/action/detail
[0.500s] -- Up-to-date: /home/jiujiujiur0000/workspace/vscode/turtorials/install/custom_action_interfaces/include/custom_action_interfaces/custom_action_interfaces/action/detail/fibonacci__rosidl_typesupport_fastrtps_c.h
[0.500s] -- Up-to-date: /home/jiujiujiur0000/workspace/vscode/turtorials/install/custom_action_interfaces/include/custom_action_interfaces/custom_action_interfaces/msg
[0.500s] -- Up-to-date: /home/jiujiujiur0000/workspace/vscode/turtorials/install/custom_action_interfaces/include/custom_action_interfaces/custom_action_interfaces/msg/rosidl_typesupport_fastrtps_c__visibility_control.h
[0.500s] -- Up-to-date: /home/jiujiujiur0000/workspace/vscode/turtorials/install/custom_action_interfaces/lib/libcustom_action_interfaces__rosidl_typesupport_fastrtps_c.so
[0.500s] -- Up-to-date: /home/jiujiujiur0000/workspace/vscode/turtorials/install/custom_action_interfaces/include/custom_action_interfaces/custom_action_interfaces
[0.500s] -- Up-to-date: /home/jiujiujiur0000/workspace/vscode/turtorials/install/custom_action_interfaces/include/custom_action_interfaces/custom_action_interfaces/action
[0.501s] -- Up-to-date: /home/jiujiujiur0000/workspace/vscode/turtorials/install/custom_action_interfaces/include/custom_action_interfaces/custom_action_interfaces/action/detail
[0.501s] -- Up-to-date: /home/jiujiujiur0000/workspace/vscode/turtorials/install/custom_action_interfaces/include/custom_action_interfaces/custom_action_interfaces/action/detail/fibonacci__rosidl_typesupport_introspection_c.h
[0.501s] -- Up-to-date: /home/jiujiujiur0000/workspace/vscode/turtorials/install/custom_action_interfaces/include/custom_action_interfaces/custom_action_interfaces/action/detail/fibonacci__type_support.c
[0.501s] -- Up-to-date: /home/jiujiujiur0000/workspace/vscode/turtorials/install/custom_action_interfaces/include/custom_action_interfaces/custom_action_interfaces/msg
[0.501s] -- Up-to-date: /home/jiujiujiur0000/workspace/vscode/turtorials/install/custom_action_interfaces/include/custom_action_interfaces/custom_action_interfaces/msg/rosidl_typesupport_introspection_c__visibility_control.h
[0.502s] -- Up-to-date: /home/jiujiujiur0000/workspace/vscode/turtorials/install/custom_action_interfaces/lib/libcustom_action_interfaces__rosidl_typesupport_introspection_c.so
[0.502s] -- Up-to-date: /home/jiujiujiur0000/workspace/vscode/turtorials/install/custom_action_interfaces/lib/libcustom_action_interfaces__rosidl_typesupport_c.so
[0.505s] -- Up-to-date: /home/jiujiujiur0000/workspace/vscode/turtorials/install/custom_action_interfaces/include/custom_action_interfaces/custom_action_interfaces
[0.505s] -- Up-to-date: /home/jiujiujiur0000/workspace/vscode/turtorials/install/custom_action_interfaces/include/custom_action_interfaces/custom_action_interfaces/action
[0.505s] -- Up-to-date: /home/jiujiujiur0000/workspace/vscode/turtorials/install/custom_action_interfaces/include/custom_action_interfaces/custom_action_interfaces/action/detail
[0.505s] -- Up-to-date: /home/jiujiujiur0000/workspace/vscode/turtorials/install/custom_action_interfaces/include/custom_action_interfaces/custom_action_interfaces/action/detail/fibonacci__builder.hpp
[0.505s] -- Up-to-date: /home/jiujiujiur0000/workspace/vscode/turtorials/install/custom_action_interfaces/include/custom_action_interfaces/custom_action_interfaces/action/detail/fibonacci__traits.hpp
[0.505s] -- Up-to-date: /home/jiujiujiur0000/workspace/vscode/turtorials/install/custom_action_interfaces/include/custom_action_interfaces/custom_action_interfaces/action/detail/fibonacci__struct.hpp
[0.505s] -- Up-to-date: /home/jiujiujiur0000/workspace/vscode/turtorials/install/custom_action_interfaces/include/custom_action_interfaces/custom_action_interfaces/action/detail/fibonacci__type_support.hpp
[0.506s] -- Up-to-date: /home/jiujiujiur0000/workspace/vscode/turtorials/install/custom_action_interfaces/include/custom_action_interfaces/custom_action_interfaces/action/fibonacci.hpp
[0.506s] -- Up-to-date: /home/jiujiujiur0000/workspace/vscode/turtorials/install/custom_action_interfaces/include/custom_action_interfaces/custom_action_interfaces/msg
[0.506s] -- Up-to-date: /home/jiujiujiur0000/workspace/vscode/turtorials/install/custom_action_interfaces/include/custom_action_interfaces/custom_action_interfaces/msg/rosidl_generator_cpp__visibility_control.hpp
[0.506s] -- Up-to-date: /home/jiujiujiur0000/workspace/vscode/turtorials/install/custom_action_interfaces/include/custom_action_interfaces/custom_action_interfaces
[0.506s] -- Up-to-date: /home/jiujiujiur0000/workspace/vscode/turtorials/install/custom_action_interfaces/include/custom_action_interfaces/custom_action_interfaces/action
[0.506s] -- Up-to-date: /home/jiujiujiur0000/workspace/vscode/turtorials/install/custom_action_interfaces/include/custom_action_interfaces/custom_action_interfaces/action/detail
[0.506s] -- Up-to-date: /home/jiujiujiur0000/workspace/vscode/turtorials/install/custom_action_interfaces/include/custom_action_interfaces/custom_action_interfaces/action/detail/fibonacci__rosidl_typesupport_fastrtps_cpp.hpp
[0.506s] -- Up-to-date: /home/jiujiujiur0000/workspace/vscode/turtorials/install/custom_action_interfaces/include/custom_action_interfaces/custom_action_interfaces/action/detail/dds_fastrtps
[0.506s] -- Up-to-date: /home/jiujiujiur0000/workspace/vscode/turtorials/install/custom_action_interfaces/include/custom_action_interfaces/custom_action_interfaces/msg
[0.506s] -- Up-to-date: /home/jiujiujiur0000/workspace/vscode/turtorials/install/custom_action_interfaces/include/custom_action_interfaces/custom_action_interfaces/msg/rosidl_typesupport_fastrtps_cpp__visibility_control.h
[0.507s] -- Up-to-date: /home/jiujiujiur0000/workspace/vscode/turtorials/install/custom_action_interfaces/lib/libcustom_action_interfaces__rosidl_typesupport_fastrtps_cpp.so
[0.507s] -- Up-to-date: /home/jiujiujiur0000/workspace/vscode/turtorials/install/custom_action_interfaces/include/custom_action_interfaces/custom_action_interfaces
[0.507s] -- Up-to-date: /home/jiujiujiur0000/workspace/vscode/turtorials/install/custom_action_interfaces/include/custom_action_interfaces/custom_action_interfaces/action
[0.507s] -- Up-to-date: /home/jiujiujiur0000/workspace/vscode/turtorials/install/custom_action_interfaces/include/custom_action_interfaces/custom_action_interfaces/action/detail
[0.508s] -- Up-to-date: /home/jiujiujiur0000/workspace/vscode/turtorials/install/custom_action_interfaces/include/custom_action_interfaces/custom_action_interfaces/action/detail/fibonacci__type_support.cpp
[0.508s] -- Up-to-date: /home/jiujiujiur0000/workspace/vscode/turtorials/install/custom_action_interfaces/include/custom_action_interfaces/custom_action_interfaces/action/detail/fibonacci__rosidl_typesupport_introspection_cpp.hpp
[0.508s] -- Up-to-date: /home/jiujiujiur0000/workspace/vscode/turtorials/install/custom_action_interfaces/lib/libcustom_action_interfaces__rosidl_typesupport_introspection_cpp.so
[0.508s] -- Up-to-date: /home/jiujiujiur0000/workspace/vscode/turtorials/install/custom_action_interfaces/lib/libcustom_action_interfaces__rosidl_typesupport_cpp.so
[0.508s] -- Up-to-date: /home/jiujiujiur0000/workspace/vscode/turtorials/install/custom_action_interfaces/share/custom_action_interfaces/environment/pythonpath.sh
[0.508s] -- Up-to-date: /home/jiujiujiur0000/workspace/vscode/turtorials/install/custom_action_interfaces/share/custom_action_interfaces/environment/pythonpath.dsv
[0.508s] -- Up-to-date: /home/jiujiujiur0000/workspace/vscode/turtorials/install/custom_action_interfaces/lib/python3.12/site-packages/custom_action_interfaces-0.0.0-py3.12.egg-info
[0.508s] -- Installing: /home/jiujiujiur0000/workspace/vscode/turtorials/install/custom_action_interfaces/lib/python3.12/site-packages/custom_action_interfaces-0.0.0-py3.12.egg-info/top_level.txt
[0.508s] -- Installing: /home/jiujiujiur0000/workspace/vscode/turtorials/install/custom_action_interfaces/lib/python3.12/site-packages/custom_action_interfaces-0.0.0-py3.12.egg-info/dependency_links.txt
[0.509s] -- Installing: /home/jiujiujiur0000/workspace/vscode/turtorials/install/custom_action_interfaces/lib/python3.12/site-packages/custom_action_interfaces-0.0.0-py3.12.egg-info/PKG-INFO
[0.511s] -- Installing: /home/jiujiujiur0000/workspace/vscode/turtorials/install/custom_action_interfaces/lib/python3.12/site-packages/custom_action_interfaces-0.0.0-py3.12.egg-info/SOURCES.txt
[0.511s] -- Up-to-date: /home/jiujiujiur0000/workspace/vscode/turtorials/install/custom_action_interfaces/lib/python3.12/site-packages/custom_action_interfaces
[0.511s] -- Up-to-date: /home/jiujiujiur0000/workspace/vscode/turtorials/install/custom_action_interfaces/lib/python3.12/site-packages/custom_action_interfaces/action
[0.511s] -- Up-to-date: /home/jiujiujiur0000/workspace/vscode/turtorials/install/custom_action_interfaces/lib/python3.12/site-packages/custom_action_interfaces/action/_fibonacci_s.c
[0.512s] -- Up-to-date: /home/jiujiujiur0000/workspace/vscode/turtorials/install/custom_action_interfaces/lib/python3.12/site-packages/custom_action_interfaces/action/_fibonacci.py
[0.512s] -- Up-to-date: /home/jiujiujiur0000/workspace/vscode/turtorials/install/custom_action_interfaces/lib/python3.12/site-packages/custom_action_interfaces/action/__init__.py
[0.512s] -- Up-to-date: /home/jiujiujiur0000/workspace/vscode/turtorials/install/custom_action_interfaces/lib/python3.12/site-packages/custom_action_interfaces/custom_action_interfaces_s__rosidl_typesupport_c.so
[0.512s] -- Up-to-date: /home/jiujiujiur0000/workspace/vscode/turtorials/install/custom_action_interfaces/lib/python3.12/site-packages/custom_action_interfaces/_custom_action_interfaces_s.ep.rosidl_typesupport_introspection_c.c
[0.512s] -- Up-to-date: /home/jiujiujiur0000/workspace/vscode/turtorials/install/custom_action_interfaces/lib/python3.12/site-packages/custom_action_interfaces/_custom_action_interfaces_s.ep.rosidl_typesupport_c.c
[0.512s] -- Up-to-date: /home/jiujiujiur0000/workspace/vscode/turtorials/install/custom_action_interfaces/lib/python3.12/site-packages/custom_action_interfaces/custom_action_interfaces_s__rosidl_typesupport_introspection_c.so
[0.512s] -- Up-to-date: /home/jiujiujiur0000/workspace/vscode/turtorials/install/custom_action_interfaces/lib/python3.12/site-packages/custom_action_interfaces/custom_action_interfaces_s__rosidl_typesupport_fastrtps_c.so
[0.512s] -- Up-to-date: /home/jiujiujiur0000/workspace/vscode/turtorials/install/custom_action_interfaces/lib/python3.12/site-packages/custom_action_interfaces/_custom_action_interfaces_s.ep.rosidl_typesupport_fastrtps_c.c
[0.512s] -- Up-to-date: /home/jiujiujiur0000/workspace/vscode/turtorials/install/custom_action_interfaces/lib/python3.12/site-packages/custom_action_interfaces/__init__.py
[0.535s] Listing '/home/jiujiujiur0000/workspace/vscode/turtorials/install/custom_action_interfaces/lib/python3.12/site-packages/custom_action_interfaces'...
[0.536s] Listing '/home/jiujiujiur0000/workspace/vscode/turtorials/install/custom_action_interfaces/lib/python3.12/site-packages/custom_action_interfaces/action'...
[0.541s] -- Up-to-date: /home/jiujiujiur0000/workspace/vscode/turtorials/install/custom_action_interfaces/lib/python3.12/site-packages/custom_action_interfaces/custom_action_interfaces_s__rosidl_typesupport_fastrtps_c.so
[0.542s] -- Up-to-date: /home/jiujiujiur0000/workspace/vscode/turtorials/install/custom_action_interfaces/lib/python3.12/site-packages/custom_action_interfaces/custom_action_interfaces_s__rosidl_typesupport_introspection_c.so
[0.542s] -- Up-to-date: /home/jiujiujiur0000/workspace/vscode/turtorials/install/custom_action_interfaces/lib/python3.12/site-packages/custom_action_interfaces/custom_action_interfaces_s__rosidl_typesupport_c.so
[0.542s] -- Up-to-date: /home/jiujiujiur0000/workspace/vscode/turtorials/install/custom_action_interfaces/lib/libcustom_action_interfaces__rosidl_generator_py.so
[0.543s] -- Up-to-date: /home/jiujiujiur0000/workspace/vscode/turtorials/install/custom_action_interfaces/share/custom_action_interfaces/action/Fibonacci.idl
[0.543s] -- Up-to-date: /home/jiujiujiur0000/workspace/vscode/turtorials/install/custom_action_interfaces/share/custom_action_interfaces/action/Fibonacci.action
[0.543s] -- Up-to-date: /home/jiujiujiur0000/workspace/vscode/turtorials/install/custom_action_interfaces/share/ament_index/resource_index/package_run_dependencies/custom_action_interfaces
[0.543s] -- Up-to-date: /home/jiujiujiur0000/workspace/vscode/turtorials/install/custom_action_interfaces/share/ament_index/resource_index/parent_prefix_path/custom_action_interfaces
[0.543s] -- Up-to-date: /home/jiujiujiur0000/workspace/vscode/turtorials/install/custom_action_interfaces/share/custom_action_interfaces/environment/ament_prefix_path.sh
[0.543s] -- Up-to-date: /home/jiujiujiur0000/workspace/vscode/turtorials/install/custom_action_interfaces/share/custom_action_interfaces/environment/ament_prefix_path.dsv
[0.543s] -- Up-to-date: /home/jiujiujiur0000/workspace/vscode/turtorials/install/custom_action_interfaces/share/custom_action_interfaces/environment/path.sh
[0.544s] -- Up-to-date: /home/jiujiujiur0000/workspace/vscode/turtorials/install/custom_action_interfaces/share/custom_action_interfaces/environment/path.dsv
[0.544s] -- Up-to-date: /home/jiujiujiur0000/workspace/vscode/turtorials/install/custom_action_interfaces/share/custom_action_interfaces/local_setup.bash
[0.544s] -- Up-to-date: /home/jiujiujiur0000/workspace/vscode/turtorials/install/custom_action_interfaces/share/custom_action_interfaces/local_setup.sh
[0.544s] -- Up-to-date: /home/jiujiujiur0000/workspace/vscode/turtorials/install/custom_action_interfaces/share/custom_action_interfaces/local_setup.zsh
[0.544s] -- Up-to-date: /home/jiujiujiur0000/workspace/vscode/turtorials/install/custom_action_interfaces/share/custom_action_interfaces/local_setup.dsv
[0.544s] -- Installing: /home/jiujiujiur0000/workspace/vscode/turtorials/install/custom_action_interfaces/share/custom_action_interfaces/package.dsv
[0.544s] -- Up-to-date: /home/jiujiujiur0000/workspace/vscode/turtorials/install/custom_action_interfaces/share/ament_index/resource_index/packages/custom_action_interfaces
[0.544s] -- Up-to-date: /home/jiujiujiur0000/workspace/vscode/turtorials/install/custom_action_interfaces/share/custom_action_interfaces/cmake/export_custom_action_interfaces__rosidl_generator_cExport.cmake
[0.544s] -- Up-to-date: /home/jiujiujiur0000/workspace/vscode/turtorials/install/custom_action_interfaces/share/custom_action_interfaces/cmake/export_custom_action_interfaces__rosidl_generator_cExport-noconfig.cmake
[0.544s] -- Up-to-date: /home/jiujiujiur0000/workspace/vscode/turtorials/install/custom_action_interfaces/share/custom_action_interfaces/cmake/export_custom_action_interfaces__rosidl_typesupport_fastrtps_cExport.cmake
[0.544s] -- Up-to-date: /home/jiujiujiur0000/workspace/vscode/turtorials/install/custom_action_interfaces/share/custom_action_interfaces/cmake/export_custom_action_interfaces__rosidl_typesupport_fastrtps_cExport-noconfig.cmake
[0.544s] -- Up-to-date: /home/jiujiujiur0000/workspace/vscode/turtorials/install/custom_action_interfaces/share/custom_action_interfaces/cmake/custom_action_interfaces__rosidl_typesupport_introspection_cExport.cmake
[0.545s] -- Up-to-date: /home/jiujiujiur0000/workspace/vscode/turtorials/install/custom_action_interfaces/share/custom_action_interfaces/cmake/custom_action_interfaces__rosidl_typesupport_introspection_cExport-noconfig.cmake
[0.545s] -- Up-to-date: /home/jiujiujiur0000/workspace/vscode/turtorials/install/custom_action_interfaces/share/custom_action_interfaces/cmake/custom_action_interfaces__rosidl_typesupport_cExport.cmake
[0.545s] -- Up-to-date: /home/jiujiujiur0000/workspace/vscode/turtorials/install/custom_action_interfaces/share/custom_action_interfaces/cmake/custom_action_interfaces__rosidl_typesupport_cExport-noconfig.cmake
[0.545s] -- Up-to-date: /home/jiujiujiur0000/workspace/vscode/turtorials/install/custom_action_interfaces/share/custom_action_interfaces/cmake/export_custom_action_interfaces__rosidl_generator_cppExport.cmake
[0.545s] -- Up-to-date: /home/jiujiujiur0000/workspace/vscode/turtorials/install/custom_action_interfaces/share/custom_action_interfaces/cmake/export_custom_action_interfaces__rosidl_typesupport_fastrtps_cppExport.cmake
[0.545s] -- Up-to-date: /home/jiujiujiur0000/workspace/vscode/turtorials/install/custom_action_interfaces/share/custom_action_interfaces/cmake/export_custom_action_interfaces__rosidl_typesupport_fastrtps_cppExport-noconfig.cmake
[0.545s] -- Up-to-date: /home/jiujiujiur0000/workspace/vscode/turtorials/install/custom_action_interfaces/share/custom_action_interfaces/cmake/custom_action_interfaces__rosidl_typesupport_introspection_cppExport.cmake
[0.545s] -- Up-to-date: /home/jiujiujiur0000/workspace/vscode/turtorials/install/custom_action_interfaces/share/custom_action_interfaces/cmake/custom_action_interfaces__rosidl_typesupport_introspection_cppExport-noconfig.cmake
[0.546s] -- Up-to-date: /home/jiujiujiur0000/workspace/vscode/turtorials/install/custom_action_interfaces/share/custom_action_interfaces/cmake/custom_action_interfaces__rosidl_typesupport_cppExport.cmake
[0.546s] -- Up-to-date: /home/jiujiujiur0000/workspace/vscode/turtorials/install/custom_action_interfaces/share/custom_action_interfaces/cmake/custom_action_interfaces__rosidl_typesupport_cppExport-noconfig.cmake
[0.546s] -- Up-to-date: /home/jiujiujiur0000/workspace/vscode/turtorials/install/custom_action_interfaces/share/custom_action_interfaces/cmake/export_custom_action_interfaces__rosidl_generator_pyExport.cmake
[0.546s] -- Up-to-date: /home/jiujiujiur0000/workspace/vscode/turtorials/install/custom_action_interfaces/share/custom_action_interfaces/cmake/export_custom_action_interfaces__rosidl_generator_pyExport-noconfig.cmake
[0.546s] -- Up-to-date: /home/jiujiujiur0000/workspace/vscode/turtorials/install/custom_action_interfaces/share/custom_action_interfaces/cmake/rosidl_cmake-extras.cmake
[0.546s] -- Up-to-date: /home/jiujiujiur0000/workspace/vscode/turtorials/install/custom_action_interfaces/share/custom_action_interfaces/cmake/ament_cmake_export_dependencies-extras.cmake
[0.546s] -- Up-to-date: /home/jiujiujiur0000/workspace/vscode/turtorials/install/custom_action_interfaces/share/custom_action_interfaces/cmake/ament_cmake_export_include_directories-extras.cmake
[0.546s] -- Up-to-date: /home/jiujiujiur0000/workspace/vscode/turtorials/install/custom_action_interfaces/share/custom_action_interfaces/cmake/ament_cmake_export_libraries-extras.cmake
[0.546s] -- Up-to-date: /home/jiujiujiur0000/workspace/vscode/turtorials/install/custom_action_interfaces/share/custom_action_interfaces/cmake/ament_cmake_export_targets-extras.cmake
[0.546s] -- Up-to-date: /home/jiujiujiur0000/workspace/vscode/turtorials/install/custom_action_interfaces/share/custom_action_interfaces/cmake/rosidl_cmake_export_typesupport_targets-extras.cmake
[0.546s] -- Up-to-date: /home/jiujiujiur0000/workspace/vscode/turtorials/install/custom_action_interfaces/share/custom_action_interfaces/cmake/rosidl_cmake_export_typesupport_libraries-extras.cmake
[0.547s] -- Up-to-date: /home/jiujiujiur0000/workspace/vscode/turtorials/install/custom_action_interfaces/share/custom_action_interfaces/cmake/custom_action_interfacesConfig.cmake
[0.547s] -- Up-to-date: /home/jiujiujiur0000/workspace/vscode/turtorials/install/custom_action_interfaces/share/custom_action_interfaces/cmake/custom_action_interfacesConfig-version.cmake
[0.547s] -- Up-to-date: /home/jiujiujiur0000/workspace/vscode/turtorials/install/custom_action_interfaces/share/custom_action_interfaces/package.xml
[0.549s] Invoked command in '/home/jiujiujiur0000/workspace/vscode/turtorials/build/custom_action_interfaces' returned '0': CMAKE_PREFIX_PATH=${CMAKE_PREFIX_PATH}:/opt/ros/jazzy DEBUGINFOD_URLS=https://debuginfod.ubuntu.com /usr/bin/cmake --install /home/jiujiujiur0000/workspace/vscode/turtorials/build/custom_action_interfaces
