[  2%] Built target custom_action_interfaces__rosidl_generator_type_description
[  2%] Built target ament_cmake_python_copy_custom_action_interfaces
[  5%] Built target custom_action_interfaces__cpp
[ 20%] Built target custom_action_interfaces__rosidl_generator_c
[ 38%] Built target custom_action_interfaces__rosidl_typesupport_c
[ 38%] Built target custom_action_interfaces__rosidl_typesupport_introspection_c
[ 47%] Built target custom_action_interfaces__rosidl_typesupport_fastrtps_c
[ 55%] Built target custom_action_interfaces__rosidl_typesupport_introspection_cpp
[ 64%] Built target custom_action_interfaces__rosidl_typesupport_fastrtps_cpp
[ 73%] Built target custom_action_interfaces__rosidl_typesupport_cpp
[ 73%] Built target custom_action_interfaces
[ 76%] Built target custom_action_interfaces__py
[ 82%] Built target custom_action_interfaces__rosidl_generator_py
[100%] Built target custom_action_interfaces_s__rosidl_typesupport_introspection_c
[100%] Built target custom_action_interfaces_s__rosidl_typesupport_c
[100%] Built target custom_action_interfaces_s__rosidl_typesupport_fastrtps_c
running egg_info
writing custom_action_interfaces.egg-info/PKG-INFO
writing dependency_links to custom_action_interfaces.egg-info/dependency_links.txt
writing top-level names to custom_action_interfaces.egg-info/top_level.txt
reading manifest file 'custom_action_interfaces.egg-info/SOURCES.txt'
writing manifest file 'custom_action_interfaces.egg-info/SOURCES.txt'
[100%] Built target ament_cmake_python_build_custom_action_interfaces_egg
-- Install configuration: ""
-- Installing: /home/jiujiujiur0000/workspace/vscode/turtorials/install/custom_action_interfaces/share/ament_index/resource_index/rosidl_interfaces/custom_action_interfaces
-- Installing: /home/jiujiujiur0000/workspace/vscode/turtorials/install/custom_action_interfaces/share/custom_action_interfaces/action/Fibonacci.json
-- Installing: /home/jiujiujiur0000/workspace/vscode/turtorials/install/custom_action_interfaces/include/custom_action_interfaces/custom_action_interfaces
-- Installing: /home/jiujiujiur0000/workspace/vscode/turtorials/install/custom_action_interfaces/include/custom_action_interfaces/custom_action_interfaces/action
-- Installing: /home/jiujiujiur0000/workspace/vscode/turtorials/install/custom_action_interfaces/include/custom_action_interfaces/custom_action_interfaces/action/detail
-- Installing: /home/jiujiujiur0000/workspace/vscode/turtorials/install/custom_action_interfaces/include/custom_action_interfaces/custom_action_interfaces/action/detail/fibonacci__description.c
-- Installing: /home/jiujiujiur0000/workspace/vscode/turtorials/install/custom_action_interfaces/include/custom_action_interfaces/custom_action_interfaces/action/detail/fibonacci__struct.h
-- Installing: /home/jiujiujiur0000/workspace/vscode/turtorials/install/custom_action_interfaces/include/custom_action_interfaces/custom_action_interfaces/action/detail/fibonacci__functions.c
-- Installing: /home/jiujiujiur0000/workspace/vscode/turtorials/install/custom_action_interfaces/include/custom_action_interfaces/custom_action_interfaces/action/detail/fibonacci__type_support.h
-- Installing: /home/jiujiujiur0000/workspace/vscode/turtorials/install/custom_action_interfaces/include/custom_action_interfaces/custom_action_interfaces/action/detail/fibonacci__functions.h
-- Installing: /home/jiujiujiur0000/workspace/vscode/turtorials/install/custom_action_interfaces/include/custom_action_interfaces/custom_action_interfaces/action/detail/fibonacci__type_support.c
-- Installing: /home/jiujiujiur0000/workspace/vscode/turtorials/install/custom_action_interfaces/include/custom_action_interfaces/custom_action_interfaces/action/fibonacci.h
-- Installing: /home/jiujiujiur0000/workspace/vscode/turtorials/install/custom_action_interfaces/include/custom_action_interfaces/custom_action_interfaces/msg
-- Installing: /home/jiujiujiur0000/workspace/vscode/turtorials/install/custom_action_interfaces/include/custom_action_interfaces/custom_action_interfaces/msg/rosidl_generator_c__visibility_control.h
-- Installing: /home/jiujiujiur0000/workspace/vscode/turtorials/install/custom_action_interfaces/share/custom_action_interfaces/environment/library_path.sh
-- Installing: /home/jiujiujiur0000/workspace/vscode/turtorials/install/custom_action_interfaces/share/custom_action_interfaces/environment/library_path.dsv
-- Installing: /home/jiujiujiur0000/workspace/vscode/turtorials/install/custom_action_interfaces/lib/libcustom_action_interfaces__rosidl_generator_c.so
-- Set non-toolchain portion of runtime path of "/home/jiujiujiur0000/workspace/vscode/turtorials/install/custom_action_interfaces/lib/libcustom_action_interfaces__rosidl_generator_c.so" to ""
-- Up-to-date: /home/jiujiujiur0000/workspace/vscode/turtorials/install/custom_action_interfaces/include/custom_action_interfaces/custom_action_interfaces
-- Up-to-date: /home/jiujiujiur0000/workspace/vscode/turtorials/install/custom_action_interfaces/include/custom_action_interfaces/custom_action_interfaces/action
-- Up-to-date: /home/jiujiujiur0000/workspace/vscode/turtorials/install/custom_action_interfaces/include/custom_action_interfaces/custom_action_interfaces/action/detail
-- Installing: /home/jiujiujiur0000/workspace/vscode/turtorials/install/custom_action_interfaces/include/custom_action_interfaces/custom_action_interfaces/action/detail/fibonacci__rosidl_typesupport_fastrtps_c.h
-- Up-to-date: /home/jiujiujiur0000/workspace/vscode/turtorials/install/custom_action_interfaces/include/custom_action_interfaces/custom_action_interfaces/msg
-- Installing: /home/jiujiujiur0000/workspace/vscode/turtorials/install/custom_action_interfaces/include/custom_action_interfaces/custom_action_interfaces/msg/rosidl_typesupport_fastrtps_c__visibility_control.h
-- Installing: /home/jiujiujiur0000/workspace/vscode/turtorials/install/custom_action_interfaces/lib/libcustom_action_interfaces__rosidl_typesupport_fastrtps_c.so
-- Set non-toolchain portion of runtime path of "/home/jiujiujiur0000/workspace/vscode/turtorials/install/custom_action_interfaces/lib/libcustom_action_interfaces__rosidl_typesupport_fastrtps_c.so" to ""
-- Up-to-date: /home/jiujiujiur0000/workspace/vscode/turtorials/install/custom_action_interfaces/include/custom_action_interfaces/custom_action_interfaces
-- Up-to-date: /home/jiujiujiur0000/workspace/vscode/turtorials/install/custom_action_interfaces/include/custom_action_interfaces/custom_action_interfaces/action
-- Up-to-date: /home/jiujiujiur0000/workspace/vscode/turtorials/install/custom_action_interfaces/include/custom_action_interfaces/custom_action_interfaces/action/detail
-- Installing: /home/jiujiujiur0000/workspace/vscode/turtorials/install/custom_action_interfaces/include/custom_action_interfaces/custom_action_interfaces/action/detail/fibonacci__rosidl_typesupport_introspection_c.h
-- Installing: /home/jiujiujiur0000/workspace/vscode/turtorials/install/custom_action_interfaces/include/custom_action_interfaces/custom_action_interfaces/action/detail/fibonacci__type_support.c
-- Up-to-date: /home/jiujiujiur0000/workspace/vscode/turtorials/install/custom_action_interfaces/include/custom_action_interfaces/custom_action_interfaces/msg
-- Installing: /home/jiujiujiur0000/workspace/vscode/turtorials/install/custom_action_interfaces/include/custom_action_interfaces/custom_action_interfaces/msg/rosidl_typesupport_introspection_c__visibility_control.h
-- Installing: /home/jiujiujiur0000/workspace/vscode/turtorials/install/custom_action_interfaces/lib/libcustom_action_interfaces__rosidl_typesupport_introspection_c.so
-- Set non-toolchain portion of runtime path of "/home/jiujiujiur0000/workspace/vscode/turtorials/install/custom_action_interfaces/lib/libcustom_action_interfaces__rosidl_typesupport_introspection_c.so" to ""
-- Installing: /home/jiujiujiur0000/workspace/vscode/turtorials/install/custom_action_interfaces/lib/libcustom_action_interfaces__rosidl_typesupport_c.so
-- Set non-toolchain portion of runtime path of "/home/jiujiujiur0000/workspace/vscode/turtorials/install/custom_action_interfaces/lib/libcustom_action_interfaces__rosidl_typesupport_c.so" to ""
-- Up-to-date: /home/jiujiujiur0000/workspace/vscode/turtorials/install/custom_action_interfaces/include/custom_action_interfaces/custom_action_interfaces
-- Up-to-date: /home/jiujiujiur0000/workspace/vscode/turtorials/install/custom_action_interfaces/include/custom_action_interfaces/custom_action_interfaces/action
-- Up-to-date: /home/jiujiujiur0000/workspace/vscode/turtorials/install/custom_action_interfaces/include/custom_action_interfaces/custom_action_interfaces/action/detail
-- Installing: /home/jiujiujiur0000/workspace/vscode/turtorials/install/custom_action_interfaces/include/custom_action_interfaces/custom_action_interfaces/action/detail/fibonacci__builder.hpp
-- Installing: /home/jiujiujiur0000/workspace/vscode/turtorials/install/custom_action_interfaces/include/custom_action_interfaces/custom_action_interfaces/action/detail/fibonacci__traits.hpp
-- Installing: /home/jiujiujiur0000/workspace/vscode/turtorials/install/custom_action_interfaces/include/custom_action_interfaces/custom_action_interfaces/action/detail/fibonacci__struct.hpp
-- Installing: /home/jiujiujiur0000/workspace/vscode/turtorials/install/custom_action_interfaces/include/custom_action_interfaces/custom_action_interfaces/action/detail/fibonacci__type_support.hpp
-- Installing: /home/jiujiujiur0000/workspace/vscode/turtorials/install/custom_action_interfaces/include/custom_action_interfaces/custom_action_interfaces/action/fibonacci.hpp
-- Up-to-date: /home/jiujiujiur0000/workspace/vscode/turtorials/install/custom_action_interfaces/include/custom_action_interfaces/custom_action_interfaces/msg
-- Installing: /home/jiujiujiur0000/workspace/vscode/turtorials/install/custom_action_interfaces/include/custom_action_interfaces/custom_action_interfaces/msg/rosidl_generator_cpp__visibility_control.hpp
-- Up-to-date: /home/jiujiujiur0000/workspace/vscode/turtorials/install/custom_action_interfaces/include/custom_action_interfaces/custom_action_interfaces
-- Up-to-date: /home/jiujiujiur0000/workspace/vscode/turtorials/install/custom_action_interfaces/include/custom_action_interfaces/custom_action_interfaces/action
-- Up-to-date: /home/jiujiujiur0000/workspace/vscode/turtorials/install/custom_action_interfaces/include/custom_action_interfaces/custom_action_interfaces/action/detail
-- Installing: /home/jiujiujiur0000/workspace/vscode/turtorials/install/custom_action_interfaces/include/custom_action_interfaces/custom_action_interfaces/action/detail/fibonacci__rosidl_typesupport_fastrtps_cpp.hpp
-- Installing: /home/jiujiujiur0000/workspace/vscode/turtorials/install/custom_action_interfaces/include/custom_action_interfaces/custom_action_interfaces/action/detail/dds_fastrtps
-- Up-to-date: /home/jiujiujiur0000/workspace/vscode/turtorials/install/custom_action_interfaces/include/custom_action_interfaces/custom_action_interfaces/msg
-- Installing: /home/jiujiujiur0000/workspace/vscode/turtorials/install/custom_action_interfaces/include/custom_action_interfaces/custom_action_interfaces/msg/rosidl_typesupport_fastrtps_cpp__visibility_control.h
-- Installing: /home/jiujiujiur0000/workspace/vscode/turtorials/install/custom_action_interfaces/lib/libcustom_action_interfaces__rosidl_typesupport_fastrtps_cpp.so
-- Set non-toolchain portion of runtime path of "/home/jiujiujiur0000/workspace/vscode/turtorials/install/custom_action_interfaces/lib/libcustom_action_interfaces__rosidl_typesupport_fastrtps_cpp.so" to ""
-- Up-to-date: /home/jiujiujiur0000/workspace/vscode/turtorials/install/custom_action_interfaces/include/custom_action_interfaces/custom_action_interfaces
-- Up-to-date: /home/jiujiujiur0000/workspace/vscode/turtorials/install/custom_action_interfaces/include/custom_action_interfaces/custom_action_interfaces/action
-- Up-to-date: /home/jiujiujiur0000/workspace/vscode/turtorials/install/custom_action_interfaces/include/custom_action_interfaces/custom_action_interfaces/action/detail
-- Installing: /home/jiujiujiur0000/workspace/vscode/turtorials/install/custom_action_interfaces/include/custom_action_interfaces/custom_action_interfaces/action/detail/fibonacci__type_support.cpp
-- Installing: /home/jiujiujiur0000/workspace/vscode/turtorials/install/custom_action_interfaces/include/custom_action_interfaces/custom_action_interfaces/action/detail/fibonacci__rosidl_typesupport_introspection_cpp.hpp
-- Installing: /home/jiujiujiur0000/workspace/vscode/turtorials/install/custom_action_interfaces/lib/libcustom_action_interfaces__rosidl_typesupport_introspection_cpp.so
-- Set non-toolchain portion of runtime path of "/home/jiujiujiur0000/workspace/vscode/turtorials/install/custom_action_interfaces/lib/libcustom_action_interfaces__rosidl_typesupport_introspection_cpp.so" to ""
-- Installing: /home/jiujiujiur0000/workspace/vscode/turtorials/install/custom_action_interfaces/lib/libcustom_action_interfaces__rosidl_typesupport_cpp.so
-- Set non-toolchain portion of runtime path of "/home/jiujiujiur0000/workspace/vscode/turtorials/install/custom_action_interfaces/lib/libcustom_action_interfaces__rosidl_typesupport_cpp.so" to ""
-- Installing: /home/jiujiujiur0000/workspace/vscode/turtorials/install/custom_action_interfaces/share/custom_action_interfaces/environment/pythonpath.sh
-- Installing: /home/jiujiujiur0000/workspace/vscode/turtorials/install/custom_action_interfaces/share/custom_action_interfaces/environment/pythonpath.dsv
-- Installing: /home/jiujiujiur0000/workspace/vscode/turtorials/install/custom_action_interfaces/lib/python3.12/site-packages/custom_action_interfaces-0.0.0-py3.12.egg-info
-- Installing: /home/jiujiujiur0000/workspace/vscode/turtorials/install/custom_action_interfaces/lib/python3.12/site-packages/custom_action_interfaces-0.0.0-py3.12.egg-info/top_level.txt
-- Installing: /home/jiujiujiur0000/workspace/vscode/turtorials/install/custom_action_interfaces/lib/python3.12/site-packages/custom_action_interfaces-0.0.0-py3.12.egg-info/dependency_links.txt
-- Installing: /home/jiujiujiur0000/workspace/vscode/turtorials/install/custom_action_interfaces/lib/python3.12/site-packages/custom_action_interfaces-0.0.0-py3.12.egg-info/PKG-INFO
-- Installing: /home/jiujiujiur0000/workspace/vscode/turtorials/install/custom_action_interfaces/lib/python3.12/site-packages/custom_action_interfaces-0.0.0-py3.12.egg-info/SOURCES.txt
-- Installing: /home/jiujiujiur0000/workspace/vscode/turtorials/install/custom_action_interfaces/lib/python3.12/site-packages/custom_action_interfaces
-- Installing: /home/jiujiujiur0000/workspace/vscode/turtorials/install/custom_action_interfaces/lib/python3.12/site-packages/custom_action_interfaces/action
-- Installing: /home/jiujiujiur0000/workspace/vscode/turtorials/install/custom_action_interfaces/lib/python3.12/site-packages/custom_action_interfaces/action/_fibonacci_s.c
-- Installing: /home/jiujiujiur0000/workspace/vscode/turtorials/install/custom_action_interfaces/lib/python3.12/site-packages/custom_action_interfaces/action/_fibonacci.py
-- Installing: /home/jiujiujiur0000/workspace/vscode/turtorials/install/custom_action_interfaces/lib/python3.12/site-packages/custom_action_interfaces/action/__init__.py
-- Installing: /home/jiujiujiur0000/workspace/vscode/turtorials/install/custom_action_interfaces/lib/python3.12/site-packages/custom_action_interfaces/custom_action_interfaces_s__rosidl_typesupport_c.so
-- Installing: /home/jiujiujiur0000/workspace/vscode/turtorials/install/custom_action_interfaces/lib/python3.12/site-packages/custom_action_interfaces/_custom_action_interfaces_s.ep.rosidl_typesupport_introspection_c.c
-- Installing: /home/jiujiujiur0000/workspace/vscode/turtorials/install/custom_action_interfaces/lib/python3.12/site-packages/custom_action_interfaces/_custom_action_interfaces_s.ep.rosidl_typesupport_c.c
-- Installing: /home/jiujiujiur0000/workspace/vscode/turtorials/install/custom_action_interfaces/lib/python3.12/site-packages/custom_action_interfaces/custom_action_interfaces_s__rosidl_typesupport_introspection_c.so
-- Installing: /home/jiujiujiur0000/workspace/vscode/turtorials/install/custom_action_interfaces/lib/python3.12/site-packages/custom_action_interfaces/custom_action_interfaces_s__rosidl_typesupport_fastrtps_c.so
-- Installing: /home/jiujiujiur0000/workspace/vscode/turtorials/install/custom_action_interfaces/lib/python3.12/site-packages/custom_action_interfaces/_custom_action_interfaces_s.ep.rosidl_typesupport_fastrtps_c.c
-- Installing: /home/jiujiujiur0000/workspace/vscode/turtorials/install/custom_action_interfaces/lib/python3.12/site-packages/custom_action_interfaces/__init__.py
Listing '/home/jiujiujiur0000/workspace/vscode/turtorials/install/custom_action_interfaces/lib/python3.12/site-packages/custom_action_interfaces'...
Compiling '/home/jiujiujiur0000/workspace/vscode/turtorials/install/custom_action_interfaces/lib/python3.12/site-packages/custom_action_interfaces/__init__.py'...
Listing '/home/jiujiujiur0000/workspace/vscode/turtorials/install/custom_action_interfaces/lib/python3.12/site-packages/custom_action_interfaces/action'...
Compiling '/home/jiujiujiur0000/workspace/vscode/turtorials/install/custom_action_interfaces/lib/python3.12/site-packages/custom_action_interfaces/action/__init__.py'...
Compiling '/home/jiujiujiur0000/workspace/vscode/turtorials/install/custom_action_interfaces/lib/python3.12/site-packages/custom_action_interfaces/action/_fibonacci.py'...
-- Installing: /home/jiujiujiur0000/workspace/vscode/turtorials/install/custom_action_interfaces/lib/python3.12/site-packages/custom_action_interfaces/custom_action_interfaces_s__rosidl_typesupport_fastrtps_c.so
-- Set non-toolchain portion of runtime path of "/home/jiujiujiur0000/workspace/vscode/turtorials/install/custom_action_interfaces/lib/python3.12/site-packages/custom_action_interfaces/custom_action_interfaces_s__rosidl_typesupport_fastrtps_c.so" to ""
-- Installing: /home/jiujiujiur0000/workspace/vscode/turtorials/install/custom_action_interfaces/lib/python3.12/site-packages/custom_action_interfaces/custom_action_interfaces_s__rosidl_typesupport_introspection_c.so
-- Set non-toolchain portion of runtime path of "/home/jiujiujiur0000/workspace/vscode/turtorials/install/custom_action_interfaces/lib/python3.12/site-packages/custom_action_interfaces/custom_action_interfaces_s__rosidl_typesupport_introspection_c.so" to ""
-- Installing: /home/jiujiujiur0000/workspace/vscode/turtorials/install/custom_action_interfaces/lib/python3.12/site-packages/custom_action_interfaces/custom_action_interfaces_s__rosidl_typesupport_c.so
-- Set non-toolchain portion of runtime path of "/home/jiujiujiur0000/workspace/vscode/turtorials/install/custom_action_interfaces/lib/python3.12/site-packages/custom_action_interfaces/custom_action_interfaces_s__rosidl_typesupport_c.so" to ""
-- Installing: /home/jiujiujiur0000/workspace/vscode/turtorials/install/custom_action_interfaces/lib/libcustom_action_interfaces__rosidl_generator_py.so
-- Set non-toolchain portion of runtime path of "/home/jiujiujiur0000/workspace/vscode/turtorials/install/custom_action_interfaces/lib/libcustom_action_interfaces__rosidl_generator_py.so" to ""
-- Installing: /home/jiujiujiur0000/workspace/vscode/turtorials/install/custom_action_interfaces/share/custom_action_interfaces/action/Fibonacci.idl
-- Installing: /home/jiujiujiur0000/workspace/vscode/turtorials/install/custom_action_interfaces/share/custom_action_interfaces/action/Fibonacci.action
-- Installing: /home/jiujiujiur0000/workspace/vscode/turtorials/install/custom_action_interfaces/share/ament_index/resource_index/package_run_dependencies/custom_action_interfaces
-- Installing: /home/jiujiujiur0000/workspace/vscode/turtorials/install/custom_action_interfaces/share/ament_index/resource_index/parent_prefix_path/custom_action_interfaces
-- Installing: /home/jiujiujiur0000/workspace/vscode/turtorials/install/custom_action_interfaces/share/custom_action_interfaces/environment/ament_prefix_path.sh
-- Installing: /home/jiujiujiur0000/workspace/vscode/turtorials/install/custom_action_interfaces/share/custom_action_interfaces/environment/ament_prefix_path.dsv
-- Installing: /home/jiujiujiur0000/workspace/vscode/turtorials/install/custom_action_interfaces/share/custom_action_interfaces/environment/path.sh
-- Installing: /home/jiujiujiur0000/workspace/vscode/turtorials/install/custom_action_interfaces/share/custom_action_interfaces/environment/path.dsv
-- Installing: /home/jiujiujiur0000/workspace/vscode/turtorials/install/custom_action_interfaces/share/custom_action_interfaces/local_setup.bash
-- Installing: /home/jiujiujiur0000/workspace/vscode/turtorials/install/custom_action_interfaces/share/custom_action_interfaces/local_setup.sh
-- Installing: /home/jiujiujiur0000/workspace/vscode/turtorials/install/custom_action_interfaces/share/custom_action_interfaces/local_setup.zsh
-- Installing: /home/jiujiujiur0000/workspace/vscode/turtorials/install/custom_action_interfaces/share/custom_action_interfaces/local_setup.dsv
-- Installing: /home/jiujiujiur0000/workspace/vscode/turtorials/install/custom_action_interfaces/share/custom_action_interfaces/package.dsv
-- Installing: /home/jiujiujiur0000/workspace/vscode/turtorials/install/custom_action_interfaces/share/ament_index/resource_index/packages/custom_action_interfaces
-- Installing: /home/jiujiujiur0000/workspace/vscode/turtorials/install/custom_action_interfaces/share/custom_action_interfaces/cmake/export_custom_action_interfaces__rosidl_generator_cExport.cmake
-- Installing: /home/jiujiujiur0000/workspace/vscode/turtorials/install/custom_action_interfaces/share/custom_action_interfaces/cmake/export_custom_action_interfaces__rosidl_generator_cExport-noconfig.cmake
-- Installing: /home/jiujiujiur0000/workspace/vscode/turtorials/install/custom_action_interfaces/share/custom_action_interfaces/cmake/export_custom_action_interfaces__rosidl_typesupport_fastrtps_cExport.cmake
-- Installing: /home/jiujiujiur0000/workspace/vscode/turtorials/install/custom_action_interfaces/share/custom_action_interfaces/cmake/export_custom_action_interfaces__rosidl_typesupport_fastrtps_cExport-noconfig.cmake
-- Installing: /home/jiujiujiur0000/workspace/vscode/turtorials/install/custom_action_interfaces/share/custom_action_interfaces/cmake/custom_action_interfaces__rosidl_typesupport_introspection_cExport.cmake
-- Installing: /home/jiujiujiur0000/workspace/vscode/turtorials/install/custom_action_interfaces/share/custom_action_interfaces/cmake/custom_action_interfaces__rosidl_typesupport_introspection_cExport-noconfig.cmake
-- Installing: /home/jiujiujiur0000/workspace/vscode/turtorials/install/custom_action_interfaces/share/custom_action_interfaces/cmake/custom_action_interfaces__rosidl_typesupport_cExport.cmake
-- Installing: /home/jiujiujiur0000/workspace/vscode/turtorials/install/custom_action_interfaces/share/custom_action_interfaces/cmake/custom_action_interfaces__rosidl_typesupport_cExport-noconfig.cmake
-- Installing: /home/jiujiujiur0000/workspace/vscode/turtorials/install/custom_action_interfaces/share/custom_action_interfaces/cmake/export_custom_action_interfaces__rosidl_generator_cppExport.cmake
-- Installing: /home/jiujiujiur0000/workspace/vscode/turtorials/install/custom_action_interfaces/share/custom_action_interfaces/cmake/export_custom_action_interfaces__rosidl_typesupport_fastrtps_cppExport.cmake
-- Installing: /home/jiujiujiur0000/workspace/vscode/turtorials/install/custom_action_interfaces/share/custom_action_interfaces/cmake/export_custom_action_interfaces__rosidl_typesupport_fastrtps_cppExport-noconfig.cmake
-- Installing: /home/jiujiujiur0000/workspace/vscode/turtorials/install/custom_action_interfaces/share/custom_action_interfaces/cmake/custom_action_interfaces__rosidl_typesupport_introspection_cppExport.cmake
-- Installing: /home/jiujiujiur0000/workspace/vscode/turtorials/install/custom_action_interfaces/share/custom_action_interfaces/cmake/custom_action_interfaces__rosidl_typesupport_introspection_cppExport-noconfig.cmake
-- Installing: /home/jiujiujiur0000/workspace/vscode/turtorials/install/custom_action_interfaces/share/custom_action_interfaces/cmake/custom_action_interfaces__rosidl_typesupport_cppExport.cmake
-- Installing: /home/jiujiujiur0000/workspace/vscode/turtorials/install/custom_action_interfaces/share/custom_action_interfaces/cmake/custom_action_interfaces__rosidl_typesupport_cppExport-noconfig.cmake
-- Installing: /home/jiujiujiur0000/workspace/vscode/turtorials/install/custom_action_interfaces/share/custom_action_interfaces/cmake/export_custom_action_interfaces__rosidl_generator_pyExport.cmake
-- Installing: /home/jiujiujiur0000/workspace/vscode/turtorials/install/custom_action_interfaces/share/custom_action_interfaces/cmake/export_custom_action_interfaces__rosidl_generator_pyExport-noconfig.cmake
-- Installing: /home/jiujiujiur0000/workspace/vscode/turtorials/install/custom_action_interfaces/share/custom_action_interfaces/cmake/rosidl_cmake-extras.cmake
-- Installing: /home/jiujiujiur0000/workspace/vscode/turtorials/install/custom_action_interfaces/share/custom_action_interfaces/cmake/ament_cmake_export_dependencies-extras.cmake
-- Installing: /home/jiujiujiur0000/workspace/vscode/turtorials/install/custom_action_interfaces/share/custom_action_interfaces/cmake/ament_cmake_export_include_directories-extras.cmake
-- Installing: /home/jiujiujiur0000/workspace/vscode/turtorials/install/custom_action_interfaces/share/custom_action_interfaces/cmake/ament_cmake_export_libraries-extras.cmake
-- Installing: /home/jiujiujiur0000/workspace/vscode/turtorials/install/custom_action_interfaces/share/custom_action_interfaces/cmake/ament_cmake_export_targets-extras.cmake
-- Installing: /home/jiujiujiur0000/workspace/vscode/turtorials/install/custom_action_interfaces/share/custom_action_interfaces/cmake/rosidl_cmake_export_typesupport_targets-extras.cmake
-- Installing: /home/jiujiujiur0000/workspace/vscode/turtorials/install/custom_action_interfaces/share/custom_action_interfaces/cmake/rosidl_cmake_export_typesupport_libraries-extras.cmake
-- Installing: /home/jiujiujiur0000/workspace/vscode/turtorials/install/custom_action_interfaces/share/custom_action_interfaces/cmake/custom_action_interfacesConfig.cmake
-- Installing: /home/jiujiujiur0000/workspace/vscode/turtorials/install/custom_action_interfaces/share/custom_action_interfaces/cmake/custom_action_interfacesConfig-version.cmake
-- Installing: /home/jiujiujiur0000/workspace/vscode/turtorials/install/custom_action_interfaces/share/custom_action_interfaces/package.xml
