[0.010s] Invoking command in '/home/jiujiujiur0000/workspace/vscode/turtorials/build/custom_action_interfaces': CMAKE_PREFIX_PATH=${CMAKE_PREFIX_PATH}:/opt/ros/jazzy DEBUGINFOD_URLS=https://debuginfod.ubuntu.com /usr/bin/cmake --build /home/jiujiujiur0000/workspace/vscode/turtorials/build/custom_action_interfaces -- -j16 -l16
[0.063s] [  2%] Built target custom_action_interfaces__rosidl_generator_type_description
[0.073s] [  2%] Built target ament_cmake_python_copy_custom_action_interfaces
[0.083s] [  5%] Built target custom_action_interfaces__cpp
[0.085s] [ 20%] Built target custom_action_interfaces__rosidl_generator_c
[0.109s] [ 38%] Built target custom_action_interfaces__rosidl_typesupport_c
[0.109s] [ 38%] Built target custom_action_interfaces__rosidl_typesupport_introspection_c
[0.110s] [ 47%] Built target custom_action_interfaces__rosidl_typesupport_fastrtps_c
[0.110s] [ 55%] Built target custom_action_interfaces__rosidl_typesupport_introspection_cpp
[0.110s] [ 64%] Built target custom_action_interfaces__rosidl_typesupport_fastrtps_cpp
[0.111s] [ 73%] Built target custom_action_interfaces__rosidl_typesupport_cpp
[0.134s] [ 73%] Built target custom_action_interfaces
[0.157s] [ 76%] Built target custom_action_interfaces__py
[0.183s] [ 82%] Built target custom_action_interfaces__rosidl_generator_py
[0.208s] [100%] Built target custom_action_interfaces_s__rosidl_typesupport_introspection_c
[0.209s] [100%] Built target custom_action_interfaces_s__rosidl_typesupport_c
[0.209s] [100%] Built target custom_action_interfaces_s__rosidl_typesupport_fastrtps_c
[0.275s] running egg_info
[0.295s] writing custom_action_interfaces.egg-info/PKG-INFO
[0.295s] writing dependency_links to custom_action_interfaces.egg-info/dependency_links.txt
[0.295s] writing top-level names to custom_action_interfaces.egg-info/top_level.txt
[0.352s] reading manifest file 'custom_action_interfaces.egg-info/SOURCES.txt'
[0.353s] writing manifest file 'custom_action_interfaces.egg-info/SOURCES.txt'
[0.377s] [100%] Built target ament_cmake_python_build_custom_action_interfaces_egg
[0.390s] Invoked command in '/home/jiujiujiur0000/workspace/vscode/turtorials/build/custom_action_interfaces' returned '0': CMAKE_PREFIX_PATH=${CMAKE_PREFIX_PATH}:/opt/ros/jazzy DEBUGINFOD_URLS=https://debuginfod.ubuntu.com /usr/bin/cmake --build /home/jiujiujiur0000/workspace/vscode/turtorials/build/custom_action_interfaces -- -j16 -l16
[0.400s] Invoking command in '/home/jiujiujiur0000/workspace/vscode/turtorials/build/custom_action_interfaces': CMAKE_PREFIX_PATH=${CMAKE_PREFIX_PATH}:/opt/ros/jazzy DEBUGINFOD_URLS=https://debuginfod.ubuntu.com /usr/bin/cmake --install /home/jiujiujiur0000/workspace/vscode/turtorials/build/custom_action_interfaces
[0.408s] -- Install configuration: ""
[0.408s] -- Installing: /home/jiujiujiur0000/workspace/vscode/turtorials/install/custom_action_interfaces/share/ament_index/resource_index/rosidl_interfaces/custom_action_interfaces
[0.408s] -- Installing: /home/jiujiujiur0000/workspace/vscode/turtorials/install/custom_action_interfaces/share/custom_action_interfaces/action/Fibonacci.json
[0.408s] -- Installing: /home/jiujiujiur0000/workspace/vscode/turtorials/install/custom_action_interfaces/include/custom_action_interfaces/custom_action_interfaces
[0.409s] -- Installing: /home/jiujiujiur0000/workspace/vscode/turtorials/install/custom_action_interfaces/include/custom_action_interfaces/custom_action_interfaces/action
[0.409s] -- Installing: /home/jiujiujiur0000/workspace/vscode/turtorials/install/custom_action_interfaces/include/custom_action_interfaces/custom_action_interfaces/action/detail
[0.409s] -- Installing: /home/jiujiujiur0000/workspace/vscode/turtorials/install/custom_action_interfaces/include/custom_action_interfaces/custom_action_interfaces/action/detail/fibonacci__description.c
[0.409s] -- Installing: /home/jiujiujiur0000/workspace/vscode/turtorials/install/custom_action_interfaces/include/custom_action_interfaces/custom_action_interfaces/action/detail/fibonacci__struct.h
[0.409s] -- Installing: /home/jiujiujiur0000/workspace/vscode/turtorials/install/custom_action_interfaces/include/custom_action_interfaces/custom_action_interfaces/action/detail/fibonacci__functions.c
[0.409s] -- Installing: /home/jiujiujiur0000/workspace/vscode/turtorials/install/custom_action_interfaces/include/custom_action_interfaces/custom_action_interfaces/action/detail/fibonacci__type_support.h
[0.409s] -- Installing: /home/jiujiujiur0000/workspace/vscode/turtorials/install/custom_action_interfaces/include/custom_action_interfaces/custom_action_interfaces/action/detail/fibonacci__functions.h
[0.409s] -- Installing: /home/jiujiujiur0000/workspace/vscode/turtorials/install/custom_action_interfaces/include/custom_action_interfaces/custom_action_interfaces/action/detail/fibonacci__type_support.c
[0.410s] -- Installing: /home/jiujiujiur0000/workspace/vscode/turtorials/install/custom_action_interfaces/include/custom_action_interfaces/custom_action_interfaces/action/fibonacci.h
[0.410s] -- Installing: /home/jiujiujiur0000/workspace/vscode/turtorials/install/custom_action_interfaces/include/custom_action_interfaces/custom_action_interfaces/msg
[0.410s] -- Installing: /home/jiujiujiur0000/workspace/vscode/turtorials/install/custom_action_interfaces/include/custom_action_interfaces/custom_action_interfaces/msg/rosidl_generator_c__visibility_control.h
[0.410s] -- Installing: /home/jiujiujiur0000/workspace/vscode/turtorials/install/custom_action_interfaces/share/custom_action_interfaces/environment/library_path.sh
[0.410s] -- Installing: /home/jiujiujiur0000/workspace/vscode/turtorials/install/custom_action_interfaces/share/custom_action_interfaces/environment/library_path.dsv
[0.410s] -- Installing: /home/jiujiujiur0000/workspace/vscode/turtorials/install/custom_action_interfaces/lib/libcustom_action_interfaces__rosidl_generator_c.so
[0.411s] -- Set non-toolchain portion of runtime path of "/home/jiujiujiur0000/workspace/vscode/turtorials/install/custom_action_interfaces/lib/libcustom_action_interfaces__rosidl_generator_c.so" to ""
[0.411s] -- Up-to-date: /home/jiujiujiur0000/workspace/vscode/turtorials/install/custom_action_interfaces/include/custom_action_interfaces/custom_action_interfaces
[0.411s] -- Up-to-date: /home/jiujiujiur0000/workspace/vscode/turtorials/install/custom_action_interfaces/include/custom_action_interfaces/custom_action_interfaces/action
[0.411s] -- Up-to-date: /home/jiujiujiur0000/workspace/vscode/turtorials/install/custom_action_interfaces/include/custom_action_interfaces/custom_action_interfaces/action/detail
[0.411s] -- Installing: /home/jiujiujiur0000/workspace/vscode/turtorials/install/custom_action_interfaces/include/custom_action_interfaces/custom_action_interfaces/action/detail/fibonacci__rosidl_typesupport_fastrtps_c.h
[0.411s] -- Up-to-date: /home/jiujiujiur0000/workspace/vscode/turtorials/install/custom_action_interfaces/include/custom_action_interfaces/custom_action_interfaces/msg
[0.411s] -- Installing: /home/jiujiujiur0000/workspace/vscode/turtorials/install/custom_action_interfaces/include/custom_action_interfaces/custom_action_interfaces/msg/rosidl_typesupport_fastrtps_c__visibility_control.h
[0.412s] -- Installing: /home/jiujiujiur0000/workspace/vscode/turtorials/install/custom_action_interfaces/lib/libcustom_action_interfaces__rosidl_typesupport_fastrtps_c.so
[0.412s] -- Set non-toolchain portion of runtime path of "/home/jiujiujiur0000/workspace/vscode/turtorials/install/custom_action_interfaces/lib/libcustom_action_interfaces__rosidl_typesupport_fastrtps_c.so" to ""
[0.412s] -- Up-to-date: /home/jiujiujiur0000/workspace/vscode/turtorials/install/custom_action_interfaces/include/custom_action_interfaces/custom_action_interfaces
[0.412s] -- Up-to-date: /home/jiujiujiur0000/workspace/vscode/turtorials/install/custom_action_interfaces/include/custom_action_interfaces/custom_action_interfaces/action
[0.412s] -- Up-to-date: /home/jiujiujiur0000/workspace/vscode/turtorials/install/custom_action_interfaces/include/custom_action_interfaces/custom_action_interfaces/action/detail
[0.412s] -- Installing: /home/jiujiujiur0000/workspace/vscode/turtorials/install/custom_action_interfaces/include/custom_action_interfaces/custom_action_interfaces/action/detail/fibonacci__rosidl_typesupport_introspection_c.h
[0.412s] -- Installing: /home/jiujiujiur0000/workspace/vscode/turtorials/install/custom_action_interfaces/include/custom_action_interfaces/custom_action_interfaces/action/detail/fibonacci__type_support.c
[0.412s] -- Up-to-date: /home/jiujiujiur0000/workspace/vscode/turtorials/install/custom_action_interfaces/include/custom_action_interfaces/custom_action_interfaces/msg
[0.413s] -- Installing: /home/jiujiujiur0000/workspace/vscode/turtorials/install/custom_action_interfaces/include/custom_action_interfaces/custom_action_interfaces/msg/rosidl_typesupport_introspection_c__visibility_control.h
[0.413s] -- Installing: /home/jiujiujiur0000/workspace/vscode/turtorials/install/custom_action_interfaces/lib/libcustom_action_interfaces__rosidl_typesupport_introspection_c.so
[0.413s] -- Set non-toolchain portion of runtime path of "/home/jiujiujiur0000/workspace/vscode/turtorials/install/custom_action_interfaces/lib/libcustom_action_interfaces__rosidl_typesupport_introspection_c.so" to ""
[0.413s] -- Installing: /home/jiujiujiur0000/workspace/vscode/turtorials/install/custom_action_interfaces/lib/libcustom_action_interfaces__rosidl_typesupport_c.so
[0.414s] -- Set non-toolchain portion of runtime path of "/home/jiujiujiur0000/workspace/vscode/turtorials/install/custom_action_interfaces/lib/libcustom_action_interfaces__rosidl_typesupport_c.so" to ""
[0.414s] -- Up-to-date: /home/jiujiujiur0000/workspace/vscode/turtorials/install/custom_action_interfaces/include/custom_action_interfaces/custom_action_interfaces
[0.414s] -- Up-to-date: /home/jiujiujiur0000/workspace/vscode/turtorials/install/custom_action_interfaces/include/custom_action_interfaces/custom_action_interfaces/action
[0.414s] -- Up-to-date: /home/jiujiujiur0000/workspace/vscode/turtorials/install/custom_action_interfaces/include/custom_action_interfaces/custom_action_interfaces/action/detail
[0.414s] -- Installing: /home/jiujiujiur0000/workspace/vscode/turtorials/install/custom_action_interfaces/include/custom_action_interfaces/custom_action_interfaces/action/detail/fibonacci__builder.hpp
[0.414s] -- Installing: /home/jiujiujiur0000/workspace/vscode/turtorials/install/custom_action_interfaces/include/custom_action_interfaces/custom_action_interfaces/action/detail/fibonacci__traits.hpp
[0.414s] -- Installing: /home/jiujiujiur0000/workspace/vscode/turtorials/install/custom_action_interfaces/include/custom_action_interfaces/custom_action_interfaces/action/detail/fibonacci__struct.hpp
[0.415s] -- Installing: /home/jiujiujiur0000/workspace/vscode/turtorials/install/custom_action_interfaces/include/custom_action_interfaces/custom_action_interfaces/action/detail/fibonacci__type_support.hpp
[0.415s] -- Installing: /home/jiujiujiur0000/workspace/vscode/turtorials/install/custom_action_interfaces/include/custom_action_interfaces/custom_action_interfaces/action/fibonacci.hpp
[0.415s] -- Up-to-date: /home/jiujiujiur0000/workspace/vscode/turtorials/install/custom_action_interfaces/include/custom_action_interfaces/custom_action_interfaces/msg
[0.415s] -- Installing: /home/jiujiujiur0000/workspace/vscode/turtorials/install/custom_action_interfaces/include/custom_action_interfaces/custom_action_interfaces/msg/rosidl_generator_cpp__visibility_control.hpp
[0.415s] -- Up-to-date: /home/jiujiujiur0000/workspace/vscode/turtorials/install/custom_action_interfaces/include/custom_action_interfaces/custom_action_interfaces
[0.415s] -- Up-to-date: /home/jiujiujiur0000/workspace/vscode/turtorials/install/custom_action_interfaces/include/custom_action_interfaces/custom_action_interfaces/action
[0.415s] -- Up-to-date: /home/jiujiujiur0000/workspace/vscode/turtorials/install/custom_action_interfaces/include/custom_action_interfaces/custom_action_interfaces/action/detail
[0.415s] -- Installing: /home/jiujiujiur0000/workspace/vscode/turtorials/install/custom_action_interfaces/include/custom_action_interfaces/custom_action_interfaces/action/detail/fibonacci__rosidl_typesupport_fastrtps_cpp.hpp
[0.415s] -- Installing: /home/jiujiujiur0000/workspace/vscode/turtorials/install/custom_action_interfaces/include/custom_action_interfaces/custom_action_interfaces/action/detail/dds_fastrtps
[0.415s] -- Up-to-date: /home/jiujiujiur0000/workspace/vscode/turtorials/install/custom_action_interfaces/include/custom_action_interfaces/custom_action_interfaces/msg
[0.416s] -- Installing: /home/jiujiujiur0000/workspace/vscode/turtorials/install/custom_action_interfaces/include/custom_action_interfaces/custom_action_interfaces/msg/rosidl_typesupport_fastrtps_cpp__visibility_control.h
[0.416s] -- Installing: /home/jiujiujiur0000/workspace/vscode/turtorials/install/custom_action_interfaces/lib/libcustom_action_interfaces__rosidl_typesupport_fastrtps_cpp.so
[0.416s] -- Set non-toolchain portion of runtime path of "/home/jiujiujiur0000/workspace/vscode/turtorials/install/custom_action_interfaces/lib/libcustom_action_interfaces__rosidl_typesupport_fastrtps_cpp.so" to ""
[0.416s] -- Up-to-date: /home/jiujiujiur0000/workspace/vscode/turtorials/install/custom_action_interfaces/include/custom_action_interfaces/custom_action_interfaces
[0.416s] -- Up-to-date: /home/jiujiujiur0000/workspace/vscode/turtorials/install/custom_action_interfaces/include/custom_action_interfaces/custom_action_interfaces/action
[0.416s] -- Up-to-date: /home/jiujiujiur0000/workspace/vscode/turtorials/install/custom_action_interfaces/include/custom_action_interfaces/custom_action_interfaces/action/detail
[0.416s] -- Installing: /home/jiujiujiur0000/workspace/vscode/turtorials/install/custom_action_interfaces/include/custom_action_interfaces/custom_action_interfaces/action/detail/fibonacci__type_support.cpp
[0.417s] -- Installing: /home/jiujiujiur0000/workspace/vscode/turtorials/install/custom_action_interfaces/include/custom_action_interfaces/custom_action_interfaces/action/detail/fibonacci__rosidl_typesupport_introspection_cpp.hpp
[0.417s] -- Installing: /home/jiujiujiur0000/workspace/vscode/turtorials/install/custom_action_interfaces/lib/libcustom_action_interfaces__rosidl_typesupport_introspection_cpp.so
[0.417s] -- Set non-toolchain portion of runtime path of "/home/jiujiujiur0000/workspace/vscode/turtorials/install/custom_action_interfaces/lib/libcustom_action_interfaces__rosidl_typesupport_introspection_cpp.so" to ""
[0.417s] -- Installing: /home/jiujiujiur0000/workspace/vscode/turtorials/install/custom_action_interfaces/lib/libcustom_action_interfaces__rosidl_typesupport_cpp.so
[0.418s] -- Set non-toolchain portion of runtime path of "/home/jiujiujiur0000/workspace/vscode/turtorials/install/custom_action_interfaces/lib/libcustom_action_interfaces__rosidl_typesupport_cpp.so" to ""
[0.418s] -- Installing: /home/jiujiujiur0000/workspace/vscode/turtorials/install/custom_action_interfaces/share/custom_action_interfaces/environment/pythonpath.sh
[0.418s] -- Installing: /home/jiujiujiur0000/workspace/vscode/turtorials/install/custom_action_interfaces/share/custom_action_interfaces/environment/pythonpath.dsv
[0.418s] -- Installing: /home/jiujiujiur0000/workspace/vscode/turtorials/install/custom_action_interfaces/lib/python3.12/site-packages/custom_action_interfaces-0.0.0-py3.12.egg-info
[0.418s] -- Installing: /home/jiujiujiur0000/workspace/vscode/turtorials/install/custom_action_interfaces/lib/python3.12/site-packages/custom_action_interfaces-0.0.0-py3.12.egg-info/top_level.txt
[0.418s] -- Installing: /home/jiujiujiur0000/workspace/vscode/turtorials/install/custom_action_interfaces/lib/python3.12/site-packages/custom_action_interfaces-0.0.0-py3.12.egg-info/dependency_links.txt
[0.419s] -- Installing: /home/jiujiujiur0000/workspace/vscode/turtorials/install/custom_action_interfaces/lib/python3.12/site-packages/custom_action_interfaces-0.0.0-py3.12.egg-info/PKG-INFO
[0.419s] -- Installing: /home/jiujiujiur0000/workspace/vscode/turtorials/install/custom_action_interfaces/lib/python3.12/site-packages/custom_action_interfaces-0.0.0-py3.12.egg-info/SOURCES.txt
[0.419s] -- Installing: /home/jiujiujiur0000/workspace/vscode/turtorials/install/custom_action_interfaces/lib/python3.12/site-packages/custom_action_interfaces
[0.419s] -- Installing: /home/jiujiujiur0000/workspace/vscode/turtorials/install/custom_action_interfaces/lib/python3.12/site-packages/custom_action_interfaces/action
[0.419s] -- Installing: /home/jiujiujiur0000/workspace/vscode/turtorials/install/custom_action_interfaces/lib/python3.12/site-packages/custom_action_interfaces/action/_fibonacci_s.c
[0.419s] -- Installing: /home/jiujiujiur0000/workspace/vscode/turtorials/install/custom_action_interfaces/lib/python3.12/site-packages/custom_action_interfaces/action/_fibonacci.py
[0.419s] -- Installing: /home/jiujiujiur0000/workspace/vscode/turtorials/install/custom_action_interfaces/lib/python3.12/site-packages/custom_action_interfaces/action/__init__.py
[0.420s] -- Installing: /home/jiujiujiur0000/workspace/vscode/turtorials/install/custom_action_interfaces/lib/python3.12/site-packages/custom_action_interfaces/custom_action_interfaces_s__rosidl_typesupport_c.so
[0.420s] -- Installing: /home/jiujiujiur0000/workspace/vscode/turtorials/install/custom_action_interfaces/lib/python3.12/site-packages/custom_action_interfaces/_custom_action_interfaces_s.ep.rosidl_typesupport_introspection_c.c
[0.420s] -- Installing: /home/jiujiujiur0000/workspace/vscode/turtorials/install/custom_action_interfaces/lib/python3.12/site-packages/custom_action_interfaces/_custom_action_interfaces_s.ep.rosidl_typesupport_c.c
[0.420s] -- Installing: /home/jiujiujiur0000/workspace/vscode/turtorials/install/custom_action_interfaces/lib/python3.12/site-packages/custom_action_interfaces/custom_action_interfaces_s__rosidl_typesupport_introspection_c.so
[0.420s] -- Installing: /home/jiujiujiur0000/workspace/vscode/turtorials/install/custom_action_interfaces/lib/python3.12/site-packages/custom_action_interfaces/custom_action_interfaces_s__rosidl_typesupport_fastrtps_c.so
[0.420s] -- Installing: /home/jiujiujiur0000/workspace/vscode/turtorials/install/custom_action_interfaces/lib/python3.12/site-packages/custom_action_interfaces/_custom_action_interfaces_s.ep.rosidl_typesupport_fastrtps_c.c
[0.421s] -- Installing: /home/jiujiujiur0000/workspace/vscode/turtorials/install/custom_action_interfaces/lib/python3.12/site-packages/custom_action_interfaces/__init__.py
[0.463s] Listing '/home/jiujiujiur0000/workspace/vscode/turtorials/install/custom_action_interfaces/lib/python3.12/site-packages/custom_action_interfaces'...
[0.464s] Compiling '/home/jiujiujiur0000/workspace/vscode/turtorials/install/custom_action_interfaces/lib/python3.12/site-packages/custom_action_interfaces/__init__.py'...
[0.464s] Listing '/home/jiujiujiur0000/workspace/vscode/turtorials/install/custom_action_interfaces/lib/python3.12/site-packages/custom_action_interfaces/action'...
[0.464s] Compiling '/home/jiujiujiur0000/workspace/vscode/turtorials/install/custom_action_interfaces/lib/python3.12/site-packages/custom_action_interfaces/action/__init__.py'...
[0.464s] Compiling '/home/jiujiujiur0000/workspace/vscode/turtorials/install/custom_action_interfaces/lib/python3.12/site-packages/custom_action_interfaces/action/_fibonacci.py'...
[0.469s] -- Installing: /home/jiujiujiur0000/workspace/vscode/turtorials/install/custom_action_interfaces/lib/python3.12/site-packages/custom_action_interfaces/custom_action_interfaces_s__rosidl_typesupport_fastrtps_c.so
[0.469s] -- Set non-toolchain portion of runtime path of "/home/jiujiujiur0000/workspace/vscode/turtorials/install/custom_action_interfaces/lib/python3.12/site-packages/custom_action_interfaces/custom_action_interfaces_s__rosidl_typesupport_fastrtps_c.so" to ""
[0.469s] -- Installing: /home/jiujiujiur0000/workspace/vscode/turtorials/install/custom_action_interfaces/lib/python3.12/site-packages/custom_action_interfaces/custom_action_interfaces_s__rosidl_typesupport_introspection_c.so
[0.470s] -- Set non-toolchain portion of runtime path of "/home/jiujiujiur0000/workspace/vscode/turtorials/install/custom_action_interfaces/lib/python3.12/site-packages/custom_action_interfaces/custom_action_interfaces_s__rosidl_typesupport_introspection_c.so" to ""
[0.470s] -- Installing: /home/jiujiujiur0000/workspace/vscode/turtorials/install/custom_action_interfaces/lib/python3.12/site-packages/custom_action_interfaces/custom_action_interfaces_s__rosidl_typesupport_c.so
[0.470s] -- Set non-toolchain portion of runtime path of "/home/jiujiujiur0000/workspace/vscode/turtorials/install/custom_action_interfaces/lib/python3.12/site-packages/custom_action_interfaces/custom_action_interfaces_s__rosidl_typesupport_c.so" to ""
[0.471s] -- Installing: /home/jiujiujiur0000/workspace/vscode/turtorials/install/custom_action_interfaces/lib/libcustom_action_interfaces__rosidl_generator_py.so
[0.471s] -- Set non-toolchain portion of runtime path of "/home/jiujiujiur0000/workspace/vscode/turtorials/install/custom_action_interfaces/lib/libcustom_action_interfaces__rosidl_generator_py.so" to ""
[0.471s] -- Installing: /home/jiujiujiur0000/workspace/vscode/turtorials/install/custom_action_interfaces/share/custom_action_interfaces/action/Fibonacci.idl
[0.471s] -- Installing: /home/jiujiujiur0000/workspace/vscode/turtorials/install/custom_action_interfaces/share/custom_action_interfaces/action/Fibonacci.action
[0.471s] -- Installing: /home/jiujiujiur0000/workspace/vscode/turtorials/install/custom_action_interfaces/share/ament_index/resource_index/package_run_dependencies/custom_action_interfaces
[0.472s] -- Installing: /home/jiujiujiur0000/workspace/vscode/turtorials/install/custom_action_interfaces/share/ament_index/resource_index/parent_prefix_path/custom_action_interfaces
[0.472s] -- Installing: /home/jiujiujiur0000/workspace/vscode/turtorials/install/custom_action_interfaces/share/custom_action_interfaces/environment/ament_prefix_path.sh
[0.472s] -- Installing: /home/jiujiujiur0000/workspace/vscode/turtorials/install/custom_action_interfaces/share/custom_action_interfaces/environment/ament_prefix_path.dsv
[0.472s] -- Installing: /home/jiujiujiur0000/workspace/vscode/turtorials/install/custom_action_interfaces/share/custom_action_interfaces/environment/path.sh
[0.472s] -- Installing: /home/jiujiujiur0000/workspace/vscode/turtorials/install/custom_action_interfaces/share/custom_action_interfaces/environment/path.dsv
[0.472s] -- Installing: /home/jiujiujiur0000/workspace/vscode/turtorials/install/custom_action_interfaces/share/custom_action_interfaces/local_setup.bash
[0.472s] -- Installing: /home/jiujiujiur0000/workspace/vscode/turtorials/install/custom_action_interfaces/share/custom_action_interfaces/local_setup.sh
[0.473s] -- Installing: /home/jiujiujiur0000/workspace/vscode/turtorials/install/custom_action_interfaces/share/custom_action_interfaces/local_setup.zsh
[0.473s] -- Installing: /home/jiujiujiur0000/workspace/vscode/turtorials/install/custom_action_interfaces/share/custom_action_interfaces/local_setup.dsv
[0.474s] -- Installing: /home/jiujiujiur0000/workspace/vscode/turtorials/install/custom_action_interfaces/share/custom_action_interfaces/package.dsv
[0.474s] -- Installing: /home/jiujiujiur0000/workspace/vscode/turtorials/install/custom_action_interfaces/share/ament_index/resource_index/packages/custom_action_interfaces
[0.474s] -- Installing: /home/jiujiujiur0000/workspace/vscode/turtorials/install/custom_action_interfaces/share/custom_action_interfaces/cmake/export_custom_action_interfaces__rosidl_generator_cExport.cmake
[0.474s] -- Installing: /home/jiujiujiur0000/workspace/vscode/turtorials/install/custom_action_interfaces/share/custom_action_interfaces/cmake/export_custom_action_interfaces__rosidl_generator_cExport-noconfig.cmake
[0.474s] -- Installing: /home/jiujiujiur0000/workspace/vscode/turtorials/install/custom_action_interfaces/share/custom_action_interfaces/cmake/export_custom_action_interfaces__rosidl_typesupport_fastrtps_cExport.cmake
[0.474s] -- Installing: /home/jiujiujiur0000/workspace/vscode/turtorials/install/custom_action_interfaces/share/custom_action_interfaces/cmake/export_custom_action_interfaces__rosidl_typesupport_fastrtps_cExport-noconfig.cmake
[0.474s] -- Installing: /home/jiujiujiur0000/workspace/vscode/turtorials/install/custom_action_interfaces/share/custom_action_interfaces/cmake/custom_action_interfaces__rosidl_typesupport_introspection_cExport.cmake
[0.474s] -- Installing: /home/jiujiujiur0000/workspace/vscode/turtorials/install/custom_action_interfaces/share/custom_action_interfaces/cmake/custom_action_interfaces__rosidl_typesupport_introspection_cExport-noconfig.cmake
[0.475s] -- Installing: /home/jiujiujiur0000/workspace/vscode/turtorials/install/custom_action_interfaces/share/custom_action_interfaces/cmake/custom_action_interfaces__rosidl_typesupport_cExport.cmake
[0.475s] -- Installing: /home/jiujiujiur0000/workspace/vscode/turtorials/install/custom_action_interfaces/share/custom_action_interfaces/cmake/custom_action_interfaces__rosidl_typesupport_cExport-noconfig.cmake
[0.475s] -- Installing: /home/jiujiujiur0000/workspace/vscode/turtorials/install/custom_action_interfaces/share/custom_action_interfaces/cmake/export_custom_action_interfaces__rosidl_generator_cppExport.cmake
[0.475s] -- Installing: /home/jiujiujiur0000/workspace/vscode/turtorials/install/custom_action_interfaces/share/custom_action_interfaces/cmake/export_custom_action_interfaces__rosidl_typesupport_fastrtps_cppExport.cmake
[0.475s] -- Installing: /home/jiujiujiur0000/workspace/vscode/turtorials/install/custom_action_interfaces/share/custom_action_interfaces/cmake/export_custom_action_interfaces__rosidl_typesupport_fastrtps_cppExport-noconfig.cmake
[0.475s] -- Installing: /home/jiujiujiur0000/workspace/vscode/turtorials/install/custom_action_interfaces/share/custom_action_interfaces/cmake/custom_action_interfaces__rosidl_typesupport_introspection_cppExport.cmake
[0.475s] -- Installing: /home/jiujiujiur0000/workspace/vscode/turtorials/install/custom_action_interfaces/share/custom_action_interfaces/cmake/custom_action_interfaces__rosidl_typesupport_introspection_cppExport-noconfig.cmake
[0.475s] -- Installing: /home/jiujiujiur0000/workspace/vscode/turtorials/install/custom_action_interfaces/share/custom_action_interfaces/cmake/custom_action_interfaces__rosidl_typesupport_cppExport.cmake
[0.476s] -- Installing: /home/jiujiujiur0000/workspace/vscode/turtorials/install/custom_action_interfaces/share/custom_action_interfaces/cmake/custom_action_interfaces__rosidl_typesupport_cppExport-noconfig.cmake
[0.476s] -- Installing: /home/jiujiujiur0000/workspace/vscode/turtorials/install/custom_action_interfaces/share/custom_action_interfaces/cmake/export_custom_action_interfaces__rosidl_generator_pyExport.cmake
[0.476s] -- Installing: /home/jiujiujiur0000/workspace/vscode/turtorials/install/custom_action_interfaces/share/custom_action_interfaces/cmake/export_custom_action_interfaces__rosidl_generator_pyExport-noconfig.cmake
[0.476s] -- Installing: /home/jiujiujiur0000/workspace/vscode/turtorials/install/custom_action_interfaces/share/custom_action_interfaces/cmake/rosidl_cmake-extras.cmake
[0.476s] -- Installing: /home/jiujiujiur0000/workspace/vscode/turtorials/install/custom_action_interfaces/share/custom_action_interfaces/cmake/ament_cmake_export_dependencies-extras.cmake
[0.476s] -- Installing: /home/jiujiujiur0000/workspace/vscode/turtorials/install/custom_action_interfaces/share/custom_action_interfaces/cmake/ament_cmake_export_include_directories-extras.cmake
[0.476s] -- Installing: /home/jiujiujiur0000/workspace/vscode/turtorials/install/custom_action_interfaces/share/custom_action_interfaces/cmake/ament_cmake_export_libraries-extras.cmake
[0.477s] -- Installing: /home/jiujiujiur0000/workspace/vscode/turtorials/install/custom_action_interfaces/share/custom_action_interfaces/cmake/ament_cmake_export_targets-extras.cmake
[0.477s] -- Installing: /home/jiujiujiur0000/workspace/vscode/turtorials/install/custom_action_interfaces/share/custom_action_interfaces/cmake/rosidl_cmake_export_typesupport_targets-extras.cmake
[0.477s] -- Installing: /home/jiujiujiur0000/workspace/vscode/turtorials/install/custom_action_interfaces/share/custom_action_interfaces/cmake/rosidl_cmake_export_typesupport_libraries-extras.cmake
[0.477s] -- Installing: /home/jiujiujiur0000/workspace/vscode/turtorials/install/custom_action_interfaces/share/custom_action_interfaces/cmake/custom_action_interfacesConfig.cmake
[0.477s] -- Installing: /home/jiujiujiur0000/workspace/vscode/turtorials/install/custom_action_interfaces/share/custom_action_interfaces/cmake/custom_action_interfacesConfig-version.cmake
[0.477s] -- Installing: /home/jiujiujiur0000/workspace/vscode/turtorials/install/custom_action_interfaces/share/custom_action_interfaces/package.xml
[0.480s] Invoked command in '/home/jiujiujiur0000/workspace/vscode/turtorials/build/custom_action_interfaces' returned '0': CMAKE_PREFIX_PATH=${CMAKE_PREFIX_PATH}:/opt/ros/jazzy DEBUGINFOD_URLS=https://debuginfod.ubuntu.com /usr/bin/cmake --install /home/jiujiujiur0000/workspace/vscode/turtorials/build/custom_action_interfaces
