[0.011s] Invoking command in '/home/jiujiujiur0000/workspace/vscode/turtorials/build/tutorial_interfaces': CMAKE_PREFIX_PATH=${CMAKE_PREFIX_PATH}:/opt/ros/jazzy DEBUGINFOD_URLS=https://debuginfod.ubuntu.com /usr/bin/cmake --build /home/jiujiujiur0000/workspace/vscode/turtorials/build/tutorial_interfaces -- -j16 -l16
[0.064s] [  1%] Built target tutorial_interfaces__rosidl_generator_type_description
[0.075s] [  1%] Built target ament_cmake_python_copy_tutorial_interfaces
[0.086s] [  3%] Built target tutorial_interfaces__cpp
[0.087s] [ 24%] Built target tutorial_interfaces__rosidl_generator_c
[0.112s] [ 79%] Built target tutorial_interfaces__rosidl_typesupport_c
[0.112s] [ 79%] Built target tutorial_interfaces__rosidl_typesupport_introspection_cpp
[0.112s] [ 79%] Built target tutorial_interfaces__rosidl_typesupport_introspection_c
[0.113s] [ 79%] Built target tutorial_interfaces__rosidl_typesupport_fastrtps_c
[0.113s] [ 79%] Built target tutorial_interfaces__rosidl_typesupport_cpp
[0.113s] [ 79%] Built target tutorial_interfaces__rosidl_typesupport_fastrtps_cpp
[0.136s] [ 79%] Built target tutorial_interfaces
[0.160s] [ 81%] Built target tutorial_interfaces__py
[0.187s] [ 88%] Built target tutorial_interfaces__rosidl_generator_py
[0.211s] [100%] Built target tutorial_interfaces_s__rosidl_typesupport_introspection_c
[0.211s] [100%] Built target tutorial_interfaces_s__rosidl_typesupport_c
[0.211s] [100%] Built target tutorial_interfaces_s__rosidl_typesupport_fastrtps_c
[0.280s] running egg_info
[0.299s] writing tutorial_interfaces.egg-info/PKG-INFO
[0.299s] writing dependency_links to tutorial_interfaces.egg-info/dependency_links.txt
[0.300s] writing top-level names to tutorial_interfaces.egg-info/top_level.txt
[0.366s] reading manifest file 'tutorial_interfaces.egg-info/SOURCES.txt'
[0.367s] writing manifest file 'tutorial_interfaces.egg-info/SOURCES.txt'
[0.392s] [100%] Built target ament_cmake_python_build_tutorial_interfaces_egg
[0.406s] Invoked command in '/home/jiujiujiur0000/workspace/vscode/turtorials/build/tutorial_interfaces' returned '0': CMAKE_PREFIX_PATH=${CMAKE_PREFIX_PATH}:/opt/ros/jazzy DEBUGINFOD_URLS=https://debuginfod.ubuntu.com /usr/bin/cmake --build /home/jiujiujiur0000/workspace/vscode/turtorials/build/tutorial_interfaces -- -j16 -l16
[0.417s] Invoking command in '/home/jiujiujiur0000/workspace/vscode/turtorials/build/tutorial_interfaces': CMAKE_PREFIX_PATH=${CMAKE_PREFIX_PATH}:/opt/ros/jazzy DEBUGINFOD_URLS=https://debuginfod.ubuntu.com /usr/bin/cmake --install /home/jiujiujiur0000/workspace/vscode/turtorials/build/tutorial_interfaces
[0.426s] -- Install configuration: ""
[0.427s] -- Up-to-date: /home/jiujiujiur0000/workspace/vscode/turtorials/install/tutorial_interfaces/share/ament_index/resource_index/rosidl_interfaces/tutorial_interfaces
[0.427s] -- Up-to-date: /home/jiujiujiur0000/workspace/vscode/turtorials/install/tutorial_interfaces/share/tutorial_interfaces/msg/Num.json
[0.427s] -- Up-to-date: /home/jiujiujiur0000/workspace/vscode/turtorials/install/tutorial_interfaces/share/tutorial_interfaces/msg/Sphere.json
[0.427s] -- Up-to-date: /home/jiujiujiur0000/workspace/vscode/turtorials/install/tutorial_interfaces/share/tutorial_interfaces/srv/AddThreeInts.json
[0.427s] -- Up-to-date: /home/jiujiujiur0000/workspace/vscode/turtorials/install/tutorial_interfaces/include/tutorial_interfaces/tutorial_interfaces
[0.427s] -- Up-to-date: /home/jiujiujiur0000/workspace/vscode/turtorials/install/tutorial_interfaces/include/tutorial_interfaces/tutorial_interfaces/srv
[0.428s] -- Up-to-date: /home/jiujiujiur0000/workspace/vscode/turtorials/install/tutorial_interfaces/include/tutorial_interfaces/tutorial_interfaces/srv/detail
[0.428s] -- Up-to-date: /home/jiujiujiur0000/workspace/vscode/turtorials/install/tutorial_interfaces/include/tutorial_interfaces/tutorial_interfaces/srv/detail/add_three_ints__type_support.h
[0.428s] -- Up-to-date: /home/jiujiujiur0000/workspace/vscode/turtorials/install/tutorial_interfaces/include/tutorial_interfaces/tutorial_interfaces/srv/detail/add_three_ints__description.c
[0.428s] -- Up-to-date: /home/jiujiujiur0000/workspace/vscode/turtorials/install/tutorial_interfaces/include/tutorial_interfaces/tutorial_interfaces/srv/detail/add_three_ints__functions.h
[0.428s] -- Up-to-date: /home/jiujiujiur0000/workspace/vscode/turtorials/install/tutorial_interfaces/include/tutorial_interfaces/tutorial_interfaces/srv/detail/add_three_ints__functions.c
[0.428s] -- Up-to-date: /home/jiujiujiur0000/workspace/vscode/turtorials/install/tutorial_interfaces/include/tutorial_interfaces/tutorial_interfaces/srv/detail/add_three_ints__struct.h
[0.428s] -- Up-to-date: /home/jiujiujiur0000/workspace/vscode/turtorials/install/tutorial_interfaces/include/tutorial_interfaces/tutorial_interfaces/srv/detail/add_three_ints__type_support.c
[0.428s] -- Up-to-date: /home/jiujiujiur0000/workspace/vscode/turtorials/install/tutorial_interfaces/include/tutorial_interfaces/tutorial_interfaces/srv/add_three_ints.h
[0.428s] -- Up-to-date: /home/jiujiujiur0000/workspace/vscode/turtorials/install/tutorial_interfaces/include/tutorial_interfaces/tutorial_interfaces/msg
[0.429s] -- Up-to-date: /home/jiujiujiur0000/workspace/vscode/turtorials/install/tutorial_interfaces/include/tutorial_interfaces/tutorial_interfaces/msg/detail
[0.429s] -- Up-to-date: /home/jiujiujiur0000/workspace/vscode/turtorials/install/tutorial_interfaces/include/tutorial_interfaces/tutorial_interfaces/msg/detail/sphere__description.c
[0.429s] -- Up-to-date: /home/jiujiujiur0000/workspace/vscode/turtorials/install/tutorial_interfaces/include/tutorial_interfaces/tutorial_interfaces/msg/detail/sphere__struct.h
[0.429s] -- Up-to-date: /home/jiujiujiur0000/workspace/vscode/turtorials/install/tutorial_interfaces/include/tutorial_interfaces/tutorial_interfaces/msg/detail/num__functions.h
[0.429s] -- Up-to-date: /home/jiujiujiur0000/workspace/vscode/turtorials/install/tutorial_interfaces/include/tutorial_interfaces/tutorial_interfaces/msg/detail/sphere__type_support.c
[0.429s] -- Up-to-date: /home/jiujiujiur0000/workspace/vscode/turtorials/install/tutorial_interfaces/include/tutorial_interfaces/tutorial_interfaces/msg/detail/sphere__type_support.h
[0.429s] -- Up-to-date: /home/jiujiujiur0000/workspace/vscode/turtorials/install/tutorial_interfaces/include/tutorial_interfaces/tutorial_interfaces/msg/detail/num__struct.h
[0.429s] -- Up-to-date: /home/jiujiujiur0000/workspace/vscode/turtorials/install/tutorial_interfaces/include/tutorial_interfaces/tutorial_interfaces/msg/detail/sphere__functions.c
[0.429s] -- Up-to-date: /home/jiujiujiur0000/workspace/vscode/turtorials/install/tutorial_interfaces/include/tutorial_interfaces/tutorial_interfaces/msg/detail/num__functions.c
[0.429s] -- Up-to-date: /home/jiujiujiur0000/workspace/vscode/turtorials/install/tutorial_interfaces/include/tutorial_interfaces/tutorial_interfaces/msg/detail/sphere__functions.h
[0.429s] -- Up-to-date: /home/jiujiujiur0000/workspace/vscode/turtorials/install/tutorial_interfaces/include/tutorial_interfaces/tutorial_interfaces/msg/detail/num__type_support.h
[0.429s] -- Up-to-date: /home/jiujiujiur0000/workspace/vscode/turtorials/install/tutorial_interfaces/include/tutorial_interfaces/tutorial_interfaces/msg/detail/num__description.c
[0.430s] -- Up-to-date: /home/jiujiujiur0000/workspace/vscode/turtorials/install/tutorial_interfaces/include/tutorial_interfaces/tutorial_interfaces/msg/detail/num__type_support.c
[0.430s] -- Up-to-date: /home/jiujiujiur0000/workspace/vscode/turtorials/install/tutorial_interfaces/include/tutorial_interfaces/tutorial_interfaces/msg/rosidl_generator_c__visibility_control.h
[0.430s] -- Up-to-date: /home/jiujiujiur0000/workspace/vscode/turtorials/install/tutorial_interfaces/include/tutorial_interfaces/tutorial_interfaces/msg/sphere.h
[0.430s] -- Up-to-date: /home/jiujiujiur0000/workspace/vscode/turtorials/install/tutorial_interfaces/include/tutorial_interfaces/tutorial_interfaces/msg/num.h
[0.430s] -- Up-to-date: /home/jiujiujiur0000/workspace/vscode/turtorials/install/tutorial_interfaces/share/tutorial_interfaces/environment/library_path.sh
[0.430s] -- Up-to-date: /home/jiujiujiur0000/workspace/vscode/turtorials/install/tutorial_interfaces/share/tutorial_interfaces/environment/library_path.dsv
[0.430s] -- Up-to-date: /home/jiujiujiur0000/workspace/vscode/turtorials/install/tutorial_interfaces/lib/libtutorial_interfaces__rosidl_generator_c.so
[0.430s] -- Up-to-date: /home/jiujiujiur0000/workspace/vscode/turtorials/install/tutorial_interfaces/include/tutorial_interfaces/tutorial_interfaces
[0.430s] -- Up-to-date: /home/jiujiujiur0000/workspace/vscode/turtorials/install/tutorial_interfaces/include/tutorial_interfaces/tutorial_interfaces/srv
[0.430s] -- Up-to-date: /home/jiujiujiur0000/workspace/vscode/turtorials/install/tutorial_interfaces/include/tutorial_interfaces/tutorial_interfaces/srv/detail
[0.430s] -- Up-to-date: /home/jiujiujiur0000/workspace/vscode/turtorials/install/tutorial_interfaces/include/tutorial_interfaces/tutorial_interfaces/srv/detail/add_three_ints__rosidl_typesupport_fastrtps_c.h
[0.430s] -- Up-to-date: /home/jiujiujiur0000/workspace/vscode/turtorials/install/tutorial_interfaces/include/tutorial_interfaces/tutorial_interfaces/msg
[0.431s] -- Up-to-date: /home/jiujiujiur0000/workspace/vscode/turtorials/install/tutorial_interfaces/include/tutorial_interfaces/tutorial_interfaces/msg/detail
[0.431s] -- Up-to-date: /home/jiujiujiur0000/workspace/vscode/turtorials/install/tutorial_interfaces/include/tutorial_interfaces/tutorial_interfaces/msg/detail/sphere__rosidl_typesupport_fastrtps_c.h
[0.431s] -- Up-to-date: /home/jiujiujiur0000/workspace/vscode/turtorials/install/tutorial_interfaces/include/tutorial_interfaces/tutorial_interfaces/msg/detail/num__rosidl_typesupport_fastrtps_c.h
[0.431s] -- Up-to-date: /home/jiujiujiur0000/workspace/vscode/turtorials/install/tutorial_interfaces/include/tutorial_interfaces/tutorial_interfaces/msg/rosidl_typesupport_fastrtps_c__visibility_control.h
[0.431s] -- Up-to-date: /home/jiujiujiur0000/workspace/vscode/turtorials/install/tutorial_interfaces/lib/libtutorial_interfaces__rosidl_typesupport_fastrtps_c.so
[0.431s] -- Up-to-date: /home/jiujiujiur0000/workspace/vscode/turtorials/install/tutorial_interfaces/include/tutorial_interfaces/tutorial_interfaces
[0.431s] -- Up-to-date: /home/jiujiujiur0000/workspace/vscode/turtorials/install/tutorial_interfaces/include/tutorial_interfaces/tutorial_interfaces/srv
[0.431s] -- Up-to-date: /home/jiujiujiur0000/workspace/vscode/turtorials/install/tutorial_interfaces/include/tutorial_interfaces/tutorial_interfaces/srv/detail
[0.431s] -- Up-to-date: /home/jiujiujiur0000/workspace/vscode/turtorials/install/tutorial_interfaces/include/tutorial_interfaces/tutorial_interfaces/srv/detail/add_three_ints__struct.hpp
[0.432s] -- Up-to-date: /home/jiujiujiur0000/workspace/vscode/turtorials/install/tutorial_interfaces/include/tutorial_interfaces/tutorial_interfaces/srv/detail/add_three_ints__builder.hpp
[0.432s] -- Up-to-date: /home/jiujiujiur0000/workspace/vscode/turtorials/install/tutorial_interfaces/include/tutorial_interfaces/tutorial_interfaces/srv/detail/add_three_ints__traits.hpp
[0.432s] -- Up-to-date: /home/jiujiujiur0000/workspace/vscode/turtorials/install/tutorial_interfaces/include/tutorial_interfaces/tutorial_interfaces/srv/detail/add_three_ints__type_support.hpp
[0.432s] -- Up-to-date: /home/jiujiujiur0000/workspace/vscode/turtorials/install/tutorial_interfaces/include/tutorial_interfaces/tutorial_interfaces/srv/add_three_ints.hpp
[0.432s] -- Up-to-date: /home/jiujiujiur0000/workspace/vscode/turtorials/install/tutorial_interfaces/include/tutorial_interfaces/tutorial_interfaces/msg
[0.432s] -- Up-to-date: /home/jiujiujiur0000/workspace/vscode/turtorials/install/tutorial_interfaces/include/tutorial_interfaces/tutorial_interfaces/msg/detail
[0.432s] -- Up-to-date: /home/jiujiujiur0000/workspace/vscode/turtorials/install/tutorial_interfaces/include/tutorial_interfaces/tutorial_interfaces/msg/detail/sphere__struct.hpp
[0.432s] -- Up-to-date: /home/jiujiujiur0000/workspace/vscode/turtorials/install/tutorial_interfaces/include/tutorial_interfaces/tutorial_interfaces/msg/detail/sphere__type_support.hpp
[0.432s] -- Up-to-date: /home/jiujiujiur0000/workspace/vscode/turtorials/install/tutorial_interfaces/include/tutorial_interfaces/tutorial_interfaces/msg/detail/num__traits.hpp
[0.432s] -- Up-to-date: /home/jiujiujiur0000/workspace/vscode/turtorials/install/tutorial_interfaces/include/tutorial_interfaces/tutorial_interfaces/msg/detail/sphere__builder.hpp
[0.432s] -- Up-to-date: /home/jiujiujiur0000/workspace/vscode/turtorials/install/tutorial_interfaces/include/tutorial_interfaces/tutorial_interfaces/msg/detail/sphere__traits.hpp
[0.432s] -- Up-to-date: /home/jiujiujiur0000/workspace/vscode/turtorials/install/tutorial_interfaces/include/tutorial_interfaces/tutorial_interfaces/msg/detail/num__struct.hpp
[0.433s] -- Up-to-date: /home/jiujiujiur0000/workspace/vscode/turtorials/install/tutorial_interfaces/include/tutorial_interfaces/tutorial_interfaces/msg/detail/num__type_support.hpp
[0.433s] -- Up-to-date: /home/jiujiujiur0000/workspace/vscode/turtorials/install/tutorial_interfaces/include/tutorial_interfaces/tutorial_interfaces/msg/detail/num__builder.hpp
[0.433s] -- Up-to-date: /home/jiujiujiur0000/workspace/vscode/turtorials/install/tutorial_interfaces/include/tutorial_interfaces/tutorial_interfaces/msg/sphere.hpp
[0.433s] -- Up-to-date: /home/jiujiujiur0000/workspace/vscode/turtorials/install/tutorial_interfaces/include/tutorial_interfaces/tutorial_interfaces/msg/num.hpp
[0.433s] -- Up-to-date: /home/jiujiujiur0000/workspace/vscode/turtorials/install/tutorial_interfaces/include/tutorial_interfaces/tutorial_interfaces/msg/rosidl_generator_cpp__visibility_control.hpp
[0.433s] -- Up-to-date: /home/jiujiujiur0000/workspace/vscode/turtorials/install/tutorial_interfaces/include/tutorial_interfaces/tutorial_interfaces
[0.433s] -- Up-to-date: /home/jiujiujiur0000/workspace/vscode/turtorials/install/tutorial_interfaces/include/tutorial_interfaces/tutorial_interfaces/srv
[0.433s] -- Up-to-date: /home/jiujiujiur0000/workspace/vscode/turtorials/install/tutorial_interfaces/include/tutorial_interfaces/tutorial_interfaces/srv/detail
[0.433s] -- Up-to-date: /home/jiujiujiur0000/workspace/vscode/turtorials/install/tutorial_interfaces/include/tutorial_interfaces/tutorial_interfaces/srv/detail/add_three_ints__rosidl_typesupport_fastrtps_cpp.hpp
[0.433s] -- Up-to-date: /home/jiujiujiur0000/workspace/vscode/turtorials/install/tutorial_interfaces/include/tutorial_interfaces/tutorial_interfaces/srv/detail/dds_fastrtps
[0.433s] -- Up-to-date: /home/jiujiujiur0000/workspace/vscode/turtorials/install/tutorial_interfaces/include/tutorial_interfaces/tutorial_interfaces/msg
[0.433s] -- Up-to-date: /home/jiujiujiur0000/workspace/vscode/turtorials/install/tutorial_interfaces/include/tutorial_interfaces/tutorial_interfaces/msg/detail
[0.434s] -- Up-to-date: /home/jiujiujiur0000/workspace/vscode/turtorials/install/tutorial_interfaces/include/tutorial_interfaces/tutorial_interfaces/msg/detail/num__rosidl_typesupport_fastrtps_cpp.hpp
[0.434s] -- Up-to-date: /home/jiujiujiur0000/workspace/vscode/turtorials/install/tutorial_interfaces/include/tutorial_interfaces/tutorial_interfaces/msg/detail/sphere__rosidl_typesupport_fastrtps_cpp.hpp
[0.434s] -- Up-to-date: /home/jiujiujiur0000/workspace/vscode/turtorials/install/tutorial_interfaces/include/tutorial_interfaces/tutorial_interfaces/msg/detail/dds_fastrtps
[0.434s] -- Up-to-date: /home/jiujiujiur0000/workspace/vscode/turtorials/install/tutorial_interfaces/include/tutorial_interfaces/tutorial_interfaces/msg/rosidl_typesupport_fastrtps_cpp__visibility_control.h
[0.434s] -- Up-to-date: /home/jiujiujiur0000/workspace/vscode/turtorials/install/tutorial_interfaces/lib/libtutorial_interfaces__rosidl_typesupport_fastrtps_cpp.so
[0.434s] -- Up-to-date: /home/jiujiujiur0000/workspace/vscode/turtorials/install/tutorial_interfaces/include/tutorial_interfaces/tutorial_interfaces
[0.434s] -- Up-to-date: /home/jiujiujiur0000/workspace/vscode/turtorials/install/tutorial_interfaces/include/tutorial_interfaces/tutorial_interfaces/srv
[0.434s] -- Up-to-date: /home/jiujiujiur0000/workspace/vscode/turtorials/install/tutorial_interfaces/include/tutorial_interfaces/tutorial_interfaces/srv/detail
[0.434s] -- Up-to-date: /home/jiujiujiur0000/workspace/vscode/turtorials/install/tutorial_interfaces/include/tutorial_interfaces/tutorial_interfaces/srv/detail/add_three_ints__rosidl_typesupport_introspection_c.h
[0.434s] -- Up-to-date: /home/jiujiujiur0000/workspace/vscode/turtorials/install/tutorial_interfaces/include/tutorial_interfaces/tutorial_interfaces/srv/detail/add_three_ints__type_support.c
[0.434s] -- Up-to-date: /home/jiujiujiur0000/workspace/vscode/turtorials/install/tutorial_interfaces/include/tutorial_interfaces/tutorial_interfaces/msg
[0.434s] -- Up-to-date: /home/jiujiujiur0000/workspace/vscode/turtorials/install/tutorial_interfaces/include/tutorial_interfaces/tutorial_interfaces/msg/detail
[0.434s] -- Up-to-date: /home/jiujiujiur0000/workspace/vscode/turtorials/install/tutorial_interfaces/include/tutorial_interfaces/tutorial_interfaces/msg/detail/sphere__type_support.c
[0.435s] -- Up-to-date: /home/jiujiujiur0000/workspace/vscode/turtorials/install/tutorial_interfaces/include/tutorial_interfaces/tutorial_interfaces/msg/detail/sphere__rosidl_typesupport_introspection_c.h
[0.435s] -- Up-to-date: /home/jiujiujiur0000/workspace/vscode/turtorials/install/tutorial_interfaces/include/tutorial_interfaces/tutorial_interfaces/msg/detail/num__type_support.c
[0.435s] -- Up-to-date: /home/jiujiujiur0000/workspace/vscode/turtorials/install/tutorial_interfaces/include/tutorial_interfaces/tutorial_interfaces/msg/detail/num__rosidl_typesupport_introspection_c.h
[0.435s] -- Up-to-date: /home/jiujiujiur0000/workspace/vscode/turtorials/install/tutorial_interfaces/include/tutorial_interfaces/tutorial_interfaces/msg/rosidl_typesupport_introspection_c__visibility_control.h
[0.435s] -- Up-to-date: /home/jiujiujiur0000/workspace/vscode/turtorials/install/tutorial_interfaces/lib/libtutorial_interfaces__rosidl_typesupport_introspection_c.so
[0.435s] -- Up-to-date: /home/jiujiujiur0000/workspace/vscode/turtorials/install/tutorial_interfaces/lib/libtutorial_interfaces__rosidl_typesupport_c.so
[0.435s] -- Up-to-date: /home/jiujiujiur0000/workspace/vscode/turtorials/install/tutorial_interfaces/include/tutorial_interfaces/tutorial_interfaces
[0.435s] -- Up-to-date: /home/jiujiujiur0000/workspace/vscode/turtorials/install/tutorial_interfaces/include/tutorial_interfaces/tutorial_interfaces/srv
[0.435s] -- Up-to-date: /home/jiujiujiur0000/workspace/vscode/turtorials/install/tutorial_interfaces/include/tutorial_interfaces/tutorial_interfaces/srv/detail
[0.435s] -- Up-to-date: /home/jiujiujiur0000/workspace/vscode/turtorials/install/tutorial_interfaces/include/tutorial_interfaces/tutorial_interfaces/srv/detail/add_three_ints__type_support.cpp
[0.435s] -- Up-to-date: /home/jiujiujiur0000/workspace/vscode/turtorials/install/tutorial_interfaces/include/tutorial_interfaces/tutorial_interfaces/srv/detail/add_three_ints__rosidl_typesupport_introspection_cpp.hpp
[0.435s] -- Up-to-date: /home/jiujiujiur0000/workspace/vscode/turtorials/install/tutorial_interfaces/include/tutorial_interfaces/tutorial_interfaces/msg
[0.435s] -- Up-to-date: /home/jiujiujiur0000/workspace/vscode/turtorials/install/tutorial_interfaces/include/tutorial_interfaces/tutorial_interfaces/msg/detail
[0.436s] -- Up-to-date: /home/jiujiujiur0000/workspace/vscode/turtorials/install/tutorial_interfaces/include/tutorial_interfaces/tutorial_interfaces/msg/detail/num__type_support.cpp
[0.436s] -- Up-to-date: /home/jiujiujiur0000/workspace/vscode/turtorials/install/tutorial_interfaces/include/tutorial_interfaces/tutorial_interfaces/msg/detail/num__rosidl_typesupport_introspection_cpp.hpp
[0.436s] -- Up-to-date: /home/jiujiujiur0000/workspace/vscode/turtorials/install/tutorial_interfaces/include/tutorial_interfaces/tutorial_interfaces/msg/detail/sphere__type_support.cpp
[0.436s] -- Up-to-date: /home/jiujiujiur0000/workspace/vscode/turtorials/install/tutorial_interfaces/include/tutorial_interfaces/tutorial_interfaces/msg/detail/sphere__rosidl_typesupport_introspection_cpp.hpp
[0.436s] -- Up-to-date: /home/jiujiujiur0000/workspace/vscode/turtorials/install/tutorial_interfaces/lib/libtutorial_interfaces__rosidl_typesupport_introspection_cpp.so
[0.436s] -- Up-to-date: /home/jiujiujiur0000/workspace/vscode/turtorials/install/tutorial_interfaces/lib/libtutorial_interfaces__rosidl_typesupport_cpp.so
[0.436s] -- Up-to-date: /home/jiujiujiur0000/workspace/vscode/turtorials/install/tutorial_interfaces/share/tutorial_interfaces/environment/pythonpath.sh
[0.436s] -- Up-to-date: /home/jiujiujiur0000/workspace/vscode/turtorials/install/tutorial_interfaces/share/tutorial_interfaces/environment/pythonpath.dsv
[0.436s] -- Up-to-date: /home/jiujiujiur0000/workspace/vscode/turtorials/install/tutorial_interfaces/lib/python3.12/site-packages/tutorial_interfaces-0.0.0-py3.12.egg-info
[0.436s] -- Installing: /home/jiujiujiur0000/workspace/vscode/turtorials/install/tutorial_interfaces/lib/python3.12/site-packages/tutorial_interfaces-0.0.0-py3.12.egg-info/top_level.txt
[0.436s] -- Installing: /home/jiujiujiur0000/workspace/vscode/turtorials/install/tutorial_interfaces/lib/python3.12/site-packages/tutorial_interfaces-0.0.0-py3.12.egg-info/dependency_links.txt
[0.436s] -- Installing: /home/jiujiujiur0000/workspace/vscode/turtorials/install/tutorial_interfaces/lib/python3.12/site-packages/tutorial_interfaces-0.0.0-py3.12.egg-info/PKG-INFO
[0.436s] -- Installing: /home/jiujiujiur0000/workspace/vscode/turtorials/install/tutorial_interfaces/lib/python3.12/site-packages/tutorial_interfaces-0.0.0-py3.12.egg-info/SOURCES.txt
[0.437s] -- Up-to-date: /home/jiujiujiur0000/workspace/vscode/turtorials/install/tutorial_interfaces/lib/python3.12/site-packages/tutorial_interfaces
[0.437s] -- Up-to-date: /home/jiujiujiur0000/workspace/vscode/turtorials/install/tutorial_interfaces/lib/python3.12/site-packages/tutorial_interfaces/_tutorial_interfaces_s.ep.rosidl_typesupport_c.c
[0.437s] -- Up-to-date: /home/jiujiujiur0000/workspace/vscode/turtorials/install/tutorial_interfaces/lib/python3.12/site-packages/tutorial_interfaces/_tutorial_interfaces_s.ep.rosidl_typesupport_introspection_c.c
[0.437s] -- Up-to-date: /home/jiujiujiur0000/workspace/vscode/turtorials/install/tutorial_interfaces/lib/python3.12/site-packages/tutorial_interfaces/tutorial_interfaces_s__rosidl_typesupport_fastrtps_c.so
[0.437s] -- Up-to-date: /home/jiujiujiur0000/workspace/vscode/turtorials/install/tutorial_interfaces/lib/python3.12/site-packages/tutorial_interfaces/tutorial_interfaces_s__rosidl_typesupport_introspection_c.so
[0.437s] -- Up-to-date: /home/jiujiujiur0000/workspace/vscode/turtorials/install/tutorial_interfaces/lib/python3.12/site-packages/tutorial_interfaces/_tutorial_interfaces_s.ep.rosidl_typesupport_fastrtps_c.c
[0.437s] -- Up-to-date: /home/jiujiujiur0000/workspace/vscode/turtorials/install/tutorial_interfaces/lib/python3.12/site-packages/tutorial_interfaces/srv
[0.437s] -- Up-to-date: /home/jiujiujiur0000/workspace/vscode/turtorials/install/tutorial_interfaces/lib/python3.12/site-packages/tutorial_interfaces/srv/_add_three_ints_s.c
[0.437s] -- Up-to-date: /home/jiujiujiur0000/workspace/vscode/turtorials/install/tutorial_interfaces/lib/python3.12/site-packages/tutorial_interfaces/srv/_add_three_ints.py
[0.437s] -- Up-to-date: /home/jiujiujiur0000/workspace/vscode/turtorials/install/tutorial_interfaces/lib/python3.12/site-packages/tutorial_interfaces/srv/__init__.py
[0.437s] -- Up-to-date: /home/jiujiujiur0000/workspace/vscode/turtorials/install/tutorial_interfaces/lib/python3.12/site-packages/tutorial_interfaces/tutorial_interfaces_s__rosidl_typesupport_c.so
[0.437s] -- Up-to-date: /home/jiujiujiur0000/workspace/vscode/turtorials/install/tutorial_interfaces/lib/python3.12/site-packages/tutorial_interfaces/__init__.py
[0.437s] -- Up-to-date: /home/jiujiujiur0000/workspace/vscode/turtorials/install/tutorial_interfaces/lib/python3.12/site-packages/tutorial_interfaces/msg
[0.437s] -- Up-to-date: /home/jiujiujiur0000/workspace/vscode/turtorials/install/tutorial_interfaces/lib/python3.12/site-packages/tutorial_interfaces/msg/_num_s.c
[0.438s] -- Up-to-date: /home/jiujiujiur0000/workspace/vscode/turtorials/install/tutorial_interfaces/lib/python3.12/site-packages/tutorial_interfaces/msg/_sphere_s.c
[0.438s] -- Up-to-date: /home/jiujiujiur0000/workspace/vscode/turtorials/install/tutorial_interfaces/lib/python3.12/site-packages/tutorial_interfaces/msg/_num.py
[0.438s] -- Up-to-date: /home/jiujiujiur0000/workspace/vscode/turtorials/install/tutorial_interfaces/lib/python3.12/site-packages/tutorial_interfaces/msg/_sphere.py
[0.438s] -- Up-to-date: /home/jiujiujiur0000/workspace/vscode/turtorials/install/tutorial_interfaces/lib/python3.12/site-packages/tutorial_interfaces/msg/__init__.py
[0.468s] Listing '/home/jiujiujiur0000/workspace/vscode/turtorials/install/tutorial_interfaces/lib/python3.12/site-packages/tutorial_interfaces'...
[0.468s] Listing '/home/jiujiujiur0000/workspace/vscode/turtorials/install/tutorial_interfaces/lib/python3.12/site-packages/tutorial_interfaces/msg'...
[0.468s] Listing '/home/jiujiujiur0000/workspace/vscode/turtorials/install/tutorial_interfaces/lib/python3.12/site-packages/tutorial_interfaces/srv'...
[0.473s] -- Up-to-date: /home/jiujiujiur0000/workspace/vscode/turtorials/install/tutorial_interfaces/lib/python3.12/site-packages/tutorial_interfaces/tutorial_interfaces_s__rosidl_typesupport_fastrtps_c.so
[0.474s] -- Up-to-date: /home/jiujiujiur0000/workspace/vscode/turtorials/install/tutorial_interfaces/lib/python3.12/site-packages/tutorial_interfaces/tutorial_interfaces_s__rosidl_typesupport_introspection_c.so
[0.474s] -- Up-to-date: /home/jiujiujiur0000/workspace/vscode/turtorials/install/tutorial_interfaces/lib/python3.12/site-packages/tutorial_interfaces/tutorial_interfaces_s__rosidl_typesupport_c.so
[0.474s] -- Up-to-date: /home/jiujiujiur0000/workspace/vscode/turtorials/install/tutorial_interfaces/lib/libtutorial_interfaces__rosidl_generator_py.so
[0.474s] -- Up-to-date: /home/jiujiujiur0000/workspace/vscode/turtorials/install/tutorial_interfaces/share/tutorial_interfaces/msg/Num.idl
[0.475s] -- Up-to-date: /home/jiujiujiur0000/workspace/vscode/turtorials/install/tutorial_interfaces/share/tutorial_interfaces/msg/Sphere.idl
[0.475s] -- Up-to-date: /home/jiujiujiur0000/workspace/vscode/turtorials/install/tutorial_interfaces/share/tutorial_interfaces/srv/AddThreeInts.idl
[0.475s] -- Up-to-date: /home/jiujiujiur0000/workspace/vscode/turtorials/install/tutorial_interfaces/share/tutorial_interfaces/msg/Num.msg
[0.475s] -- Up-to-date: /home/jiujiujiur0000/workspace/vscode/turtorials/install/tutorial_interfaces/share/tutorial_interfaces/msg/Sphere.msg
[0.475s] -- Up-to-date: /home/jiujiujiur0000/workspace/vscode/turtorials/install/tutorial_interfaces/share/tutorial_interfaces/srv/AddThreeInts.srv
[0.475s] -- Up-to-date: /home/jiujiujiur0000/workspace/vscode/turtorials/install/tutorial_interfaces/share/ament_index/resource_index/package_run_dependencies/tutorial_interfaces
[0.475s] -- Up-to-date: /home/jiujiujiur0000/workspace/vscode/turtorials/install/tutorial_interfaces/share/ament_index/resource_index/parent_prefix_path/tutorial_interfaces
[0.475s] -- Up-to-date: /home/jiujiujiur0000/workspace/vscode/turtorials/install/tutorial_interfaces/share/tutorial_interfaces/environment/ament_prefix_path.sh
[0.475s] -- Up-to-date: /home/jiujiujiur0000/workspace/vscode/turtorials/install/tutorial_interfaces/share/tutorial_interfaces/environment/ament_prefix_path.dsv
[0.475s] -- Up-to-date: /home/jiujiujiur0000/workspace/vscode/turtorials/install/tutorial_interfaces/share/tutorial_interfaces/environment/path.sh
[0.476s] -- Up-to-date: /home/jiujiujiur0000/workspace/vscode/turtorials/install/tutorial_interfaces/share/tutorial_interfaces/environment/path.dsv
[0.476s] -- Up-to-date: /home/jiujiujiur0000/workspace/vscode/turtorials/install/tutorial_interfaces/share/tutorial_interfaces/local_setup.bash
[0.476s] -- Up-to-date: /home/jiujiujiur0000/workspace/vscode/turtorials/install/tutorial_interfaces/share/tutorial_interfaces/local_setup.sh
[0.476s] -- Up-to-date: /home/jiujiujiur0000/workspace/vscode/turtorials/install/tutorial_interfaces/share/tutorial_interfaces/local_setup.zsh
[0.476s] -- Up-to-date: /home/jiujiujiur0000/workspace/vscode/turtorials/install/tutorial_interfaces/share/tutorial_interfaces/local_setup.dsv
[0.476s] -- Installing: /home/jiujiujiur0000/workspace/vscode/turtorials/install/tutorial_interfaces/share/tutorial_interfaces/package.dsv
[0.476s] -- Up-to-date: /home/jiujiujiur0000/workspace/vscode/turtorials/install/tutorial_interfaces/share/ament_index/resource_index/packages/tutorial_interfaces
[0.476s] -- Up-to-date: /home/jiujiujiur0000/workspace/vscode/turtorials/install/tutorial_interfaces/share/tutorial_interfaces/cmake/export_tutorial_interfaces__rosidl_generator_cExport.cmake
[0.476s] -- Up-to-date: /home/jiujiujiur0000/workspace/vscode/turtorials/install/tutorial_interfaces/share/tutorial_interfaces/cmake/export_tutorial_interfaces__rosidl_generator_cExport-noconfig.cmake
[0.476s] -- Up-to-date: /home/jiujiujiur0000/workspace/vscode/turtorials/install/tutorial_interfaces/share/tutorial_interfaces/cmake/export_tutorial_interfaces__rosidl_typesupport_fastrtps_cExport.cmake
[0.476s] -- Up-to-date: /home/jiujiujiur0000/workspace/vscode/turtorials/install/tutorial_interfaces/share/tutorial_interfaces/cmake/export_tutorial_interfaces__rosidl_typesupport_fastrtps_cExport-noconfig.cmake
[0.476s] -- Up-to-date: /home/jiujiujiur0000/workspace/vscode/turtorials/install/tutorial_interfaces/share/tutorial_interfaces/cmake/export_tutorial_interfaces__rosidl_generator_cppExport.cmake
[0.477s] -- Up-to-date: /home/jiujiujiur0000/workspace/vscode/turtorials/install/tutorial_interfaces/share/tutorial_interfaces/cmake/export_tutorial_interfaces__rosidl_typesupport_fastrtps_cppExport.cmake
[0.477s] -- Up-to-date: /home/jiujiujiur0000/workspace/vscode/turtorials/install/tutorial_interfaces/share/tutorial_interfaces/cmake/export_tutorial_interfaces__rosidl_typesupport_fastrtps_cppExport-noconfig.cmake
[0.477s] -- Up-to-date: /home/jiujiujiur0000/workspace/vscode/turtorials/install/tutorial_interfaces/share/tutorial_interfaces/cmake/tutorial_interfaces__rosidl_typesupport_introspection_cExport.cmake
[0.477s] -- Up-to-date: /home/jiujiujiur0000/workspace/vscode/turtorials/install/tutorial_interfaces/share/tutorial_interfaces/cmake/tutorial_interfaces__rosidl_typesupport_introspection_cExport-noconfig.cmake
[0.477s] -- Up-to-date: /home/jiujiujiur0000/workspace/vscode/turtorials/install/tutorial_interfaces/share/tutorial_interfaces/cmake/tutorial_interfaces__rosidl_typesupport_cExport.cmake
[0.477s] -- Up-to-date: /home/jiujiujiur0000/workspace/vscode/turtorials/install/tutorial_interfaces/share/tutorial_interfaces/cmake/tutorial_interfaces__rosidl_typesupport_cExport-noconfig.cmake
[0.477s] -- Up-to-date: /home/jiujiujiur0000/workspace/vscode/turtorials/install/tutorial_interfaces/share/tutorial_interfaces/cmake/tutorial_interfaces__rosidl_typesupport_introspection_cppExport.cmake
[0.477s] -- Up-to-date: /home/jiujiujiur0000/workspace/vscode/turtorials/install/tutorial_interfaces/share/tutorial_interfaces/cmake/tutorial_interfaces__rosidl_typesupport_introspection_cppExport-noconfig.cmake
[0.477s] -- Up-to-date: /home/jiujiujiur0000/workspace/vscode/turtorials/install/tutorial_interfaces/share/tutorial_interfaces/cmake/tutorial_interfaces__rosidl_typesupport_cppExport.cmake
[0.477s] -- Up-to-date: /home/jiujiujiur0000/workspace/vscode/turtorials/install/tutorial_interfaces/share/tutorial_interfaces/cmake/tutorial_interfaces__rosidl_typesupport_cppExport-noconfig.cmake
[0.478s] -- Up-to-date: /home/jiujiujiur0000/workspace/vscode/turtorials/install/tutorial_interfaces/share/tutorial_interfaces/cmake/export_tutorial_interfaces__rosidl_generator_pyExport.cmake
[0.478s] -- Up-to-date: /home/jiujiujiur0000/workspace/vscode/turtorials/install/tutorial_interfaces/share/tutorial_interfaces/cmake/export_tutorial_interfaces__rosidl_generator_pyExport-noconfig.cmake
[0.478s] -- Up-to-date: /home/jiujiujiur0000/workspace/vscode/turtorials/install/tutorial_interfaces/share/tutorial_interfaces/cmake/rosidl_cmake-extras.cmake
[0.478s] -- Up-to-date: /home/jiujiujiur0000/workspace/vscode/turtorials/install/tutorial_interfaces/share/tutorial_interfaces/cmake/ament_cmake_export_dependencies-extras.cmake
[0.478s] -- Up-to-date: /home/jiujiujiur0000/workspace/vscode/turtorials/install/tutorial_interfaces/share/tutorial_interfaces/cmake/ament_cmake_export_include_directories-extras.cmake
[0.478s] -- Up-to-date: /home/jiujiujiur0000/workspace/vscode/turtorials/install/tutorial_interfaces/share/tutorial_interfaces/cmake/ament_cmake_export_libraries-extras.cmake
[0.478s] -- Up-to-date: /home/jiujiujiur0000/workspace/vscode/turtorials/install/tutorial_interfaces/share/tutorial_interfaces/cmake/ament_cmake_export_targets-extras.cmake
[0.478s] -- Up-to-date: /home/jiujiujiur0000/workspace/vscode/turtorials/install/tutorial_interfaces/share/tutorial_interfaces/cmake/rosidl_cmake_export_typesupport_targets-extras.cmake
[0.478s] -- Up-to-date: /home/jiujiujiur0000/workspace/vscode/turtorials/install/tutorial_interfaces/share/tutorial_interfaces/cmake/rosidl_cmake_export_typesupport_libraries-extras.cmake
[0.478s] -- Up-to-date: /home/jiujiujiur0000/workspace/vscode/turtorials/install/tutorial_interfaces/share/tutorial_interfaces/cmake/tutorial_interfacesConfig.cmake
[0.478s] -- Up-to-date: /home/jiujiujiur0000/workspace/vscode/turtorials/install/tutorial_interfaces/share/tutorial_interfaces/cmake/tutorial_interfacesConfig-version.cmake
[0.478s] -- Up-to-date: /home/jiujiujiur0000/workspace/vscode/turtorials/install/tutorial_interfaces/share/tutorial_interfaces/package.xml
[0.479s] Invoked command in '/home/jiujiujiur0000/workspace/vscode/turtorials/build/tutorial_interfaces' returned '0': CMAKE_PREFIX_PATH=${CMAKE_PREFIX_PATH}:/opt/ros/jazzy DEBUGINFOD_URLS=https://debuginfod.ubuntu.com /usr/bin/cmake --install /home/jiujiujiur0000/workspace/vscode/turtorials/build/tutorial_interfaces
