[0.021s] Invoking command in '/home/jiujiujiur0000/workspace/vscode/turtorials/build/cpp_parameters': CMAKE_PREFIX_PATH=${CMAKE_PREFIX_PATH}:/opt/ros/jazzy DEBUGINFOD_URLS=https://debuginfod.ubuntu.com /usr/bin/cmake --build /home/jiujiujiur0000/workspace/vscode/turtorials/build/cpp_parameters -- -j16 -l16
[0.063s] Invoked command in '/home/jiujiujiur0000/workspace/vscode/turtorials/build/cpp_parameters' returned '0': CMAKE_PREFIX_PATH=${CMAKE_PREFIX_PATH}:/opt/ros/jazzy DEBUGINFOD_URLS=https://debuginfod.ubuntu.com /usr/bin/cmake --build /home/jiujiujiur0000/workspace/vscode/turtorials/build/cpp_parameters -- -j16 -l16
[0.076s] Invoking command in '/home/jiujiujiur0000/workspace/vscode/turtorials/build/cpp_parameters': CMAKE_PREFIX_PATH=${CMAKE_PREFIX_PATH}:/opt/ros/jazzy DEBUGINFOD_URLS=https://debuginfod.ubuntu.com /usr/bin/cmake --install /home/jiujiujiur0000/workspace/vscode/turtorials/build/cpp_parameters
[0.085s] -- Install configuration: ""
[0.085s] -- Installing: /home/jiujiujiur0000/workspace/vscode/turtorials/install/cpp_parameters/share/ament_index/resource_index/package_run_dependencies/cpp_parameters
[0.086s] -- Installing: /home/jiujiujiur0000/workspace/vscode/turtorials/install/cpp_parameters/share/ament_index/resource_index/parent_prefix_path/cpp_parameters
[0.086s] -- Installing: /home/jiujiujiur0000/workspace/vscode/turtorials/install/cpp_parameters/share/cpp_parameters/environment/ament_prefix_path.sh
[0.086s] -- Installing: /home/jiujiujiur0000/workspace/vscode/turtorials/install/cpp_parameters/share/cpp_parameters/environment/ament_prefix_path.dsv
[0.086s] -- Installing: /home/jiujiujiur0000/workspace/vscode/turtorials/install/cpp_parameters/share/cpp_parameters/environment/path.sh
[0.086s] -- Installing: /home/jiujiujiur0000/workspace/vscode/turtorials/install/cpp_parameters/share/cpp_parameters/environment/path.dsv
[0.087s] -- Installing: /home/jiujiujiur0000/workspace/vscode/turtorials/install/cpp_parameters/share/cpp_parameters/local_setup.bash
[0.087s] -- Installing: /home/jiujiujiur0000/workspace/vscode/turtorials/install/cpp_parameters/share/cpp_parameters/local_setup.sh
[0.087s] -- Installing: /home/jiujiujiur0000/workspace/vscode/turtorials/install/cpp_parameters/share/cpp_parameters/local_setup.zsh
[0.088s] -- Installing: /home/jiujiujiur0000/workspace/vscode/turtorials/install/cpp_parameters/share/cpp_parameters/local_setup.dsv
[0.088s] -- Installing: /home/jiujiujiur0000/workspace/vscode/turtorials/install/cpp_parameters/share/cpp_parameters/package.dsv
[0.088s] -- Installing: /home/jiujiujiur0000/workspace/vscode/turtorials/install/cpp_parameters/share/ament_index/resource_index/packages/cpp_parameters
[0.089s] -- Installing: /home/jiujiujiur0000/workspace/vscode/turtorials/install/cpp_parameters/share/cpp_parameters/cmake/cpp_parametersConfig.cmake
[0.089s] -- Installing: /home/jiujiujiur0000/workspace/vscode/turtorials/install/cpp_parameters/share/cpp_parameters/cmake/cpp_parametersConfig-version.cmake
[0.091s] -- Installing: /home/jiujiujiur0000/workspace/vscode/turtorials/install/cpp_parameters/share/cpp_parameters/package.xml
[0.093s] Invoked command in '/home/jiujiujiur0000/workspace/vscode/turtorials/build/cpp_parameters' returned '0': CMAKE_PREFIX_PATH=${CMAKE_PREFIX_PATH}:/opt/ros/jazzy DEBUGINFOD_URLS=https://debuginfod.ubuntu.com /usr/bin/cmake --install /home/jiujiujiur0000/workspace/vscode/turtorials/build/cpp_parameters
