[0.023s] Invoking command in '/home/jiujiujiur0000/workspace/vscode/turtorials/build/custom_action_cpp': CMAKE_PREFIX_PATH=${CMAKE_PREFIX_PATH}:/opt/ros/jazzy DEBUGINFOD_URLS=https://debuginfod.ubuntu.com /usr/bin/cmake /home/jiujiujiur0000/workspace/vscode/turtorials/src/custom_action_cpp -DCMAKE_INSTALL_PREFIX=/home/jiujiujiur0000/workspace/vscode/turtorials/install/custom_action_cpp
[0.073s] -- The C compiler identification is GNU 13.3.0
[0.129s] -- The CXX compiler identification is GNU 13.3.0
[0.146s] -- Detecting C compiler ABI info
[0.237s] -- Detecting C compiler ABI info - done
[0.244s] -- Check for working C compiler: /usr/bin/cc - skipped
[0.245s] -- Detecting C compile features
[0.245s] -- Detecting C compile features - done
[0.254s] -- Detecting CXX compiler ABI info
[0.353s] -- Detecting CXX compiler ABI info - done
[0.360s] -- Check for working CXX compiler: /usr/bin/c++ - skipped
[0.360s] -- Detecting CXX compile features
[0.361s] -- Detecting CXX compile features - done
[0.366s] -- Found ament_cmake: 2.5.4 (/opt/ros/jazzy/share/ament_cmake/cmake)
[0.529s] -- Found Python3: /usr/bin/python3 (found version "3.12.3") found components: Interpreter 
[0.675s] [31mCMake Error at CMakeLists.txt:10 (find_package):
[0.675s]   By not providing "Findcustom_action_interfaces.cmake" in CMAKE_MODULE_PATH
[0.675s]   this project has asked CMake to find a package configuration file provided
[0.675s]   by "custom_action_interfaces", but CMake did not find one.
[0.675s] 
[0.675s]   Could not find a package configuration file provided by
[0.675s]   "custom_action_interfaces" with any of the following names:
[0.675s] 
[0.676s]     custom_action_interfacesConfig.cmake
[0.676s]     custom_action_interfaces-config.cmake
[0.676s] 
[0.676s]   Add the installation prefix of "custom_action_interfaces" to
[0.676s]   CMAKE_PREFIX_PATH or set "custom_action_interfaces_DIR" to a directory
[0.676s]   containing one of the above files.  If "custom_action_interfaces" provides
[0.676s]   a separate development package or SDK, be sure it has been installed.
[0.676s] 
[0.676s] [0m
[0.676s] -- Configuring incomplete, errors occurred!
