[0.010s] Invoking command in '/home/jiujiujiur0000/workspace/vscode/turtorials/build/more_interfaces': CMAKE_PREFIX_PATH=${CMAKE_PREFIX_PATH}:/opt/ros/jazzy DEBUGINFOD_URLS=https://debuginfod.ubuntu.com /usr/bin/cmake --build /home/jiujiujiur0000/workspace/vscode/turtorials/build/more_interfaces -- -j16 -l16
[0.036s] -- Found ament_cmake: 2.5.4 (/opt/ros/jazzy/share/ament_cmake/cmake)
[0.058s] -- Found Python3: /usr/bin/python3 (found version "3.12.3") found components: Interpreter 
[0.122s] -- Found rosidl_default_generators: 1.6.0 (/opt/ros/jazzy/share/rosidl_default_generators/cmake)
[0.124s] -- Using all available rosidl_typesupport_c: rosidl_typesupport_fastrtps_c;rosidl_typesupport_introspection_c
[0.155s] -- Using all available rosidl_typesupport_cpp: rosidl_typesupport_fastrtps_cpp;rosidl_typesupport_introspection_cpp
[0.177s] -- Found rosidl_adapter: 4.6.6 (/opt/ros/jazzy/share/rosidl_adapter/cmake)
[0.178s] -- Found rclcpp: 28.1.12 (/opt/ros/jazzy/share/rclcpp/cmake)
[0.231s] -- Found rmw_implementation_cmake: 7.3.2 (/opt/ros/jazzy/share/rmw_implementation_cmake/cmake)
[0.232s] -- Found rmw_fastrtps_cpp: 8.4.3 (/opt/ros/jazzy/share/rmw_fastrtps_cpp/cmake)
[0.288s] -- Using RMW implementation 'rmw_fastrtps_cpp' as default
[0.539s] -- Found ament_cmake_ros: 0.12.0 (/opt/ros/jazzy/share/ament_cmake_ros/cmake)
[0.617s] -- Using all available rosidl_typesupport_c: rosidl_typesupport_fastrtps_c;rosidl_typesupport_introspection_c
[0.715s] -- Using all available rosidl_typesupport_cpp: rosidl_typesupport_fastrtps_cpp;rosidl_typesupport_introspection_cpp
[0.716s] -- Found python_cmake_module: 0.11.1 (/opt/ros/jazzy/share/python_cmake_module/cmake)
[0.932s] -- Found Python3: /usr/bin/python3 (found version "3.12.3") found components: Interpreter Development NumPy Development.Module Development.Embed 
[0.941s] -- Found ament_lint_auto: 0.17.3 (/opt/ros/jazzy/share/ament_lint_auto/cmake)
[0.949s] -- Added test 'cppcheck' to perform static code analysis on C / C++ code
[0.949s] -- Configured cppcheck include dirs: 
[0.950s] -- Configured cppcheck exclude dirs and/or files: 
[0.950s] -- Added test 'lint_cmake' to check CMake code style
[0.951s] -- Added test 'uncrustify' to check C / C++ code style
[0.951s] -- Configured uncrustify additional arguments: 
[0.952s] -- Added test 'xmllint' to check XML markup files
[0.953s] -- Configuring done (0.9s)
[0.985s] -- Generating done (0.0s)
[0.996s] -- Build files have been written to: /home/jiujiujiur0000/workspace/vscode/turtorials/build/more_interfaces
[1.035s] [  2%] Built target more_interfaces__rosidl_generator_type_description
[1.035s] [  5%] [32mBuilding CXX object CMakeFiles/publish_address_book.dir/src/publish_address_book.cpp.o[0m
[1.044s] [  5%] Built target ament_cmake_python_copy_more_interfaces
[1.055s] [  8%] Built target more_interfaces__cpp
[1.057s] [ 22%] Built target more_interfaces__rosidl_generator_c
[1.068s] [ 33%] [34m[1mGenerating C type support for eProsima Fast-RTPS[0m
[1.068s] [ 33%] [34m[1mGenerating C++ type support dispatch for ROS interfaces[0m
[1.068s] [ 33%] [34m[1mGenerating C++ introspection for ROS interfaces[0m
[1.068s] [ 33%] [34m[1mGenerating C++ type support for eProsima Fast-RTPS[0m
[1.069s] [ 36%] [34m[1mGenerating C introspection for ROS interfaces[0m
[1.069s] [ 38%] [34m[1mGenerating C type support dispatch for ROS interfaces[0m
[1.255s] [01m[K/home/jiujiujiur0000/workspace/vscode/turtorials/src/more_interfaces/src/publish_address_book.cpp:5:10:[m[K [01;31m[Kfatal error: [m[Kmore_interfaces/msg/address_book.hpp: 没有那个文件或目录
[1.255s]     5 | #include [01;31m[K"more_interfaces/msg/address_book.hpp"[m[K
[1.255s]       |          [01;31m[K^~~~~~~~~~~~~~~~~~~~~~~~~~~~~~~~~~~~~~[m[K
[1.255s] compilation terminated.
[1.261s] gmake[2]: *** [CMakeFiles/publish_address_book.dir/build.make:76：CMakeFiles/publish_address_book.dir/src/publish_address_book.cpp.o] 错误 1
[1.262s] gmake[1]: *** [CMakeFiles/Makefile2:623：CMakeFiles/publish_address_book.dir/all] 错误 2
[1.262s] gmake[1]: *** 正在等待未完成的任务....
[1.263s] running egg_info
[1.288s] [ 44%] [32mBuilding CXX object CMakeFiles/more_interfaces__rosidl_typesupport_cpp.dir/rosidl_typesupport_cpp/more_interfaces/msg/address_book__type_support.cpp.o[0m
[1.288s] [ 44%] [32mBuilding CXX object CMakeFiles/more_interfaces__rosidl_typesupport_c.dir/rosidl_typesupport_c/more_interfaces/msg/address_book__type_support.cpp.o[0m
[1.292s] writing more_interfaces.egg-info/PKG-INFO
[1.292s] writing dependency_links to more_interfaces.egg-info/dependency_links.txt
[1.293s] writing top-level names to more_interfaces.egg-info/top_level.txt
[1.301s] [ 47%] [32mBuilding CXX object CMakeFiles/more_interfaces__rosidl_typesupport_introspection_cpp.dir/rosidl_typesupport_introspection_cpp/more_interfaces/msg/detail/address_book__type_support.cpp.o[0m
[1.307s] [ 50%] [32mBuilding C object CMakeFiles/more_interfaces__rosidl_typesupport_introspection_c.dir/rosidl_typesupport_introspection_c/more_interfaces/msg/detail/address_book__type_support.c.o[0m
[1.326s] [ 52%] [32mBuilding CXX object CMakeFiles/more_interfaces__rosidl_typesupport_fastrtps_cpp.dir/rosidl_typesupport_fastrtps_cpp/more_interfaces/msg/detail/dds_fastrtps/address_book__type_support.cpp.o[0m
[1.328s] [ 55%] [32mBuilding CXX object CMakeFiles/more_interfaces__rosidl_typesupport_fastrtps_c.dir/rosidl_typesupport_fastrtps_c/more_interfaces/msg/detail/address_book__type_support_c.cpp.o[0m
[1.332s] [ 58%] [32m[1mLinking CXX shared library libmore_interfaces__rosidl_typesupport_c.so[0m
[1.341s] [ 61%] [32m[1mLinking C shared library libmore_interfaces__rosidl_typesupport_introspection_c.so[0m
[1.358s] reading manifest file 'more_interfaces.egg-info/SOURCES.txt'
[1.359s] writing manifest file 'more_interfaces.egg-info/SOURCES.txt'
[1.374s] [ 61%] Built target more_interfaces__rosidl_typesupport_c
[1.374s] [ 61%] Built target more_interfaces__rosidl_typesupport_introspection_c
[1.392s] [ 61%] Built target ament_cmake_python_build_more_interfaces_egg
[1.544s] [ 63%] [32m[1mLinking CXX shared library libmore_interfaces__rosidl_typesupport_cpp.so[0m
[1.562s] [ 66%] [32m[1mLinking CXX shared library libmore_interfaces__rosidl_typesupport_introspection_cpp.so[0m
[1.586s] [ 66%] Built target more_interfaces__rosidl_typesupport_cpp
[1.620s] [ 66%] Built target more_interfaces__rosidl_typesupport_introspection_cpp
[1.712s] [ 72%] [32m[1mLinking CXX shared library libmore_interfaces__rosidl_typesupport_fastrtps_cpp.so[0m
[1.712s] [ 72%] [32m[1mLinking CXX shared library libmore_interfaces__rosidl_typesupport_fastrtps_c.so[0m
[1.782s] [ 72%] Built target more_interfaces__rosidl_typesupport_fastrtps_c
[1.785s] [ 72%] Built target more_interfaces__rosidl_typesupport_fastrtps_cpp
[1.787s] gmake: *** [Makefile:146：all] 错误 2
[1.789s] Invoked command in '/home/jiujiujiur0000/workspace/vscode/turtorials/build/more_interfaces' returned '2': CMAKE_PREFIX_PATH=${CMAKE_PREFIX_PATH}:/opt/ros/jazzy DEBUGINFOD_URLS=https://debuginfod.ubuntu.com /usr/bin/cmake --build /home/jiujiujiur0000/workspace/vscode/turtorials/build/more_interfaces -- -j16 -l16
