[0.086s] DEBUG:colcon:Command line arguments: ['/usr/bin/colcon', 'list', '-p', '--base-paths', '/home/jiujiujiur0000/workspace/vscode/turtorials', '--log-base', '/dev/null']
[0.086s] DEBUG:colcon:Parsed command line arguments: Namespace(log_base=None, log_level=None, verb_name='list', build_base='build', ignore_user_meta=False, metas=['./colcon.meta'], base_paths=['/home/jiujiujiur0000/workspace/vscode/turtorials', '--log-base', '/dev/null'], packages_ignore=None, packages_ignore_regex=None, paths=None, packages_up_to=None, packages_up_to_regex=None, packages_above=None, packages_above_and_dependencies=None, packages_above_depth=None, packages_select_by_dep=None, packages_skip_by_dep=None, packages_skip_up_to=None, packages_select_build_failed=False, packages_skip_build_finished=False, packages_select_test_failures=False, packages_skip_test_passed=False, packages_select=None, packages_skip=None, packages_select_regex=None, packages_skip_regex=None, packages_start=None, packages_end=None, allow_overriding=[], topological_order=False, names_only=False, paths_only=True, topological_graph=False, topological_graph_dot=False, topological_graph_density=False, topological_graph_legend=False, topological_graph_dot_cluster=False, topological_graph_dot_include_skipped=False, mixin_files=None, mixin=None, verb_parser=<colcon_mixin.mixin.mixin_argument.MixinArgumentDecorator object at 0x7a2c574adfa0>, verb_extension=<colcon_package_information.verb.list.ListVerb object at 0x7a2c574acd10>, main=<bound method ListVerb.main of <colcon_package_information.verb.list.ListVerb object at 0x7a2c574acd10>>, mixin_verb=('list',))
[0.121s] Level 1:colcon.colcon_core.package_discovery:discover_packages(colcon_meta) check parameters
[0.121s] Level 1:colcon.colcon_core.package_discovery:discover_packages(recursive) check parameters
[0.121s] Level 1:colcon.colcon_core.package_discovery:discover_packages(ignore) check parameters
[0.121s] Level 1:colcon.colcon_core.package_discovery:discover_packages(path) check parameters
[0.121s] Level 1:colcon.colcon_core.package_discovery:discover_packages(recursive) discover
[0.121s] INFO:colcon.colcon_core.package_discovery:Crawling recursively for packages in '/home/jiujiujiur0000/workspace/vscode/turtorials', '/home/jiujiujiur0000/workspace/vscode/turtorials/--log-base', '/dev/null'
[0.121s] Level 1:colcon.colcon_core.package_identification:_identify(/home/jiujiujiur0000/workspace/vscode/turtorials) by extensions ['ignore', 'ignore_ament_install']
[0.121s] Level 1:colcon.colcon_core.package_identification:_identify(/home/jiujiujiur0000/workspace/vscode/turtorials) by extension 'ignore'
[0.121s] Level 1:colcon.colcon_core.package_identification:_identify(/home/jiujiujiur0000/workspace/vscode/turtorials) by extension 'ignore_ament_install'
[0.121s] Level 1:colcon.colcon_core.package_identification:_identify(/home/jiujiujiur0000/workspace/vscode/turtorials) by extensions ['colcon_pkg']
[0.121s] Level 1:colcon.colcon_core.package_identification:_identify(/home/jiujiujiur0000/workspace/vscode/turtorials) by extension 'colcon_pkg'
[0.121s] Level 1:colcon.colcon_core.package_identification:_identify(/home/jiujiujiur0000/workspace/vscode/turtorials) by extensions ['colcon_meta']
[0.121s] Level 1:colcon.colcon_core.package_identification:_identify(/home/jiujiujiur0000/workspace/vscode/turtorials) by extension 'colcon_meta'
[0.121s] Level 1:colcon.colcon_core.package_identification:_identify(/home/jiujiujiur0000/workspace/vscode/turtorials) by extensions ['ros']
[0.121s] Level 1:colcon.colcon_core.package_identification:_identify(/home/jiujiujiur0000/workspace/vscode/turtorials) by extension 'ros'
[0.144s] Level 1:colcon.colcon_core.package_identification:_identify(/home/jiujiujiur0000/workspace/vscode/turtorials) by extensions ['cmake', 'python']
[0.144s] Level 1:colcon.colcon_core.package_identification:_identify(/home/jiujiujiur0000/workspace/vscode/turtorials) by extension 'cmake'
[0.144s] Level 1:colcon.colcon_core.package_identification:_identify(/home/jiujiujiur0000/workspace/vscode/turtorials) by extension 'python'
[0.144s] Level 1:colcon.colcon_core.package_identification:_identify(/home/jiujiujiur0000/workspace/vscode/turtorials) by extensions ['python_setup_py']
[0.144s] Level 1:colcon.colcon_core.package_identification:_identify(/home/jiujiujiur0000/workspace/vscode/turtorials) by extension 'python_setup_py'
[0.144s] Level 1:colcon.colcon_core.package_identification:_identify(/home/jiujiujiur0000/workspace/vscode/turtorials/build) by extensions ['ignore', 'ignore_ament_install']
[0.144s] Level 1:colcon.colcon_core.package_identification:_identify(/home/jiujiujiur0000/workspace/vscode/turtorials/build) by extension 'ignore'
[0.144s] Level 1:colcon.colcon_core.package_identification:_identify(/home/jiujiujiur0000/workspace/vscode/turtorials/build) ignored
[0.144s] Level 1:colcon.colcon_core.package_identification:_identify(/home/jiujiujiur0000/workspace/vscode/turtorials/install) by extensions ['ignore', 'ignore_ament_install']
[0.144s] Level 1:colcon.colcon_core.package_identification:_identify(/home/jiujiujiur0000/workspace/vscode/turtorials/install) by extension 'ignore'
[0.144s] Level 1:colcon.colcon_core.package_identification:_identify(/home/jiujiujiur0000/workspace/vscode/turtorials/install) ignored
[0.145s] Level 1:colcon.colcon_core.package_identification:_identify(/home/jiujiujiur0000/workspace/vscode/turtorials/log) by extensions ['ignore', 'ignore_ament_install']
[0.145s] Level 1:colcon.colcon_core.package_identification:_identify(/home/jiujiujiur0000/workspace/vscode/turtorials/log) by extension 'ignore'
[0.145s] Level 1:colcon.colcon_core.package_identification:_identify(/home/jiujiujiur0000/workspace/vscode/turtorials/log) ignored
[0.145s] Level 1:colcon.colcon_core.package_identification:_identify(/home/jiujiujiur0000/workspace/vscode/turtorials/src) by extensions ['ignore', 'ignore_ament_install']
[0.145s] Level 1:colcon.colcon_core.package_identification:_identify(/home/jiujiujiur0000/workspace/vscode/turtorials/src) by extension 'ignore'
[0.145s] Level 1:colcon.colcon_core.package_identification:_identify(/home/jiujiujiur0000/workspace/vscode/turtorials/src) by extension 'ignore_ament_install'
[0.145s] Level 1:colcon.colcon_core.package_identification:_identify(/home/jiujiujiur0000/workspace/vscode/turtorials/src) by extensions ['colcon_pkg']
[0.145s] Level 1:colcon.colcon_core.package_identification:_identify(/home/jiujiujiur0000/workspace/vscode/turtorials/src) by extension 'colcon_pkg'
[0.145s] Level 1:colcon.colcon_core.package_identification:_identify(/home/jiujiujiur0000/workspace/vscode/turtorials/src) by extensions ['colcon_meta']
[0.145s] Level 1:colcon.colcon_core.package_identification:_identify(/home/jiujiujiur0000/workspace/vscode/turtorials/src) by extension 'colcon_meta'
[0.145s] Level 1:colcon.colcon_core.package_identification:_identify(/home/jiujiujiur0000/workspace/vscode/turtorials/src) by extensions ['ros']
[0.145s] Level 1:colcon.colcon_core.package_identification:_identify(/home/jiujiujiur0000/workspace/vscode/turtorials/src) by extension 'ros'
[0.145s] Level 1:colcon.colcon_core.package_identification:_identify(/home/jiujiujiur0000/workspace/vscode/turtorials/src) by extensions ['cmake', 'python']
[0.145s] Level 1:colcon.colcon_core.package_identification:_identify(/home/jiujiujiur0000/workspace/vscode/turtorials/src) by extension 'cmake'
[0.145s] Level 1:colcon.colcon_core.package_identification:_identify(/home/jiujiujiur0000/workspace/vscode/turtorials/src) by extension 'python'
[0.145s] Level 1:colcon.colcon_core.package_identification:_identify(/home/jiujiujiur0000/workspace/vscode/turtorials/src) by extensions ['python_setup_py']
[0.145s] Level 1:colcon.colcon_core.package_identification:_identify(/home/jiujiujiur0000/workspace/vscode/turtorials/src) by extension 'python_setup_py'
[0.145s] Level 1:colcon.colcon_core.package_identification:_identify(/home/jiujiujiur0000/workspace/vscode/turtorials/src/cpp_pubsub) by extensions ['ignore', 'ignore_ament_install']
[0.145s] Level 1:colcon.colcon_core.package_identification:_identify(/home/jiujiujiur0000/workspace/vscode/turtorials/src/cpp_pubsub) by extension 'ignore'
[0.146s] Level 1:colcon.colcon_core.package_identification:_identify(/home/jiujiujiur0000/workspace/vscode/turtorials/src/cpp_pubsub) by extension 'ignore_ament_install'
[0.146s] Level 1:colcon.colcon_core.package_identification:_identify(/home/jiujiujiur0000/workspace/vscode/turtorials/src/cpp_pubsub) by extensions ['colcon_pkg']
[0.146s] Level 1:colcon.colcon_core.package_identification:_identify(/home/jiujiujiur0000/workspace/vscode/turtorials/src/cpp_pubsub) by extension 'colcon_pkg'
[0.146s] Level 1:colcon.colcon_core.package_identification:_identify(/home/jiujiujiur0000/workspace/vscode/turtorials/src/cpp_pubsub) by extensions ['colcon_meta']
[0.146s] Level 1:colcon.colcon_core.package_identification:_identify(/home/jiujiujiur0000/workspace/vscode/turtorials/src/cpp_pubsub) by extension 'colcon_meta'
[0.146s] Level 1:colcon.colcon_core.package_identification:_identify(/home/jiujiujiur0000/workspace/vscode/turtorials/src/cpp_pubsub) by extensions ['ros']
[0.146s] Level 1:colcon.colcon_core.package_identification:_identify(/home/jiujiujiur0000/workspace/vscode/turtorials/src/cpp_pubsub) by extension 'ros'
[0.148s] DEBUG:colcon.colcon_core.package_identification:Package '/home/jiujiujiur0000/workspace/vscode/turtorials/src/cpp_pubsub' with type 'ros.ament_cmake' and name 'cpp_pubsub'
[0.148s] Level 1:colcon.colcon_core.package_identification:_identify(/home/jiujiujiur0000/workspace/vscode/turtorials/src/cpp_srvcli) by extensions ['ignore', 'ignore_ament_install']
[0.148s] Level 1:colcon.colcon_core.package_identification:_identify(/home/jiujiujiur0000/workspace/vscode/turtorials/src/cpp_srvcli) by extension 'ignore'
[0.148s] Level 1:colcon.colcon_core.package_identification:_identify(/home/jiujiujiur0000/workspace/vscode/turtorials/src/cpp_srvcli) by extension 'ignore_ament_install'
[0.148s] Level 1:colcon.colcon_core.package_identification:_identify(/home/jiujiujiur0000/workspace/vscode/turtorials/src/cpp_srvcli) by extensions ['colcon_pkg']
[0.148s] Level 1:colcon.colcon_core.package_identification:_identify(/home/jiujiujiur0000/workspace/vscode/turtorials/src/cpp_srvcli) by extension 'colcon_pkg'
[0.149s] Level 1:colcon.colcon_core.package_identification:_identify(/home/jiujiujiur0000/workspace/vscode/turtorials/src/cpp_srvcli) by extensions ['colcon_meta']
[0.149s] Level 1:colcon.colcon_core.package_identification:_identify(/home/jiujiujiur0000/workspace/vscode/turtorials/src/cpp_srvcli) by extension 'colcon_meta'
[0.149s] Level 1:colcon.colcon_core.package_identification:_identify(/home/jiujiujiur0000/workspace/vscode/turtorials/src/cpp_srvcli) by extensions ['ros']
[0.149s] Level 1:colcon.colcon_core.package_identification:_identify(/home/jiujiujiur0000/workspace/vscode/turtorials/src/cpp_srvcli) by extension 'ros'
[0.149s] DEBUG:colcon.colcon_core.package_identification:Package '/home/jiujiujiur0000/workspace/vscode/turtorials/src/cpp_srvcli' with type 'ros.ament_cmake' and name 'cpp_srvcli'
[0.149s] Level 1:colcon.colcon_core.package_identification:_identify(/home/jiujiujiur0000/workspace/vscode/turtorials/src/learning_tf2_cpp) by extensions ['ignore', 'ignore_ament_install']
[0.149s] Level 1:colcon.colcon_core.package_identification:_identify(/home/jiujiujiur0000/workspace/vscode/turtorials/src/learning_tf2_cpp) by extension 'ignore'
[0.149s] Level 1:colcon.colcon_core.package_identification:_identify(/home/jiujiujiur0000/workspace/vscode/turtorials/src/learning_tf2_cpp) by extension 'ignore_ament_install'
[0.149s] Level 1:colcon.colcon_core.package_identification:_identify(/home/jiujiujiur0000/workspace/vscode/turtorials/src/learning_tf2_cpp) by extensions ['colcon_pkg']
[0.149s] Level 1:colcon.colcon_core.package_identification:_identify(/home/jiujiujiur0000/workspace/vscode/turtorials/src/learning_tf2_cpp) by extension 'colcon_pkg'
[0.149s] Level 1:colcon.colcon_core.package_identification:_identify(/home/jiujiujiur0000/workspace/vscode/turtorials/src/learning_tf2_cpp) by extensions ['colcon_meta']
[0.150s] Level 1:colcon.colcon_core.package_identification:_identify(/home/jiujiujiur0000/workspace/vscode/turtorials/src/learning_tf2_cpp) by extension 'colcon_meta'
[0.150s] Level 1:colcon.colcon_core.package_identification:_identify(/home/jiujiujiur0000/workspace/vscode/turtorials/src/learning_tf2_cpp) by extensions ['ros']
[0.150s] Level 1:colcon.colcon_core.package_identification:_identify(/home/jiujiujiur0000/workspace/vscode/turtorials/src/learning_tf2_cpp) by extension 'ros'
[0.150s] DEBUG:colcon.colcon_core.package_identification:Package '/home/jiujiujiur0000/workspace/vscode/turtorials/src/learning_tf2_cpp' with type 'ros.ament_cmake' and name 'learning_tf2_cpp'
[0.150s] Level 1:colcon.colcon_core.package_identification:_identify(/home/jiujiujiur0000/workspace/vscode/turtorials/src/more_interfaces) by extensions ['ignore', 'ignore_ament_install']
[0.150s] Level 1:colcon.colcon_core.package_identification:_identify(/home/jiujiujiur0000/workspace/vscode/turtorials/src/more_interfaces) by extension 'ignore'
[0.150s] Level 1:colcon.colcon_core.package_identification:_identify(/home/jiujiujiur0000/workspace/vscode/turtorials/src/more_interfaces) by extension 'ignore_ament_install'
[0.150s] Level 1:colcon.colcon_core.package_identification:_identify(/home/jiujiujiur0000/workspace/vscode/turtorials/src/more_interfaces) by extensions ['colcon_pkg']
[0.150s] Level 1:colcon.colcon_core.package_identification:_identify(/home/jiujiujiur0000/workspace/vscode/turtorials/src/more_interfaces) by extension 'colcon_pkg'
[0.150s] Level 1:colcon.colcon_core.package_identification:_identify(/home/jiujiujiur0000/workspace/vscode/turtorials/src/more_interfaces) by extensions ['colcon_meta']
[0.151s] Level 1:colcon.colcon_core.package_identification:_identify(/home/jiujiujiur0000/workspace/vscode/turtorials/src/more_interfaces) by extension 'colcon_meta'
[0.151s] Level 1:colcon.colcon_core.package_identification:_identify(/home/jiujiujiur0000/workspace/vscode/turtorials/src/more_interfaces) by extensions ['ros']
[0.151s] Level 1:colcon.colcon_core.package_identification:_identify(/home/jiujiujiur0000/workspace/vscode/turtorials/src/more_interfaces) by extension 'ros'
[0.152s] DEBUG:colcon.colcon_core.package_identification:Package '/home/jiujiujiur0000/workspace/vscode/turtorials/src/more_interfaces' with type 'ros.ament_cmake' and name 'more_interfaces'
[0.152s] Level 1:colcon.colcon_core.package_identification:_identify(/home/jiujiujiur0000/workspace/vscode/turtorials/src/tutorial_interfaces) by extensions ['ignore', 'ignore_ament_install']
[0.152s] Level 1:colcon.colcon_core.package_identification:_identify(/home/jiujiujiur0000/workspace/vscode/turtorials/src/tutorial_interfaces) by extension 'ignore'
[0.152s] Level 1:colcon.colcon_core.package_identification:_identify(/home/jiujiujiur0000/workspace/vscode/turtorials/src/tutorial_interfaces) by extension 'ignore_ament_install'
[0.152s] Level 1:colcon.colcon_core.package_identification:_identify(/home/jiujiujiur0000/workspace/vscode/turtorials/src/tutorial_interfaces) by extensions ['colcon_pkg']
[0.152s] Level 1:colcon.colcon_core.package_identification:_identify(/home/jiujiujiur0000/workspace/vscode/turtorials/src/tutorial_interfaces) by extension 'colcon_pkg'
[0.152s] Level 1:colcon.colcon_core.package_identification:_identify(/home/jiujiujiur0000/workspace/vscode/turtorials/src/tutorial_interfaces) by extensions ['colcon_meta']
[0.152s] Level 1:colcon.colcon_core.package_identification:_identify(/home/jiujiujiur0000/workspace/vscode/turtorials/src/tutorial_interfaces) by extension 'colcon_meta'
[0.152s] Level 1:colcon.colcon_core.package_identification:_identify(/home/jiujiujiur0000/workspace/vscode/turtorials/src/tutorial_interfaces) by extensions ['ros']
[0.152s] Level 1:colcon.colcon_core.package_identification:_identify(/home/jiujiujiur0000/workspace/vscode/turtorials/src/tutorial_interfaces) by extension 'ros'
[0.153s] DEBUG:colcon.colcon_core.package_identification:Package '/home/jiujiujiur0000/workspace/vscode/turtorials/src/tutorial_interfaces' with type 'ros.ament_cmake' and name 'tutorial_interfaces'
[0.153s] Level 1:colcon.colcon_core.package_discovery:discover_packages(recursive) using defaults
