[0.010s] Invoking command in '/home/jiujiujiur0000/workspace/vscode/turtorials/build/learning_tf2_cpp': CMAKE_PREFIX_PATH=${CMAKE_PREFIX_PATH}:/opt/ros/jazzy DEBUGINFOD_URLS=https://debuginfod.ubuntu.com /usr/bin/cmake /home/jiujiujiur0000/workspace/vscode/turtorials/src/learning_tf2_cpp -DCMAKE_INSTALL_PREFIX=/home/jiujiujiur0000/workspace/vscode/turtorials/install/learning_tf2_cpp
[0.059s] -- The C compiler identification is GNU 13.3.0
[0.107s] -- The CXX compiler identification is GNU 13.3.0
[0.123s] -- Detecting C compiler ABI info
[0.205s] -- Detecting C compiler ABI info - done
[0.213s] -- Check for working C compiler: /usr/bin/cc - skipped
[0.213s] -- Detecting C compile features
[0.213s] -- Detecting C compile features - done
[0.222s] -- Detecting CXX compiler ABI info
[0.314s] -- Detecting CXX compiler ABI info - done
[0.322s] -- Check for working CXX compiler: /usr/bin/c++ - skipped
[0.322s] -- Detecting CXX compile features
[0.322s] -- Detecting CXX compile features - done
[0.326s] -- Found ament_cmake: 2.5.4 (/opt/ros/jazzy/share/ament_cmake/cmake)
[0.468s] -- Found Python3: /usr/bin/python3 (found version "3.12.3") found components: Interpreter 
[0.584s] -- Found geometry_msgs: 5.3.6 (/opt/ros/jazzy/share/geometry_msgs/cmake)
[0.639s] -- Found rosidl_generator_c: 4.6.6 (/opt/ros/jazzy/share/rosidl_generator_c/cmake)
[0.655s] -- Found rosidl_generator_cpp: 4.6.6 (/opt/ros/jazzy/share/rosidl_generator_cpp/cmake)
[0.673s] -- Using all available rosidl_typesupport_c: rosidl_typesupport_fastrtps_c;rosidl_typesupport_introspection_c
[0.692s] -- Using all available rosidl_typesupport_cpp: rosidl_typesupport_fastrtps_cpp;rosidl_typesupport_introspection_cpp
[0.740s] -- Found rclcpp: 28.1.12 (/opt/ros/jazzy/share/rclcpp/cmake)
[0.810s] -- Found rmw_implementation_cmake: 7.3.2 (/opt/ros/jazzy/share/rmw_implementation_cmake/cmake)
[0.814s] -- Found rmw_fastrtps_cpp: 8.4.3 (/opt/ros/jazzy/share/rmw_fastrtps_cpp/cmake)
[0.907s] -- Found OpenSSL: /usr/lib/x86_64-linux-gnu/libcrypto.so (found version "3.0.13")  
[0.928s] -- Found FastRTPS: /opt/ros/jazzy/include (Required is at least version "2.13") 
[0.949s] -- Using RMW implementation 'rmw_fastrtps_cpp' as default
[1.022s] -- Found tf2: 0.36.14 (/opt/ros/jazzy/share/tf2/cmake)
[1.028s] -- Found tf2_ros: 0.36.14 (/opt/ros/jazzy/share/tf2_ros/cmake)
[1.158s] -- Found turtlesim: 1.8.3 (/opt/ros/jazzy/share/turtlesim/cmake)
[1.182s] -- Found ament_lint_auto: 0.17.3 (/opt/ros/jazzy/share/ament_lint_auto/cmake)
[1.279s] -- Added test 'cppcheck' to perform static code analysis on C / C++ code
[1.279s] -- Configured cppcheck include dirs: 
[1.279s] -- Configured cppcheck exclude dirs and/or files: 
[1.280s] -- Added test 'flake8' to check Python code syntax and style conventions
[1.280s] -- Configured 'flake8' exclude dirs and/or files: 
[1.280s] -- Added test 'lint_cmake' to check CMake code style
[1.281s] -- Added test 'pep257' to check Python code against some of the docstring style conventions in PEP 257
[1.283s] -- Added test 'uncrustify' to check C / C++ code style
[1.283s] -- Configured uncrustify additional arguments: 
[1.283s] -- Added test 'xmllint' to check XML markup files
[1.285s] -- Configuring done (1.3s)
[1.310s] -- Generating done (0.0s)
[1.319s] -- Build files have been written to: /home/jiujiujiur0000/workspace/vscode/turtorials/build/learning_tf2_cpp
[1.329s] Invoked command in '/home/jiujiujiur0000/workspace/vscode/turtorials/build/learning_tf2_cpp' returned '0': CMAKE_PREFIX_PATH=${CMAKE_PREFIX_PATH}:/opt/ros/jazzy DEBUGINFOD_URLS=https://debuginfod.ubuntu.com /usr/bin/cmake /home/jiujiujiur0000/workspace/vscode/turtorials/src/learning_tf2_cpp -DCMAKE_INSTALL_PREFIX=/home/jiujiujiur0000/workspace/vscode/turtorials/install/learning_tf2_cpp
[1.331s] Invoking command in '/home/jiujiujiur0000/workspace/vscode/turtorials/build/learning_tf2_cpp': CMAKE_PREFIX_PATH=${CMAKE_PREFIX_PATH}:/opt/ros/jazzy DEBUGINFOD_URLS=https://debuginfod.ubuntu.com /usr/bin/cmake --build /home/jiujiujiur0000/workspace/vscode/turtorials/build/learning_tf2_cpp -- -j16 -l16
[1.385s] [ 50%] [32mBuilding CXX object CMakeFiles/turtle_tf2_listener.dir/src/turtle_tf2_listener.cpp.o[0m
[1.385s] [ 50%] [32mBuilding CXX object CMakeFiles/static_turtle_tf2_broadcaster.dir/src/static_turtle_tf2_broadcaster.cpp.o[0m
[1.385s] [ 50%] [32mBuilding CXX object CMakeFiles/fixed_frame_tf2_broadcaster.dir/src/fixed_frame_tf2_broadcaster.cpp.o[0m
[1.385s] [ 50%] [32mBuilding CXX object CMakeFiles/turtle_tf2_broadcaster.dir/src/turtle_tf2_broadcaster.cpp.o[0m
[1.385s] [ 50%] [32mBuilding CXX object CMakeFiles/dynamic_frame_tf2_broadcaster.dir/src/dynamic_frame_tf2_broadcaster.cpp.o[0m
[5.054s] [ 60%] [32m[1mLinking CXX executable static_turtle_tf2_broadcaster[0m
[5.136s] [ 70%] [32m[1mLinking CXX executable dynamic_frame_tf2_broadcaster[0m
[5.173s] [ 80%] [32m[1mLinking CXX executable fixed_frame_tf2_broadcaster[0m
[5.262s] [ 80%] Built target static_turtle_tf2_broadcaster
[5.348s] [ 80%] Built target dynamic_frame_tf2_broadcaster
[5.384s] [ 80%] Built target fixed_frame_tf2_broadcaster
[6.881s] [ 90%] [32m[1mLinking CXX executable turtle_tf2_listener[0m
[7.100s] [ 90%] Built target turtle_tf2_listener
[8.360s] [100%] [32m[1mLinking CXX executable turtle_tf2_broadcaster[0m
[8.627s] [100%] Built target turtle_tf2_broadcaster
[8.640s] Invoked command in '/home/jiujiujiur0000/workspace/vscode/turtorials/build/learning_tf2_cpp' returned '0': CMAKE_PREFIX_PATH=${CMAKE_PREFIX_PATH}:/opt/ros/jazzy DEBUGINFOD_URLS=https://debuginfod.ubuntu.com /usr/bin/cmake --build /home/jiujiujiur0000/workspace/vscode/turtorials/build/learning_tf2_cpp -- -j16 -l16
[8.651s] Invoking command in '/home/jiujiujiur0000/workspace/vscode/turtorials/build/learning_tf2_cpp': CMAKE_PREFIX_PATH=${CMAKE_PREFIX_PATH}:/opt/ros/jazzy DEBUGINFOD_URLS=https://debuginfod.ubuntu.com /usr/bin/cmake --install /home/jiujiujiur0000/workspace/vscode/turtorials/build/learning_tf2_cpp
[8.659s] -- Install configuration: ""
[8.659s] -- Installing: /home/jiujiujiur0000/workspace/vscode/turtorials/install/learning_tf2_cpp/lib/learning_tf2_cpp/static_turtle_tf2_broadcaster
[8.660s] -- Set non-toolchain portion of runtime path of "/home/jiujiujiur0000/workspace/vscode/turtorials/install/learning_tf2_cpp/lib/learning_tf2_cpp/static_turtle_tf2_broadcaster" to ""
[8.660s] -- Installing: /home/jiujiujiur0000/workspace/vscode/turtorials/install/learning_tf2_cpp/lib/learning_tf2_cpp/turtle_tf2_broadcaster
[8.665s] -- Set non-toolchain portion of runtime path of "/home/jiujiujiur0000/workspace/vscode/turtorials/install/learning_tf2_cpp/lib/learning_tf2_cpp/turtle_tf2_broadcaster" to ""
[8.665s] -- Installing: /home/jiujiujiur0000/workspace/vscode/turtorials/install/learning_tf2_cpp/share/learning_tf2_cpp/launch
[8.665s] -- Installing: /home/jiujiujiur0000/workspace/vscode/turtorials/install/learning_tf2_cpp/share/learning_tf2_cpp/launch/src
[8.665s] -- Installing: /home/jiujiujiur0000/workspace/vscode/turtorials/install/learning_tf2_cpp/share/learning_tf2_cpp/launch/src/learning_tf2_cpp
[8.665s] -- Installing: /home/jiujiujiur0000/workspace/vscode/turtorials/install/learning_tf2_cpp/share/learning_tf2_cpp/launch/src/learning_tf2_cpp/turtle_tf2_demo_launch.py
[8.665s] -- Installing: /home/jiujiujiur0000/workspace/vscode/turtorials/install/learning_tf2_cpp/share/learning_tf2_cpp/launch/src/learning_tf2_cpp/turtle_tf2_dynamic_frame_demo_launch.py
[8.665s] -- Installing: /home/jiujiujiur0000/workspace/vscode/turtorials/install/learning_tf2_cpp/lib/learning_tf2_cpp/turtle_tf2_listener
[8.668s] -- Set non-toolchain portion of runtime path of "/home/jiujiujiur0000/workspace/vscode/turtorials/install/learning_tf2_cpp/lib/learning_tf2_cpp/turtle_tf2_listener" to ""
[8.668s] -- Installing: /home/jiujiujiur0000/workspace/vscode/turtorials/install/learning_tf2_cpp/lib/learning_tf2_cpp/fixed_frame_tf2_broadcaster
[8.669s] -- Set non-toolchain portion of runtime path of "/home/jiujiujiur0000/workspace/vscode/turtorials/install/learning_tf2_cpp/lib/learning_tf2_cpp/fixed_frame_tf2_broadcaster" to ""
[8.669s] -- Installing: /home/jiujiujiur0000/workspace/vscode/turtorials/install/learning_tf2_cpp/lib/learning_tf2_cpp/dynamic_frame_tf2_broadcaster
[8.671s] -- Set non-toolchain portion of runtime path of "/home/jiujiujiur0000/workspace/vscode/turtorials/install/learning_tf2_cpp/lib/learning_tf2_cpp/dynamic_frame_tf2_broadcaster" to ""
[8.671s] -- Installing: /home/jiujiujiur0000/workspace/vscode/turtorials/install/learning_tf2_cpp/share/ament_index/resource_index/package_run_dependencies/learning_tf2_cpp
[8.671s] -- Installing: /home/jiujiujiur0000/workspace/vscode/turtorials/install/learning_tf2_cpp/share/ament_index/resource_index/parent_prefix_path/learning_tf2_cpp
[8.671s] -- Installing: /home/jiujiujiur0000/workspace/vscode/turtorials/install/learning_tf2_cpp/share/learning_tf2_cpp/environment/ament_prefix_path.sh
[8.671s] -- Installing: /home/jiujiujiur0000/workspace/vscode/turtorials/install/learning_tf2_cpp/share/learning_tf2_cpp/environment/ament_prefix_path.dsv
[8.672s] -- Installing: /home/jiujiujiur0000/workspace/vscode/turtorials/install/learning_tf2_cpp/share/learning_tf2_cpp/environment/path.sh
[8.672s] -- Installing: /home/jiujiujiur0000/workspace/vscode/turtorials/install/learning_tf2_cpp/share/learning_tf2_cpp/environment/path.dsv
[8.672s] -- Installing: /home/jiujiujiur0000/workspace/vscode/turtorials/install/learning_tf2_cpp/share/learning_tf2_cpp/local_setup.bash
[8.672s] -- Installing: /home/jiujiujiur0000/workspace/vscode/turtorials/install/learning_tf2_cpp/share/learning_tf2_cpp/local_setup.sh
[8.672s] -- Installing: /home/jiujiujiur0000/workspace/vscode/turtorials/install/learning_tf2_cpp/share/learning_tf2_cpp/local_setup.zsh
[8.672s] -- Installing: /home/jiujiujiur0000/workspace/vscode/turtorials/install/learning_tf2_cpp/share/learning_tf2_cpp/local_setup.dsv
[8.672s] -- Installing: /home/jiujiujiur0000/workspace/vscode/turtorials/install/learning_tf2_cpp/share/learning_tf2_cpp/package.dsv
[8.673s] -- Installing: /home/jiujiujiur0000/workspace/vscode/turtorials/install/learning_tf2_cpp/share/ament_index/resource_index/packages/learning_tf2_cpp
[8.673s] -- Installing: /home/jiujiujiur0000/workspace/vscode/turtorials/install/learning_tf2_cpp/share/learning_tf2_cpp/cmake/learning_tf2_cppConfig.cmake
[8.673s] -- Installing: /home/jiujiujiur0000/workspace/vscode/turtorials/install/learning_tf2_cpp/share/learning_tf2_cpp/cmake/learning_tf2_cppConfig-version.cmake
[8.673s] -- Installing: /home/jiujiujiur0000/workspace/vscode/turtorials/install/learning_tf2_cpp/share/learning_tf2_cpp/package.xml
[8.675s] Invoked command in '/home/jiujiujiur0000/workspace/vscode/turtorials/build/learning_tf2_cpp' returned '0': CMAKE_PREFIX_PATH=${CMAKE_PREFIX_PATH}:/opt/ros/jazzy DEBUGINFOD_URLS=https://debuginfod.ubuntu.com /usr/bin/cmake --install /home/jiujiujiur0000/workspace/vscode/turtorials/build/learning_tf2_cpp
