[0.030s] Invoking command in '/home/jiujiujiur0000/workspace/vscode/turtorials/build/cpp_parameters': CMAKE_PREFIX_PATH=${CMAKE_PREFIX_PATH}:/home/jiujiujiur0000/workspace/vscode/turtlebot3-jazzy/install/turtlebot3_teleop:/home/jiujiujiur0000/workspace/vscode/turtlebot3-jazzy/install/turtlebot3_example:/opt/ros/jazzy DEBUGINFOD_URLS=https://debuginfod.ubuntu.com /usr/bin/cmake /home/jiujiujiur0000/workspace/vscode/turtorials/src/cpp_parameters -DCMAKE_INSTALL_PREFIX=/home/jiujiujiur0000/workspace/vscode/turtorials/install/cpp_parameters
[0.158s] -- The C compiler identification is GNU 13.3.0
[0.276s] -- The CXX compiler identification is GNU 13.3.0
[0.300s] -- Detecting C compiler ABI info
[0.424s] -- Detecting C compiler ABI info - done
[0.435s] -- Check for working C compiler: /usr/bin/cc - skipped
[0.436s] -- Detecting C compile features
[0.436s] -- Detecting C compile features - done
[0.451s] -- Detecting CXX compiler ABI info
[0.587s] -- Detecting CXX compiler ABI info - done
[0.599s] -- Check for working CXX compiler: /usr/bin/c++ - skipped
[0.601s] -- Detecting CXX compile features
[0.601s] -- Detecting CXX compile features - done
[0.618s] -- Found ament_cmake: 2.5.4 (/opt/ros/jazzy/share/ament_cmake/cmake)
[0.848s] -- Found Python3: /usr/bin/python3 (found version "3.12.3") found components: Interpreter 
[1.037s] -- Found rclcpp: 28.1.12 (/opt/ros/jazzy/share/rclcpp/cmake)
[1.121s] -- Found rosidl_generator_c: 4.6.6 (/opt/ros/jazzy/share/rosidl_generator_c/cmake)
[1.147s] -- Found rosidl_generator_cpp: 4.6.6 (/opt/ros/jazzy/share/rosidl_generator_cpp/cmake)
[1.181s] -- Using all available rosidl_typesupport_c: rosidl_typesupport_fastrtps_c;rosidl_typesupport_introspection_c
[1.213s] -- Using all available rosidl_typesupport_cpp: rosidl_typesupport_fastrtps_cpp;rosidl_typesupport_introspection_cpp
[1.356s] -- Found rmw_implementation_cmake: 7.3.2 (/opt/ros/jazzy/share/rmw_implementation_cmake/cmake)
[1.365s] -- Found rmw_fastrtps_cpp: 8.4.3 (/opt/ros/jazzy/share/rmw_fastrtps_cpp/cmake)
[1.531s] -- Found OpenSSL: /usr/lib/x86_64-linux-gnu/libcrypto.so (found version "3.0.13")  
[1.563s] -- Found FastRTPS: /opt/ros/jazzy/include (Required is at least version "2.13") 
[1.597s] -- Using RMW implementation 'rmw_fastrtps_cpp' as default
[1.727s] -- Found ament_lint_auto: 0.17.3 (/opt/ros/jazzy/share/ament_lint_auto/cmake)
[1.888s] -- Added test 'lint_cmake' to check CMake code style
[1.890s] -- Added test 'xmllint' to check XML markup files
[1.893s] -- Configuring done (1.9s)
[1.900s] -- Generating done (0.0s)
[1.902s] -- Build files have been written to: /home/jiujiujiur0000/workspace/vscode/turtorials/build/cpp_parameters
[1.920s] Invoked command in '/home/jiujiujiur0000/workspace/vscode/turtorials/build/cpp_parameters' returned '0': CMAKE_PREFIX_PATH=${CMAKE_PREFIX_PATH}:/home/jiujiujiur0000/workspace/vscode/turtlebot3-jazzy/install/turtlebot3_teleop:/home/jiujiujiur0000/workspace/vscode/turtlebot3-jazzy/install/turtlebot3_example:/opt/ros/jazzy DEBUGINFOD_URLS=https://debuginfod.ubuntu.com /usr/bin/cmake /home/jiujiujiur0000/workspace/vscode/turtorials/src/cpp_parameters -DCMAKE_INSTALL_PREFIX=/home/jiujiujiur0000/workspace/vscode/turtorials/install/cpp_parameters
[1.922s] Invoking command in '/home/jiujiujiur0000/workspace/vscode/turtorials/build/cpp_parameters': CMAKE_PREFIX_PATH=${CMAKE_PREFIX_PATH}:/home/jiujiujiur0000/workspace/vscode/turtlebot3-jazzy/install/turtlebot3_teleop:/home/jiujiujiur0000/workspace/vscode/turtlebot3-jazzy/install/turtlebot3_example:/opt/ros/jazzy DEBUGINFOD_URLS=https://debuginfod.ubuntu.com /usr/bin/cmake --build /home/jiujiujiur0000/workspace/vscode/turtorials/build/cpp_parameters -- -j16 -l16
[1.983s] Invoked command in '/home/jiujiujiur0000/workspace/vscode/turtorials/build/cpp_parameters' returned '0': CMAKE_PREFIX_PATH=${CMAKE_PREFIX_PATH}:/home/jiujiujiur0000/workspace/vscode/turtlebot3-jazzy/install/turtlebot3_teleop:/home/jiujiujiur0000/workspace/vscode/turtlebot3-jazzy/install/turtlebot3_example:/opt/ros/jazzy DEBUGINFOD_URLS=https://debuginfod.ubuntu.com /usr/bin/cmake --build /home/jiujiujiur0000/workspace/vscode/turtorials/build/cpp_parameters -- -j16 -l16
[1.998s] Invoking command in '/home/jiujiujiur0000/workspace/vscode/turtorials/build/cpp_parameters': CMAKE_PREFIX_PATH=${CMAKE_PREFIX_PATH}:/home/jiujiujiur0000/workspace/vscode/turtlebot3-jazzy/install/turtlebot3_teleop:/home/jiujiujiur0000/workspace/vscode/turtlebot3-jazzy/install/turtlebot3_example:/opt/ros/jazzy DEBUGINFOD_URLS=https://debuginfod.ubuntu.com /usr/bin/cmake --install /home/jiujiujiur0000/workspace/vscode/turtorials/build/cpp_parameters
[2.010s] -- Install configuration: ""
[2.010s] -- Installing: /home/jiujiujiur0000/workspace/vscode/turtorials/install/cpp_parameters/share/ament_index/resource_index/package_run_dependencies/cpp_parameters
[2.010s] -- Installing: /home/jiujiujiur0000/workspace/vscode/turtorials/install/cpp_parameters/share/ament_index/resource_index/parent_prefix_path/cpp_parameters
[2.010s] -- Installing: /home/jiujiujiur0000/workspace/vscode/turtorials/install/cpp_parameters/share/cpp_parameters/environment/ament_prefix_path.sh
[2.011s] -- Installing: /home/jiujiujiur0000/workspace/vscode/turtorials/install/cpp_parameters/share/cpp_parameters/environment/ament_prefix_path.dsv
[2.011s] -- Installing: /home/jiujiujiur0000/workspace/vscode/turtorials/install/cpp_parameters/share/cpp_parameters/environment/path.sh
[2.011s] -- Installing: /home/jiujiujiur0000/workspace/vscode/turtorials/install/cpp_parameters/share/cpp_parameters/environment/path.dsv
[2.011s] -- Installing: /home/jiujiujiur0000/workspace/vscode/turtorials/install/cpp_parameters/share/cpp_parameters/local_setup.bash
[2.011s] -- Installing: /home/jiujiujiur0000/workspace/vscode/turtorials/install/cpp_parameters/share/cpp_parameters/local_setup.sh
[2.012s] -- Installing: /home/jiujiujiur0000/workspace/vscode/turtorials/install/cpp_parameters/share/cpp_parameters/local_setup.zsh
[2.012s] -- Installing: /home/jiujiujiur0000/workspace/vscode/turtorials/install/cpp_parameters/share/cpp_parameters/local_setup.dsv
[2.012s] -- Installing: /home/jiujiujiur0000/workspace/vscode/turtorials/install/cpp_parameters/share/cpp_parameters/package.dsv
[2.012s] -- Installing: /home/jiujiujiur0000/workspace/vscode/turtorials/install/cpp_parameters/share/ament_index/resource_index/packages/cpp_parameters
[2.013s] -- Installing: /home/jiujiujiur0000/workspace/vscode/turtorials/install/cpp_parameters/share/cpp_parameters/cmake/cpp_parametersConfig.cmake
[2.013s] -- Installing: /home/jiujiujiur0000/workspace/vscode/turtorials/install/cpp_parameters/share/cpp_parameters/cmake/cpp_parametersConfig-version.cmake
[2.013s] -- Installing: /home/jiujiujiur0000/workspace/vscode/turtorials/install/cpp_parameters/share/cpp_parameters/package.xml
[2.015s] Invoked command in '/home/jiujiujiur0000/workspace/vscode/turtorials/build/cpp_parameters' returned '0': CMAKE_PREFIX_PATH=${CMAKE_PREFIX_PATH}:/home/jiujiujiur0000/workspace/vscode/turtlebot3-jazzy/install/turtlebot3_teleop:/home/jiujiujiur0000/workspace/vscode/turtlebot3-jazzy/install/turtlebot3_example:/opt/ros/jazzy DEBUGINFOD_URLS=https://debuginfod.ubuntu.com /usr/bin/cmake --install /home/jiujiujiur0000/workspace/vscode/turtorials/build/cpp_parameters
