[0.010s] Invoking command in '/home/jiujiujiur0000/workspace/vscode/turtorials/build/cpp_pubsub': CMAKE_PREFIX_PATH=${CMAKE_PREFIX_PATH}:/opt/ros/jazzy DEBUGINFOD_URLS=https://debuginfod.ubuntu.com /usr/bin/cmake /home/jiujiujiur0000/workspace/vscode/turtorials/src/cpp_pubsub -DCMAKE_INSTALL_PREFIX=/home/jiujiujiur0000/workspace/vscode/turtorials/install/cpp_pubsub
[0.060s] -- The C compiler identification is GNU 13.3.0
[0.109s] -- The CXX compiler identification is GNU 13.3.0
[0.125s] -- Detecting C compiler ABI info
[0.208s] -- Detecting C compiler ABI info - done
[0.215s] -- Check for working C compiler: /usr/bin/cc - skipped
[0.215s] -- Detecting C compile features
[0.215s] -- Detecting C compile features - done
[0.224s] -- Detecting CXX compiler ABI info
[0.320s] -- Detecting CXX compiler ABI info - done
[0.328s] -- Check for working CXX compiler: /usr/bin/c++ - skipped
[0.328s] -- Detecting CXX compile features
[0.329s] -- Detecting CXX compile features - done
[0.333s] -- Found ament_cmake: 2.5.4 (/opt/ros/jazzy/share/ament_cmake/cmake)
[0.482s] -- Found Python3: /usr/bin/python3 (found version "3.12.3") found components: Interpreter 
[0.601s] -- Found rclcpp: 28.1.12 (/opt/ros/jazzy/share/rclcpp/cmake)
[0.655s] -- Found rosidl_generator_c: 4.6.6 (/opt/ros/jazzy/share/rosidl_generator_c/cmake)
[0.674s] -- Found rosidl_generator_cpp: 4.6.6 (/opt/ros/jazzy/share/rosidl_generator_cpp/cmake)
[0.693s] -- Using all available rosidl_typesupport_c: rosidl_typesupport_fastrtps_c;rosidl_typesupport_introspection_c
[0.716s] -- Using all available rosidl_typesupport_cpp: rosidl_typesupport_fastrtps_cpp;rosidl_typesupport_introspection_cpp
[0.802s] -- Found rmw_implementation_cmake: 7.3.2 (/opt/ros/jazzy/share/rmw_implementation_cmake/cmake)
[0.807s] -- Found rmw_fastrtps_cpp: 8.4.3 (/opt/ros/jazzy/share/rmw_fastrtps_cpp/cmake)
[0.901s] -- Found OpenSSL: /usr/lib/x86_64-linux-gnu/libcrypto.so (found version "3.0.13")  
[0.921s] -- Found FastRTPS: /opt/ros/jazzy/include (Required is at least version "2.13") 
[0.943s] -- Using RMW implementation 'rmw_fastrtps_cpp' as default
[1.022s] -- Found std_msgs: 5.3.6 (/opt/ros/jazzy/share/std_msgs/cmake)
[1.039s] -- Found ament_lint_auto: 0.17.3 (/opt/ros/jazzy/share/ament_lint_auto/cmake)
[1.146s] -- Added test 'cppcheck' to perform static code analysis on C / C++ code
[1.146s] -- Configured cppcheck include dirs: 
[1.146s] -- Configured cppcheck exclude dirs and/or files: 
[1.147s] -- Added test 'lint_cmake' to check CMake code style
[1.148s] -- Added test 'uncrustify' to check C / C++ code style
[1.148s] -- Configured uncrustify additional arguments: 
[1.149s] -- Added test 'xmllint' to check XML markup files
[1.151s] -- Configuring done (1.1s)
[1.162s] -- Generating done (0.0s)
[1.166s] -- Build files have been written to: /home/jiujiujiur0000/workspace/vscode/turtorials/build/cpp_pubsub
[1.176s] Invoked command in '/home/jiujiujiur0000/workspace/vscode/turtorials/build/cpp_pubsub' returned '0': CMAKE_PREFIX_PATH=${CMAKE_PREFIX_PATH}:/opt/ros/jazzy DEBUGINFOD_URLS=https://debuginfod.ubuntu.com /usr/bin/cmake /home/jiujiujiur0000/workspace/vscode/turtorials/src/cpp_pubsub -DCMAKE_INSTALL_PREFIX=/home/jiujiujiur0000/workspace/vscode/turtorials/install/cpp_pubsub
[1.178s] Invoking command in '/home/jiujiujiur0000/workspace/vscode/turtorials/build/cpp_pubsub': CMAKE_PREFIX_PATH=${CMAKE_PREFIX_PATH}:/opt/ros/jazzy DEBUGINFOD_URLS=https://debuginfod.ubuntu.com /usr/bin/cmake --build /home/jiujiujiur0000/workspace/vscode/turtorials/build/cpp_pubsub -- -j16 -l16
[1.233s] [ 50%] [32mBuilding CXX object CMakeFiles/listener.dir/src/subscriber_lambda_function.cpp.o[0m
[1.233s] [ 50%] [32mBuilding CXX object CMakeFiles/talker.dir/src/publisher_lambda_function.cpp.o[0m
[4.754s] [ 75%] [32m[1mLinking CXX executable talker[0m
[4.915s] [ 75%] Built target talker
[7.095s] [100%] [32m[1mLinking CXX executable listener[0m
[7.312s] [100%] Built target listener
[7.325s] Invoked command in '/home/jiujiujiur0000/workspace/vscode/turtorials/build/cpp_pubsub' returned '0': CMAKE_PREFIX_PATH=${CMAKE_PREFIX_PATH}:/opt/ros/jazzy DEBUGINFOD_URLS=https://debuginfod.ubuntu.com /usr/bin/cmake --build /home/jiujiujiur0000/workspace/vscode/turtorials/build/cpp_pubsub -- -j16 -l16
[7.336s] Invoking command in '/home/jiujiujiur0000/workspace/vscode/turtorials/build/cpp_pubsub': CMAKE_PREFIX_PATH=${CMAKE_PREFIX_PATH}:/opt/ros/jazzy DEBUGINFOD_URLS=https://debuginfod.ubuntu.com /usr/bin/cmake --install /home/jiujiujiur0000/workspace/vscode/turtorials/build/cpp_pubsub
[7.345s] -- Install configuration: ""
[7.345s] -- Installing: /home/jiujiujiur0000/workspace/vscode/turtorials/install/cpp_pubsub/lib/cpp_pubsub/talker
[7.346s] -- Set non-toolchain portion of runtime path of "/home/jiujiujiur0000/workspace/vscode/turtorials/install/cpp_pubsub/lib/cpp_pubsub/talker" to ""
[7.346s] -- Installing: /home/jiujiujiur0000/workspace/vscode/turtorials/install/cpp_pubsub/lib/cpp_pubsub/listener
[7.351s] -- Set non-toolchain portion of runtime path of "/home/jiujiujiur0000/workspace/vscode/turtorials/install/cpp_pubsub/lib/cpp_pubsub/listener" to ""
[7.351s] -- Installing: /home/jiujiujiur0000/workspace/vscode/turtorials/install/cpp_pubsub/share/ament_index/resource_index/package_run_dependencies/cpp_pubsub
[7.351s] -- Installing: /home/jiujiujiur0000/workspace/vscode/turtorials/install/cpp_pubsub/share/ament_index/resource_index/parent_prefix_path/cpp_pubsub
[7.351s] -- Installing: /home/jiujiujiur0000/workspace/vscode/turtorials/install/cpp_pubsub/share/cpp_pubsub/environment/ament_prefix_path.sh
[7.351s] -- Installing: /home/jiujiujiur0000/workspace/vscode/turtorials/install/cpp_pubsub/share/cpp_pubsub/environment/ament_prefix_path.dsv
[7.351s] -- Installing: /home/jiujiujiur0000/workspace/vscode/turtorials/install/cpp_pubsub/share/cpp_pubsub/environment/path.sh
[7.352s] -- Installing: /home/jiujiujiur0000/workspace/vscode/turtorials/install/cpp_pubsub/share/cpp_pubsub/environment/path.dsv
[7.352s] -- Installing: /home/jiujiujiur0000/workspace/vscode/turtorials/install/cpp_pubsub/share/cpp_pubsub/local_setup.bash
[7.352s] -- Installing: /home/jiujiujiur0000/workspace/vscode/turtorials/install/cpp_pubsub/share/cpp_pubsub/local_setup.sh
[7.352s] -- Installing: /home/jiujiujiur0000/workspace/vscode/turtorials/install/cpp_pubsub/share/cpp_pubsub/local_setup.zsh
[7.352s] -- Installing: /home/jiujiujiur0000/workspace/vscode/turtorials/install/cpp_pubsub/share/cpp_pubsub/local_setup.dsv
[7.353s] -- Installing: /home/jiujiujiur0000/workspace/vscode/turtorials/install/cpp_pubsub/share/cpp_pubsub/package.dsv
[7.353s] -- Installing: /home/jiujiujiur0000/workspace/vscode/turtorials/install/cpp_pubsub/share/ament_index/resource_index/packages/cpp_pubsub
[7.353s] -- Installing: /home/jiujiujiur0000/workspace/vscode/turtorials/install/cpp_pubsub/share/cpp_pubsub/cmake/cpp_pubsubConfig.cmake
[7.353s] -- Installing: /home/jiujiujiur0000/workspace/vscode/turtorials/install/cpp_pubsub/share/cpp_pubsub/cmake/cpp_pubsubConfig-version.cmake
[7.353s] -- Installing: /home/jiujiujiur0000/workspace/vscode/turtorials/install/cpp_pubsub/share/cpp_pubsub/package.xml
[7.355s] Invoked command in '/home/jiujiujiur0000/workspace/vscode/turtorials/build/cpp_pubsub' returned '0': CMAKE_PREFIX_PATH=${CMAKE_PREFIX_PATH}:/opt/ros/jazzy DEBUGINFOD_URLS=https://debuginfod.ubuntu.com /usr/bin/cmake --install /home/jiujiujiur0000/workspace/vscode/turtorials/build/cpp_pubsub
