[0.014s] Invoking command in '/home/jiujiujiur0000/workspace/vscode/turtorials/build/cpp_pubsub': CMAKE_PREFIX_PATH=${CMAKE_PREFIX_PATH}:/opt/ros/jazzy DEBUGINFOD_URLS=https://debuginfod.ubuntu.com /usr/bin/cmake /home/jiujiujiur0000/workspace/vscode/turtorials/src/cpp_pubsub -DCMAKE_INSTALL_PREFIX=/home/jiujiujiur0000/workspace/vscode/turtorials/install/cpp_pubsub
[0.063s] -- The C compiler identification is GNU 13.3.0
[0.121s] -- The CXX compiler identification is GNU 13.3.0
[0.140s] -- Detecting C compiler ABI info
[0.236s] -- Detecting C compiler ABI info - done
[0.244s] -- Check for working C compiler: /usr/bin/cc - skipped
[0.244s] -- Detecting C compile features
[0.245s] -- Detecting C compile features - done
[0.256s] -- Detecting CXX compiler ABI info
[0.371s] -- Detecting CXX compiler ABI info - done
[0.382s] -- Check for working CXX compiler: /usr/bin/c++ - skipped
[0.382s] -- Detecting CXX compile features
[0.382s] -- Detecting CXX compile features - done
[0.387s] -- Found ament_cmake: 2.5.4 (/opt/ros/jazzy/share/ament_cmake/cmake)
[0.606s] -- Found Python3: /usr/bin/python3 (found version "3.12.3") found components: Interpreter 
[0.763s] -- Found rclcpp: 28.1.12 (/opt/ros/jazzy/share/rclcpp/cmake)
[0.827s] -- Found rosidl_generator_c: 4.6.6 (/opt/ros/jazzy/share/rosidl_generator_c/cmake)
[0.847s] -- Found rosidl_generator_cpp: 4.6.6 (/opt/ros/jazzy/share/rosidl_generator_cpp/cmake)
[0.869s] -- Using all available rosidl_typesupport_c: rosidl_typesupport_fastrtps_c;rosidl_typesupport_introspection_c
[0.893s] -- Using all available rosidl_typesupport_cpp: rosidl_typesupport_fastrtps_cpp;rosidl_typesupport_introspection_cpp
[0.996s] -- Found rmw_implementation_cmake: 7.3.2 (/opt/ros/jazzy/share/rmw_implementation_cmake/cmake)
[1.001s] -- Found rmw_fastrtps_cpp: 8.4.3 (/opt/ros/jazzy/share/rmw_fastrtps_cpp/cmake)
[1.124s] -- Found OpenSSL: /usr/lib/x86_64-linux-gnu/libcrypto.so (found version "3.0.13")  
[1.151s] -- Found FastRTPS: /opt/ros/jazzy/include (Required is at least version "2.13") 
[1.180s] -- Using RMW implementation 'rmw_fastrtps_cpp' as default
[1.271s] -- Found std_msgs: 5.3.6 (/opt/ros/jazzy/share/std_msgs/cmake)
[1.290s] -- Found ament_lint_auto: 0.17.3 (/opt/ros/jazzy/share/ament_lint_auto/cmake)
[1.422s] -- Added test 'cppcheck' to perform static code analysis on C / C++ code
[1.423s] -- Configured cppcheck include dirs: 
[1.423s] -- Configured cppcheck exclude dirs and/or files: 
[1.423s] -- Added test 'lint_cmake' to check CMake code style
[1.425s] -- Added test 'uncrustify' to check C / C++ code style
[1.425s] -- Configured uncrustify additional arguments: 
[1.426s] -- Added test 'xmllint' to check XML markup files
[1.428s] -- Configuring done (1.4s)
[1.431s] [31mCMake Error at CMakeLists.txt:14 (add_executable):
[1.431s]   Cannot find source file:
[1.431s] 
[1.432s]     src/publisher_lambda_function.cpp
[1.432s] 
[1.432s]   Tried extensions .c .C .c++ .cc .cpp .cxx .cu .mpp .m .M .mm .ixx .cppm
[1.432s]   .ccm .cxxm .c++m .h .hh .h++ .hm .hpp .hxx .in .txx .f .F .for .f77 .f90
[1.432s]   .f95 .f03 .hip .ispc
[1.432s] 
[1.433s] [0m
[1.433s] [31mCMake Error at CMakeLists.txt:16 (add_executable):
[1.433s]   Cannot find source file:
[1.433s] 
[1.433s]     src/subscriber_lambda_function.cpp
[1.433s] 
[1.434s]   Tried extensions .c .C .c++ .cc .cpp .cxx .cu .mpp .m .M .mm .ixx .cppm
[1.434s]   .ccm .cxxm .c++m .h .hh .h++ .hm .hpp .hxx .in .txx .f .F .for .f77 .f90
[1.434s]   .f95 .f03 .hip .ispc
[1.434s] 
[1.434s] [0m
[1.434s] [31mCMake Error at CMakeLists.txt:14 (add_executable):
[1.435s]   No SOURCES given to target: talker
[1.435s] 
[1.435s] [0m
[1.435s] [31mCMake Error at CMakeLists.txt:16 (add_executable):
[1.435s]   No SOURCES given to target: listener
[1.435s] 
[1.435s] [0m
[1.436s] [0mCMake Generate step failed.  Build files cannot be regenerated correctly.[0m
[1.449s] Invoked command in '/home/jiujiujiur0000/workspace/vscode/turtorials/build/cpp_pubsub' returned '1': CMAKE_PREFIX_PATH=${CMAKE_PREFIX_PATH}:/opt/ros/jazzy DEBUGINFOD_URLS=https://debuginfod.ubuntu.com /usr/bin/cmake /home/jiujiujiur0000/workspace/vscode/turtorials/src/cpp_pubsub -DCMAKE_INSTALL_PREFIX=/home/jiujiujiur0000/workspace/vscode/turtorials/install/cpp_pubsub
