[0.027s] Invoking command in '/home/jiujiujiur0000/workspace/vscode/turtorials/build/cpp_parameters': CMAKE_PREFIX_PATH=${CMAKE_PREFIX_PATH}:/opt/ros/jazzy DEBUGINFOD_URLS=https://debuginfod.ubuntu.com /usr/bin/cmake /home/jiujiujiur0000/workspace/vscode/turtorials/src/cpp_parameters -DCMAKE_INSTALL_PREFIX=/home/jiujiujiur0000/workspace/vscode/turtorials/install/cpp_parameters
[0.078s] -- The C compiler identification is GNU 13.3.0
[0.135s] -- The CXX compiler identification is GNU 13.3.0
[0.153s] -- Detecting C compiler ABI info
[0.241s] -- Detecting C compiler ABI info - done
[0.251s] -- Check for working C compiler: /usr/bin/cc - skipped
[0.252s] -- Detecting C compile features
[0.252s] -- Detecting C compile features - done
[0.260s] -- Detecting CXX compiler ABI info
[0.358s] -- Detecting CXX compiler ABI info - done
[0.366s] -- Check for working CXX compiler: /usr/bin/c++ - skipped
[0.366s] -- Detecting CXX compile features
[0.366s] -- Detecting CXX compile features - done
[0.371s] -- Found ament_cmake: 2.5.4 (/opt/ros/jazzy/share/ament_cmake/cmake)
[0.532s] -- Found Python3: /usr/bin/python3 (found version "3.12.3") found components: Interpreter 
[0.666s] -- Found rclcpp: 28.1.12 (/opt/ros/jazzy/share/rclcpp/cmake)
[0.732s] -- Found rosidl_generator_c: 4.6.6 (/opt/ros/jazzy/share/rosidl_generator_c/cmake)
[0.753s] -- Found rosidl_generator_cpp: 4.6.6 (/opt/ros/jazzy/share/rosidl_generator_cpp/cmake)
[0.775s] -- Using all available rosidl_typesupport_c: rosidl_typesupport_fastrtps_c;rosidl_typesupport_introspection_c
[0.798s] -- Using all available rosidl_typesupport_cpp: rosidl_typesupport_fastrtps_cpp;rosidl_typesupport_introspection_cpp
[0.894s] -- Found rmw_implementation_cmake: 7.3.2 (/opt/ros/jazzy/share/rmw_implementation_cmake/cmake)
[0.899s] -- Found rmw_fastrtps_cpp: 8.4.3 (/opt/ros/jazzy/share/rmw_fastrtps_cpp/cmake)
[1.011s] -- Found OpenSSL: /usr/lib/x86_64-linux-gnu/libcrypto.so (found version "3.0.13")  
[1.033s] -- Found FastRTPS: /opt/ros/jazzy/include (Required is at least version "2.13") 
[1.056s] -- Using RMW implementation 'rmw_fastrtps_cpp' as default
[1.143s] -- Found ament_lint_auto: 0.17.3 (/opt/ros/jazzy/share/ament_lint_auto/cmake)
[1.254s] -- Added test 'lint_cmake' to check CMake code style
[1.255s] -- Added test 'xmllint' to check XML markup files
[1.257s] -- Configuring done (1.2s)
[1.262s] -- Generating done (0.0s)
[1.263s] -- Build files have been written to: /home/jiujiujiur0000/workspace/vscode/turtorials/build/cpp_parameters
