[0.024s] Invoking command in '/home/jiujiujiur0000/workspace/vscode/turtorials/build/more_interfaces': CMAKE_PREFIX_PATH=${CMAKE_PREFIX_PATH}:/opt/ros/jazzy DEBUGINFOD_URLS=https://debuginfod.ubuntu.com /usr/bin/cmake --build /home/jiujiujiur0000/workspace/vscode/turtorials/build/more_interfaces -- -j16 -l16
[0.052s] -- Found ament_cmake: 2.5.4 (/opt/ros/jazzy/share/ament_cmake/cmake)
[0.082s] -- Found Python3: /usr/bin/python3 (found version "3.12.3") found components: Interpreter 
[0.165s] -- Found rosidl_default_generators: 1.6.0 (/opt/ros/jazzy/share/rosidl_default_generators/cmake)
[0.169s] -- Using all available rosidl_typesupport_c: rosidl_typesupport_fastrtps_c;rosidl_typesupport_introspection_c
[0.211s] -- Using all available rosidl_typesupport_cpp: rosidl_typesupport_fastrtps_cpp;rosidl_typesupport_introspection_cpp
[0.242s] -- Found rosidl_adapter: 4.6.6 (/opt/ros/jazzy/share/rosidl_adapter/cmake)
[0.247s] -- Found rclcpp: 28.1.12 (/opt/ros/jazzy/share/rclcpp/cmake)
[0.322s] -- Found rmw_implementation_cmake: 7.3.2 (/opt/ros/jazzy/share/rmw_implementation_cmake/cmake)
[0.324s] -- Found rmw_fastrtps_cpp: 8.4.3 (/opt/ros/jazzy/share/rmw_fastrtps_cpp/cmake)
[0.397s] -- Using RMW implementation 'rmw_fastrtps_cpp' as default
[0.720s] -- Found ament_cmake_ros: 0.12.0 (/opt/ros/jazzy/share/ament_cmake_ros/cmake)
[0.806s] -- Using all available rosidl_typesupport_c: rosidl_typesupport_fastrtps_c;rosidl_typesupport_introspection_c
[0.916s] -- Using all available rosidl_typesupport_cpp: rosidl_typesupport_fastrtps_cpp;rosidl_typesupport_introspection_cpp
[0.917s] -- Found python_cmake_module: 0.11.1 (/opt/ros/jazzy/share/python_cmake_module/cmake)
[1.214s] -- Found Python3: /usr/bin/python3 (found version "3.12.3") found components: Interpreter Development NumPy Development.Module Development.Embed 
[1.224s] -- Found ament_lint_auto: 0.17.3 (/opt/ros/jazzy/share/ament_lint_auto/cmake)
[1.233s] -- Added test 'cppcheck' to perform static code analysis on C / C++ code
[1.233s] -- Configured cppcheck include dirs: 
[1.233s] -- Configured cppcheck exclude dirs and/or files: 
[1.233s] -- Added test 'lint_cmake' to check CMake code style
[1.234s] -- Added test 'uncrustify' to check C / C++ code style
[1.234s] -- Configured uncrustify additional arguments: 
[1.235s] -- Added test 'xmllint' to check XML markup files
[1.236s] -- Configuring done (1.2s)
[1.291s] -- Generating done (0.0s)
[1.303s] -- Build files have been written to: /home/jiujiujiur0000/workspace/vscode/turtorials/build/more_interfaces
[1.344s] [  2%] Built target more_interfaces__rosidl_generator_type_description
[1.355s] [  2%] Built target ament_cmake_python_copy_more_interfaces
[1.367s] [  5%] Built target more_interfaces__cpp
[1.368s] [ 19%] Built target more_interfaces__rosidl_generator_c
[1.392s] [ 36%] Built target more_interfaces__rosidl_typesupport_introspection_c
[1.392s] [ 36%] Built target more_interfaces__rosidl_typesupport_c
[1.392s] [ 44%] Built target more_interfaces__rosidl_typesupport_introspection_cpp
[1.393s] [ 52%] Built target more_interfaces__rosidl_typesupport_fastrtps_cpp
[1.393s] [ 61%] Built target more_interfaces__rosidl_typesupport_cpp
[1.393s] [ 69%] Built target more_interfaces__rosidl_typesupport_fastrtps_c
[1.416s] [ 69%] Built target more_interfaces
[1.425s] [ 75%] Built target publish_address_book
[1.438s] [ 77%] Built target more_interfaces__py
[1.465s] [ 83%] Built target more_interfaces__rosidl_generator_py
[1.491s] [100%] Built target more_interfaces_s__rosidl_typesupport_c
[1.491s] [100%] Built target more_interfaces_s__rosidl_typesupport_introspection_c
[1.491s] [100%] Built target more_interfaces_s__rosidl_typesupport_fastrtps_c
[1.569s] running egg_info
[1.591s] writing more_interfaces.egg-info/PKG-INFO
[1.592s] writing dependency_links to more_interfaces.egg-info/dependency_links.txt
[1.592s] writing top-level names to more_interfaces.egg-info/top_level.txt
[1.654s] reading manifest file 'more_interfaces.egg-info/SOURCES.txt'
[1.655s] writing manifest file 'more_interfaces.egg-info/SOURCES.txt'
[1.681s] [100%] Built target ament_cmake_python_build_more_interfaces_egg
