[0.010s] Invoking command in '/home/jiujiujiur0000/workspace/vscode/turtorials/build/more_interfaces': CMAKE_PREFIX_PATH=${CMAKE_PREFIX_PATH}:/opt/ros/jazzy DEBUGINFOD_URLS=https://debuginfod.ubuntu.com /usr/bin/cmake /home/jiujiujiur0000/workspace/vscode/turtorials/src/more_interfaces -DCMAKE_INSTALL_PREFIX=/home/jiujiujiur0000/workspace/vscode/turtorials/install/more_interfaces
[0.022s] -- Found ament_cmake: 2.5.4 (/opt/ros/jazzy/share/ament_cmake/cmake)
[0.044s] -- Found Python3: /usr/bin/python3 (found version "3.12.3") found components: Interpreter 
[0.106s] -- Found rosidl_default_generators: 1.6.0 (/opt/ros/jazzy/share/rosidl_default_generators/cmake)
[0.109s] -- Using all available rosidl_typesupport_c: rosidl_typesupport_fastrtps_c;rosidl_typesupport_introspection_c
[0.140s] -- Using all available rosidl_typesupport_cpp: rosidl_typesupport_fastrtps_cpp;rosidl_typesupport_introspection_cpp
[0.163s] -- Found rosidl_adapter: 4.6.6 (/opt/ros/jazzy/share/rosidl_adapter/cmake)
[0.164s] -- Found rclcpp: 28.1.12 (/opt/ros/jazzy/share/rclcpp/cmake)
[0.216s] -- Found rmw_implementation_cmake: 7.3.2 (/opt/ros/jazzy/share/rmw_implementation_cmake/cmake)
[0.217s] -- Found rmw_fastrtps_cpp: 8.4.3 (/opt/ros/jazzy/share/rmw_fastrtps_cpp/cmake)
[0.274s] -- Using RMW implementation 'rmw_fastrtps_cpp' as default
[0.525s] -- Found ament_cmake_ros: 0.12.0 (/opt/ros/jazzy/share/ament_cmake_ros/cmake)
[0.603s] -- Using all available rosidl_typesupport_c: rosidl_typesupport_fastrtps_c;rosidl_typesupport_introspection_c
[0.702s] -- Using all available rosidl_typesupport_cpp: rosidl_typesupport_fastrtps_cpp;rosidl_typesupport_introspection_cpp
[0.703s] -- Found python_cmake_module: 0.11.1 (/opt/ros/jazzy/share/python_cmake_module/cmake)
[0.921s] -- Found Python3: /usr/bin/python3 (found version "3.12.3") found components: Interpreter Development NumPy Development.Module Development.Embed 
[0.934s] -- Found ament_lint_auto: 0.17.3 (/opt/ros/jazzy/share/ament_lint_auto/cmake)
[0.976s] -- Added test 'cppcheck' to perform static code analysis on C / C++ code
[0.976s] -- Configured cppcheck include dirs: 
[0.976s] -- Configured cppcheck exclude dirs and/or files: 
[0.977s] -- Added test 'lint_cmake' to check CMake code style
[0.979s] -- Added test 'uncrustify' to check C / C++ code style
[0.980s] -- Configured uncrustify additional arguments: 
[0.980s] -- Added test 'xmllint' to check XML markup files
[0.983s] -- Configuring done (1.0s)
[1.016s] -- Generating done (0.0s)
[1.026s] -- Build files have been written to: /home/jiujiujiur0000/workspace/vscode/turtorials/build/more_interfaces
[1.035s] Invoked command in '/home/jiujiujiur0000/workspace/vscode/turtorials/build/more_interfaces' returned '0': CMAKE_PREFIX_PATH=${CMAKE_PREFIX_PATH}:/opt/ros/jazzy DEBUGINFOD_URLS=https://debuginfod.ubuntu.com /usr/bin/cmake /home/jiujiujiur0000/workspace/vscode/turtorials/src/more_interfaces -DCMAKE_INSTALL_PREFIX=/home/jiujiujiur0000/workspace/vscode/turtorials/install/more_interfaces
[1.037s] Invoking command in '/home/jiujiujiur0000/workspace/vscode/turtorials/build/more_interfaces': CMAKE_PREFIX_PATH=${CMAKE_PREFIX_PATH}:/opt/ros/jazzy DEBUGINFOD_URLS=https://debuginfod.ubuntu.com /usr/bin/cmake --build /home/jiujiujiur0000/workspace/vscode/turtorials/build/more_interfaces -- -j16 -l16
[1.088s] [  2%] [32mBuilding CXX object CMakeFiles/publish_address_book.dir/src/publish_address_book.cpp.o[0m
[1.088s] [  5%] [34m[1mGenerating type hashes for ROS interfaces[0m
[1.097s] [  5%] Built target ament_cmake_python_copy_more_interfaces
[1.255s] [  5%] Built target more_interfaces__rosidl_generator_type_description
[1.268s] [  8%] [34m[1mGenerating C code for ROS interfaces[0m
[1.281s] [ 11%] [34m[1mGenerating C++ code for ROS interfaces[0m
[1.305s] running egg_info
[1.306s] creating more_interfaces.egg-info
[1.311s] [01m[K/home/jiujiujiur0000/workspace/vscode/turtorials/src/more_interfaces/src/publish_address_book.cpp:5:10:[m[K [01;31m[Kfatal error: [m[Kmore_interfaces/msg/address_book.hpp: 没有那个文件或目录
[1.311s]     5 | #include [01;31m[K"more_interfaces/msg/address_book.hpp"[m[K
[1.311s]       |          [01;31m[K^~~~~~~~~~~~~~~~~~~~~~~~~~~~~~~~~~~~~~[m[K
[1.311s] compilation terminated.
[1.315s] gmake[2]: *** [CMakeFiles/publish_address_book.dir/build.make:76：CMakeFiles/publish_address_book.dir/src/publish_address_book.cpp.o] 错误 1
[1.316s] gmake[1]: *** [CMakeFiles/Makefile2:623：CMakeFiles/publish_address_book.dir/all] 错误 2
[1.316s] gmake[1]: *** 正在等待未完成的任务....
[1.325s] writing more_interfaces.egg-info/PKG-INFO
[1.326s] writing dependency_links to more_interfaces.egg-info/dependency_links.txt
[1.326s] writing top-level names to more_interfaces.egg-info/top_level.txt
[1.326s] writing manifest file 'more_interfaces.egg-info/SOURCES.txt'
[1.381s] reading manifest file 'more_interfaces.egg-info/SOURCES.txt'
[1.382s] writing manifest file 'more_interfaces.egg-info/SOURCES.txt'
[1.406s] [ 11%] Built target ament_cmake_python_build_more_interfaces_egg
[1.486s] [ 11%] Built target more_interfaces__cpp
[1.497s] [ 19%] [32mBuilding C object CMakeFiles/more_interfaces__rosidl_generator_c.dir/rosidl_generator_c/more_interfaces/msg/detail/address_book__description.c.o[0m
[1.497s] [ 19%] [32mBuilding C object CMakeFiles/more_interfaces__rosidl_generator_c.dir/rosidl_generator_c/more_interfaces/msg/detail/address_book__type_support.c.o[0m
[1.497s] [ 19%] [32mBuilding C object CMakeFiles/more_interfaces__rosidl_generator_c.dir/rosidl_generator_c/more_interfaces/msg/detail/address_book__functions.c.o[0m
[1.546s] [ 22%] [32m[1mLinking C shared library libmore_interfaces__rosidl_generator_c.so[0m
[1.582s] [ 22%] Built target more_interfaces__rosidl_generator_c
[1.583s] gmake: *** [Makefile:146：all] 错误 2
[1.586s] Invoked command in '/home/jiujiujiur0000/workspace/vscode/turtorials/build/more_interfaces' returned '2': CMAKE_PREFIX_PATH=${CMAKE_PREFIX_PATH}:/opt/ros/jazzy DEBUGINFOD_URLS=https://debuginfod.ubuntu.com /usr/bin/cmake --build /home/jiujiujiur0000/workspace/vscode/turtorials/build/more_interfaces -- -j16 -l16
