[0.022s] Invoking command in '/home/jiujiujiur0000/workspace/vscode/turtorials/build/more_interfaces': CMAKE_PREFIX_PATH=${CMAKE_PREFIX_PATH}:/opt/ros/jazzy DEBUGINFOD_URLS=https://debuginfod.ubuntu.com /usr/bin/cmake --build /home/jiujiujiur0000/workspace/vscode/turtorials/build/more_interfaces -- -j16 -l16
[0.078s] [  2%] Built target more_interfaces__rosidl_generator_type_description
[0.093s] [  2%] Built target ament_cmake_python_copy_more_interfaces
[0.110s] [  5%] Built target more_interfaces__cpp
[0.112s] [ 19%] Built target more_interfaces__rosidl_generator_c
[0.158s] [ 36%] Built target more_interfaces__rosidl_typesupport_c
[0.158s] [ 44%] Built target more_interfaces__rosidl_typesupport_cpp
[0.158s] [ 36%] Built target more_interfaces__rosidl_typesupport_introspection_c
[0.165s] [ 55%] Built target more_interfaces__rosidl_typesupport_fastrtps_cpp
[0.165s] [ 61%] Built target more_interfaces__rosidl_typesupport_fastrtps_c
[0.167s] [ 69%] Built target more_interfaces__rosidl_typesupport_introspection_cpp
[0.191s] [ 69%] Built target more_interfaces
[0.195s] [ 75%] Built target publish_address_book
[0.215s] [ 77%] Built target more_interfaces__py
[0.240s] [ 83%] Built target more_interfaces__rosidl_generator_py
[0.268s] [ 88%] Built target more_interfaces_s__rosidl_typesupport_fastrtps_c
[0.268s] [ 94%] Built target more_interfaces_s__rosidl_typesupport_introspection_c
[0.269s] [100%] Built target more_interfaces_s__rosidl_typesupport_c
[0.343s] running egg_info
[0.363s] writing more_interfaces.egg-info/PKG-INFO
[0.363s] writing dependency_links to more_interfaces.egg-info/dependency_links.txt
[0.363s] writing top-level names to more_interfaces.egg-info/top_level.txt
[0.425s] reading manifest file 'more_interfaces.egg-info/SOURCES.txt'
[0.426s] writing manifest file 'more_interfaces.egg-info/SOURCES.txt'
[0.461s] [100%] Built target ament_cmake_python_build_more_interfaces_egg
[0.477s] Invoked command in '/home/jiujiujiur0000/workspace/vscode/turtorials/build/more_interfaces' returned '0': CMAKE_PREFIX_PATH=${CMAKE_PREFIX_PATH}:/opt/ros/jazzy DEBUGINFOD_URLS=https://debuginfod.ubuntu.com /usr/bin/cmake --build /home/jiujiujiur0000/workspace/vscode/turtorials/build/more_interfaces -- -j16 -l16
[0.479s] Invoking command in '/home/jiujiujiur0000/workspace/vscode/turtorials/build/more_interfaces': CMAKE_PREFIX_PATH=${CMAKE_PREFIX_PATH}:/opt/ros/jazzy DEBUGINFOD_URLS=https://debuginfod.ubuntu.com /usr/bin/cmake --install /home/jiujiujiur0000/workspace/vscode/turtorials/build/more_interfaces
[0.500s] -- Install configuration: ""
[0.500s] -- Up-to-date: /home/jiujiujiur0000/workspace/vscode/turtorials/install/more_interfaces/share/ament_index/resource_index/rosidl_interfaces/more_interfaces
[0.500s] -- Up-to-date: /home/jiujiujiur0000/workspace/vscode/turtorials/install/more_interfaces/share/more_interfaces/msg/AddressBook.json
[0.500s] -- Up-to-date: /home/jiujiujiur0000/workspace/vscode/turtorials/install/more_interfaces/include/more_interfaces/more_interfaces
[0.501s] -- Up-to-date: /home/jiujiujiur0000/workspace/vscode/turtorials/install/more_interfaces/include/more_interfaces/more_interfaces/msg
[0.501s] -- Up-to-date: /home/jiujiujiur0000/workspace/vscode/turtorials/install/more_interfaces/include/more_interfaces/more_interfaces/msg/detail
[0.501s] -- Up-to-date: /home/jiujiujiur0000/workspace/vscode/turtorials/install/more_interfaces/include/more_interfaces/more_interfaces/msg/detail/address_book__struct.h
[0.501s] -- Up-to-date: /home/jiujiujiur0000/workspace/vscode/turtorials/install/more_interfaces/include/more_interfaces/more_interfaces/msg/detail/address_book__type_support.h
[0.501s] -- Installing: /home/jiujiujiur0000/workspace/vscode/turtorials/install/more_interfaces/include/more_interfaces/more_interfaces/msg/detail/address_book__type_support.c
[0.501s] -- Up-to-date: /home/jiujiujiur0000/workspace/vscode/turtorials/install/more_interfaces/include/more_interfaces/more_interfaces/msg/detail/address_book__description.c
[0.501s] -- Up-to-date: /home/jiujiujiur0000/workspace/vscode/turtorials/install/more_interfaces/include/more_interfaces/more_interfaces/msg/detail/address_book__functions.c
[0.501s] -- Up-to-date: /home/jiujiujiur0000/workspace/vscode/turtorials/install/more_interfaces/include/more_interfaces/more_interfaces/msg/detail/address_book__functions.h
[0.501s] -- Up-to-date: /home/jiujiujiur0000/workspace/vscode/turtorials/install/more_interfaces/include/more_interfaces/more_interfaces/msg/address_book.h
[0.501s] -- Up-to-date: /home/jiujiujiur0000/workspace/vscode/turtorials/install/more_interfaces/include/more_interfaces/more_interfaces/msg/rosidl_generator_c__visibility_control.h
[0.501s] -- Up-to-date: /home/jiujiujiur0000/workspace/vscode/turtorials/install/more_interfaces/share/more_interfaces/environment/library_path.sh
[0.501s] -- Up-to-date: /home/jiujiujiur0000/workspace/vscode/turtorials/install/more_interfaces/share/more_interfaces/environment/library_path.dsv
[0.501s] -- Up-to-date: /home/jiujiujiur0000/workspace/vscode/turtorials/install/more_interfaces/lib/libmore_interfaces__rosidl_generator_c.so
[0.501s] -- Up-to-date: /home/jiujiujiur0000/workspace/vscode/turtorials/install/more_interfaces/include/more_interfaces/more_interfaces
[0.502s] -- Up-to-date: /home/jiujiujiur0000/workspace/vscode/turtorials/install/more_interfaces/include/more_interfaces/more_interfaces/msg
[0.502s] -- Up-to-date: /home/jiujiujiur0000/workspace/vscode/turtorials/install/more_interfaces/include/more_interfaces/more_interfaces/msg/detail
[0.502s] -- Up-to-date: /home/jiujiujiur0000/workspace/vscode/turtorials/install/more_interfaces/include/more_interfaces/more_interfaces/msg/detail/address_book__rosidl_typesupport_fastrtps_c.h
[0.502s] -- Up-to-date: /home/jiujiujiur0000/workspace/vscode/turtorials/install/more_interfaces/include/more_interfaces/more_interfaces/msg/rosidl_typesupport_fastrtps_c__visibility_control.h
[0.502s] -- Up-to-date: /home/jiujiujiur0000/workspace/vscode/turtorials/install/more_interfaces/lib/libmore_interfaces__rosidl_typesupport_fastrtps_c.so
[0.502s] -- Up-to-date: /home/jiujiujiur0000/workspace/vscode/turtorials/install/more_interfaces/include/more_interfaces/more_interfaces
[0.502s] -- Up-to-date: /home/jiujiujiur0000/workspace/vscode/turtorials/install/more_interfaces/include/more_interfaces/more_interfaces/msg
[0.502s] -- Up-to-date: /home/jiujiujiur0000/workspace/vscode/turtorials/install/more_interfaces/include/more_interfaces/more_interfaces/msg/detail
[0.502s] -- Installing: /home/jiujiujiur0000/workspace/vscode/turtorials/install/more_interfaces/include/more_interfaces/more_interfaces/msg/detail/address_book__type_support.c
[0.502s] -- Up-to-date: /home/jiujiujiur0000/workspace/vscode/turtorials/install/more_interfaces/include/more_interfaces/more_interfaces/msg/detail/address_book__rosidl_typesupport_introspection_c.h
[0.502s] -- Up-to-date: /home/jiujiujiur0000/workspace/vscode/turtorials/install/more_interfaces/include/more_interfaces/more_interfaces/msg/rosidl_typesupport_introspection_c__visibility_control.h
[0.502s] -- Up-to-date: /home/jiujiujiur0000/workspace/vscode/turtorials/install/more_interfaces/lib/libmore_interfaces__rosidl_typesupport_introspection_c.so
[0.503s] -- Up-to-date: /home/jiujiujiur0000/workspace/vscode/turtorials/install/more_interfaces/lib/libmore_interfaces__rosidl_typesupport_c.so
[0.503s] -- Up-to-date: /home/jiujiujiur0000/workspace/vscode/turtorials/install/more_interfaces/include/more_interfaces/more_interfaces
[0.503s] -- Up-to-date: /home/jiujiujiur0000/workspace/vscode/turtorials/install/more_interfaces/include/more_interfaces/more_interfaces/msg
[0.503s] -- Up-to-date: /home/jiujiujiur0000/workspace/vscode/turtorials/install/more_interfaces/include/more_interfaces/more_interfaces/msg/detail
[0.503s] -- Up-to-date: /home/jiujiujiur0000/workspace/vscode/turtorials/install/more_interfaces/include/more_interfaces/more_interfaces/msg/detail/address_book__type_support.hpp
[0.503s] -- Up-to-date: /home/jiujiujiur0000/workspace/vscode/turtorials/install/more_interfaces/include/more_interfaces/more_interfaces/msg/detail/address_book__traits.hpp
[0.503s] -- Up-to-date: /home/jiujiujiur0000/workspace/vscode/turtorials/install/more_interfaces/include/more_interfaces/more_interfaces/msg/detail/address_book__struct.hpp
[0.503s] -- Up-to-date: /home/jiujiujiur0000/workspace/vscode/turtorials/install/more_interfaces/include/more_interfaces/more_interfaces/msg/detail/address_book__builder.hpp
[0.503s] -- Up-to-date: /home/jiujiujiur0000/workspace/vscode/turtorials/install/more_interfaces/include/more_interfaces/more_interfaces/msg/address_book.hpp
[0.503s] -- Up-to-date: /home/jiujiujiur0000/workspace/vscode/turtorials/install/more_interfaces/include/more_interfaces/more_interfaces/msg/rosidl_generator_cpp__visibility_control.hpp
[0.503s] -- Up-to-date: /home/jiujiujiur0000/workspace/vscode/turtorials/install/more_interfaces/include/more_interfaces/more_interfaces
[0.503s] -- Up-to-date: /home/jiujiujiur0000/workspace/vscode/turtorials/install/more_interfaces/include/more_interfaces/more_interfaces/msg
[0.503s] -- Up-to-date: /home/jiujiujiur0000/workspace/vscode/turtorials/install/more_interfaces/include/more_interfaces/more_interfaces/msg/detail
[0.503s] -- Up-to-date: /home/jiujiujiur0000/workspace/vscode/turtorials/install/more_interfaces/include/more_interfaces/more_interfaces/msg/detail/dds_fastrtps
[0.504s] -- Up-to-date: /home/jiujiujiur0000/workspace/vscode/turtorials/install/more_interfaces/include/more_interfaces/more_interfaces/msg/detail/address_book__rosidl_typesupport_fastrtps_cpp.hpp
[0.504s] -- Up-to-date: /home/jiujiujiur0000/workspace/vscode/turtorials/install/more_interfaces/include/more_interfaces/more_interfaces/msg/rosidl_typesupport_fastrtps_cpp__visibility_control.h
[0.504s] -- Up-to-date: /home/jiujiujiur0000/workspace/vscode/turtorials/install/more_interfaces/lib/libmore_interfaces__rosidl_typesupport_fastrtps_cpp.so
[0.504s] -- Up-to-date: /home/jiujiujiur0000/workspace/vscode/turtorials/install/more_interfaces/include/more_interfaces/more_interfaces
[0.504s] -- Up-to-date: /home/jiujiujiur0000/workspace/vscode/turtorials/install/more_interfaces/include/more_interfaces/more_interfaces/msg
[0.504s] -- Up-to-date: /home/jiujiujiur0000/workspace/vscode/turtorials/install/more_interfaces/include/more_interfaces/more_interfaces/msg/detail
[0.504s] -- Up-to-date: /home/jiujiujiur0000/workspace/vscode/turtorials/install/more_interfaces/include/more_interfaces/more_interfaces/msg/detail/address_book__rosidl_typesupport_introspection_cpp.hpp
[0.504s] -- Up-to-date: /home/jiujiujiur0000/workspace/vscode/turtorials/install/more_interfaces/include/more_interfaces/more_interfaces/msg/detail/address_book__type_support.cpp
[0.504s] -- Up-to-date: /home/jiujiujiur0000/workspace/vscode/turtorials/install/more_interfaces/lib/libmore_interfaces__rosidl_typesupport_introspection_cpp.so
[0.504s] -- Up-to-date: /home/jiujiujiur0000/workspace/vscode/turtorials/install/more_interfaces/lib/libmore_interfaces__rosidl_typesupport_cpp.so
[0.504s] -- Up-to-date: /home/jiujiujiur0000/workspace/vscode/turtorials/install/more_interfaces/share/more_interfaces/environment/pythonpath.sh
[0.504s] -- Up-to-date: /home/jiujiujiur0000/workspace/vscode/turtorials/install/more_interfaces/share/more_interfaces/environment/pythonpath.dsv
[0.504s] -- Up-to-date: /home/jiujiujiur0000/workspace/vscode/turtorials/install/more_interfaces/lib/python3.12/site-packages/more_interfaces-0.0.0-py3.12.egg-info
[0.505s] -- Installing: /home/jiujiujiur0000/workspace/vscode/turtorials/install/more_interfaces/lib/python3.12/site-packages/more_interfaces-0.0.0-py3.12.egg-info/top_level.txt
[0.505s] -- Installing: /home/jiujiujiur0000/workspace/vscode/turtorials/install/more_interfaces/lib/python3.12/site-packages/more_interfaces-0.0.0-py3.12.egg-info/dependency_links.txt
[0.505s] -- Installing: /home/jiujiujiur0000/workspace/vscode/turtorials/install/more_interfaces/lib/python3.12/site-packages/more_interfaces-0.0.0-py3.12.egg-info/PKG-INFO
[0.505s] -- Installing: /home/jiujiujiur0000/workspace/vscode/turtorials/install/more_interfaces/lib/python3.12/site-packages/more_interfaces-0.0.0-py3.12.egg-info/SOURCES.txt
[0.505s] -- Up-to-date: /home/jiujiujiur0000/workspace/vscode/turtorials/install/more_interfaces/lib/python3.12/site-packages/more_interfaces
[0.505s] -- Up-to-date: /home/jiujiujiur0000/workspace/vscode/turtorials/install/more_interfaces/lib/python3.12/site-packages/more_interfaces/more_interfaces_s__rosidl_typesupport_fastrtps_c.so
[0.505s] -- Up-to-date: /home/jiujiujiur0000/workspace/vscode/turtorials/install/more_interfaces/lib/python3.12/site-packages/more_interfaces/more_interfaces_s__rosidl_typesupport_c.so
[0.505s] -- Up-to-date: /home/jiujiujiur0000/workspace/vscode/turtorials/install/more_interfaces/lib/python3.12/site-packages/more_interfaces/more_interfaces_s__rosidl_typesupport_introspection_c.so
[0.505s] -- Up-to-date: /home/jiujiujiur0000/workspace/vscode/turtorials/install/more_interfaces/lib/python3.12/site-packages/more_interfaces/_more_interfaces_s.ep.rosidl_typesupport_c.c
[0.505s] -- Up-to-date: /home/jiujiujiur0000/workspace/vscode/turtorials/install/more_interfaces/lib/python3.12/site-packages/more_interfaces/_more_interfaces_s.ep.rosidl_typesupport_fastrtps_c.c
[0.505s] -- Up-to-date: /home/jiujiujiur0000/workspace/vscode/turtorials/install/more_interfaces/lib/python3.12/site-packages/more_interfaces/_more_interfaces_s.ep.rosidl_typesupport_introspection_c.c
[0.506s] -- Installing: /home/jiujiujiur0000/workspace/vscode/turtorials/install/more_interfaces/lib/python3.12/site-packages/more_interfaces/__init__.py
[0.506s] -- Up-to-date: /home/jiujiujiur0000/workspace/vscode/turtorials/install/more_interfaces/lib/python3.12/site-packages/more_interfaces/msg
[0.506s] -- Up-to-date: /home/jiujiujiur0000/workspace/vscode/turtorials/install/more_interfaces/lib/python3.12/site-packages/more_interfaces/msg/_address_book_s.c
[0.506s] -- Up-to-date: /home/jiujiujiur0000/workspace/vscode/turtorials/install/more_interfaces/lib/python3.12/site-packages/more_interfaces/msg/_address_book.py
[0.506s] -- Up-to-date: /home/jiujiujiur0000/workspace/vscode/turtorials/install/more_interfaces/lib/python3.12/site-packages/more_interfaces/msg/__init__.py
[0.535s] Listing '/home/jiujiujiur0000/workspace/vscode/turtorials/install/more_interfaces/lib/python3.12/site-packages/more_interfaces'...
[0.535s] Compiling '/home/jiujiujiur0000/workspace/vscode/turtorials/install/more_interfaces/lib/python3.12/site-packages/more_interfaces/__init__.py'...
[0.535s] Listing '/home/jiujiujiur0000/workspace/vscode/turtorials/install/more_interfaces/lib/python3.12/site-packages/more_interfaces/msg'...
[0.538s] -- Up-to-date: /home/jiujiujiur0000/workspace/vscode/turtorials/install/more_interfaces/lib/python3.12/site-packages/more_interfaces/more_interfaces_s__rosidl_typesupport_fastrtps_c.so
[0.538s] -- Up-to-date: /home/jiujiujiur0000/workspace/vscode/turtorials/install/more_interfaces/lib/python3.12/site-packages/more_interfaces/more_interfaces_s__rosidl_typesupport_introspection_c.so
[0.539s] -- Up-to-date: /home/jiujiujiur0000/workspace/vscode/turtorials/install/more_interfaces/lib/python3.12/site-packages/more_interfaces/more_interfaces_s__rosidl_typesupport_c.so
[0.539s] -- Up-to-date: /home/jiujiujiur0000/workspace/vscode/turtorials/install/more_interfaces/lib/libmore_interfaces__rosidl_generator_py.so
[0.539s] -- Up-to-date: /home/jiujiujiur0000/workspace/vscode/turtorials/install/more_interfaces/share/more_interfaces/msg/AddressBook.idl
[0.539s] -- Up-to-date: /home/jiujiujiur0000/workspace/vscode/turtorials/install/more_interfaces/share/more_interfaces/msg/AddressBook.msg
[0.540s] -- Up-to-date: /home/jiujiujiur0000/workspace/vscode/turtorials/install/more_interfaces/lib/more_interfaces/publish_address_book
[0.540s] -- Up-to-date: /home/jiujiujiur0000/workspace/vscode/turtorials/install/more_interfaces/share/ament_index/resource_index/package_run_dependencies/more_interfaces
[0.540s] -- Installing: /home/jiujiujiur0000/workspace/vscode/turtorials/install/more_interfaces/share/ament_index/resource_index/parent_prefix_path/more_interfaces
[0.540s] -- Up-to-date: /home/jiujiujiur0000/workspace/vscode/turtorials/install/more_interfaces/share/more_interfaces/environment/ament_prefix_path.sh
[0.541s] -- Up-to-date: /home/jiujiujiur0000/workspace/vscode/turtorials/install/more_interfaces/share/more_interfaces/environment/ament_prefix_path.dsv
[0.541s] -- Up-to-date: /home/jiujiujiur0000/workspace/vscode/turtorials/install/more_interfaces/share/more_interfaces/environment/path.sh
[0.541s] -- Up-to-date: /home/jiujiujiur0000/workspace/vscode/turtorials/install/more_interfaces/share/more_interfaces/environment/path.dsv
[0.541s] -- Up-to-date: /home/jiujiujiur0000/workspace/vscode/turtorials/install/more_interfaces/share/more_interfaces/local_setup.bash
[0.542s] -- Up-to-date: /home/jiujiujiur0000/workspace/vscode/turtorials/install/more_interfaces/share/more_interfaces/local_setup.sh
[0.542s] -- Up-to-date: /home/jiujiujiur0000/workspace/vscode/turtorials/install/more_interfaces/share/more_interfaces/local_setup.zsh
[0.542s] -- Up-to-date: /home/jiujiujiur0000/workspace/vscode/turtorials/install/more_interfaces/share/more_interfaces/local_setup.dsv
[0.542s] -- Installing: /home/jiujiujiur0000/workspace/vscode/turtorials/install/more_interfaces/share/more_interfaces/package.dsv
[0.542s] -- Up-to-date: /home/jiujiujiur0000/workspace/vscode/turtorials/install/more_interfaces/share/ament_index/resource_index/packages/more_interfaces
[0.542s] -- Up-to-date: /home/jiujiujiur0000/workspace/vscode/turtorials/install/more_interfaces/share/more_interfaces/cmake/export_more_interfaces__rosidl_generator_cExport.cmake
[0.543s] -- Up-to-date: /home/jiujiujiur0000/workspace/vscode/turtorials/install/more_interfaces/share/more_interfaces/cmake/export_more_interfaces__rosidl_generator_cExport-noconfig.cmake
[0.543s] -- Up-to-date: /home/jiujiujiur0000/workspace/vscode/turtorials/install/more_interfaces/share/more_interfaces/cmake/export_more_interfaces__rosidl_typesupport_fastrtps_cExport.cmake
[0.543s] -- Up-to-date: /home/jiujiujiur0000/workspace/vscode/turtorials/install/more_interfaces/share/more_interfaces/cmake/export_more_interfaces__rosidl_typesupport_fastrtps_cExport-noconfig.cmake
[0.543s] -- Up-to-date: /home/jiujiujiur0000/workspace/vscode/turtorials/install/more_interfaces/share/more_interfaces/cmake/more_interfaces__rosidl_typesupport_introspection_cExport.cmake
[0.544s] -- Up-to-date: /home/jiujiujiur0000/workspace/vscode/turtorials/install/more_interfaces/share/more_interfaces/cmake/more_interfaces__rosidl_typesupport_introspection_cExport-noconfig.cmake
[0.544s] -- Up-to-date: /home/jiujiujiur0000/workspace/vscode/turtorials/install/more_interfaces/share/more_interfaces/cmake/more_interfaces__rosidl_typesupport_cExport.cmake
[0.544s] -- Up-to-date: /home/jiujiujiur0000/workspace/vscode/turtorials/install/more_interfaces/share/more_interfaces/cmake/more_interfaces__rosidl_typesupport_cExport-noconfig.cmake
[0.544s] -- Up-to-date: /home/jiujiujiur0000/workspace/vscode/turtorials/install/more_interfaces/share/more_interfaces/cmake/export_more_interfaces__rosidl_generator_cppExport.cmake
[0.544s] -- Up-to-date: /home/jiujiujiur0000/workspace/vscode/turtorials/install/more_interfaces/share/more_interfaces/cmake/export_more_interfaces__rosidl_typesupport_fastrtps_cppExport.cmake
[0.544s] -- Up-to-date: /home/jiujiujiur0000/workspace/vscode/turtorials/install/more_interfaces/share/more_interfaces/cmake/export_more_interfaces__rosidl_typesupport_fastrtps_cppExport-noconfig.cmake
[0.544s] -- Up-to-date: /home/jiujiujiur0000/workspace/vscode/turtorials/install/more_interfaces/share/more_interfaces/cmake/more_interfaces__rosidl_typesupport_introspection_cppExport.cmake
[0.544s] -- Up-to-date: /home/jiujiujiur0000/workspace/vscode/turtorials/install/more_interfaces/share/more_interfaces/cmake/more_interfaces__rosidl_typesupport_introspection_cppExport-noconfig.cmake
[0.545s] -- Up-to-date: /home/jiujiujiur0000/workspace/vscode/turtorials/install/more_interfaces/share/more_interfaces/cmake/more_interfaces__rosidl_typesupport_cppExport.cmake
[0.545s] -- Up-to-date: /home/jiujiujiur0000/workspace/vscode/turtorials/install/more_interfaces/share/more_interfaces/cmake/more_interfaces__rosidl_typesupport_cppExport-noconfig.cmake
[0.545s] -- Up-to-date: /home/jiujiujiur0000/workspace/vscode/turtorials/install/more_interfaces/share/more_interfaces/cmake/export_more_interfaces__rosidl_generator_pyExport.cmake
[0.545s] -- Up-to-date: /home/jiujiujiur0000/workspace/vscode/turtorials/install/more_interfaces/share/more_interfaces/cmake/export_more_interfaces__rosidl_generator_pyExport-noconfig.cmake
[0.545s] -- Up-to-date: /home/jiujiujiur0000/workspace/vscode/turtorials/install/more_interfaces/share/more_interfaces/cmake/rosidl_cmake-extras.cmake
[0.545s] -- Up-to-date: /home/jiujiujiur0000/workspace/vscode/turtorials/install/more_interfaces/share/more_interfaces/cmake/ament_cmake_export_include_directories-extras.cmake
[0.545s] -- Up-to-date: /home/jiujiujiur0000/workspace/vscode/turtorials/install/more_interfaces/share/more_interfaces/cmake/ament_cmake_export_libraries-extras.cmake
[0.546s] -- Up-to-date: /home/jiujiujiur0000/workspace/vscode/turtorials/install/more_interfaces/share/more_interfaces/cmake/ament_cmake_export_targets-extras.cmake
[0.546s] -- Up-to-date: /home/jiujiujiur0000/workspace/vscode/turtorials/install/more_interfaces/share/more_interfaces/cmake/rosidl_cmake_export_typesupport_targets-extras.cmake
[0.546s] -- Up-to-date: /home/jiujiujiur0000/workspace/vscode/turtorials/install/more_interfaces/share/more_interfaces/cmake/ament_cmake_export_dependencies-extras.cmake
[0.546s] -- Up-to-date: /home/jiujiujiur0000/workspace/vscode/turtorials/install/more_interfaces/share/more_interfaces/cmake/rosidl_cmake_export_typesupport_libraries-extras.cmake
[0.546s] -- Up-to-date: /home/jiujiujiur0000/workspace/vscode/turtorials/install/more_interfaces/share/more_interfaces/cmake/more_interfacesConfig.cmake
[0.546s] -- Up-to-date: /home/jiujiujiur0000/workspace/vscode/turtorials/install/more_interfaces/share/more_interfaces/cmake/more_interfacesConfig-version.cmake
[0.546s] -- Installing: /home/jiujiujiur0000/workspace/vscode/turtorials/install/more_interfaces/share/more_interfaces/package.xml
[0.565s] Invoked command in '/home/jiujiujiur0000/workspace/vscode/turtorials/build/more_interfaces' returned '0': CMAKE_PREFIX_PATH=${CMAKE_PREFIX_PATH}:/opt/ros/jazzy DEBUGINFOD_URLS=https://debuginfod.ubuntu.com /usr/bin/cmake --install /home/jiujiujiur0000/workspace/vscode/turtorials/build/more_interfaces
