[0.013s] Invoking command in '/home/jiujiujiur0000/workspace/vscode/turtorials/build/custom_action_cpp': AMENT_PREFIX_PATH=/home/jiujiujiur0000/workspace/vscode/turtorials/install/custom_action_interfaces:${AMENT_PREFIX_PATH} CMAKE_PREFIX_PATH=/home/jiujiujiur0000/workspace/vscode/turtorials/install/custom_action_interfaces:/home/jiujiujiur0000/workspace/vscode/turtorials/install/cpp_srvcli:/home/jiujiujiur0000/workspace/vscode/turtorials/install/cpp_pubsub:/home/jiujiujiur0000/workspace/vscode/turtorials/install/tutorial_interfaces:/home/jiujiujiur0000/workspace/vscode/turtorials/install/more_interfaces:/home/jiujiujiur0000/workspace/vscode/turtorials/install/learning_tf2_cpp:/home/jiujiujiur0000/workspace/vscode/ros2_control_demos/install:/opt/ros/jazzy/opt/gz_sim_vendor:/opt/ros/jazzy/opt/gz_sensors_vendor:/opt/ros/jazzy/opt/gz_physics_vendor:/opt/ros/jazzy/opt/sdformat_vendor:/opt/ros/jazzy/opt/gz_gui_vendor:/opt/ros/jazzy/opt/gz_transport_vendor:/opt/ros/jazzy/opt/gz_rendering_vendor:/opt/ros/jazzy/opt/gz_plugin_vendor:/opt/ros/jazzy/opt/gz_fuel_tools_vendor:/opt/ros/jazzy/opt/gz_msgs_vendor:/opt/ros/jazzy/opt/gz_common_vendor:/opt/ros/jazzy/opt/gz_math_vendor:/opt/ros/jazzy/opt/gz_utils_vendor:/opt/ros/jazzy/opt/gz_tools_vendor:/opt/ros/jazzy/opt/gz_ogre_next_vendor:/opt/ros/jazzy/opt/gz_dartsim_vendor:/opt/ros/jazzy/opt/gz_cmake_vendor:/opt/ros/jazzy DEBUGINFOD_URLS=https://debuginfod.ubuntu.com LD_LIBRARY_PATH=/home/jiujiujiur0000/workspace/vscode/turtorials/install/custom_action_interfaces/lib:${LD_LIBRARY_PATH} PYTHONPATH=/home/jiujiujiur0000/workspace/vscode/turtorials/install/custom_action_interfaces/lib/python3.12/site-packages:${PYTHONPATH} /usr/bin/cmake /home/jiujiujiur0000/workspace/vscode/turtorials/src/custom_action_cpp -DCMAKE_INSTALL_PREFIX=/home/jiujiujiur0000/workspace/vscode/turtorials/install/custom_action_cpp
[0.026s] -- Found ament_cmake: 2.5.4 (/opt/ros/jazzy/share/ament_cmake/cmake)
[0.217s] -- Found custom_action_interfaces: 0.0.0 (/home/jiujiujiur0000/workspace/vscode/turtorials/install/custom_action_interfaces/share/custom_action_interfaces/cmake)
[0.275s] -- Found rosidl_generator_c: 4.6.6 (/opt/ros/jazzy/share/rosidl_generator_c/cmake)
[0.294s] -- Found rosidl_generator_cpp: 4.6.6 (/opt/ros/jazzy/share/rosidl_generator_cpp/cmake)
[0.314s] -- Using all available rosidl_typesupport_c: rosidl_typesupport_fastrtps_c;rosidl_typesupport_introspection_c
[0.336s] -- Using all available rosidl_typesupport_cpp: rosidl_typesupport_fastrtps_cpp;rosidl_typesupport_introspection_cpp
[0.419s] -- Found rclcpp: 28.1.12 (/opt/ros/jazzy/share/rclcpp/cmake)
[0.476s] -- Found rmw_implementation_cmake: 7.3.2 (/opt/ros/jazzy/share/rmw_implementation_cmake/cmake)
[0.481s] -- Found rmw_fastrtps_cpp: 8.4.3 (/opt/ros/jazzy/share/rmw_fastrtps_cpp/cmake)
[0.576s] -- Found OpenSSL: /usr/lib/x86_64-linux-gnu/libcrypto.so (found version "3.0.13")  
[0.596s] -- Found FastRTPS: /opt/ros/jazzy/include (Required is at least version "2.13") 
[0.619s] -- Using RMW implementation 'rmw_fastrtps_cpp' as default
[0.703s] -- Found rclcpp_action: 28.1.12 (/opt/ros/jazzy/share/rclcpp_action/cmake)
[0.722s] -- Found rclcpp_components: 28.1.12 (/opt/ros/jazzy/share/rclcpp_components/cmake)
[0.773s] -- Found ament_lint_auto: 0.17.3 (/opt/ros/jazzy/share/ament_lint_auto/cmake)
[0.880s] -- Added test 'cppcheck' to perform static code analysis on C / C++ code
[0.880s] -- Configured cppcheck include dirs: $<BUILD_INTERFACE:/home/jiujiujiur0000/workspace/vscode/turtorials/src/custom_action_cpp/include>
[0.880s] -- Configured cppcheck exclude dirs and/or files: 
[0.881s] -- Added test 'lint_cmake' to check CMake code style
[0.883s] -- Added test 'uncrustify' to check C / C++ code style
[0.883s] -- Configured uncrustify additional arguments: 
[0.884s] -- Added test 'xmllint' to check XML markup files
[0.885s] -- Configuring done (0.9s)
[0.900s] -- Generating done (0.0s)
[0.904s] -- Build files have been written to: /home/jiujiujiur0000/workspace/vscode/turtorials/build/custom_action_cpp
[0.912s] Invoked command in '/home/jiujiujiur0000/workspace/vscode/turtorials/build/custom_action_cpp' returned '0': AMENT_PREFIX_PATH=/home/jiujiujiur0000/workspace/vscode/turtorials/install/custom_action_interfaces:${AMENT_PREFIX_PATH} CMAKE_PREFIX_PATH=/home/jiujiujiur0000/workspace/vscode/turtorials/install/custom_action_interfaces:/home/jiujiujiur0000/workspace/vscode/turtorials/install/cpp_srvcli:/home/jiujiujiur0000/workspace/vscode/turtorials/install/cpp_pubsub:/home/jiujiujiur0000/workspace/vscode/turtorials/install/tutorial_interfaces:/home/jiujiujiur0000/workspace/vscode/turtorials/install/more_interfaces:/home/jiujiujiur0000/workspace/vscode/turtorials/install/learning_tf2_cpp:/home/jiujiujiur0000/workspace/vscode/ros2_control_demos/install:/opt/ros/jazzy/opt/gz_sim_vendor:/opt/ros/jazzy/opt/gz_sensors_vendor:/opt/ros/jazzy/opt/gz_physics_vendor:/opt/ros/jazzy/opt/sdformat_vendor:/opt/ros/jazzy/opt/gz_gui_vendor:/opt/ros/jazzy/opt/gz_transport_vendor:/opt/ros/jazzy/opt/gz_rendering_vendor:/opt/ros/jazzy/opt/gz_plugin_vendor:/opt/ros/jazzy/opt/gz_fuel_tools_vendor:/opt/ros/jazzy/opt/gz_msgs_vendor:/opt/ros/jazzy/opt/gz_common_vendor:/opt/ros/jazzy/opt/gz_math_vendor:/opt/ros/jazzy/opt/gz_utils_vendor:/opt/ros/jazzy/opt/gz_tools_vendor:/opt/ros/jazzy/opt/gz_ogre_next_vendor:/opt/ros/jazzy/opt/gz_dartsim_vendor:/opt/ros/jazzy/opt/gz_cmake_vendor:/opt/ros/jazzy DEBUGINFOD_URLS=https://debuginfod.ubuntu.com LD_LIBRARY_PATH=/home/jiujiujiur0000/workspace/vscode/turtorials/install/custom_action_interfaces/lib:${LD_LIBRARY_PATH} PYTHONPATH=/home/jiujiujiur0000/workspace/vscode/turtorials/install/custom_action_interfaces/lib/python3.12/site-packages:${PYTHONPATH} /usr/bin/cmake /home/jiujiujiur0000/workspace/vscode/turtorials/src/custom_action_cpp -DCMAKE_INSTALL_PREFIX=/home/jiujiujiur0000/workspace/vscode/turtorials/install/custom_action_cpp
[0.913s] Invoking command in '/home/jiujiujiur0000/workspace/vscode/turtorials/build/custom_action_cpp': AMENT_PREFIX_PATH=/home/jiujiujiur0000/workspace/vscode/turtorials/install/custom_action_interfaces:${AMENT_PREFIX_PATH} CMAKE_PREFIX_PATH=/home/jiujiujiur0000/workspace/vscode/turtorials/install/custom_action_interfaces:/home/jiujiujiur0000/workspace/vscode/turtorials/install/cpp_srvcli:/home/jiujiujiur0000/workspace/vscode/turtorials/install/cpp_pubsub:/home/jiujiujiur0000/workspace/vscode/turtorials/install/tutorial_interfaces:/home/jiujiujiur0000/workspace/vscode/turtorials/install/more_interfaces:/home/jiujiujiur0000/workspace/vscode/turtorials/install/learning_tf2_cpp:/home/jiujiujiur0000/workspace/vscode/ros2_control_demos/install:/opt/ros/jazzy/opt/gz_sim_vendor:/opt/ros/jazzy/opt/gz_sensors_vendor:/opt/ros/jazzy/opt/gz_physics_vendor:/opt/ros/jazzy/opt/sdformat_vendor:/opt/ros/jazzy/opt/gz_gui_vendor:/opt/ros/jazzy/opt/gz_transport_vendor:/opt/ros/jazzy/opt/gz_rendering_vendor:/opt/ros/jazzy/opt/gz_plugin_vendor:/opt/ros/jazzy/opt/gz_fuel_tools_vendor:/opt/ros/jazzy/opt/gz_msgs_vendor:/opt/ros/jazzy/opt/gz_common_vendor:/opt/ros/jazzy/opt/gz_math_vendor:/opt/ros/jazzy/opt/gz_utils_vendor:/opt/ros/jazzy/opt/gz_tools_vendor:/opt/ros/jazzy/opt/gz_ogre_next_vendor:/opt/ros/jazzy/opt/gz_dartsim_vendor:/opt/ros/jazzy/opt/gz_cmake_vendor:/opt/ros/jazzy DEBUGINFOD_URLS=https://debuginfod.ubuntu.com LD_LIBRARY_PATH=/home/jiujiujiur0000/workspace/vscode/turtorials/install/custom_action_interfaces/lib:${LD_LIBRARY_PATH} PYTHONPATH=/home/jiujiujiur0000/workspace/vscode/turtorials/install/custom_action_interfaces/lib/python3.12/site-packages:${PYTHONPATH} /usr/bin/cmake --build /home/jiujiujiur0000/workspace/vscode/turtorials/build/custom_action_cpp -- -j16 -l16
[0.969s] [ 25%] [32mBuilding CXX object CMakeFiles/fibonacci_action_server.dir/rclcpp_components/node_main_fibonacci_action_server.cpp.o[0m
[0.969s] [ 50%] [32mBuilding CXX object CMakeFiles/action_server.dir/src/fibonacci_action_server.cpp.o[0m
[3.570s] [ 75%] [32m[1mLinking CXX executable fibonacci_action_server[0m
[3.688s] [ 75%] Built target fibonacci_action_server
[4.273s] [100%] [32m[1mLinking CXX shared library libaction_server.so[0m
[4.400s] [100%] Built target action_server
[4.412s] Invoked command in '/home/jiujiujiur0000/workspace/vscode/turtorials/build/custom_action_cpp' returned '0': AMENT_PREFIX_PATH=/home/jiujiujiur0000/workspace/vscode/turtorials/install/custom_action_interfaces:${AMENT_PREFIX_PATH} CMAKE_PREFIX_PATH=/home/jiujiujiur0000/workspace/vscode/turtorials/install/custom_action_interfaces:/home/jiujiujiur0000/workspace/vscode/turtorials/install/cpp_srvcli:/home/jiujiujiur0000/workspace/vscode/turtorials/install/cpp_pubsub:/home/jiujiujiur0000/workspace/vscode/turtorials/install/tutorial_interfaces:/home/jiujiujiur0000/workspace/vscode/turtorials/install/more_interfaces:/home/jiujiujiur0000/workspace/vscode/turtorials/install/learning_tf2_cpp:/home/jiujiujiur0000/workspace/vscode/ros2_control_demos/install:/opt/ros/jazzy/opt/gz_sim_vendor:/opt/ros/jazzy/opt/gz_sensors_vendor:/opt/ros/jazzy/opt/gz_physics_vendor:/opt/ros/jazzy/opt/sdformat_vendor:/opt/ros/jazzy/opt/gz_gui_vendor:/opt/ros/jazzy/opt/gz_transport_vendor:/opt/ros/jazzy/opt/gz_rendering_vendor:/opt/ros/jazzy/opt/gz_plugin_vendor:/opt/ros/jazzy/opt/gz_fuel_tools_vendor:/opt/ros/jazzy/opt/gz_msgs_vendor:/opt/ros/jazzy/opt/gz_common_vendor:/opt/ros/jazzy/opt/gz_math_vendor:/opt/ros/jazzy/opt/gz_utils_vendor:/opt/ros/jazzy/opt/gz_tools_vendor:/opt/ros/jazzy/opt/gz_ogre_next_vendor:/opt/ros/jazzy/opt/gz_dartsim_vendor:/opt/ros/jazzy/opt/gz_cmake_vendor:/opt/ros/jazzy DEBUGINFOD_URLS=https://debuginfod.ubuntu.com LD_LIBRARY_PATH=/home/jiujiujiur0000/workspace/vscode/turtorials/install/custom_action_interfaces/lib:${LD_LIBRARY_PATH} PYTHONPATH=/home/jiujiujiur0000/workspace/vscode/turtorials/install/custom_action_interfaces/lib/python3.12/site-packages:${PYTHONPATH} /usr/bin/cmake --build /home/jiujiujiur0000/workspace/vscode/turtorials/build/custom_action_cpp -- -j16 -l16
[4.423s] Invoking command in '/home/jiujiujiur0000/workspace/vscode/turtorials/build/custom_action_cpp': AMENT_PREFIX_PATH=/home/jiujiujiur0000/workspace/vscode/turtorials/install/custom_action_interfaces:${AMENT_PREFIX_PATH} CMAKE_PREFIX_PATH=/home/jiujiujiur0000/workspace/vscode/turtorials/install/custom_action_interfaces:/home/jiujiujiur0000/workspace/vscode/turtorials/install/cpp_srvcli:/home/jiujiujiur0000/workspace/vscode/turtorials/install/cpp_pubsub:/home/jiujiujiur0000/workspace/vscode/turtorials/install/tutorial_interfaces:/home/jiujiujiur0000/workspace/vscode/turtorials/install/more_interfaces:/home/jiujiujiur0000/workspace/vscode/turtorials/install/learning_tf2_cpp:/home/jiujiujiur0000/workspace/vscode/ros2_control_demos/install:/opt/ros/jazzy/opt/gz_sim_vendor:/opt/ros/jazzy/opt/gz_sensors_vendor:/opt/ros/jazzy/opt/gz_physics_vendor:/opt/ros/jazzy/opt/sdformat_vendor:/opt/ros/jazzy/opt/gz_gui_vendor:/opt/ros/jazzy/opt/gz_transport_vendor:/opt/ros/jazzy/opt/gz_rendering_vendor:/opt/ros/jazzy/opt/gz_plugin_vendor:/opt/ros/jazzy/opt/gz_fuel_tools_vendor:/opt/ros/jazzy/opt/gz_msgs_vendor:/opt/ros/jazzy/opt/gz_common_vendor:/opt/ros/jazzy/opt/gz_math_vendor:/opt/ros/jazzy/opt/gz_utils_vendor:/opt/ros/jazzy/opt/gz_tools_vendor:/opt/ros/jazzy/opt/gz_ogre_next_vendor:/opt/ros/jazzy/opt/gz_dartsim_vendor:/opt/ros/jazzy/opt/gz_cmake_vendor:/opt/ros/jazzy DEBUGINFOD_URLS=https://debuginfod.ubuntu.com LD_LIBRARY_PATH=/home/jiujiujiur0000/workspace/vscode/turtorials/install/custom_action_interfaces/lib:${LD_LIBRARY_PATH} PYTHONPATH=/home/jiujiujiur0000/workspace/vscode/turtorials/install/custom_action_interfaces/lib/python3.12/site-packages:${PYTHONPATH} /usr/bin/cmake --install /home/jiujiujiur0000/workspace/vscode/turtorials/build/custom_action_cpp
[4.431s] -- Install configuration: ""
[4.431s] -- Installing: /home/jiujiujiur0000/workspace/vscode/turtorials/install/custom_action_cpp/lib/custom_action_cpp/fibonacci_action_server
[4.432s] -- Set non-toolchain portion of runtime path of "/home/jiujiujiur0000/workspace/vscode/turtorials/install/custom_action_cpp/lib/custom_action_cpp/fibonacci_action_server" to ""
[4.432s] -- Installing: /home/jiujiujiur0000/workspace/vscode/turtorials/install/custom_action_cpp/lib/libaction_server.so
[4.434s] -- Set non-toolchain portion of runtime path of "/home/jiujiujiur0000/workspace/vscode/turtorials/install/custom_action_cpp/lib/libaction_server.so" to ""
[4.434s] -- Installing: /home/jiujiujiur0000/workspace/vscode/turtorials/install/custom_action_cpp/share/ament_index/resource_index/package_run_dependencies/custom_action_cpp
[4.434s] -- Installing: /home/jiujiujiur0000/workspace/vscode/turtorials/install/custom_action_cpp/share/ament_index/resource_index/parent_prefix_path/custom_action_cpp
[4.434s] -- Installing: /home/jiujiujiur0000/workspace/vscode/turtorials/install/custom_action_cpp/share/custom_action_cpp/environment/ament_prefix_path.sh
[4.434s] -- Installing: /home/jiujiujiur0000/workspace/vscode/turtorials/install/custom_action_cpp/share/custom_action_cpp/environment/ament_prefix_path.dsv
[4.434s] -- Installing: /home/jiujiujiur0000/workspace/vscode/turtorials/install/custom_action_cpp/share/custom_action_cpp/environment/path.sh
[4.434s] -- Installing: /home/jiujiujiur0000/workspace/vscode/turtorials/install/custom_action_cpp/share/custom_action_cpp/environment/path.dsv
[4.435s] -- Installing: /home/jiujiujiur0000/workspace/vscode/turtorials/install/custom_action_cpp/share/custom_action_cpp/local_setup.bash
[4.435s] -- Installing: /home/jiujiujiur0000/workspace/vscode/turtorials/install/custom_action_cpp/share/custom_action_cpp/local_setup.sh
[4.435s] -- Installing: /home/jiujiujiur0000/workspace/vscode/turtorials/install/custom_action_cpp/share/custom_action_cpp/local_setup.zsh
[4.435s] -- Installing: /home/jiujiujiur0000/workspace/vscode/turtorials/install/custom_action_cpp/share/custom_action_cpp/local_setup.dsv
[4.435s] -- Installing: /home/jiujiujiur0000/workspace/vscode/turtorials/install/custom_action_cpp/share/custom_action_cpp/package.dsv
[4.436s] -- Installing: /home/jiujiujiur0000/workspace/vscode/turtorials/install/custom_action_cpp/share/ament_index/resource_index/packages/custom_action_cpp
[4.436s] -- Installing: /home/jiujiujiur0000/workspace/vscode/turtorials/install/custom_action_cpp/share/ament_index/resource_index/rclcpp_components/custom_action_cpp
[4.436s] -- Installing: /home/jiujiujiur0000/workspace/vscode/turtorials/install/custom_action_cpp/share/custom_action_cpp/cmake/custom_action_cppConfig.cmake
[4.436s] -- Installing: /home/jiujiujiur0000/workspace/vscode/turtorials/install/custom_action_cpp/share/custom_action_cpp/cmake/custom_action_cppConfig-version.cmake
[4.436s] -- Installing: /home/jiujiujiur0000/workspace/vscode/turtorials/install/custom_action_cpp/share/custom_action_cpp/package.xml
[4.438s] Invoked command in '/home/jiujiujiur0000/workspace/vscode/turtorials/build/custom_action_cpp' returned '0': AMENT_PREFIX_PATH=/home/jiujiujiur0000/workspace/vscode/turtorials/install/custom_action_interfaces:${AMENT_PREFIX_PATH} CMAKE_PREFIX_PATH=/home/jiujiujiur0000/workspace/vscode/turtorials/install/custom_action_interfaces:/home/jiujiujiur0000/workspace/vscode/turtorials/install/cpp_srvcli:/home/jiujiujiur0000/workspace/vscode/turtorials/install/cpp_pubsub:/home/jiujiujiur0000/workspace/vscode/turtorials/install/tutorial_interfaces:/home/jiujiujiur0000/workspace/vscode/turtorials/install/more_interfaces:/home/jiujiujiur0000/workspace/vscode/turtorials/install/learning_tf2_cpp:/home/jiujiujiur0000/workspace/vscode/ros2_control_demos/install:/opt/ros/jazzy/opt/gz_sim_vendor:/opt/ros/jazzy/opt/gz_sensors_vendor:/opt/ros/jazzy/opt/gz_physics_vendor:/opt/ros/jazzy/opt/sdformat_vendor:/opt/ros/jazzy/opt/gz_gui_vendor:/opt/ros/jazzy/opt/gz_transport_vendor:/opt/ros/jazzy/opt/gz_rendering_vendor:/opt/ros/jazzy/opt/gz_plugin_vendor:/opt/ros/jazzy/opt/gz_fuel_tools_vendor:/opt/ros/jazzy/opt/gz_msgs_vendor:/opt/ros/jazzy/opt/gz_common_vendor:/opt/ros/jazzy/opt/gz_math_vendor:/opt/ros/jazzy/opt/gz_utils_vendor:/opt/ros/jazzy/opt/gz_tools_vendor:/opt/ros/jazzy/opt/gz_ogre_next_vendor:/opt/ros/jazzy/opt/gz_dartsim_vendor:/opt/ros/jazzy/opt/gz_cmake_vendor:/opt/ros/jazzy DEBUGINFOD_URLS=https://debuginfod.ubuntu.com LD_LIBRARY_PATH=/home/jiujiujiur0000/workspace/vscode/turtorials/install/custom_action_interfaces/lib:${LD_LIBRARY_PATH} PYTHONPATH=/home/jiujiujiur0000/workspace/vscode/turtorials/install/custom_action_interfaces/lib/python3.12/site-packages:${PYTHONPATH} /usr/bin/cmake --install /home/jiujiujiur0000/workspace/vscode/turtorials/build/custom_action_cpp
