[0.015s] Invoking command in '/home/jiujiujiur0000/workspace/vscode/turtorials/build/learning_tf2_cpp': CMAKE_PREFIX_PATH=${CMAKE_PREFIX_PATH}:/opt/ros/jazzy DEBUGINFOD_URLS=https://debuginfod.ubuntu.com /usr/bin/cmake --build /home/jiujiujiur0000/workspace/vscode/turtorials/build/learning_tf2_cpp -- -j16 -l16
[0.075s] [ 40%] Built target static_turtle_tf2_broadcaster
[0.075s] [ 40%] Built target fixed_frame_tf2_broadcaster
[0.076s] [ 60%] Built target dynamic_frame_tf2_broadcaster
[0.076s] [ 80%] Built target turtle_tf2_broadcaster
[0.078s] [100%] Built target turtle_tf2_listener
[0.099s] Invoked command in '/home/jiujiujiur0000/workspace/vscode/turtorials/build/learning_tf2_cpp' returned '0': CMAKE_PREFIX_PATH=${CMAKE_PREFIX_PATH}:/opt/ros/jazzy DEBUGINFOD_URLS=https://debuginfod.ubuntu.com /usr/bin/cmake --build /home/jiujiujiur0000/workspace/vscode/turtorials/build/learning_tf2_cpp -- -j16 -l16
[0.100s] Invoking command in '/home/jiujiujiur0000/workspace/vscode/turtorials/build/learning_tf2_cpp': CMAKE_PREFIX_PATH=${CMAKE_PREFIX_PATH}:/opt/ros/jazzy DEBUGINFOD_URLS=https://debuginfod.ubuntu.com /usr/bin/cmake --install /home/jiujiujiur0000/workspace/vscode/turtorials/build/learning_tf2_cpp
[0.108s] -- Install configuration: ""
[0.108s] -- Installing: /home/jiujiujiur0000/workspace/vscode/turtorials/install/learning_tf2_cpp/lib/learning_tf2_cpp/static_turtle_tf2_broadcaster
[0.110s] -- Set non-toolchain portion of runtime path of "/home/jiujiujiur0000/workspace/vscode/turtorials/install/learning_tf2_cpp/lib/learning_tf2_cpp/static_turtle_tf2_broadcaster" to ""
[0.110s] -- Installing: /home/jiujiujiur0000/workspace/vscode/turtorials/install/learning_tf2_cpp/lib/learning_tf2_cpp/turtle_tf2_broadcaster
[0.115s] -- Set non-toolchain portion of runtime path of "/home/jiujiujiur0000/workspace/vscode/turtorials/install/learning_tf2_cpp/lib/learning_tf2_cpp/turtle_tf2_broadcaster" to ""
[0.115s] -- Installing: /home/jiujiujiur0000/workspace/vscode/turtorials/install/learning_tf2_cpp/share/learning_tf2_cpp/launch
[0.115s] -- Installing: /home/jiujiujiur0000/workspace/vscode/turtorials/install/learning_tf2_cpp/share/learning_tf2_cpp/launch/src
[0.115s] -- Installing: /home/jiujiujiur0000/workspace/vscode/turtorials/install/learning_tf2_cpp/share/learning_tf2_cpp/launch/src/learning_tf2_cpp
[0.115s] -- Installing: /home/jiujiujiur0000/workspace/vscode/turtorials/install/learning_tf2_cpp/share/learning_tf2_cpp/launch/src/learning_tf2_cpp/turtle_tf2_demo_launch.py
[0.116s] -- Installing: /home/jiujiujiur0000/workspace/vscode/turtorials/install/learning_tf2_cpp/share/learning_tf2_cpp/launch/src/learning_tf2_cpp/turtle_tf2_dynamic_frame_demo_launch.py
[0.116s] -- Installing: /home/jiujiujiur0000/workspace/vscode/turtorials/install/learning_tf2_cpp/lib/learning_tf2_cpp/turtle_tf2_listener
[0.119s] -- Set non-toolchain portion of runtime path of "/home/jiujiujiur0000/workspace/vscode/turtorials/install/learning_tf2_cpp/lib/learning_tf2_cpp/turtle_tf2_listener" to ""
[0.119s] -- Installing: /home/jiujiujiur0000/workspace/vscode/turtorials/install/learning_tf2_cpp/lib/learning_tf2_cpp/fixed_frame_tf2_broadcaster
[0.120s] -- Set non-toolchain portion of runtime path of "/home/jiujiujiur0000/workspace/vscode/turtorials/install/learning_tf2_cpp/lib/learning_tf2_cpp/fixed_frame_tf2_broadcaster" to ""
[0.121s] -- Installing: /home/jiujiujiur0000/workspace/vscode/turtorials/install/learning_tf2_cpp/lib/learning_tf2_cpp/dynamic_frame_tf2_broadcaster
[0.122s] -- Set non-toolchain portion of runtime path of "/home/jiujiujiur0000/workspace/vscode/turtorials/install/learning_tf2_cpp/lib/learning_tf2_cpp/dynamic_frame_tf2_broadcaster" to ""
[0.122s] -- Installing: /home/jiujiujiur0000/workspace/vscode/turtorials/install/learning_tf2_cpp/share/ament_index/resource_index/package_run_dependencies/learning_tf2_cpp
[0.122s] -- Installing: /home/jiujiujiur0000/workspace/vscode/turtorials/install/learning_tf2_cpp/share/ament_index/resource_index/parent_prefix_path/learning_tf2_cpp
[0.122s] -- Installing: /home/jiujiujiur0000/workspace/vscode/turtorials/install/learning_tf2_cpp/share/learning_tf2_cpp/environment/ament_prefix_path.sh
[0.123s] -- Installing: /home/jiujiujiur0000/workspace/vscode/turtorials/install/learning_tf2_cpp/share/learning_tf2_cpp/environment/ament_prefix_path.dsv
[0.123s] -- Installing: /home/jiujiujiur0000/workspace/vscode/turtorials/install/learning_tf2_cpp/share/learning_tf2_cpp/environment/path.sh
[0.123s] -- Installing: /home/jiujiujiur0000/workspace/vscode/turtorials/install/learning_tf2_cpp/share/learning_tf2_cpp/environment/path.dsv
[0.123s] -- Installing: /home/jiujiujiur0000/workspace/vscode/turtorials/install/learning_tf2_cpp/share/learning_tf2_cpp/local_setup.bash
[0.123s] -- Installing: /home/jiujiujiur0000/workspace/vscode/turtorials/install/learning_tf2_cpp/share/learning_tf2_cpp/local_setup.sh
[0.123s] -- Installing: /home/jiujiujiur0000/workspace/vscode/turtorials/install/learning_tf2_cpp/share/learning_tf2_cpp/local_setup.zsh
[0.123s] -- Installing: /home/jiujiujiur0000/workspace/vscode/turtorials/install/learning_tf2_cpp/share/learning_tf2_cpp/local_setup.dsv
[0.124s] -- Installing: /home/jiujiujiur0000/workspace/vscode/turtorials/install/learning_tf2_cpp/share/learning_tf2_cpp/package.dsv
[0.124s] -- Installing: /home/jiujiujiur0000/workspace/vscode/turtorials/install/learning_tf2_cpp/share/ament_index/resource_index/packages/learning_tf2_cpp
[0.124s] -- Installing: /home/jiujiujiur0000/workspace/vscode/turtorials/install/learning_tf2_cpp/share/learning_tf2_cpp/cmake/learning_tf2_cppConfig.cmake
[0.124s] -- Installing: /home/jiujiujiur0000/workspace/vscode/turtorials/install/learning_tf2_cpp/share/learning_tf2_cpp/cmake/learning_tf2_cppConfig-version.cmake
[0.124s] -- Installing: /home/jiujiujiur0000/workspace/vscode/turtorials/install/learning_tf2_cpp/share/learning_tf2_cpp/package.xml
[0.131s] Invoked command in '/home/jiujiujiur0000/workspace/vscode/turtorials/build/learning_tf2_cpp' returned '0': CMAKE_PREFIX_PATH=${CMAKE_PREFIX_PATH}:/opt/ros/jazzy DEBUGINFOD_URLS=https://debuginfod.ubuntu.com /usr/bin/cmake --install /home/jiujiujiur0000/workspace/vscode/turtorials/build/learning_tf2_cpp
