[0.010s] Invoking command in '/home/jiujiujiur0000/workspace/vscode/turtorials/build/more_interfaces': CMAKE_PREFIX_PATH=${CMAKE_PREFIX_PATH}:/opt/ros/jazzy DEBUGINFOD_URLS=https://debuginfod.ubuntu.com /usr/bin/cmake --build /home/jiujiujiur0000/workspace/vscode/turtorials/build/more_interfaces -- -j16 -l16
[0.036s] -- Found ament_cmake: 2.5.4 (/opt/ros/jazzy/share/ament_cmake/cmake)
[0.058s] -- Found Python3: /usr/bin/python3 (found version "3.12.3") found components: Interpreter 
[0.123s] -- Found rosidl_default_generators: 1.6.0 (/opt/ros/jazzy/share/rosidl_default_generators/cmake)
[0.125s] -- Using all available rosidl_typesupport_c: rosidl_typesupport_fastrtps_c;rosidl_typesupport_introspection_c
[0.155s] -- Using all available rosidl_typesupport_cpp: rosidl_typesupport_fastrtps_cpp;rosidl_typesupport_introspection_cpp
[0.177s] -- Found rosidl_adapter: 4.6.6 (/opt/ros/jazzy/share/rosidl_adapter/cmake)
[0.178s] -- Found rclcpp: 28.1.12 (/opt/ros/jazzy/share/rclcpp/cmake)
[0.231s] -- Found rmw_implementation_cmake: 7.3.2 (/opt/ros/jazzy/share/rmw_implementation_cmake/cmake)
[0.232s] -- Found rmw_fastrtps_cpp: 8.4.3 (/opt/ros/jazzy/share/rmw_fastrtps_cpp/cmake)
[0.290s] -- Using RMW implementation 'rmw_fastrtps_cpp' as default
[0.543s] -- Found ament_cmake_ros: 0.12.0 (/opt/ros/jazzy/share/ament_cmake_ros/cmake)
[0.619s] -- Using all available rosidl_typesupport_c: rosidl_typesupport_fastrtps_c;rosidl_typesupport_introspection_c
[0.717s] -- Using all available rosidl_typesupport_cpp: rosidl_typesupport_fastrtps_cpp;rosidl_typesupport_introspection_cpp
[0.718s] -- Found python_cmake_module: 0.11.1 (/opt/ros/jazzy/share/python_cmake_module/cmake)
[0.940s] -- Found Python3: /usr/bin/python3 (found version "3.12.3") found components: Interpreter Development NumPy Development.Module Development.Embed 
[0.949s] -- Found ament_lint_auto: 0.17.3 (/opt/ros/jazzy/share/ament_lint_auto/cmake)
[0.957s] -- Added test 'cppcheck' to perform static code analysis on C / C++ code
[0.957s] -- Configured cppcheck include dirs: 
[0.958s] -- Configured cppcheck exclude dirs and/or files: 
[0.958s] -- Added test 'lint_cmake' to check CMake code style
[0.959s] -- Added test 'uncrustify' to check C / C++ code style
[0.959s] -- Configured uncrustify additional arguments: 
[0.959s] -- Added test 'xmllint' to check XML markup files
[0.961s] -- Configuring done (0.9s)
[0.993s] -- Generating done (0.0s)
[1.009s] -- Build files have been written to: /home/jiujiujiur0000/workspace/vscode/turtorials/build/more_interfaces
[1.056s] [  2%] Built target more_interfaces__rosidl_generator_type_description
[1.066s] [  2%] Built target ament_cmake_python_copy_more_interfaces
[1.077s] [  5%] Built target more_interfaces__cpp
[1.080s] [ 19%] Built target more_interfaces__rosidl_generator_c
[1.104s] [ 36%] Built target more_interfaces__rosidl_typesupport_introspection_c
[1.104s] [ 36%] Built target more_interfaces__rosidl_typesupport_c
[1.104s] [ 44%] Built target more_interfaces__rosidl_typesupport_cpp
[1.104s] [ 52%] Built target more_interfaces__rosidl_typesupport_introspection_cpp
[1.105s] [ 61%] Built target more_interfaces__rosidl_typesupport_fastrtps_cpp
[1.105s] [ 69%] Built target more_interfaces__rosidl_typesupport_fastrtps_c
[1.126s] [ 69%] Built target more_interfaces
[1.127s] [ 72%] [32mBuilding CXX object CMakeFiles/publish_address_book.dir/src/publish_address_book.cpp.o[0m
[1.150s] [ 75%] [34m[1mGenerating Python code for ROS interfaces[0m
[1.275s] running egg_info
[1.296s] writing more_interfaces.egg-info/PKG-INFO
[1.296s] writing dependency_links to more_interfaces.egg-info/dependency_links.txt
[1.296s] writing top-level names to more_interfaces.egg-info/top_level.txt
[1.356s] reading manifest file 'more_interfaces.egg-info/SOURCES.txt'
[1.357s] writing manifest file 'more_interfaces.egg-info/SOURCES.txt'
[1.387s] [ 75%] Built target ament_cmake_python_build_more_interfaces_egg
[1.401s] [ 75%] Built target more_interfaces__py
[1.424s] [ 77%] [32mBuilding C object CMakeFiles/more_interfaces__rosidl_generator_py.dir/rosidl_generator_py/more_interfaces/msg/_address_book_s.c.o[0m
[1.544s] [ 80%] [32m[1mLinking C shared library libmore_interfaces__rosidl_generator_py.so[0m
[1.586s] [ 80%] Built target more_interfaces__rosidl_generator_py
[1.609s] [ 88%] [32mBuilding C object CMakeFiles/more_interfaces_s__rosidl_typesupport_c.dir/rosidl_generator_py/more_interfaces/_more_interfaces_s.ep.rosidl_typesupport_c.c.o[0m
[1.609s] [ 88%] [32mBuilding C object CMakeFiles/more_interfaces_s__rosidl_typesupport_fastrtps_c.dir/rosidl_generator_py/more_interfaces/_more_interfaces_s.ep.rosidl_typesupport_fastrtps_c.c.o[0m
[1.609s] [ 88%] [32mBuilding C object CMakeFiles/more_interfaces_s__rosidl_typesupport_introspection_c.dir/rosidl_generator_py/more_interfaces/_more_interfaces_s.ep.rosidl_typesupport_introspection_c.c.o[0m
[1.696s] [ 94%] [32m[1mLinking C shared module rosidl_generator_py/more_interfaces/more_interfaces_s__rosidl_typesupport_introspection_c.so[0m
[1.696s] [ 94%] [32m[1mLinking C shared module rosidl_generator_py/more_interfaces/more_interfaces_s__rosidl_typesupport_fastrtps_c.so[0m
[1.697s] [ 97%] [32m[1mLinking C shared module rosidl_generator_py/more_interfaces/more_interfaces_s__rosidl_typesupport_c.so[0m
[1.728s] [ 97%] Built target more_interfaces_s__rosidl_typesupport_introspection_c
[1.728s] [ 97%] Built target more_interfaces_s__rosidl_typesupport_c
[1.728s] [ 97%] Built target more_interfaces_s__rosidl_typesupport_fastrtps_c
[4.457s] [100%] [32m[1mLinking CXX executable publish_address_book[0m
[4.602s] [100%] Built target publish_address_book
[4.614s] Invoked command in '/home/jiujiujiur0000/workspace/vscode/turtorials/build/more_interfaces' returned '0': CMAKE_PREFIX_PATH=${CMAKE_PREFIX_PATH}:/opt/ros/jazzy DEBUGINFOD_URLS=https://debuginfod.ubuntu.com /usr/bin/cmake --build /home/jiujiujiur0000/workspace/vscode/turtorials/build/more_interfaces -- -j16 -l16
[4.624s] Invoking command in '/home/jiujiujiur0000/workspace/vscode/turtorials/build/more_interfaces': CMAKE_PREFIX_PATH=${CMAKE_PREFIX_PATH}:/opt/ros/jazzy DEBUGINFOD_URLS=https://debuginfod.ubuntu.com /usr/bin/cmake --install /home/jiujiujiur0000/workspace/vscode/turtorials/build/more_interfaces
[4.633s] -- Install configuration: ""
[4.633s] -- Installing: /home/jiujiujiur0000/workspace/vscode/turtorials/install/more_interfaces/share/ament_index/resource_index/rosidl_interfaces/more_interfaces
[4.633s] -- Installing: /home/jiujiujiur0000/workspace/vscode/turtorials/install/more_interfaces/share/more_interfaces/msg/AddressBook.json
[4.634s] -- Installing: /home/jiujiujiur0000/workspace/vscode/turtorials/install/more_interfaces/include/more_interfaces/more_interfaces
[4.634s] -- Installing: /home/jiujiujiur0000/workspace/vscode/turtorials/install/more_interfaces/include/more_interfaces/more_interfaces/msg
[4.634s] -- Installing: /home/jiujiujiur0000/workspace/vscode/turtorials/install/more_interfaces/include/more_interfaces/more_interfaces/msg/detail
[4.634s] -- Installing: /home/jiujiujiur0000/workspace/vscode/turtorials/install/more_interfaces/include/more_interfaces/more_interfaces/msg/detail/address_book__struct.h
[4.634s] -- Installing: /home/jiujiujiur0000/workspace/vscode/turtorials/install/more_interfaces/include/more_interfaces/more_interfaces/msg/detail/address_book__type_support.h
[4.634s] -- Installing: /home/jiujiujiur0000/workspace/vscode/turtorials/install/more_interfaces/include/more_interfaces/more_interfaces/msg/detail/address_book__type_support.c
[4.634s] -- Installing: /home/jiujiujiur0000/workspace/vscode/turtorials/install/more_interfaces/include/more_interfaces/more_interfaces/msg/detail/address_book__description.c
[4.634s] -- Installing: /home/jiujiujiur0000/workspace/vscode/turtorials/install/more_interfaces/include/more_interfaces/more_interfaces/msg/detail/address_book__functions.c
[4.635s] -- Installing: /home/jiujiujiur0000/workspace/vscode/turtorials/install/more_interfaces/include/more_interfaces/more_interfaces/msg/detail/address_book__functions.h
[4.635s] -- Installing: /home/jiujiujiur0000/workspace/vscode/turtorials/install/more_interfaces/include/more_interfaces/more_interfaces/msg/address_book.h
[4.635s] -- Installing: /home/jiujiujiur0000/workspace/vscode/turtorials/install/more_interfaces/include/more_interfaces/more_interfaces/msg/rosidl_generator_c__visibility_control.h
[4.635s] -- Installing: /home/jiujiujiur0000/workspace/vscode/turtorials/install/more_interfaces/share/more_interfaces/environment/library_path.sh
[4.635s] -- Installing: /home/jiujiujiur0000/workspace/vscode/turtorials/install/more_interfaces/share/more_interfaces/environment/library_path.dsv
[4.635s] -- Installing: /home/jiujiujiur0000/workspace/vscode/turtorials/install/more_interfaces/lib/libmore_interfaces__rosidl_generator_c.so
[4.636s] -- Set non-toolchain portion of runtime path of "/home/jiujiujiur0000/workspace/vscode/turtorials/install/more_interfaces/lib/libmore_interfaces__rosidl_generator_c.so" to ""
[4.636s] -- Up-to-date: /home/jiujiujiur0000/workspace/vscode/turtorials/install/more_interfaces/include/more_interfaces/more_interfaces
[4.636s] -- Up-to-date: /home/jiujiujiur0000/workspace/vscode/turtorials/install/more_interfaces/include/more_interfaces/more_interfaces/msg
[4.636s] -- Up-to-date: /home/jiujiujiur0000/workspace/vscode/turtorials/install/more_interfaces/include/more_interfaces/more_interfaces/msg/detail
[4.636s] -- Installing: /home/jiujiujiur0000/workspace/vscode/turtorials/install/more_interfaces/include/more_interfaces/more_interfaces/msg/detail/address_book__rosidl_typesupport_fastrtps_c.h
[4.636s] -- Installing: /home/jiujiujiur0000/workspace/vscode/turtorials/install/more_interfaces/include/more_interfaces/more_interfaces/msg/rosidl_typesupport_fastrtps_c__visibility_control.h
[4.636s] -- Installing: /home/jiujiujiur0000/workspace/vscode/turtorials/install/more_interfaces/lib/libmore_interfaces__rosidl_typesupport_fastrtps_c.so
[4.637s] -- Set non-toolchain portion of runtime path of "/home/jiujiujiur0000/workspace/vscode/turtorials/install/more_interfaces/lib/libmore_interfaces__rosidl_typesupport_fastrtps_c.so" to ""
[4.637s] -- Up-to-date: /home/jiujiujiur0000/workspace/vscode/turtorials/install/more_interfaces/include/more_interfaces/more_interfaces
[4.637s] -- Up-to-date: /home/jiujiujiur0000/workspace/vscode/turtorials/install/more_interfaces/include/more_interfaces/more_interfaces/msg
[4.637s] -- Up-to-date: /home/jiujiujiur0000/workspace/vscode/turtorials/install/more_interfaces/include/more_interfaces/more_interfaces/msg/detail
[4.637s] -- Installing: /home/jiujiujiur0000/workspace/vscode/turtorials/install/more_interfaces/include/more_interfaces/more_interfaces/msg/detail/address_book__type_support.c
[4.637s] -- Installing: /home/jiujiujiur0000/workspace/vscode/turtorials/install/more_interfaces/include/more_interfaces/more_interfaces/msg/detail/address_book__rosidl_typesupport_introspection_c.h
[4.637s] -- Installing: /home/jiujiujiur0000/workspace/vscode/turtorials/install/more_interfaces/include/more_interfaces/more_interfaces/msg/rosidl_typesupport_introspection_c__visibility_control.h
[4.637s] -- Installing: /home/jiujiujiur0000/workspace/vscode/turtorials/install/more_interfaces/lib/libmore_interfaces__rosidl_typesupport_introspection_c.so
[4.637s] -- Set non-toolchain portion of runtime path of "/home/jiujiujiur0000/workspace/vscode/turtorials/install/more_interfaces/lib/libmore_interfaces__rosidl_typesupport_introspection_c.so" to ""
[4.638s] -- Installing: /home/jiujiujiur0000/workspace/vscode/turtorials/install/more_interfaces/lib/libmore_interfaces__rosidl_typesupport_c.so
[4.638s] -- Set non-toolchain portion of runtime path of "/home/jiujiujiur0000/workspace/vscode/turtorials/install/more_interfaces/lib/libmore_interfaces__rosidl_typesupport_c.so" to ""
[4.638s] -- Up-to-date: /home/jiujiujiur0000/workspace/vscode/turtorials/install/more_interfaces/include/more_interfaces/more_interfaces
[4.638s] -- Up-to-date: /home/jiujiujiur0000/workspace/vscode/turtorials/install/more_interfaces/include/more_interfaces/more_interfaces/msg
[4.638s] -- Up-to-date: /home/jiujiujiur0000/workspace/vscode/turtorials/install/more_interfaces/include/more_interfaces/more_interfaces/msg/detail
[4.638s] -- Installing: /home/jiujiujiur0000/workspace/vscode/turtorials/install/more_interfaces/include/more_interfaces/more_interfaces/msg/detail/address_book__type_support.hpp
[4.638s] -- Installing: /home/jiujiujiur0000/workspace/vscode/turtorials/install/more_interfaces/include/more_interfaces/more_interfaces/msg/detail/address_book__traits.hpp
[4.638s] -- Installing: /home/jiujiujiur0000/workspace/vscode/turtorials/install/more_interfaces/include/more_interfaces/more_interfaces/msg/detail/address_book__struct.hpp
[4.638s] -- Installing: /home/jiujiujiur0000/workspace/vscode/turtorials/install/more_interfaces/include/more_interfaces/more_interfaces/msg/detail/address_book__builder.hpp
[4.638s] -- Installing: /home/jiujiujiur0000/workspace/vscode/turtorials/install/more_interfaces/include/more_interfaces/more_interfaces/msg/address_book.hpp
[4.639s] -- Installing: /home/jiujiujiur0000/workspace/vscode/turtorials/install/more_interfaces/include/more_interfaces/more_interfaces/msg/rosidl_generator_cpp__visibility_control.hpp
[4.639s] -- Up-to-date: /home/jiujiujiur0000/workspace/vscode/turtorials/install/more_interfaces/include/more_interfaces/more_interfaces
[4.639s] -- Up-to-date: /home/jiujiujiur0000/workspace/vscode/turtorials/install/more_interfaces/include/more_interfaces/more_interfaces/msg
[4.639s] -- Up-to-date: /home/jiujiujiur0000/workspace/vscode/turtorials/install/more_interfaces/include/more_interfaces/more_interfaces/msg/detail
[4.639s] -- Installing: /home/jiujiujiur0000/workspace/vscode/turtorials/install/more_interfaces/include/more_interfaces/more_interfaces/msg/detail/dds_fastrtps
[4.639s] -- Installing: /home/jiujiujiur0000/workspace/vscode/turtorials/install/more_interfaces/include/more_interfaces/more_interfaces/msg/detail/address_book__rosidl_typesupport_fastrtps_cpp.hpp
[4.639s] -- Installing: /home/jiujiujiur0000/workspace/vscode/turtorials/install/more_interfaces/include/more_interfaces/more_interfaces/msg/rosidl_typesupport_fastrtps_cpp__visibility_control.h
[4.639s] -- Installing: /home/jiujiujiur0000/workspace/vscode/turtorials/install/more_interfaces/lib/libmore_interfaces__rosidl_typesupport_fastrtps_cpp.so
[4.639s] -- Set non-toolchain portion of runtime path of "/home/jiujiujiur0000/workspace/vscode/turtorials/install/more_interfaces/lib/libmore_interfaces__rosidl_typesupport_fastrtps_cpp.so" to ""
[4.640s] -- Up-to-date: /home/jiujiujiur0000/workspace/vscode/turtorials/install/more_interfaces/include/more_interfaces/more_interfaces
[4.640s] -- Up-to-date: /home/jiujiujiur0000/workspace/vscode/turtorials/install/more_interfaces/include/more_interfaces/more_interfaces/msg
[4.640s] -- Up-to-date: /home/jiujiujiur0000/workspace/vscode/turtorials/install/more_interfaces/include/more_interfaces/more_interfaces/msg/detail
[4.640s] -- Installing: /home/jiujiujiur0000/workspace/vscode/turtorials/install/more_interfaces/include/more_interfaces/more_interfaces/msg/detail/address_book__rosidl_typesupport_introspection_cpp.hpp
[4.640s] -- Installing: /home/jiujiujiur0000/workspace/vscode/turtorials/install/more_interfaces/include/more_interfaces/more_interfaces/msg/detail/address_book__type_support.cpp
[4.640s] -- Installing: /home/jiujiujiur0000/workspace/vscode/turtorials/install/more_interfaces/lib/libmore_interfaces__rosidl_typesupport_introspection_cpp.so
[4.640s] -- Set non-toolchain portion of runtime path of "/home/jiujiujiur0000/workspace/vscode/turtorials/install/more_interfaces/lib/libmore_interfaces__rosidl_typesupport_introspection_cpp.so" to ""
[4.640s] -- Installing: /home/jiujiujiur0000/workspace/vscode/turtorials/install/more_interfaces/lib/libmore_interfaces__rosidl_typesupport_cpp.so
[4.641s] -- Set non-toolchain portion of runtime path of "/home/jiujiujiur0000/workspace/vscode/turtorials/install/more_interfaces/lib/libmore_interfaces__rosidl_typesupport_cpp.so" to ""
[4.641s] -- Installing: /home/jiujiujiur0000/workspace/vscode/turtorials/install/more_interfaces/share/more_interfaces/environment/pythonpath.sh
[4.641s] -- Installing: /home/jiujiujiur0000/workspace/vscode/turtorials/install/more_interfaces/share/more_interfaces/environment/pythonpath.dsv
[4.641s] -- Installing: /home/jiujiujiur0000/workspace/vscode/turtorials/install/more_interfaces/lib/python3.12/site-packages/more_interfaces-0.0.0-py3.12.egg-info
[4.641s] -- Installing: /home/jiujiujiur0000/workspace/vscode/turtorials/install/more_interfaces/lib/python3.12/site-packages/more_interfaces-0.0.0-py3.12.egg-info/top_level.txt
[4.641s] -- Installing: /home/jiujiujiur0000/workspace/vscode/turtorials/install/more_interfaces/lib/python3.12/site-packages/more_interfaces-0.0.0-py3.12.egg-info/dependency_links.txt
[4.641s] -- Installing: /home/jiujiujiur0000/workspace/vscode/turtorials/install/more_interfaces/lib/python3.12/site-packages/more_interfaces-0.0.0-py3.12.egg-info/PKG-INFO
[4.641s] -- Installing: /home/jiujiujiur0000/workspace/vscode/turtorials/install/more_interfaces/lib/python3.12/site-packages/more_interfaces-0.0.0-py3.12.egg-info/SOURCES.txt
[4.641s] -- Installing: /home/jiujiujiur0000/workspace/vscode/turtorials/install/more_interfaces/lib/python3.12/site-packages/more_interfaces
[4.642s] -- Installing: /home/jiujiujiur0000/workspace/vscode/turtorials/install/more_interfaces/lib/python3.12/site-packages/more_interfaces/more_interfaces_s__rosidl_typesupport_fastrtps_c.so
[4.642s] -- Installing: /home/jiujiujiur0000/workspace/vscode/turtorials/install/more_interfaces/lib/python3.12/site-packages/more_interfaces/more_interfaces_s__rosidl_typesupport_c.so
[4.642s] -- Installing: /home/jiujiujiur0000/workspace/vscode/turtorials/install/more_interfaces/lib/python3.12/site-packages/more_interfaces/more_interfaces_s__rosidl_typesupport_introspection_c.so
[4.642s] -- Installing: /home/jiujiujiur0000/workspace/vscode/turtorials/install/more_interfaces/lib/python3.12/site-packages/more_interfaces/_more_interfaces_s.ep.rosidl_typesupport_c.c
[4.642s] -- Installing: /home/jiujiujiur0000/workspace/vscode/turtorials/install/more_interfaces/lib/python3.12/site-packages/more_interfaces/_more_interfaces_s.ep.rosidl_typesupport_fastrtps_c.c
[4.642s] -- Installing: /home/jiujiujiur0000/workspace/vscode/turtorials/install/more_interfaces/lib/python3.12/site-packages/more_interfaces/_more_interfaces_s.ep.rosidl_typesupport_introspection_c.c
[4.642s] -- Installing: /home/jiujiujiur0000/workspace/vscode/turtorials/install/more_interfaces/lib/python3.12/site-packages/more_interfaces/__init__.py
[4.642s] -- Installing: /home/jiujiujiur0000/workspace/vscode/turtorials/install/more_interfaces/lib/python3.12/site-packages/more_interfaces/msg
[4.642s] -- Installing: /home/jiujiujiur0000/workspace/vscode/turtorials/install/more_interfaces/lib/python3.12/site-packages/more_interfaces/msg/_address_book_s.c
[4.643s] -- Installing: /home/jiujiujiur0000/workspace/vscode/turtorials/install/more_interfaces/lib/python3.12/site-packages/more_interfaces/msg/_address_book.py
[4.643s] -- Installing: /home/jiujiujiur0000/workspace/vscode/turtorials/install/more_interfaces/lib/python3.12/site-packages/more_interfaces/msg/__init__.py
[4.674s] Listing '/home/jiujiujiur0000/workspace/vscode/turtorials/install/more_interfaces/lib/python3.12/site-packages/more_interfaces'...
[4.674s] Compiling '/home/jiujiujiur0000/workspace/vscode/turtorials/install/more_interfaces/lib/python3.12/site-packages/more_interfaces/__init__.py'...
[4.674s] Listing '/home/jiujiujiur0000/workspace/vscode/turtorials/install/more_interfaces/lib/python3.12/site-packages/more_interfaces/msg'...
[4.675s] Compiling '/home/jiujiujiur0000/workspace/vscode/turtorials/install/more_interfaces/lib/python3.12/site-packages/more_interfaces/msg/__init__.py'...
[4.675s] Compiling '/home/jiujiujiur0000/workspace/vscode/turtorials/install/more_interfaces/lib/python3.12/site-packages/more_interfaces/msg/_address_book.py'...
[4.679s] -- Installing: /home/jiujiujiur0000/workspace/vscode/turtorials/install/more_interfaces/lib/python3.12/site-packages/more_interfaces/more_interfaces_s__rosidl_typesupport_fastrtps_c.so
[4.679s] -- Set non-toolchain portion of runtime path of "/home/jiujiujiur0000/workspace/vscode/turtorials/install/more_interfaces/lib/python3.12/site-packages/more_interfaces/more_interfaces_s__rosidl_typesupport_fastrtps_c.so" to ""
[4.679s] -- Installing: /home/jiujiujiur0000/workspace/vscode/turtorials/install/more_interfaces/lib/python3.12/site-packages/more_interfaces/more_interfaces_s__rosidl_typesupport_introspection_c.so
[4.680s] -- Set non-toolchain portion of runtime path of "/home/jiujiujiur0000/workspace/vscode/turtorials/install/more_interfaces/lib/python3.12/site-packages/more_interfaces/more_interfaces_s__rosidl_typesupport_introspection_c.so" to ""
[4.680s] -- Installing: /home/jiujiujiur0000/workspace/vscode/turtorials/install/more_interfaces/lib/python3.12/site-packages/more_interfaces/more_interfaces_s__rosidl_typesupport_c.so
[4.680s] -- Set non-toolchain portion of runtime path of "/home/jiujiujiur0000/workspace/vscode/turtorials/install/more_interfaces/lib/python3.12/site-packages/more_interfaces/more_interfaces_s__rosidl_typesupport_c.so" to ""
[4.680s] -- Installing: /home/jiujiujiur0000/workspace/vscode/turtorials/install/more_interfaces/lib/libmore_interfaces__rosidl_generator_py.so
[4.680s] -- Set non-toolchain portion of runtime path of "/home/jiujiujiur0000/workspace/vscode/turtorials/install/more_interfaces/lib/libmore_interfaces__rosidl_generator_py.so" to ""
[4.681s] -- Installing: /home/jiujiujiur0000/workspace/vscode/turtorials/install/more_interfaces/share/more_interfaces/msg/AddressBook.idl
[4.681s] -- Installing: /home/jiujiujiur0000/workspace/vscode/turtorials/install/more_interfaces/share/more_interfaces/msg/AddressBook.msg
[4.681s] -- Installing: /home/jiujiujiur0000/workspace/vscode/turtorials/install/more_interfaces/lib/more_interfaces/publish_address_book
[4.682s] -- Set non-toolchain portion of runtime path of "/home/jiujiujiur0000/workspace/vscode/turtorials/install/more_interfaces/lib/more_interfaces/publish_address_book" to ""
[4.682s] -- Installing: /home/jiujiujiur0000/workspace/vscode/turtorials/install/more_interfaces/share/ament_index/resource_index/package_run_dependencies/more_interfaces
[4.682s] -- Installing: /home/jiujiujiur0000/workspace/vscode/turtorials/install/more_interfaces/share/ament_index/resource_index/parent_prefix_path/more_interfaces
[4.683s] -- Installing: /home/jiujiujiur0000/workspace/vscode/turtorials/install/more_interfaces/share/more_interfaces/environment/ament_prefix_path.sh
[4.683s] -- Installing: /home/jiujiujiur0000/workspace/vscode/turtorials/install/more_interfaces/share/more_interfaces/environment/ament_prefix_path.dsv
[4.683s] -- Installing: /home/jiujiujiur0000/workspace/vscode/turtorials/install/more_interfaces/share/more_interfaces/environment/path.sh
[4.683s] -- Installing: /home/jiujiujiur0000/workspace/vscode/turtorials/install/more_interfaces/share/more_interfaces/environment/path.dsv
[4.683s] -- Installing: /home/jiujiujiur0000/workspace/vscode/turtorials/install/more_interfaces/share/more_interfaces/local_setup.bash
[4.683s] -- Installing: /home/jiujiujiur0000/workspace/vscode/turtorials/install/more_interfaces/share/more_interfaces/local_setup.sh
[4.683s] -- Installing: /home/jiujiujiur0000/workspace/vscode/turtorials/install/more_interfaces/share/more_interfaces/local_setup.zsh
[4.684s] -- Installing: /home/jiujiujiur0000/workspace/vscode/turtorials/install/more_interfaces/share/more_interfaces/local_setup.dsv
[4.684s] -- Installing: /home/jiujiujiur0000/workspace/vscode/turtorials/install/more_interfaces/share/more_interfaces/package.dsv
[4.684s] -- Installing: /home/jiujiujiur0000/workspace/vscode/turtorials/install/more_interfaces/share/ament_index/resource_index/packages/more_interfaces
[4.684s] -- Installing: /home/jiujiujiur0000/workspace/vscode/turtorials/install/more_interfaces/share/more_interfaces/cmake/export_more_interfaces__rosidl_generator_cExport.cmake
[4.684s] -- Installing: /home/jiujiujiur0000/workspace/vscode/turtorials/install/more_interfaces/share/more_interfaces/cmake/export_more_interfaces__rosidl_generator_cExport-noconfig.cmake
[4.684s] -- Installing: /home/jiujiujiur0000/workspace/vscode/turtorials/install/more_interfaces/share/more_interfaces/cmake/export_more_interfaces__rosidl_typesupport_fastrtps_cExport.cmake
[4.685s] -- Installing: /home/jiujiujiur0000/workspace/vscode/turtorials/install/more_interfaces/share/more_interfaces/cmake/export_more_interfaces__rosidl_typesupport_fastrtps_cExport-noconfig.cmake
[4.685s] -- Installing: /home/jiujiujiur0000/workspace/vscode/turtorials/install/more_interfaces/share/more_interfaces/cmake/more_interfaces__rosidl_typesupport_introspection_cExport.cmake
[4.685s] -- Installing: /home/jiujiujiur0000/workspace/vscode/turtorials/install/more_interfaces/share/more_interfaces/cmake/more_interfaces__rosidl_typesupport_introspection_cExport-noconfig.cmake
[4.685s] -- Installing: /home/jiujiujiur0000/workspace/vscode/turtorials/install/more_interfaces/share/more_interfaces/cmake/more_interfaces__rosidl_typesupport_cExport.cmake
[4.685s] -- Installing: /home/jiujiujiur0000/workspace/vscode/turtorials/install/more_interfaces/share/more_interfaces/cmake/more_interfaces__rosidl_typesupport_cExport-noconfig.cmake
[4.685s] -- Installing: /home/jiujiujiur0000/workspace/vscode/turtorials/install/more_interfaces/share/more_interfaces/cmake/export_more_interfaces__rosidl_generator_cppExport.cmake
[4.685s] -- Installing: /home/jiujiujiur0000/workspace/vscode/turtorials/install/more_interfaces/share/more_interfaces/cmake/export_more_interfaces__rosidl_typesupport_fastrtps_cppExport.cmake
[4.686s] -- Installing: /home/jiujiujiur0000/workspace/vscode/turtorials/install/more_interfaces/share/more_interfaces/cmake/export_more_interfaces__rosidl_typesupport_fastrtps_cppExport-noconfig.cmake
[4.686s] -- Installing: /home/jiujiujiur0000/workspace/vscode/turtorials/install/more_interfaces/share/more_interfaces/cmake/more_interfaces__rosidl_typesupport_introspection_cppExport.cmake
[4.686s] -- Installing: /home/jiujiujiur0000/workspace/vscode/turtorials/install/more_interfaces/share/more_interfaces/cmake/more_interfaces__rosidl_typesupport_introspection_cppExport-noconfig.cmake
[4.686s] -- Installing: /home/jiujiujiur0000/workspace/vscode/turtorials/install/more_interfaces/share/more_interfaces/cmake/more_interfaces__rosidl_typesupport_cppExport.cmake
[4.686s] -- Installing: /home/jiujiujiur0000/workspace/vscode/turtorials/install/more_interfaces/share/more_interfaces/cmake/more_interfaces__rosidl_typesupport_cppExport-noconfig.cmake
[4.686s] -- Installing: /home/jiujiujiur0000/workspace/vscode/turtorials/install/more_interfaces/share/more_interfaces/cmake/export_more_interfaces__rosidl_generator_pyExport.cmake
[4.686s] -- Installing: /home/jiujiujiur0000/workspace/vscode/turtorials/install/more_interfaces/share/more_interfaces/cmake/export_more_interfaces__rosidl_generator_pyExport-noconfig.cmake
[4.687s] -- Installing: /home/jiujiujiur0000/workspace/vscode/turtorials/install/more_interfaces/share/more_interfaces/cmake/rosidl_cmake-extras.cmake
[4.687s] -- Installing: /home/jiujiujiur0000/workspace/vscode/turtorials/install/more_interfaces/share/more_interfaces/cmake/ament_cmake_export_include_directories-extras.cmake
[4.687s] -- Installing: /home/jiujiujiur0000/workspace/vscode/turtorials/install/more_interfaces/share/more_interfaces/cmake/ament_cmake_export_libraries-extras.cmake
[4.687s] -- Installing: /home/jiujiujiur0000/workspace/vscode/turtorials/install/more_interfaces/share/more_interfaces/cmake/ament_cmake_export_targets-extras.cmake
[4.687s] -- Installing: /home/jiujiujiur0000/workspace/vscode/turtorials/install/more_interfaces/share/more_interfaces/cmake/rosidl_cmake_export_typesupport_targets-extras.cmake
[4.687s] -- Installing: /home/jiujiujiur0000/workspace/vscode/turtorials/install/more_interfaces/share/more_interfaces/cmake/ament_cmake_export_dependencies-extras.cmake
[4.687s] -- Installing: /home/jiujiujiur0000/workspace/vscode/turtorials/install/more_interfaces/share/more_interfaces/cmake/rosidl_cmake_export_typesupport_libraries-extras.cmake
[4.688s] -- Installing: /home/jiujiujiur0000/workspace/vscode/turtorials/install/more_interfaces/share/more_interfaces/cmake/more_interfacesConfig.cmake
[4.688s] -- Installing: /home/jiujiujiur0000/workspace/vscode/turtorials/install/more_interfaces/share/more_interfaces/cmake/more_interfacesConfig-version.cmake
[4.688s] -- Installing: /home/jiujiujiur0000/workspace/vscode/turtorials/install/more_interfaces/share/more_interfaces/package.xml
[4.690s] Invoked command in '/home/jiujiujiur0000/workspace/vscode/turtorials/build/more_interfaces' returned '0': CMAKE_PREFIX_PATH=${CMAKE_PREFIX_PATH}:/opt/ros/jazzy DEBUGINFOD_URLS=https://debuginfod.ubuntu.com /usr/bin/cmake --install /home/jiujiujiur0000/workspace/vscode/turtorials/build/more_interfaces
