[0.013s] Invoking command in '/home/jiujiujiur0000/workspace/vscode/turtorials/build/cpp_srvcli': CMAKE_PREFIX_PATH=${CMAKE_PREFIX_PATH}:/opt/ros/jazzy DEBUGINFOD_URLS=https://debuginfod.ubuntu.com /usr/bin/cmake --build /home/jiujiujiur0000/workspace/vscode/turtorials/build/cpp_srvcli -- -j16 -l16
[0.039s] -- Found ament_cmake: 2.5.4 (/opt/ros/jazzy/share/ament_cmake/cmake)
[0.223s] -- Found rclcpp: 28.1.12 (/opt/ros/jazzy/share/rclcpp/cmake)
[0.248s] -- Found rosidl_generator_c: 4.6.6 (/opt/ros/jazzy/share/rosidl_generator_c/cmake)
[0.255s] -- Found rosidl_generator_cpp: 4.6.6 (/opt/ros/jazzy/share/rosidl_generator_cpp/cmake)
[0.265s] -- Using all available rosidl_typesupport_c: rosidl_typesupport_fastrtps_c;rosidl_typesupport_introspection_c
[0.276s] -- Using all available rosidl_typesupport_cpp: rosidl_typesupport_fastrtps_cpp;rosidl_typesupport_introspection_cpp
[0.326s] -- Found rmw_implementation_cmake: 7.3.2 (/opt/ros/jazzy/share/rmw_implementation_cmake/cmake)
[0.328s] -- Found rmw_fastrtps_cpp: 8.4.3 (/opt/ros/jazzy/share/rmw_fastrtps_cpp/cmake)
[0.386s] -- Using RMW implementation 'rmw_fastrtps_cpp' as default
[0.442s] -- Found tutorial_interfaces: 0.0.0 (/home/jiujiujiur0000/workspace/vscode/turtorials/install/tutorial_interfaces/share/tutorial_interfaces/cmake)
[0.491s] -- Found ament_lint_auto: 0.17.3 (/opt/ros/jazzy/share/ament_lint_auto/cmake)
[0.570s] -- Added test 'cppcheck' to perform static code analysis on C / C++ code
[0.571s] -- Configured cppcheck include dirs: 
[0.571s] -- Configured cppcheck exclude dirs and/or files: 
[0.571s] -- Added test 'lint_cmake' to check CMake code style
[0.572s] -- Added test 'uncrustify' to check C / C++ code style
[0.572s] -- Configured uncrustify additional arguments: 
[0.572s] -- Added test 'xmllint' to check XML markup files
[0.573s] -- Configuring done (0.5s)
[0.586s] -- Generating done (0.0s)
[0.590s] -- Build files have been written to: /home/jiujiujiur0000/workspace/vscode/turtorials/build/cpp_srvcli
[0.639s] [ 50%] [32mBuilding CXX object CMakeFiles/client.dir/src/add_two_ints_client.cpp.o[0m
[0.639s] [ 50%] [32mBuilding CXX object CMakeFiles/server.dir/src/add_two_ints_server.cpp.o[0m
[3.496s] [ 75%] [32m[1mLinking CXX executable server[0m
[3.616s] [ 75%] Built target server
[3.656s] [100%] [32m[1mLinking CXX executable client[0m
[3.783s] [100%] Built target client
[3.794s] Invoked command in '/home/jiujiujiur0000/workspace/vscode/turtorials/build/cpp_srvcli' returned '0': CMAKE_PREFIX_PATH=${CMAKE_PREFIX_PATH}:/opt/ros/jazzy DEBUGINFOD_URLS=https://debuginfod.ubuntu.com /usr/bin/cmake --build /home/jiujiujiur0000/workspace/vscode/turtorials/build/cpp_srvcli -- -j16 -l16
[3.804s] Invoking command in '/home/jiujiujiur0000/workspace/vscode/turtorials/build/cpp_srvcli': CMAKE_PREFIX_PATH=${CMAKE_PREFIX_PATH}:/opt/ros/jazzy DEBUGINFOD_URLS=https://debuginfod.ubuntu.com /usr/bin/cmake --install /home/jiujiujiur0000/workspace/vscode/turtorials/build/cpp_srvcli
[3.811s] -- Install configuration: ""
[3.812s] -- Installing: /home/jiujiujiur0000/workspace/vscode/turtorials/install/cpp_srvcli/lib/cpp_srvcli/server
[3.813s] -- Set non-toolchain portion of runtime path of "/home/jiujiujiur0000/workspace/vscode/turtorials/install/cpp_srvcli/lib/cpp_srvcli/server" to ""
[3.813s] -- Installing: /home/jiujiujiur0000/workspace/vscode/turtorials/install/cpp_srvcli/lib/cpp_srvcli/client
[3.814s] -- Set non-toolchain portion of runtime path of "/home/jiujiujiur0000/workspace/vscode/turtorials/install/cpp_srvcli/lib/cpp_srvcli/client" to ""
[3.814s] -- Installing: /home/jiujiujiur0000/workspace/vscode/turtorials/install/cpp_srvcli/share/ament_index/resource_index/package_run_dependencies/cpp_srvcli
[3.815s] -- Up-to-date: /home/jiujiujiur0000/workspace/vscode/turtorials/install/cpp_srvcli/share/ament_index/resource_index/parent_prefix_path/cpp_srvcli
[3.815s] -- Up-to-date: /home/jiujiujiur0000/workspace/vscode/turtorials/install/cpp_srvcli/share/cpp_srvcli/environment/ament_prefix_path.sh
[3.815s] -- Up-to-date: /home/jiujiujiur0000/workspace/vscode/turtorials/install/cpp_srvcli/share/cpp_srvcli/environment/ament_prefix_path.dsv
[3.815s] -- Up-to-date: /home/jiujiujiur0000/workspace/vscode/turtorials/install/cpp_srvcli/share/cpp_srvcli/environment/path.sh
[3.815s] -- Up-to-date: /home/jiujiujiur0000/workspace/vscode/turtorials/install/cpp_srvcli/share/cpp_srvcli/environment/path.dsv
[3.815s] -- Up-to-date: /home/jiujiujiur0000/workspace/vscode/turtorials/install/cpp_srvcli/share/cpp_srvcli/local_setup.bash
[3.815s] -- Up-to-date: /home/jiujiujiur0000/workspace/vscode/turtorials/install/cpp_srvcli/share/cpp_srvcli/local_setup.sh
[3.816s] -- Up-to-date: /home/jiujiujiur0000/workspace/vscode/turtorials/install/cpp_srvcli/share/cpp_srvcli/local_setup.zsh
[3.816s] -- Up-to-date: /home/jiujiujiur0000/workspace/vscode/turtorials/install/cpp_srvcli/share/cpp_srvcli/local_setup.dsv
[3.816s] -- Installing: /home/jiujiujiur0000/workspace/vscode/turtorials/install/cpp_srvcli/share/cpp_srvcli/package.dsv
[3.816s] -- Up-to-date: /home/jiujiujiur0000/workspace/vscode/turtorials/install/cpp_srvcli/share/ament_index/resource_index/packages/cpp_srvcli
[3.816s] -- Up-to-date: /home/jiujiujiur0000/workspace/vscode/turtorials/install/cpp_srvcli/share/cpp_srvcli/cmake/cpp_srvcliConfig.cmake
[3.816s] -- Up-to-date: /home/jiujiujiur0000/workspace/vscode/turtorials/install/cpp_srvcli/share/cpp_srvcli/cmake/cpp_srvcliConfig-version.cmake
[3.816s] -- Installing: /home/jiujiujiur0000/workspace/vscode/turtorials/install/cpp_srvcli/share/cpp_srvcli/package.xml
[3.817s] Invoked command in '/home/jiujiujiur0000/workspace/vscode/turtorials/build/cpp_srvcli' returned '0': CMAKE_PREFIX_PATH=${CMAKE_PREFIX_PATH}:/opt/ros/jazzy DEBUGINFOD_URLS=https://debuginfod.ubuntu.com /usr/bin/cmake --install /home/jiujiujiur0000/workspace/vscode/turtorials/build/cpp_srvcli
