[0.096s] DEBUG:colcon:Command line arguments: ['/usr/bin/colcon', 'list', '-p', '--base-paths', '/home/jiujiujiur0000/workspace/vscode/turtorials', '--log-base', '/dev/null']
[0.097s] DEBUG:colcon:Parsed command line arguments: Namespace(log_base=None, log_level=None, verb_name='list', build_base='build', ignore_user_meta=False, metas=['./colcon.meta'], base_paths=['/home/jiujiujiur0000/workspace/vscode/turtorials', '--log-base', '/dev/null'], packages_ignore=None, packages_ignore_regex=None, paths=None, packages_up_to=None, packages_up_to_regex=None, packages_above=None, packages_above_and_dependencies=None, packages_above_depth=None, packages_select_by_dep=None, packages_skip_by_dep=None, packages_skip_up_to=None, packages_select_build_failed=False, packages_skip_build_finished=False, packages_select_test_failures=False, packages_skip_test_passed=False, packages_select=None, packages_skip=None, packages_select_regex=None, packages_skip_regex=None, packages_start=None, packages_end=None, allow_overriding=[], topological_order=False, names_only=False, paths_only=True, topological_graph=False, topological_graph_dot=False, topological_graph_density=False, topological_graph_legend=False, topological_graph_dot_cluster=False, topological_graph_dot_include_skipped=False, mixin_files=None, mixin=None, verb_parser=<colcon_mixin.mixin.mixin_argument.MixinArgumentDecorator object at 0x76f90bca6360>, verb_extension=<colcon_package_information.verb.list.ListVerb object at 0x76f90bca5550>, main=<bound method ListVerb.main of <colcon_package_information.verb.list.ListVerb object at 0x76f90bca5550>>, mixin_verb=('list',))
[0.130s] Level 1:colcon.colcon_core.package_discovery:discover_packages(colcon_meta) check parameters
[0.130s] Level 1:colcon.colcon_core.package_discovery:discover_packages(recursive) check parameters
[0.130s] Level 1:colcon.colcon_core.package_discovery:discover_packages(ignore) check parameters
[0.130s] Level 1:colcon.colcon_core.package_discovery:discover_packages(path) check parameters
[0.130s] Level 1:colcon.colcon_core.package_discovery:discover_packages(recursive) discover
[0.130s] INFO:colcon.colcon_core.package_discovery:Crawling recursively for packages in '/home/jiujiujiur0000/workspace/vscode/turtorials', '/home/jiujiujiur0000/workspace/vscode/turtorials/--log-base', '/dev/null'
[0.130s] Level 1:colcon.colcon_core.package_identification:_identify(/home/jiujiujiur0000/workspace/vscode/turtorials) by extensions ['ignore', 'ignore_ament_install']
[0.130s] Level 1:colcon.colcon_core.package_identification:_identify(/home/jiujiujiur0000/workspace/vscode/turtorials) by extension 'ignore'
[0.131s] Level 1:colcon.colcon_core.package_identification:_identify(/home/jiujiujiur0000/workspace/vscode/turtorials) by extension 'ignore_ament_install'
[0.131s] Level 1:colcon.colcon_core.package_identification:_identify(/home/jiujiujiur0000/workspace/vscode/turtorials) by extensions ['colcon_pkg']
[0.131s] Level 1:colcon.colcon_core.package_identification:_identify(/home/jiujiujiur0000/workspace/vscode/turtorials) by extension 'colcon_pkg'
[0.131s] Level 1:colcon.colcon_core.package_identification:_identify(/home/jiujiujiur0000/workspace/vscode/turtorials) by extensions ['colcon_meta']
[0.131s] Level 1:colcon.colcon_core.package_identification:_identify(/home/jiujiujiur0000/workspace/vscode/turtorials) by extension 'colcon_meta'
[0.131s] Level 1:colcon.colcon_core.package_identification:_identify(/home/jiujiujiur0000/workspace/vscode/turtorials) by extensions ['ros']
[0.131s] Level 1:colcon.colcon_core.package_identification:_identify(/home/jiujiujiur0000/workspace/vscode/turtorials) by extension 'ros'
[0.153s] Level 1:colcon.colcon_core.package_identification:_identify(/home/jiujiujiur0000/workspace/vscode/turtorials) by extensions ['cmake', 'python']
[0.153s] Level 1:colcon.colcon_core.package_identification:_identify(/home/jiujiujiur0000/workspace/vscode/turtorials) by extension 'cmake'
[0.153s] Level 1:colcon.colcon_core.package_identification:_identify(/home/jiujiujiur0000/workspace/vscode/turtorials) by extension 'python'
[0.153s] Level 1:colcon.colcon_core.package_identification:_identify(/home/jiujiujiur0000/workspace/vscode/turtorials) by extensions ['python_setup_py']
[0.153s] Level 1:colcon.colcon_core.package_identification:_identify(/home/jiujiujiur0000/workspace/vscode/turtorials) by extension 'python_setup_py'
[0.153s] Level 1:colcon.colcon_core.package_identification:_identify(/home/jiujiujiur0000/workspace/vscode/turtorials/build) by extensions ['ignore', 'ignore_ament_install']
[0.154s] Level 1:colcon.colcon_core.package_identification:_identify(/home/jiujiujiur0000/workspace/vscode/turtorials/build) by extension 'ignore'
[0.154s] Level 1:colcon.colcon_core.package_identification:_identify(/home/jiujiujiur0000/workspace/vscode/turtorials/build) ignored
[0.154s] Level 1:colcon.colcon_core.package_identification:_identify(/home/jiujiujiur0000/workspace/vscode/turtorials/install) by extensions ['ignore', 'ignore_ament_install']
[0.154s] Level 1:colcon.colcon_core.package_identification:_identify(/home/jiujiujiur0000/workspace/vscode/turtorials/install) by extension 'ignore'
[0.154s] Level 1:colcon.colcon_core.package_identification:_identify(/home/jiujiujiur0000/workspace/vscode/turtorials/install) ignored
[0.154s] Level 1:colcon.colcon_core.package_identification:_identify(/home/jiujiujiur0000/workspace/vscode/turtorials/log) by extensions ['ignore', 'ignore_ament_install']
[0.154s] Level 1:colcon.colcon_core.package_identification:_identify(/home/jiujiujiur0000/workspace/vscode/turtorials/log) by extension 'ignore'
[0.154s] Level 1:colcon.colcon_core.package_identification:_identify(/home/jiujiujiur0000/workspace/vscode/turtorials/log) ignored
[0.154s] Level 1:colcon.colcon_core.package_identification:_identify(/home/jiujiujiur0000/workspace/vscode/turtorials/src) by extensions ['ignore', 'ignore_ament_install']
[0.154s] Level 1:colcon.colcon_core.package_identification:_identify(/home/jiujiujiur0000/workspace/vscode/turtorials/src) by extension 'ignore'
[0.154s] Level 1:colcon.colcon_core.package_identification:_identify(/home/jiujiujiur0000/workspace/vscode/turtorials/src) by extension 'ignore_ament_install'
[0.154s] Level 1:colcon.colcon_core.package_identification:_identify(/home/jiujiujiur0000/workspace/vscode/turtorials/src) by extensions ['colcon_pkg']
[0.154s] Level 1:colcon.colcon_core.package_identification:_identify(/home/jiujiujiur0000/workspace/vscode/turtorials/src) by extension 'colcon_pkg'
[0.155s] Level 1:colcon.colcon_core.package_identification:_identify(/home/jiujiujiur0000/workspace/vscode/turtorials/src) by extensions ['colcon_meta']
[0.155s] Level 1:colcon.colcon_core.package_identification:_identify(/home/jiujiujiur0000/workspace/vscode/turtorials/src) by extension 'colcon_meta'
[0.155s] Level 1:colcon.colcon_core.package_identification:_identify(/home/jiujiujiur0000/workspace/vscode/turtorials/src) by extensions ['ros']
[0.155s] Level 1:colcon.colcon_core.package_identification:_identify(/home/jiujiujiur0000/workspace/vscode/turtorials/src) by extension 'ros'
[0.155s] Level 1:colcon.colcon_core.package_identification:_identify(/home/jiujiujiur0000/workspace/vscode/turtorials/src) by extensions ['cmake', 'python']
[0.155s] Level 1:colcon.colcon_core.package_identification:_identify(/home/jiujiujiur0000/workspace/vscode/turtorials/src) by extension 'cmake'
[0.155s] Level 1:colcon.colcon_core.package_identification:_identify(/home/jiujiujiur0000/workspace/vscode/turtorials/src) by extension 'python'
[0.155s] Level 1:colcon.colcon_core.package_identification:_identify(/home/jiujiujiur0000/workspace/vscode/turtorials/src) by extensions ['python_setup_py']
[0.155s] Level 1:colcon.colcon_core.package_identification:_identify(/home/jiujiujiur0000/workspace/vscode/turtorials/src) by extension 'python_setup_py'
[0.155s] Level 1:colcon.colcon_core.package_identification:_identify(/home/jiujiujiur0000/workspace/vscode/turtorials/src/cpp_parameters) by extensions ['ignore', 'ignore_ament_install']
[0.155s] Level 1:colcon.colcon_core.package_identification:_identify(/home/jiujiujiur0000/workspace/vscode/turtorials/src/cpp_parameters) by extension 'ignore'
[0.155s] Level 1:colcon.colcon_core.package_identification:_identify(/home/jiujiujiur0000/workspace/vscode/turtorials/src/cpp_parameters) by extension 'ignore_ament_install'
[0.155s] Level 1:colcon.colcon_core.package_identification:_identify(/home/jiujiujiur0000/workspace/vscode/turtorials/src/cpp_parameters) by extensions ['colcon_pkg']
[0.155s] Level 1:colcon.colcon_core.package_identification:_identify(/home/jiujiujiur0000/workspace/vscode/turtorials/src/cpp_parameters) by extension 'colcon_pkg'
[0.155s] Level 1:colcon.colcon_core.package_identification:_identify(/home/jiujiujiur0000/workspace/vscode/turtorials/src/cpp_parameters) by extensions ['colcon_meta']
[0.155s] Level 1:colcon.colcon_core.package_identification:_identify(/home/jiujiujiur0000/workspace/vscode/turtorials/src/cpp_parameters) by extension 'colcon_meta'
[0.155s] Level 1:colcon.colcon_core.package_identification:_identify(/home/jiujiujiur0000/workspace/vscode/turtorials/src/cpp_parameters) by extensions ['ros']
[0.155s] Level 1:colcon.colcon_core.package_identification:_identify(/home/jiujiujiur0000/workspace/vscode/turtorials/src/cpp_parameters) by extension 'ros'
[0.158s] DEBUG:colcon.colcon_core.package_identification:Package '/home/jiujiujiur0000/workspace/vscode/turtorials/src/cpp_parameters' with type 'ros.ament_cmake' and name 'cpp_parameters'
[0.158s] Level 1:colcon.colcon_core.package_identification:_identify(/home/jiujiujiur0000/workspace/vscode/turtorials/src/cpp_pubsub) by extensions ['ignore', 'ignore_ament_install']
[0.158s] Level 1:colcon.colcon_core.package_identification:_identify(/home/jiujiujiur0000/workspace/vscode/turtorials/src/cpp_pubsub) by extension 'ignore'
[0.158s] Level 1:colcon.colcon_core.package_identification:_identify(/home/jiujiujiur0000/workspace/vscode/turtorials/src/cpp_pubsub) by extension 'ignore_ament_install'
[0.158s] Level 1:colcon.colcon_core.package_identification:_identify(/home/jiujiujiur0000/workspace/vscode/turtorials/src/cpp_pubsub) by extensions ['colcon_pkg']
[0.158s] Level 1:colcon.colcon_core.package_identification:_identify(/home/jiujiujiur0000/workspace/vscode/turtorials/src/cpp_pubsub) by extension 'colcon_pkg'
[0.158s] Level 1:colcon.colcon_core.package_identification:_identify(/home/jiujiujiur0000/workspace/vscode/turtorials/src/cpp_pubsub) by extensions ['colcon_meta']
[0.158s] Level 1:colcon.colcon_core.package_identification:_identify(/home/jiujiujiur0000/workspace/vscode/turtorials/src/cpp_pubsub) by extension 'colcon_meta'
[0.158s] Level 1:colcon.colcon_core.package_identification:_identify(/home/jiujiujiur0000/workspace/vscode/turtorials/src/cpp_pubsub) by extensions ['ros']
[0.158s] Level 1:colcon.colcon_core.package_identification:_identify(/home/jiujiujiur0000/workspace/vscode/turtorials/src/cpp_pubsub) by extension 'ros'
[0.159s] DEBUG:colcon.colcon_core.package_identification:Package '/home/jiujiujiur0000/workspace/vscode/turtorials/src/cpp_pubsub' with type 'ros.ament_cmake' and name 'cpp_pubsub'
[0.159s] Level 1:colcon.colcon_core.package_identification:_identify(/home/jiujiujiur0000/workspace/vscode/turtorials/src/cpp_srvcli) by extensions ['ignore', 'ignore_ament_install']
[0.159s] Level 1:colcon.colcon_core.package_identification:_identify(/home/jiujiujiur0000/workspace/vscode/turtorials/src/cpp_srvcli) by extension 'ignore'
[0.159s] Level 1:colcon.colcon_core.package_identification:_identify(/home/jiujiujiur0000/workspace/vscode/turtorials/src/cpp_srvcli) by extension 'ignore_ament_install'
[0.159s] Level 1:colcon.colcon_core.package_identification:_identify(/home/jiujiujiur0000/workspace/vscode/turtorials/src/cpp_srvcli) by extensions ['colcon_pkg']
[0.159s] Level 1:colcon.colcon_core.package_identification:_identify(/home/jiujiujiur0000/workspace/vscode/turtorials/src/cpp_srvcli) by extension 'colcon_pkg'
[0.159s] Level 1:colcon.colcon_core.package_identification:_identify(/home/jiujiujiur0000/workspace/vscode/turtorials/src/cpp_srvcli) by extensions ['colcon_meta']
[0.159s] Level 1:colcon.colcon_core.package_identification:_identify(/home/jiujiujiur0000/workspace/vscode/turtorials/src/cpp_srvcli) by extension 'colcon_meta'
[0.159s] Level 1:colcon.colcon_core.package_identification:_identify(/home/jiujiujiur0000/workspace/vscode/turtorials/src/cpp_srvcli) by extensions ['ros']
[0.159s] Level 1:colcon.colcon_core.package_identification:_identify(/home/jiujiujiur0000/workspace/vscode/turtorials/src/cpp_srvcli) by extension 'ros'
[0.160s] DEBUG:colcon.colcon_core.package_identification:Package '/home/jiujiujiur0000/workspace/vscode/turtorials/src/cpp_srvcli' with type 'ros.ament_cmake' and name 'cpp_srvcli'
[0.160s] Level 1:colcon.colcon_core.package_identification:_identify(/home/jiujiujiur0000/workspace/vscode/turtorials/src/custom_action_cpp) by extensions ['ignore', 'ignore_ament_install']
[0.160s] Level 1:colcon.colcon_core.package_identification:_identify(/home/jiujiujiur0000/workspace/vscode/turtorials/src/custom_action_cpp) by extension 'ignore'
[0.160s] Level 1:colcon.colcon_core.package_identification:_identify(/home/jiujiujiur0000/workspace/vscode/turtorials/src/custom_action_cpp) by extension 'ignore_ament_install'
[0.160s] Level 1:colcon.colcon_core.package_identification:_identify(/home/jiujiujiur0000/workspace/vscode/turtorials/src/custom_action_cpp) by extensions ['colcon_pkg']
[0.160s] Level 1:colcon.colcon_core.package_identification:_identify(/home/jiujiujiur0000/workspace/vscode/turtorials/src/custom_action_cpp) by extension 'colcon_pkg'
[0.160s] Level 1:colcon.colcon_core.package_identification:_identify(/home/jiujiujiur0000/workspace/vscode/turtorials/src/custom_action_cpp) by extensions ['colcon_meta']
[0.160s] Level 1:colcon.colcon_core.package_identification:_identify(/home/jiujiujiur0000/workspace/vscode/turtorials/src/custom_action_cpp) by extension 'colcon_meta'
[0.160s] Level 1:colcon.colcon_core.package_identification:_identify(/home/jiujiujiur0000/workspace/vscode/turtorials/src/custom_action_cpp) by extensions ['ros']
[0.160s] Level 1:colcon.colcon_core.package_identification:_identify(/home/jiujiujiur0000/workspace/vscode/turtorials/src/custom_action_cpp) by extension 'ros'
[0.161s] DEBUG:colcon.colcon_core.package_identification:Package '/home/jiujiujiur0000/workspace/vscode/turtorials/src/custom_action_cpp' with type 'ros.ament_cmake' and name 'custom_action_cpp'
[0.161s] Level 1:colcon.colcon_core.package_identification:_identify(/home/jiujiujiur0000/workspace/vscode/turtorials/src/custom_action_interfaces) by extensions ['ignore', 'ignore_ament_install']
[0.162s] Level 1:colcon.colcon_core.package_identification:_identify(/home/jiujiujiur0000/workspace/vscode/turtorials/src/custom_action_interfaces) by extension 'ignore'
[0.162s] Level 1:colcon.colcon_core.package_identification:_identify(/home/jiujiujiur0000/workspace/vscode/turtorials/src/custom_action_interfaces) by extension 'ignore_ament_install'
[0.162s] Level 1:colcon.colcon_core.package_identification:_identify(/home/jiujiujiur0000/workspace/vscode/turtorials/src/custom_action_interfaces) by extensions ['colcon_pkg']
[0.162s] Level 1:colcon.colcon_core.package_identification:_identify(/home/jiujiujiur0000/workspace/vscode/turtorials/src/custom_action_interfaces) by extension 'colcon_pkg'
[0.162s] Level 1:colcon.colcon_core.package_identification:_identify(/home/jiujiujiur0000/workspace/vscode/turtorials/src/custom_action_interfaces) by extensions ['colcon_meta']
[0.162s] Level 1:colcon.colcon_core.package_identification:_identify(/home/jiujiujiur0000/workspace/vscode/turtorials/src/custom_action_interfaces) by extension 'colcon_meta'
[0.162s] Level 1:colcon.colcon_core.package_identification:_identify(/home/jiujiujiur0000/workspace/vscode/turtorials/src/custom_action_interfaces) by extensions ['ros']
[0.162s] Level 1:colcon.colcon_core.package_identification:_identify(/home/jiujiujiur0000/workspace/vscode/turtorials/src/custom_action_interfaces) by extension 'ros'
[0.162s] DEBUG:colcon.colcon_core.package_identification:Package '/home/jiujiujiur0000/workspace/vscode/turtorials/src/custom_action_interfaces' with type 'ros.ament_cmake' and name 'custom_action_interfaces'
[0.162s] Level 1:colcon.colcon_core.package_identification:_identify(/home/jiujiujiur0000/workspace/vscode/turtorials/src/learning_tf2_cpp) by extensions ['ignore', 'ignore_ament_install']
[0.162s] Level 1:colcon.colcon_core.package_identification:_identify(/home/jiujiujiur0000/workspace/vscode/turtorials/src/learning_tf2_cpp) by extension 'ignore'
[0.162s] Level 1:colcon.colcon_core.package_identification:_identify(/home/jiujiujiur0000/workspace/vscode/turtorials/src/learning_tf2_cpp) by extension 'ignore_ament_install'
[0.163s] Level 1:colcon.colcon_core.package_identification:_identify(/home/jiujiujiur0000/workspace/vscode/turtorials/src/learning_tf2_cpp) by extensions ['colcon_pkg']
[0.163s] Level 1:colcon.colcon_core.package_identification:_identify(/home/jiujiujiur0000/workspace/vscode/turtorials/src/learning_tf2_cpp) by extension 'colcon_pkg'
[0.163s] Level 1:colcon.colcon_core.package_identification:_identify(/home/jiujiujiur0000/workspace/vscode/turtorials/src/learning_tf2_cpp) by extensions ['colcon_meta']
[0.163s] Level 1:colcon.colcon_core.package_identification:_identify(/home/jiujiujiur0000/workspace/vscode/turtorials/src/learning_tf2_cpp) by extension 'colcon_meta'
[0.163s] Level 1:colcon.colcon_core.package_identification:_identify(/home/jiujiujiur0000/workspace/vscode/turtorials/src/learning_tf2_cpp) by extensions ['ros']
[0.163s] Level 1:colcon.colcon_core.package_identification:_identify(/home/jiujiujiur0000/workspace/vscode/turtorials/src/learning_tf2_cpp) by extension 'ros'
[0.163s] DEBUG:colcon.colcon_core.package_identification:Package '/home/jiujiujiur0000/workspace/vscode/turtorials/src/learning_tf2_cpp' with type 'ros.ament_cmake' and name 'learning_tf2_cpp'
[0.163s] Level 1:colcon.colcon_core.package_identification:_identify(/home/jiujiujiur0000/workspace/vscode/turtorials/src/more_interfaces) by extensions ['ignore', 'ignore_ament_install']
[0.163s] Level 1:colcon.colcon_core.package_identification:_identify(/home/jiujiujiur0000/workspace/vscode/turtorials/src/more_interfaces) by extension 'ignore'
[0.163s] Level 1:colcon.colcon_core.package_identification:_identify(/home/jiujiujiur0000/workspace/vscode/turtorials/src/more_interfaces) by extension 'ignore_ament_install'
[0.164s] Level 1:colcon.colcon_core.package_identification:_identify(/home/jiujiujiur0000/workspace/vscode/turtorials/src/more_interfaces) by extensions ['colcon_pkg']
[0.164s] Level 1:colcon.colcon_core.package_identification:_identify(/home/jiujiujiur0000/workspace/vscode/turtorials/src/more_interfaces) by extension 'colcon_pkg'
[0.164s] Level 1:colcon.colcon_core.package_identification:_identify(/home/jiujiujiur0000/workspace/vscode/turtorials/src/more_interfaces) by extensions ['colcon_meta']
[0.164s] Level 1:colcon.colcon_core.package_identification:_identify(/home/jiujiujiur0000/workspace/vscode/turtorials/src/more_interfaces) by extension 'colcon_meta'
[0.164s] Level 1:colcon.colcon_core.package_identification:_identify(/home/jiujiujiur0000/workspace/vscode/turtorials/src/more_interfaces) by extensions ['ros']
[0.164s] Level 1:colcon.colcon_core.package_identification:_identify(/home/jiujiujiur0000/workspace/vscode/turtorials/src/more_interfaces) by extension 'ros'
[0.164s] DEBUG:colcon.colcon_core.package_identification:Package '/home/jiujiujiur0000/workspace/vscode/turtorials/src/more_interfaces' with type 'ros.ament_cmake' and name 'more_interfaces'
[0.164s] Level 1:colcon.colcon_core.package_identification:_identify(/home/jiujiujiur0000/workspace/vscode/turtorials/src/polygon_base) by extensions ['ignore', 'ignore_ament_install']
[0.164s] Level 1:colcon.colcon_core.package_identification:_identify(/home/jiujiujiur0000/workspace/vscode/turtorials/src/polygon_base) by extension 'ignore'
[0.164s] Level 1:colcon.colcon_core.package_identification:_identify(/home/jiujiujiur0000/workspace/vscode/turtorials/src/polygon_base) by extension 'ignore_ament_install'
[0.164s] Level 1:colcon.colcon_core.package_identification:_identify(/home/jiujiujiur0000/workspace/vscode/turtorials/src/polygon_base) by extensions ['colcon_pkg']
[0.164s] Level 1:colcon.colcon_core.package_identification:_identify(/home/jiujiujiur0000/workspace/vscode/turtorials/src/polygon_base) by extension 'colcon_pkg'
[0.164s] Level 1:colcon.colcon_core.package_identification:_identify(/home/jiujiujiur0000/workspace/vscode/turtorials/src/polygon_base) by extensions ['colcon_meta']
[0.165s] Level 1:colcon.colcon_core.package_identification:_identify(/home/jiujiujiur0000/workspace/vscode/turtorials/src/polygon_base) by extension 'colcon_meta'
[0.165s] Level 1:colcon.colcon_core.package_identification:_identify(/home/jiujiujiur0000/workspace/vscode/turtorials/src/polygon_base) by extensions ['ros']
[0.165s] Level 1:colcon.colcon_core.package_identification:_identify(/home/jiujiujiur0000/workspace/vscode/turtorials/src/polygon_base) by extension 'ros'
[0.165s] DEBUG:colcon.colcon_core.package_identification:Package '/home/jiujiujiur0000/workspace/vscode/turtorials/src/polygon_base' with type 'ros.ament_cmake' and name 'polygon_base'
[0.165s] Level 1:colcon.colcon_core.package_identification:_identify(/home/jiujiujiur0000/workspace/vscode/turtorials/src/polygon_plugins) by extensions ['ignore', 'ignore_ament_install']
[0.165s] Level 1:colcon.colcon_core.package_identification:_identify(/home/jiujiujiur0000/workspace/vscode/turtorials/src/polygon_plugins) by extension 'ignore'
[0.165s] Level 1:colcon.colcon_core.package_identification:_identify(/home/jiujiujiur0000/workspace/vscode/turtorials/src/polygon_plugins) by extension 'ignore_ament_install'
[0.165s] Level 1:colcon.colcon_core.package_identification:_identify(/home/jiujiujiur0000/workspace/vscode/turtorials/src/polygon_plugins) by extensions ['colcon_pkg']
[0.165s] Level 1:colcon.colcon_core.package_identification:_identify(/home/jiujiujiur0000/workspace/vscode/turtorials/src/polygon_plugins) by extension 'colcon_pkg'
[0.165s] Level 1:colcon.colcon_core.package_identification:_identify(/home/jiujiujiur0000/workspace/vscode/turtorials/src/polygon_plugins) by extensions ['colcon_meta']
[0.165s] Level 1:colcon.colcon_core.package_identification:_identify(/home/jiujiujiur0000/workspace/vscode/turtorials/src/polygon_plugins) by extension 'colcon_meta'
[0.165s] Level 1:colcon.colcon_core.package_identification:_identify(/home/jiujiujiur0000/workspace/vscode/turtorials/src/polygon_plugins) by extensions ['ros']
[0.165s] Level 1:colcon.colcon_core.package_identification:_identify(/home/jiujiujiur0000/workspace/vscode/turtorials/src/polygon_plugins) by extension 'ros'
[0.166s] DEBUG:colcon.colcon_core.package_identification:Package '/home/jiujiujiur0000/workspace/vscode/turtorials/src/polygon_plugins' with type 'ros.ament_cmake' and name 'polygon_plugins'
[0.166s] Level 1:colcon.colcon_core.package_identification:_identify(/home/jiujiujiur0000/workspace/vscode/turtorials/src/tutorial_interfaces) by extensions ['ignore', 'ignore_ament_install']
[0.166s] Level 1:colcon.colcon_core.package_identification:_identify(/home/jiujiujiur0000/workspace/vscode/turtorials/src/tutorial_interfaces) by extension 'ignore'
[0.166s] Level 1:colcon.colcon_core.package_identification:_identify(/home/jiujiujiur0000/workspace/vscode/turtorials/src/tutorial_interfaces) by extension 'ignore_ament_install'
[0.166s] Level 1:colcon.colcon_core.package_identification:_identify(/home/jiujiujiur0000/workspace/vscode/turtorials/src/tutorial_interfaces) by extensions ['colcon_pkg']
[0.166s] Level 1:colcon.colcon_core.package_identification:_identify(/home/jiujiujiur0000/workspace/vscode/turtorials/src/tutorial_interfaces) by extension 'colcon_pkg'
[0.166s] Level 1:colcon.colcon_core.package_identification:_identify(/home/jiujiujiur0000/workspace/vscode/turtorials/src/tutorial_interfaces) by extensions ['colcon_meta']
[0.166s] Level 1:colcon.colcon_core.package_identification:_identify(/home/jiujiujiur0000/workspace/vscode/turtorials/src/tutorial_interfaces) by extension 'colcon_meta'
[0.166s] Level 1:colcon.colcon_core.package_identification:_identify(/home/jiujiujiur0000/workspace/vscode/turtorials/src/tutorial_interfaces) by extensions ['ros']
[0.166s] Level 1:colcon.colcon_core.package_identification:_identify(/home/jiujiujiur0000/workspace/vscode/turtorials/src/tutorial_interfaces) by extension 'ros'
[0.167s] DEBUG:colcon.colcon_core.package_identification:Package '/home/jiujiujiur0000/workspace/vscode/turtorials/src/tutorial_interfaces' with type 'ros.ament_cmake' and name 'tutorial_interfaces'
[0.167s] Level 1:colcon.colcon_core.package_discovery:discover_packages(recursive) using defaults
