[0.011s] Invoking command in '/home/jiujiujiur0000/workspace/vscode/turtorials/build/polygon_base': CMAKE_PREFIX_PATH=${CMAKE_PREFIX_PATH}:/opt/ros/jazzy DEBUGINFOD_URLS=https://debuginfod.ubuntu.com /usr/bin/cmake /home/jiujiujiur0000/workspace/vscode/turtorials/src/polygon_base -DCMAKE_INSTALL_PREFIX=/home/jiujiujiur0000/workspace/vscode/turtorials/install/polygon_base
[0.112s] -- The C compiler identification is GNU 13.3.0
[0.194s] -- The CXX compiler identification is GNU 13.3.0
[0.213s] -- Detecting C compiler ABI info
[0.306s] -- Detecting C compiler ABI info - done
[0.314s] -- Check for working C compiler: /usr/bin/cc - skipped
[0.315s] -- Detecting C compile features
[0.315s] -- Detecting C compile features - done
[0.325s] -- Detecting CXX compiler ABI info
[0.432s] -- Detecting CXX compiler ABI info - done
[0.441s] -- Check for working CXX compiler: /usr/bin/c++ - skipped
[0.441s] -- Detecting CXX compile features
[0.442s] -- Detecting CXX compile features - done
[0.452s] -- Found ament_cmake: 2.5.4 (/opt/ros/jazzy/share/ament_cmake/cmake)
[0.608s] -- Found Python3: /usr/bin/python3 (found version "3.12.3") found components: Interpreter 
[0.751s] -- Found pluginlib: 5.4.2 (/opt/ros/jazzy/share/pluginlib/cmake)
[0.809s] -- Found TinyXML2 via Config file: /usr/lib/x86_64-linux-gnu/cmake/tinyxml2
[0.815s] -- Found ament_lint_auto: 0.17.3 (/opt/ros/jazzy/share/ament_lint_auto/cmake)
[0.931s] -- Added test 'cppcheck' to perform static code analysis on C / C++ code
[0.931s] -- Configured cppcheck include dirs: $<BUILD_INTERFACE:/home/jiujiujiur0000/workspace/vscode/turtorials/src/polygon_base/include>
[0.931s] -- Configured cppcheck exclude dirs and/or files: 
[0.932s] -- Added test 'lint_cmake' to check CMake code style
[0.934s] -- Added test 'uncrustify' to check C / C++ code style
[0.934s] -- Configured uncrustify additional arguments: 
[0.935s] -- Added test 'xmllint' to check XML markup files
[0.938s] -- Configuring done (0.9s)
[0.945s] -- Generating done (0.0s)
[0.947s] -- Build files have been written to: /home/jiujiujiur0000/workspace/vscode/turtorials/build/polygon_base
[0.954s] Invoked command in '/home/jiujiujiur0000/workspace/vscode/turtorials/build/polygon_base' returned '0': CMAKE_PREFIX_PATH=${CMAKE_PREFIX_PATH}:/opt/ros/jazzy DEBUGINFOD_URLS=https://debuginfod.ubuntu.com /usr/bin/cmake /home/jiujiujiur0000/workspace/vscode/turtorials/src/polygon_base -DCMAKE_INSTALL_PREFIX=/home/jiujiujiur0000/workspace/vscode/turtorials/install/polygon_base
[0.956s] Invoking command in '/home/jiujiujiur0000/workspace/vscode/turtorials/build/polygon_base': CMAKE_PREFIX_PATH=${CMAKE_PREFIX_PATH}:/opt/ros/jazzy DEBUGINFOD_URLS=https://debuginfod.ubuntu.com /usr/bin/cmake --build /home/jiujiujiur0000/workspace/vscode/turtorials/build/polygon_base -- -j16 -l16
[1.011s] [ 50%] [32mBuilding CXX object CMakeFiles/area_node.dir/src/area_node.cpp.o[0m
[3.247s] [100%] [32m[1mLinking CXX executable area_node[0m
[3.353s] [100%] Built target area_node
[3.365s] Invoked command in '/home/jiujiujiur0000/workspace/vscode/turtorials/build/polygon_base' returned '0': CMAKE_PREFIX_PATH=${CMAKE_PREFIX_PATH}:/opt/ros/jazzy DEBUGINFOD_URLS=https://debuginfod.ubuntu.com /usr/bin/cmake --build /home/jiujiujiur0000/workspace/vscode/turtorials/build/polygon_base -- -j16 -l16
[3.376s] Invoking command in '/home/jiujiujiur0000/workspace/vscode/turtorials/build/polygon_base': CMAKE_PREFIX_PATH=${CMAKE_PREFIX_PATH}:/opt/ros/jazzy DEBUGINFOD_URLS=https://debuginfod.ubuntu.com /usr/bin/cmake --install /home/jiujiujiur0000/workspace/vscode/turtorials/build/polygon_base
[3.384s] -- Install configuration: ""
[3.385s] -- Installing: /home/jiujiujiur0000/workspace/vscode/turtorials/install/polygon_base/include/polygon_base
[3.385s] -- Installing: /home/jiujiujiur0000/workspace/vscode/turtorials/install/polygon_base/include/polygon_base/polygon_base
[3.385s] -- Installing: /home/jiujiujiur0000/workspace/vscode/turtorials/install/polygon_base/include/polygon_base/polygon_base/regular_polygon.hpp
[3.385s] -- Installing: /home/jiujiujiur0000/workspace/vscode/turtorials/install/polygon_base/share/polygon_base/cmake/export_polygon_base.cmake
[3.385s] -- Installing: /home/jiujiujiur0000/workspace/vscode/turtorials/install/polygon_base/lib/polygon_base/area_node
[3.386s] -- Set non-toolchain portion of runtime path of "/home/jiujiujiur0000/workspace/vscode/turtorials/install/polygon_base/lib/polygon_base/area_node" to ""
[3.387s] -- Installing: /home/jiujiujiur0000/workspace/vscode/turtorials/install/polygon_base/share/ament_index/resource_index/package_run_dependencies/polygon_base
[3.387s] -- Installing: /home/jiujiujiur0000/workspace/vscode/turtorials/install/polygon_base/share/ament_index/resource_index/parent_prefix_path/polygon_base
[3.387s] -- Installing: /home/jiujiujiur0000/workspace/vscode/turtorials/install/polygon_base/share/polygon_base/environment/ament_prefix_path.sh
[3.387s] -- Installing: /home/jiujiujiur0000/workspace/vscode/turtorials/install/polygon_base/share/polygon_base/environment/ament_prefix_path.dsv
[3.387s] -- Installing: /home/jiujiujiur0000/workspace/vscode/turtorials/install/polygon_base/share/polygon_base/environment/path.sh
[3.388s] -- Installing: /home/jiujiujiur0000/workspace/vscode/turtorials/install/polygon_base/share/polygon_base/environment/path.dsv
[3.388s] -- Installing: /home/jiujiujiur0000/workspace/vscode/turtorials/install/polygon_base/share/polygon_base/local_setup.bash
[3.388s] -- Installing: /home/jiujiujiur0000/workspace/vscode/turtorials/install/polygon_base/share/polygon_base/local_setup.sh
[3.388s] -- Installing: /home/jiujiujiur0000/workspace/vscode/turtorials/install/polygon_base/share/polygon_base/local_setup.zsh
[3.388s] -- Installing: /home/jiujiujiur0000/workspace/vscode/turtorials/install/polygon_base/share/polygon_base/local_setup.dsv
[3.388s] -- Installing: /home/jiujiujiur0000/workspace/vscode/turtorials/install/polygon_base/share/polygon_base/package.dsv
[3.389s] -- Installing: /home/jiujiujiur0000/workspace/vscode/turtorials/install/polygon_base/share/ament_index/resource_index/packages/polygon_base
[3.389s] -- Installing: /home/jiujiujiur0000/workspace/vscode/turtorials/install/polygon_base/share/polygon_base/cmake/export_polygon_baseExport.cmake
[3.389s] -- Installing: /home/jiujiujiur0000/workspace/vscode/turtorials/install/polygon_base/share/polygon_base/cmake/ament_cmake_export_include_directories-extras.cmake
[3.389s] -- Installing: /home/jiujiujiur0000/workspace/vscode/turtorials/install/polygon_base/share/polygon_base/cmake/ament_cmake_export_targets-extras.cmake
[3.389s] -- Installing: /home/jiujiujiur0000/workspace/vscode/turtorials/install/polygon_base/share/polygon_base/cmake/polygon_baseConfig.cmake
[3.389s] -- Installing: /home/jiujiujiur0000/workspace/vscode/turtorials/install/polygon_base/share/polygon_base/cmake/polygon_baseConfig-version.cmake
[3.390s] -- Installing: /home/jiujiujiur0000/workspace/vscode/turtorials/install/polygon_base/share/polygon_base/package.xml
[3.392s] Invoked command in '/home/jiujiujiur0000/workspace/vscode/turtorials/build/polygon_base' returned '0': CMAKE_PREFIX_PATH=${CMAKE_PREFIX_PATH}:/opt/ros/jazzy DEBUGINFOD_URLS=https://debuginfod.ubuntu.com /usr/bin/cmake --install /home/jiujiujiur0000/workspace/vscode/turtorials/build/polygon_base
