[0.010s] Invoking command in '/home/jiujiujiur0000/workspace/vscode/turtorials/build/tutorial_interfaces': CMAKE_PREFIX_PATH=${CMAKE_PREFIX_PATH}:/opt/ros/jazzy DEBUGINFOD_URLS=https://debuginfod.ubuntu.com /usr/bin/cmake /home/jiujiujiur0000/workspace/vscode/turtorials/src/tutorial_interfaces -DCMAKE_INSTALL_PREFIX=/home/jiujiujiur0000/workspace/vscode/turtorials/install/tutorial_interfaces
[0.106s] -- The C compiler identification is GNU 13.3.0
[0.190s] -- The CXX compiler identification is GNU 13.3.0
[0.209s] -- Detecting C compiler ABI info
[0.303s] -- Detecting C compiler ABI info - done
[0.311s] -- Check for working C compiler: /usr/bin/cc - skipped
[0.312s] -- Detecting C compile features
[0.312s] -- Detecting C compile features - done
[0.323s] -- Detecting CXX compiler ABI info
[0.426s] -- Detecting CXX compiler ABI info - done
[0.434s] -- Check for working CXX compiler: /usr/bin/c++ - skipped
[0.434s] -- Detecting CXX compile features
[0.435s] -- Detecting CXX compile features - done
[0.443s] -- Found ament_cmake: 2.5.4 (/opt/ros/jazzy/share/ament_cmake/cmake)
[0.604s] -- Found Python3: /usr/bin/python3 (found version "3.12.3") found components: Interpreter 
[0.749s] -- Found geometry_msgs: 5.3.6 (/opt/ros/jazzy/share/geometry_msgs/cmake)
[0.817s] -- Found rosidl_generator_c: 4.6.6 (/opt/ros/jazzy/share/rosidl_generator_c/cmake)
[0.838s] -- Found rosidl_generator_cpp: 4.6.6 (/opt/ros/jazzy/share/rosidl_generator_cpp/cmake)
[0.862s] -- Using all available rosidl_typesupport_c: rosidl_typesupport_fastrtps_c;rosidl_typesupport_introspection_c
[0.887s] -- Using all available rosidl_typesupport_cpp: rosidl_typesupport_fastrtps_cpp;rosidl_typesupport_introspection_cpp
[0.945s] -- Found rosidl_default_generators: 1.6.0 (/opt/ros/jazzy/share/rosidl_default_generators/cmake)
[0.968s] -- Found rosidl_adapter: 4.6.6 (/opt/ros/jazzy/share/rosidl_adapter/cmake)
[1.546s] -- Found ament_cmake_ros: 0.12.0 (/opt/ros/jazzy/share/ament_cmake_ros/cmake)
[2.323s] -- Using all available rosidl_typesupport_c: rosidl_typesupport_fastrtps_c;rosidl_typesupport_introspection_c
[2.625s] -- Using all available rosidl_typesupport_cpp: rosidl_typesupport_fastrtps_cpp;rosidl_typesupport_introspection_cpp
[2.630s] -- Found python_cmake_module: 0.11.1 (/opt/ros/jazzy/share/python_cmake_module/cmake)
[2.752s] -- Found PythonExtra: /usr/bin/python3  
[3.193s] -- Found Python3: /usr/bin/python3 (found version "3.12.3") found components: Interpreter Development NumPy Development.Module Development.Embed 
[3.249s] -- Found ament_lint_auto: 0.17.3 (/opt/ros/jazzy/share/ament_lint_auto/cmake)
[3.288s] -- Added test 'lint_cmake' to check CMake code style
[3.290s] -- Added test 'xmllint' to check XML markup files
[3.294s] -- Configuring done (3.3s)
[3.334s] -- Generating done (0.0s)
[3.344s] -- Build files have been written to: /home/jiujiujiur0000/workspace/vscode/turtorials/build/tutorial_interfaces
[3.354s] Invoked command in '/home/jiujiujiur0000/workspace/vscode/turtorials/build/tutorial_interfaces' returned '0': CMAKE_PREFIX_PATH=${CMAKE_PREFIX_PATH}:/opt/ros/jazzy DEBUGINFOD_URLS=https://debuginfod.ubuntu.com /usr/bin/cmake /home/jiujiujiur0000/workspace/vscode/turtorials/src/tutorial_interfaces -DCMAKE_INSTALL_PREFIX=/home/jiujiujiur0000/workspace/vscode/turtorials/install/tutorial_interfaces
[3.355s] Invoking command in '/home/jiujiujiur0000/workspace/vscode/turtorials/build/tutorial_interfaces': CMAKE_PREFIX_PATH=${CMAKE_PREFIX_PATH}:/opt/ros/jazzy DEBUGINFOD_URLS=https://debuginfod.ubuntu.com /usr/bin/cmake --build /home/jiujiujiur0000/workspace/vscode/turtorials/build/tutorial_interfaces -- -j16 -l16
[3.405s] [  1%] [34m[1mGenerating type hashes for ROS interfaces[0m
[3.414s] [  1%] Built target ament_cmake_python_copy_tutorial_interfaces
[3.607s] [  1%] Built target tutorial_interfaces__rosidl_generator_type_description
[3.619s] [  3%] [34m[1mGenerating C code for ROS interfaces[0m
[3.631s] [  5%] [34m[1mGenerating C++ code for ROS interfaces[0m
[3.634s] running egg_info
[3.635s] creating tutorial_interfaces.egg-info
[3.654s] writing tutorial_interfaces.egg-info/PKG-INFO
[3.654s] writing dependency_links to tutorial_interfaces.egg-info/dependency_links.txt
[3.655s] writing top-level names to tutorial_interfaces.egg-info/top_level.txt
[3.655s] writing manifest file 'tutorial_interfaces.egg-info/SOURCES.txt'
[3.714s] reading manifest file 'tutorial_interfaces.egg-info/SOURCES.txt'
[3.714s] writing manifest file 'tutorial_interfaces.egg-info/SOURCES.txt'
[3.745s] [  5%] Built target ament_cmake_python_build_tutorial_interfaces_egg
[3.919s] [  5%] Built target tutorial_interfaces__cpp
[3.966s] [ 12%] [32mBuilding C object CMakeFiles/tutorial_interfaces__rosidl_generator_c.dir/rosidl_generator_c/tutorial_interfaces/msg/detail/sphere__type_support.c.o[0m
[3.966s] [ 12%] [32mBuilding C object CMakeFiles/tutorial_interfaces__rosidl_generator_c.dir/rosidl_generator_c/tutorial_interfaces/msg/detail/num__description.c.o[0m
[3.966s] [ 12%] [32mBuilding C object CMakeFiles/tutorial_interfaces__rosidl_generator_c.dir/rosidl_generator_c/tutorial_interfaces/msg/detail/num__functions.c.o[0m
[3.967s] [ 14%] [32mBuilding C object CMakeFiles/tutorial_interfaces__rosidl_generator_c.dir/rosidl_generator_c/tutorial_interfaces/msg/detail/sphere__functions.c.o[0m
[3.967s] [ 14%] [32mBuilding C object CMakeFiles/tutorial_interfaces__rosidl_generator_c.dir/rosidl_generator_c/tutorial_interfaces/srv/detail/add_three_ints__description.c.o[0m
[3.967s] [ 16%] [32mBuilding C object CMakeFiles/tutorial_interfaces__rosidl_generator_c.dir/rosidl_generator_c/tutorial_interfaces/msg/detail/sphere__description.c.o[0m
[3.967s] [ 18%] [32mBuilding C object CMakeFiles/tutorial_interfaces__rosidl_generator_c.dir/rosidl_generator_c/tutorial_interfaces/srv/detail/add_three_ints__functions.c.o[0m
[3.967s] [ 20%] [32mBuilding C object CMakeFiles/tutorial_interfaces__rosidl_generator_c.dir/rosidl_generator_c/tutorial_interfaces/msg/detail/num__type_support.c.o[0m
[3.969s] [ 22%] [32mBuilding C object CMakeFiles/tutorial_interfaces__rosidl_generator_c.dir/rosidl_generator_c/tutorial_interfaces/srv/detail/add_three_ints__type_support.c.o[0m
[4.037s] [ 24%] [32m[1mLinking C shared library libtutorial_interfaces__rosidl_generator_c.so[0m
[4.082s] [ 24%] Built target tutorial_interfaces__rosidl_generator_c
[4.093s] [ 35%] [34m[1mGenerating C introspection for ROS interfaces[0m
[4.093s] [ 35%] [34m[1mGenerating C++ type support for eProsima Fast-RTPS[0m
[4.093s] [ 35%] [34m[1mGenerating C type support dispatch for ROS interfaces[0m
[4.093s] [ 35%] [34m[1mGenerating C type support for eProsima Fast-RTPS[0m
[4.093s] [ 35%] [34m[1mGenerating C++ type support dispatch for ROS interfaces[0m
[4.093s] [ 35%] [34m[1mGenerating C++ introspection for ROS interfaces[0m
[4.336s] [ 37%] [32mBuilding CXX object CMakeFiles/tutorial_interfaces__rosidl_typesupport_c.dir/rosidl_typesupport_c/tutorial_interfaces/msg/num__type_support.cpp.o[0m
[4.337s] [ 40%] [32mBuilding CXX object CMakeFiles/tutorial_interfaces__rosidl_typesupport_cpp.dir/rosidl_typesupport_cpp/tutorial_interfaces/msg/sphere__type_support.cpp.o[0m
[4.337s] [ 40%] [32mBuilding CXX object CMakeFiles/tutorial_interfaces__rosidl_typesupport_cpp.dir/rosidl_typesupport_cpp/tutorial_interfaces/msg/num__type_support.cpp.o[0m
[4.337s] [ 42%] [32mBuilding CXX object CMakeFiles/tutorial_interfaces__rosidl_typesupport_cpp.dir/rosidl_typesupport_cpp/tutorial_interfaces/srv/add_three_ints__type_support.cpp.o[0m
[4.338s] [ 44%] [32mBuilding CXX object CMakeFiles/tutorial_interfaces__rosidl_typesupport_c.dir/rosidl_typesupport_c/tutorial_interfaces/msg/sphere__type_support.cpp.o[0m
[4.338s] [ 46%] [32mBuilding CXX object CMakeFiles/tutorial_interfaces__rosidl_typesupport_c.dir/rosidl_typesupport_c/tutorial_interfaces/srv/add_three_ints__type_support.cpp.o[0m
[4.375s] [ 48%] [32mBuilding CXX object CMakeFiles/tutorial_interfaces__rosidl_typesupport_introspection_cpp.dir/rosidl_typesupport_introspection_cpp/tutorial_interfaces/srv/detail/add_three_ints__type_support.cpp.o[0m
[4.375s] [ 50%] [32mBuilding CXX object CMakeFiles/tutorial_interfaces__rosidl_typesupport_introspection_cpp.dir/rosidl_typesupport_introspection_cpp/tutorial_interfaces/msg/detail/num__type_support.cpp.o[0m
[4.376s] [ 51%] [32mBuilding CXX object CMakeFiles/tutorial_interfaces__rosidl_typesupport_introspection_cpp.dir/rosidl_typesupport_introspection_cpp/tutorial_interfaces/msg/detail/sphere__type_support.cpp.o[0m
[4.388s] [ 57%] [32mBuilding C object CMakeFiles/tutorial_interfaces__rosidl_typesupport_introspection_c.dir/rosidl_typesupport_introspection_c/tutorial_interfaces/msg/detail/sphere__type_support.c.o[0m
[4.388s] [ 57%] [32mBuilding C object CMakeFiles/tutorial_interfaces__rosidl_typesupport_introspection_c.dir/rosidl_typesupport_introspection_c/tutorial_interfaces/msg/detail/num__type_support.c.o[0m
[4.388s] [ 57%] [32mBuilding C object CMakeFiles/tutorial_interfaces__rosidl_typesupport_introspection_c.dir/rosidl_typesupport_introspection_c/tutorial_interfaces/srv/detail/add_three_ints__type_support.c.o[0m
[4.401s] [ 59%] [32m[1mLinking CXX shared library libtutorial_interfaces__rosidl_typesupport_c.so[0m
[4.450s] [ 61%] [32m[1mLinking C shared library libtutorial_interfaces__rosidl_typesupport_introspection_c.so[0m
[4.463s] [ 61%] Built target tutorial_interfaces__rosidl_typesupport_c
[4.467s] [ 64%] [32mBuilding CXX object CMakeFiles/tutorial_interfaces__rosidl_typesupport_fastrtps_cpp.dir/rosidl_typesupport_fastrtps_cpp/tutorial_interfaces/msg/detail/dds_fastrtps/num__type_support.cpp.o[0m
[4.467s] [ 64%] [32mBuilding CXX object CMakeFiles/tutorial_interfaces__rosidl_typesupport_fastrtps_cpp.dir/rosidl_typesupport_fastrtps_cpp/tutorial_interfaces/msg/detail/dds_fastrtps/sphere__type_support.cpp.o[0m
[4.467s] [ 66%] [32mBuilding CXX object CMakeFiles/tutorial_interfaces__rosidl_typesupport_fastrtps_cpp.dir/rosidl_typesupport_fastrtps_cpp/tutorial_interfaces/srv/detail/dds_fastrtps/add_three_ints__type_support.cpp.o[0m
[4.507s] [ 66%] Built target tutorial_interfaces__rosidl_typesupport_introspection_c
[4.521s] [ 72%] [32mBuilding CXX object CMakeFiles/tutorial_interfaces__rosidl_typesupport_fastrtps_c.dir/rosidl_typesupport_fastrtps_c/tutorial_interfaces/srv/detail/add_three_ints__type_support_c.cpp.o[0m
[4.521s] [ 72%] [32mBuilding CXX object CMakeFiles/tutorial_interfaces__rosidl_typesupport_fastrtps_c.dir/rosidl_typesupport_fastrtps_c/tutorial_interfaces/msg/detail/num__type_support_c.cpp.o[0m
[4.521s] [ 72%] [32mBuilding CXX object CMakeFiles/tutorial_interfaces__rosidl_typesupport_fastrtps_c.dir/rosidl_typesupport_fastrtps_c/tutorial_interfaces/msg/detail/sphere__type_support_c.cpp.o[0m
[4.800s] [ 74%] [32m[1mLinking CXX shared library libtutorial_interfaces__rosidl_typesupport_cpp.so[0m
[4.814s] [ 75%] [32m[1mLinking CXX shared library libtutorial_interfaces__rosidl_typesupport_introspection_cpp.so[0m
[4.909s] [ 75%] Built target tutorial_interfaces__rosidl_typesupport_cpp
[4.920s] [ 75%] Built target tutorial_interfaces__rosidl_typesupport_introspection_cpp
[5.064s] [ 77%] [32m[1mLinking CXX shared library libtutorial_interfaces__rosidl_typesupport_fastrtps_c.so[0m
[5.096s] [ 79%] [32m[1mLinking CXX shared library libtutorial_interfaces__rosidl_typesupport_fastrtps_cpp.so[0m
[5.119s] [ 79%] Built target tutorial_interfaces__rosidl_typesupport_fastrtps_c
[5.175s] [ 79%] Built target tutorial_interfaces__rosidl_typesupport_fastrtps_cpp
[5.197s] [ 79%] Built target tutorial_interfaces
[5.220s] [ 81%] [34m[1mGenerating Python code for ROS interfaces[0m
[5.598s] [ 81%] Built target tutorial_interfaces__py
[5.622s] [ 85%] [32mBuilding C object CMakeFiles/tutorial_interfaces__rosidl_generator_py.dir/rosidl_generator_py/tutorial_interfaces/msg/_sphere_s.c.o[0m
[5.622s] [ 85%] [32mBuilding C object CMakeFiles/tutorial_interfaces__rosidl_generator_py.dir/rosidl_generator_py/tutorial_interfaces/srv/_add_three_ints_s.c.o[0m
[5.622s] [ 87%] [32mBuilding C object CMakeFiles/tutorial_interfaces__rosidl_generator_py.dir/rosidl_generator_py/tutorial_interfaces/msg/_num_s.c.o[0m
[5.769s] [ 88%] [32m[1mLinking C shared library libtutorial_interfaces__rosidl_generator_py.so[0m
[5.816s] [ 88%] Built target tutorial_interfaces__rosidl_generator_py
[5.839s] [ 94%] [32mBuilding C object CMakeFiles/tutorial_interfaces_s__rosidl_typesupport_c.dir/rosidl_generator_py/tutorial_interfaces/_tutorial_interfaces_s.ep.rosidl_typesupport_c.c.o[0m
[5.839s] [ 94%] [32mBuilding C object CMakeFiles/tutorial_interfaces_s__rosidl_typesupport_introspection_c.dir/rosidl_generator_py/tutorial_interfaces/_tutorial_interfaces_s.ep.rosidl_typesupport_introspection_c.c.o[0m
[5.839s] [ 94%] [32mBuilding C object CMakeFiles/tutorial_interfaces_s__rosidl_typesupport_fastrtps_c.dir/rosidl_generator_py/tutorial_interfaces/_tutorial_interfaces_s.ep.rosidl_typesupport_fastrtps_c.c.o[0m
[5.938s] [ 98%] [32m[1mLinking C shared module rosidl_generator_py/tutorial_interfaces/tutorial_interfaces_s__rosidl_typesupport_introspection_c.so[0m
[5.938s] [ 98%] [32m[1mLinking C shared module rosidl_generator_py/tutorial_interfaces/tutorial_interfaces_s__rosidl_typesupport_c.so[0m
[5.942s] [100%] [32m[1mLinking C shared module rosidl_generator_py/tutorial_interfaces/tutorial_interfaces_s__rosidl_typesupport_fastrtps_c.so[0m
[5.971s] [100%] Built target tutorial_interfaces_s__rosidl_typesupport_c
[5.971s] [100%] Built target tutorial_interfaces_s__rosidl_typesupport_introspection_c
[5.977s] [100%] Built target tutorial_interfaces_s__rosidl_typesupport_fastrtps_c
[5.991s] Invoked command in '/home/jiujiujiur0000/workspace/vscode/turtorials/build/tutorial_interfaces' returned '0': CMAKE_PREFIX_PATH=${CMAKE_PREFIX_PATH}:/opt/ros/jazzy DEBUGINFOD_URLS=https://debuginfod.ubuntu.com /usr/bin/cmake --build /home/jiujiujiur0000/workspace/vscode/turtorials/build/tutorial_interfaces -- -j16 -l16
[6.001s] Invoking command in '/home/jiujiujiur0000/workspace/vscode/turtorials/build/tutorial_interfaces': CMAKE_PREFIX_PATH=${CMAKE_PREFIX_PATH}:/opt/ros/jazzy DEBUGINFOD_URLS=https://debuginfod.ubuntu.com /usr/bin/cmake --install /home/jiujiujiur0000/workspace/vscode/turtorials/build/tutorial_interfaces
[6.010s] -- Install configuration: ""
[6.010s] -- Installing: /home/jiujiujiur0000/workspace/vscode/turtorials/install/tutorial_interfaces/share/ament_index/resource_index/rosidl_interfaces/tutorial_interfaces
[6.011s] -- Installing: /home/jiujiujiur0000/workspace/vscode/turtorials/install/tutorial_interfaces/share/tutorial_interfaces/msg/Num.json
[6.011s] -- Installing: /home/jiujiujiur0000/workspace/vscode/turtorials/install/tutorial_interfaces/share/tutorial_interfaces/msg/Sphere.json
[6.011s] -- Installing: /home/jiujiujiur0000/workspace/vscode/turtorials/install/tutorial_interfaces/share/tutorial_interfaces/srv/AddThreeInts.json
[6.011s] -- Installing: /home/jiujiujiur0000/workspace/vscode/turtorials/install/tutorial_interfaces/include/tutorial_interfaces/tutorial_interfaces
[6.011s] -- Installing: /home/jiujiujiur0000/workspace/vscode/turtorials/install/tutorial_interfaces/include/tutorial_interfaces/tutorial_interfaces/srv
[6.011s] -- Installing: /home/jiujiujiur0000/workspace/vscode/turtorials/install/tutorial_interfaces/include/tutorial_interfaces/tutorial_interfaces/srv/detail
[6.011s] -- Installing: /home/jiujiujiur0000/workspace/vscode/turtorials/install/tutorial_interfaces/include/tutorial_interfaces/tutorial_interfaces/srv/detail/add_three_ints__type_support.h
[6.011s] -- Installing: /home/jiujiujiur0000/workspace/vscode/turtorials/install/tutorial_interfaces/include/tutorial_interfaces/tutorial_interfaces/srv/detail/add_three_ints__description.c
[6.011s] -- Installing: /home/jiujiujiur0000/workspace/vscode/turtorials/install/tutorial_interfaces/include/tutorial_interfaces/tutorial_interfaces/srv/detail/add_three_ints__functions.h
[6.012s] -- Installing: /home/jiujiujiur0000/workspace/vscode/turtorials/install/tutorial_interfaces/include/tutorial_interfaces/tutorial_interfaces/srv/detail/add_three_ints__functions.c
[6.012s] -- Installing: /home/jiujiujiur0000/workspace/vscode/turtorials/install/tutorial_interfaces/include/tutorial_interfaces/tutorial_interfaces/srv/detail/add_three_ints__struct.h
[6.012s] -- Installing: /home/jiujiujiur0000/workspace/vscode/turtorials/install/tutorial_interfaces/include/tutorial_interfaces/tutorial_interfaces/srv/detail/add_three_ints__type_support.c
[6.012s] -- Installing: /home/jiujiujiur0000/workspace/vscode/turtorials/install/tutorial_interfaces/include/tutorial_interfaces/tutorial_interfaces/srv/add_three_ints.h
[6.012s] -- Installing: /home/jiujiujiur0000/workspace/vscode/turtorials/install/tutorial_interfaces/include/tutorial_interfaces/tutorial_interfaces/msg
[6.012s] -- Installing: /home/jiujiujiur0000/workspace/vscode/turtorials/install/tutorial_interfaces/include/tutorial_interfaces/tutorial_interfaces/msg/detail
[6.012s] -- Installing: /home/jiujiujiur0000/workspace/vscode/turtorials/install/tutorial_interfaces/include/tutorial_interfaces/tutorial_interfaces/msg/detail/sphere__description.c
[6.012s] -- Installing: /home/jiujiujiur0000/workspace/vscode/turtorials/install/tutorial_interfaces/include/tutorial_interfaces/tutorial_interfaces/msg/detail/sphere__struct.h
[6.013s] -- Installing: /home/jiujiujiur0000/workspace/vscode/turtorials/install/tutorial_interfaces/include/tutorial_interfaces/tutorial_interfaces/msg/detail/num__functions.h
[6.013s] -- Installing: /home/jiujiujiur0000/workspace/vscode/turtorials/install/tutorial_interfaces/include/tutorial_interfaces/tutorial_interfaces/msg/detail/sphere__type_support.c
[6.013s] -- Installing: /home/jiujiujiur0000/workspace/vscode/turtorials/install/tutorial_interfaces/include/tutorial_interfaces/tutorial_interfaces/msg/detail/sphere__type_support.h
[6.013s] -- Installing: /home/jiujiujiur0000/workspace/vscode/turtorials/install/tutorial_interfaces/include/tutorial_interfaces/tutorial_interfaces/msg/detail/num__struct.h
[6.013s] -- Installing: /home/jiujiujiur0000/workspace/vscode/turtorials/install/tutorial_interfaces/include/tutorial_interfaces/tutorial_interfaces/msg/detail/sphere__functions.c
[6.013s] -- Installing: /home/jiujiujiur0000/workspace/vscode/turtorials/install/tutorial_interfaces/include/tutorial_interfaces/tutorial_interfaces/msg/detail/num__functions.c
[6.013s] -- Installing: /home/jiujiujiur0000/workspace/vscode/turtorials/install/tutorial_interfaces/include/tutorial_interfaces/tutorial_interfaces/msg/detail/sphere__functions.h
[6.013s] -- Installing: /home/jiujiujiur0000/workspace/vscode/turtorials/install/tutorial_interfaces/include/tutorial_interfaces/tutorial_interfaces/msg/detail/num__type_support.h
[6.013s] -- Installing: /home/jiujiujiur0000/workspace/vscode/turtorials/install/tutorial_interfaces/include/tutorial_interfaces/tutorial_interfaces/msg/detail/num__description.c
[6.014s] -- Installing: /home/jiujiujiur0000/workspace/vscode/turtorials/install/tutorial_interfaces/include/tutorial_interfaces/tutorial_interfaces/msg/detail/num__type_support.c
[6.014s] -- Installing: /home/jiujiujiur0000/workspace/vscode/turtorials/install/tutorial_interfaces/include/tutorial_interfaces/tutorial_interfaces/msg/rosidl_generator_c__visibility_control.h
[6.014s] -- Installing: /home/jiujiujiur0000/workspace/vscode/turtorials/install/tutorial_interfaces/include/tutorial_interfaces/tutorial_interfaces/msg/sphere.h
[6.014s] -- Installing: /home/jiujiujiur0000/workspace/vscode/turtorials/install/tutorial_interfaces/include/tutorial_interfaces/tutorial_interfaces/msg/num.h
[6.014s] -- Installing: /home/jiujiujiur0000/workspace/vscode/turtorials/install/tutorial_interfaces/share/tutorial_interfaces/environment/library_path.sh
[6.014s] -- Installing: /home/jiujiujiur0000/workspace/vscode/turtorials/install/tutorial_interfaces/share/tutorial_interfaces/environment/library_path.dsv
[6.014s] -- Installing: /home/jiujiujiur0000/workspace/vscode/turtorials/install/tutorial_interfaces/lib/libtutorial_interfaces__rosidl_generator_c.so
[6.015s] -- Set non-toolchain portion of runtime path of "/home/jiujiujiur0000/workspace/vscode/turtorials/install/tutorial_interfaces/lib/libtutorial_interfaces__rosidl_generator_c.so" to ""
[6.015s] -- Up-to-date: /home/jiujiujiur0000/workspace/vscode/turtorials/install/tutorial_interfaces/include/tutorial_interfaces/tutorial_interfaces
[6.015s] -- Up-to-date: /home/jiujiujiur0000/workspace/vscode/turtorials/install/tutorial_interfaces/include/tutorial_interfaces/tutorial_interfaces/srv
[6.015s] -- Up-to-date: /home/jiujiujiur0000/workspace/vscode/turtorials/install/tutorial_interfaces/include/tutorial_interfaces/tutorial_interfaces/srv/detail
[6.016s] -- Installing: /home/jiujiujiur0000/workspace/vscode/turtorials/install/tutorial_interfaces/include/tutorial_interfaces/tutorial_interfaces/srv/detail/add_three_ints__rosidl_typesupport_fastrtps_c.h
[6.016s] -- Up-to-date: /home/jiujiujiur0000/workspace/vscode/turtorials/install/tutorial_interfaces/include/tutorial_interfaces/tutorial_interfaces/msg
[6.016s] -- Up-to-date: /home/jiujiujiur0000/workspace/vscode/turtorials/install/tutorial_interfaces/include/tutorial_interfaces/tutorial_interfaces/msg/detail
[6.016s] -- Installing: /home/jiujiujiur0000/workspace/vscode/turtorials/install/tutorial_interfaces/include/tutorial_interfaces/tutorial_interfaces/msg/detail/sphere__rosidl_typesupport_fastrtps_c.h
[6.016s] -- Installing: /home/jiujiujiur0000/workspace/vscode/turtorials/install/tutorial_interfaces/include/tutorial_interfaces/tutorial_interfaces/msg/detail/num__rosidl_typesupport_fastrtps_c.h
[6.016s] -- Installing: /home/jiujiujiur0000/workspace/vscode/turtorials/install/tutorial_interfaces/include/tutorial_interfaces/tutorial_interfaces/msg/rosidl_typesupport_fastrtps_c__visibility_control.h
[6.016s] -- Installing: /home/jiujiujiur0000/workspace/vscode/turtorials/install/tutorial_interfaces/lib/libtutorial_interfaces__rosidl_typesupport_fastrtps_c.so
[6.016s] -- Set non-toolchain portion of runtime path of "/home/jiujiujiur0000/workspace/vscode/turtorials/install/tutorial_interfaces/lib/libtutorial_interfaces__rosidl_typesupport_fastrtps_c.so" to ""
[6.017s] -- Up-to-date: /home/jiujiujiur0000/workspace/vscode/turtorials/install/tutorial_interfaces/include/tutorial_interfaces/tutorial_interfaces
[6.017s] -- Up-to-date: /home/jiujiujiur0000/workspace/vscode/turtorials/install/tutorial_interfaces/include/tutorial_interfaces/tutorial_interfaces/srv
[6.017s] -- Up-to-date: /home/jiujiujiur0000/workspace/vscode/turtorials/install/tutorial_interfaces/include/tutorial_interfaces/tutorial_interfaces/srv/detail
[6.017s] -- Installing: /home/jiujiujiur0000/workspace/vscode/turtorials/install/tutorial_interfaces/include/tutorial_interfaces/tutorial_interfaces/srv/detail/add_three_ints__struct.hpp
[6.017s] -- Installing: /home/jiujiujiur0000/workspace/vscode/turtorials/install/tutorial_interfaces/include/tutorial_interfaces/tutorial_interfaces/srv/detail/add_three_ints__builder.hpp
[6.017s] -- Installing: /home/jiujiujiur0000/workspace/vscode/turtorials/install/tutorial_interfaces/include/tutorial_interfaces/tutorial_interfaces/srv/detail/add_three_ints__traits.hpp
[6.017s] -- Installing: /home/jiujiujiur0000/workspace/vscode/turtorials/install/tutorial_interfaces/include/tutorial_interfaces/tutorial_interfaces/srv/detail/add_three_ints__type_support.hpp
[6.017s] -- Installing: /home/jiujiujiur0000/workspace/vscode/turtorials/install/tutorial_interfaces/include/tutorial_interfaces/tutorial_interfaces/srv/add_three_ints.hpp
[6.017s] -- Up-to-date: /home/jiujiujiur0000/workspace/vscode/turtorials/install/tutorial_interfaces/include/tutorial_interfaces/tutorial_interfaces/msg
[6.018s] -- Up-to-date: /home/jiujiujiur0000/workspace/vscode/turtorials/install/tutorial_interfaces/include/tutorial_interfaces/tutorial_interfaces/msg/detail
[6.018s] -- Installing: /home/jiujiujiur0000/workspace/vscode/turtorials/install/tutorial_interfaces/include/tutorial_interfaces/tutorial_interfaces/msg/detail/sphere__struct.hpp
[6.018s] -- Installing: /home/jiujiujiur0000/workspace/vscode/turtorials/install/tutorial_interfaces/include/tutorial_interfaces/tutorial_interfaces/msg/detail/sphere__type_support.hpp
[6.018s] -- Installing: /home/jiujiujiur0000/workspace/vscode/turtorials/install/tutorial_interfaces/include/tutorial_interfaces/tutorial_interfaces/msg/detail/num__traits.hpp
[6.018s] -- Installing: /home/jiujiujiur0000/workspace/vscode/turtorials/install/tutorial_interfaces/include/tutorial_interfaces/tutorial_interfaces/msg/detail/sphere__builder.hpp
[6.018s] -- Installing: /home/jiujiujiur0000/workspace/vscode/turtorials/install/tutorial_interfaces/include/tutorial_interfaces/tutorial_interfaces/msg/detail/sphere__traits.hpp
[6.018s] -- Installing: /home/jiujiujiur0000/workspace/vscode/turtorials/install/tutorial_interfaces/include/tutorial_interfaces/tutorial_interfaces/msg/detail/num__struct.hpp
[6.018s] -- Installing: /home/jiujiujiur0000/workspace/vscode/turtorials/install/tutorial_interfaces/include/tutorial_interfaces/tutorial_interfaces/msg/detail/num__type_support.hpp
[6.018s] -- Installing: /home/jiujiujiur0000/workspace/vscode/turtorials/install/tutorial_interfaces/include/tutorial_interfaces/tutorial_interfaces/msg/detail/num__builder.hpp
[6.019s] -- Installing: /home/jiujiujiur0000/workspace/vscode/turtorials/install/tutorial_interfaces/include/tutorial_interfaces/tutorial_interfaces/msg/sphere.hpp
[6.019s] -- Installing: /home/jiujiujiur0000/workspace/vscode/turtorials/install/tutorial_interfaces/include/tutorial_interfaces/tutorial_interfaces/msg/num.hpp
[6.019s] -- Installing: /home/jiujiujiur0000/workspace/vscode/turtorials/install/tutorial_interfaces/include/tutorial_interfaces/tutorial_interfaces/msg/rosidl_generator_cpp__visibility_control.hpp
[6.019s] -- Up-to-date: /home/jiujiujiur0000/workspace/vscode/turtorials/install/tutorial_interfaces/include/tutorial_interfaces/tutorial_interfaces
[6.019s] -- Up-to-date: /home/jiujiujiur0000/workspace/vscode/turtorials/install/tutorial_interfaces/include/tutorial_interfaces/tutorial_interfaces/srv
[6.019s] -- Up-to-date: /home/jiujiujiur0000/workspace/vscode/turtorials/install/tutorial_interfaces/include/tutorial_interfaces/tutorial_interfaces/srv/detail
[6.019s] -- Installing: /home/jiujiujiur0000/workspace/vscode/turtorials/install/tutorial_interfaces/include/tutorial_interfaces/tutorial_interfaces/srv/detail/add_three_ints__rosidl_typesupport_fastrtps_cpp.hpp
[6.019s] -- Installing: /home/jiujiujiur0000/workspace/vscode/turtorials/install/tutorial_interfaces/include/tutorial_interfaces/tutorial_interfaces/srv/detail/dds_fastrtps
[6.019s] -- Up-to-date: /home/jiujiujiur0000/workspace/vscode/turtorials/install/tutorial_interfaces/include/tutorial_interfaces/tutorial_interfaces/msg
[6.020s] -- Up-to-date: /home/jiujiujiur0000/workspace/vscode/turtorials/install/tutorial_interfaces/include/tutorial_interfaces/tutorial_interfaces/msg/detail
[6.020s] -- Installing: /home/jiujiujiur0000/workspace/vscode/turtorials/install/tutorial_interfaces/include/tutorial_interfaces/tutorial_interfaces/msg/detail/num__rosidl_typesupport_fastrtps_cpp.hpp
[6.020s] -- Installing: /home/jiujiujiur0000/workspace/vscode/turtorials/install/tutorial_interfaces/include/tutorial_interfaces/tutorial_interfaces/msg/detail/sphere__rosidl_typesupport_fastrtps_cpp.hpp
[6.020s] -- Installing: /home/jiujiujiur0000/workspace/vscode/turtorials/install/tutorial_interfaces/include/tutorial_interfaces/tutorial_interfaces/msg/detail/dds_fastrtps
[6.020s] -- Installing: /home/jiujiujiur0000/workspace/vscode/turtorials/install/tutorial_interfaces/include/tutorial_interfaces/tutorial_interfaces/msg/rosidl_typesupport_fastrtps_cpp__visibility_control.h
[6.020s] -- Installing: /home/jiujiujiur0000/workspace/vscode/turtorials/install/tutorial_interfaces/lib/libtutorial_interfaces__rosidl_typesupport_fastrtps_cpp.so
[6.021s] -- Set non-toolchain portion of runtime path of "/home/jiujiujiur0000/workspace/vscode/turtorials/install/tutorial_interfaces/lib/libtutorial_interfaces__rosidl_typesupport_fastrtps_cpp.so" to ""
[6.021s] -- Up-to-date: /home/jiujiujiur0000/workspace/vscode/turtorials/install/tutorial_interfaces/include/tutorial_interfaces/tutorial_interfaces
[6.021s] -- Up-to-date: /home/jiujiujiur0000/workspace/vscode/turtorials/install/tutorial_interfaces/include/tutorial_interfaces/tutorial_interfaces/srv
[6.021s] -- Up-to-date: /home/jiujiujiur0000/workspace/vscode/turtorials/install/tutorial_interfaces/include/tutorial_interfaces/tutorial_interfaces/srv/detail
[6.021s] -- Installing: /home/jiujiujiur0000/workspace/vscode/turtorials/install/tutorial_interfaces/include/tutorial_interfaces/tutorial_interfaces/srv/detail/add_three_ints__rosidl_typesupport_introspection_c.h
[6.021s] -- Up-to-date: /home/jiujiujiur0000/workspace/vscode/turtorials/install/tutorial_interfaces/include/tutorial_interfaces/tutorial_interfaces/srv/detail/add_three_ints__type_support.c
[6.022s] -- Up-to-date: /home/jiujiujiur0000/workspace/vscode/turtorials/install/tutorial_interfaces/include/tutorial_interfaces/tutorial_interfaces/msg
[6.022s] -- Up-to-date: /home/jiujiujiur0000/workspace/vscode/turtorials/install/tutorial_interfaces/include/tutorial_interfaces/tutorial_interfaces/msg/detail
[6.022s] -- Up-to-date: /home/jiujiujiur0000/workspace/vscode/turtorials/install/tutorial_interfaces/include/tutorial_interfaces/tutorial_interfaces/msg/detail/sphere__type_support.c
[6.022s] -- Installing: /home/jiujiujiur0000/workspace/vscode/turtorials/install/tutorial_interfaces/include/tutorial_interfaces/tutorial_interfaces/msg/detail/sphere__rosidl_typesupport_introspection_c.h
[6.022s] -- Up-to-date: /home/jiujiujiur0000/workspace/vscode/turtorials/install/tutorial_interfaces/include/tutorial_interfaces/tutorial_interfaces/msg/detail/num__type_support.c
[6.022s] -- Installing: /home/jiujiujiur0000/workspace/vscode/turtorials/install/tutorial_interfaces/include/tutorial_interfaces/tutorial_interfaces/msg/detail/num__rosidl_typesupport_introspection_c.h
[6.022s] -- Installing: /home/jiujiujiur0000/workspace/vscode/turtorials/install/tutorial_interfaces/include/tutorial_interfaces/tutorial_interfaces/msg/rosidl_typesupport_introspection_c__visibility_control.h
[6.022s] -- Installing: /home/jiujiujiur0000/workspace/vscode/turtorials/install/tutorial_interfaces/lib/libtutorial_interfaces__rosidl_typesupport_introspection_c.so
[6.022s] -- Set non-toolchain portion of runtime path of "/home/jiujiujiur0000/workspace/vscode/turtorials/install/tutorial_interfaces/lib/libtutorial_interfaces__rosidl_typesupport_introspection_c.so" to ""
[6.023s] -- Installing: /home/jiujiujiur0000/workspace/vscode/turtorials/install/tutorial_interfaces/lib/libtutorial_interfaces__rosidl_typesupport_c.so
[6.023s] -- Set non-toolchain portion of runtime path of "/home/jiujiujiur0000/workspace/vscode/turtorials/install/tutorial_interfaces/lib/libtutorial_interfaces__rosidl_typesupport_c.so" to ""
[6.023s] -- Up-to-date: /home/jiujiujiur0000/workspace/vscode/turtorials/install/tutorial_interfaces/include/tutorial_interfaces/tutorial_interfaces
[6.023s] -- Up-to-date: /home/jiujiujiur0000/workspace/vscode/turtorials/install/tutorial_interfaces/include/tutorial_interfaces/tutorial_interfaces/srv
[6.023s] -- Up-to-date: /home/jiujiujiur0000/workspace/vscode/turtorials/install/tutorial_interfaces/include/tutorial_interfaces/tutorial_interfaces/srv/detail
[6.023s] -- Installing: /home/jiujiujiur0000/workspace/vscode/turtorials/install/tutorial_interfaces/include/tutorial_interfaces/tutorial_interfaces/srv/detail/add_three_ints__type_support.cpp
[6.024s] -- Installing: /home/jiujiujiur0000/workspace/vscode/turtorials/install/tutorial_interfaces/include/tutorial_interfaces/tutorial_interfaces/srv/detail/add_three_ints__rosidl_typesupport_introspection_cpp.hpp
[6.024s] -- Up-to-date: /home/jiujiujiur0000/workspace/vscode/turtorials/install/tutorial_interfaces/include/tutorial_interfaces/tutorial_interfaces/msg
[6.024s] -- Up-to-date: /home/jiujiujiur0000/workspace/vscode/turtorials/install/tutorial_interfaces/include/tutorial_interfaces/tutorial_interfaces/msg/detail
[6.024s] -- Installing: /home/jiujiujiur0000/workspace/vscode/turtorials/install/tutorial_interfaces/include/tutorial_interfaces/tutorial_interfaces/msg/detail/num__type_support.cpp
[6.024s] -- Installing: /home/jiujiujiur0000/workspace/vscode/turtorials/install/tutorial_interfaces/include/tutorial_interfaces/tutorial_interfaces/msg/detail/num__rosidl_typesupport_introspection_cpp.hpp
[6.024s] -- Installing: /home/jiujiujiur0000/workspace/vscode/turtorials/install/tutorial_interfaces/include/tutorial_interfaces/tutorial_interfaces/msg/detail/sphere__type_support.cpp
[6.024s] -- Installing: /home/jiujiujiur0000/workspace/vscode/turtorials/install/tutorial_interfaces/include/tutorial_interfaces/tutorial_interfaces/msg/detail/sphere__rosidl_typesupport_introspection_cpp.hpp
[6.024s] -- Installing: /home/jiujiujiur0000/workspace/vscode/turtorials/install/tutorial_interfaces/lib/libtutorial_interfaces__rosidl_typesupport_introspection_cpp.so
[6.025s] -- Set non-toolchain portion of runtime path of "/home/jiujiujiur0000/workspace/vscode/turtorials/install/tutorial_interfaces/lib/libtutorial_interfaces__rosidl_typesupport_introspection_cpp.so" to ""
[6.025s] -- Installing: /home/jiujiujiur0000/workspace/vscode/turtorials/install/tutorial_interfaces/lib/libtutorial_interfaces__rosidl_typesupport_cpp.so
[6.026s] -- Set non-toolchain portion of runtime path of "/home/jiujiujiur0000/workspace/vscode/turtorials/install/tutorial_interfaces/lib/libtutorial_interfaces__rosidl_typesupport_cpp.so" to ""
[6.026s] -- Installing: /home/jiujiujiur0000/workspace/vscode/turtorials/install/tutorial_interfaces/share/tutorial_interfaces/environment/pythonpath.sh
[6.026s] -- Installing: /home/jiujiujiur0000/workspace/vscode/turtorials/install/tutorial_interfaces/share/tutorial_interfaces/environment/pythonpath.dsv
[6.026s] -- Installing: /home/jiujiujiur0000/workspace/vscode/turtorials/install/tutorial_interfaces/lib/python3.12/site-packages/tutorial_interfaces-0.0.0-py3.12.egg-info
[6.026s] -- Installing: /home/jiujiujiur0000/workspace/vscode/turtorials/install/tutorial_interfaces/lib/python3.12/site-packages/tutorial_interfaces-0.0.0-py3.12.egg-info/top_level.txt
[6.027s] -- Installing: /home/jiujiujiur0000/workspace/vscode/turtorials/install/tutorial_interfaces/lib/python3.12/site-packages/tutorial_interfaces-0.0.0-py3.12.egg-info/dependency_links.txt
[6.027s] -- Installing: /home/jiujiujiur0000/workspace/vscode/turtorials/install/tutorial_interfaces/lib/python3.12/site-packages/tutorial_interfaces-0.0.0-py3.12.egg-info/PKG-INFO
[6.027s] -- Installing: /home/jiujiujiur0000/workspace/vscode/turtorials/install/tutorial_interfaces/lib/python3.12/site-packages/tutorial_interfaces-0.0.0-py3.12.egg-info/SOURCES.txt
[6.027s] -- Installing: /home/jiujiujiur0000/workspace/vscode/turtorials/install/tutorial_interfaces/lib/python3.12/site-packages/tutorial_interfaces
[6.027s] -- Installing: /home/jiujiujiur0000/workspace/vscode/turtorials/install/tutorial_interfaces/lib/python3.12/site-packages/tutorial_interfaces/_tutorial_interfaces_s.ep.rosidl_typesupport_c.c
[6.027s] -- Installing: /home/jiujiujiur0000/workspace/vscode/turtorials/install/tutorial_interfaces/lib/python3.12/site-packages/tutorial_interfaces/_tutorial_interfaces_s.ep.rosidl_typesupport_introspection_c.c
[6.027s] -- Installing: /home/jiujiujiur0000/workspace/vscode/turtorials/install/tutorial_interfaces/lib/python3.12/site-packages/tutorial_interfaces/tutorial_interfaces_s__rosidl_typesupport_fastrtps_c.so
[6.028s] -- Installing: /home/jiujiujiur0000/workspace/vscode/turtorials/install/tutorial_interfaces/lib/python3.12/site-packages/tutorial_interfaces/tutorial_interfaces_s__rosidl_typesupport_introspection_c.so
[6.028s] -- Installing: /home/jiujiujiur0000/workspace/vscode/turtorials/install/tutorial_interfaces/lib/python3.12/site-packages/tutorial_interfaces/_tutorial_interfaces_s.ep.rosidl_typesupport_fastrtps_c.c
[6.028s] -- Installing: /home/jiujiujiur0000/workspace/vscode/turtorials/install/tutorial_interfaces/lib/python3.12/site-packages/tutorial_interfaces/srv
[6.028s] -- Installing: /home/jiujiujiur0000/workspace/vscode/turtorials/install/tutorial_interfaces/lib/python3.12/site-packages/tutorial_interfaces/srv/_add_three_ints_s.c
[6.028s] -- Installing: /home/jiujiujiur0000/workspace/vscode/turtorials/install/tutorial_interfaces/lib/python3.12/site-packages/tutorial_interfaces/srv/_add_three_ints.py
[6.028s] -- Installing: /home/jiujiujiur0000/workspace/vscode/turtorials/install/tutorial_interfaces/lib/python3.12/site-packages/tutorial_interfaces/srv/__init__.py
[6.028s] -- Installing: /home/jiujiujiur0000/workspace/vscode/turtorials/install/tutorial_interfaces/lib/python3.12/site-packages/tutorial_interfaces/tutorial_interfaces_s__rosidl_typesupport_c.so
[6.028s] -- Installing: /home/jiujiujiur0000/workspace/vscode/turtorials/install/tutorial_interfaces/lib/python3.12/site-packages/tutorial_interfaces/__init__.py
[6.029s] -- Installing: /home/jiujiujiur0000/workspace/vscode/turtorials/install/tutorial_interfaces/lib/python3.12/site-packages/tutorial_interfaces/msg
[6.029s] -- Installing: /home/jiujiujiur0000/workspace/vscode/turtorials/install/tutorial_interfaces/lib/python3.12/site-packages/tutorial_interfaces/msg/_num_s.c
[6.029s] -- Installing: /home/jiujiujiur0000/workspace/vscode/turtorials/install/tutorial_interfaces/lib/python3.12/site-packages/tutorial_interfaces/msg/_sphere_s.c
[6.029s] -- Installing: /home/jiujiujiur0000/workspace/vscode/turtorials/install/tutorial_interfaces/lib/python3.12/site-packages/tutorial_interfaces/msg/_num.py
[6.029s] -- Installing: /home/jiujiujiur0000/workspace/vscode/turtorials/install/tutorial_interfaces/lib/python3.12/site-packages/tutorial_interfaces/msg/_sphere.py
[6.029s] -- Installing: /home/jiujiujiur0000/workspace/vscode/turtorials/install/tutorial_interfaces/lib/python3.12/site-packages/tutorial_interfaces/msg/__init__.py
[6.068s] Listing '/home/jiujiujiur0000/workspace/vscode/turtorials/install/tutorial_interfaces/lib/python3.12/site-packages/tutorial_interfaces'...
[6.068s] Compiling '/home/jiujiujiur0000/workspace/vscode/turtorials/install/tutorial_interfaces/lib/python3.12/site-packages/tutorial_interfaces/__init__.py'...
[6.068s] Listing '/home/jiujiujiur0000/workspace/vscode/turtorials/install/tutorial_interfaces/lib/python3.12/site-packages/tutorial_interfaces/msg'...
[6.068s] Compiling '/home/jiujiujiur0000/workspace/vscode/turtorials/install/tutorial_interfaces/lib/python3.12/site-packages/tutorial_interfaces/msg/__init__.py'...
[6.068s] Compiling '/home/jiujiujiur0000/workspace/vscode/turtorials/install/tutorial_interfaces/lib/python3.12/site-packages/tutorial_interfaces/msg/_num.py'...
[6.068s] Compiling '/home/jiujiujiur0000/workspace/vscode/turtorials/install/tutorial_interfaces/lib/python3.12/site-packages/tutorial_interfaces/msg/_sphere.py'...
[6.068s] Listing '/home/jiujiujiur0000/workspace/vscode/turtorials/install/tutorial_interfaces/lib/python3.12/site-packages/tutorial_interfaces/srv'...
[6.068s] Compiling '/home/jiujiujiur0000/workspace/vscode/turtorials/install/tutorial_interfaces/lib/python3.12/site-packages/tutorial_interfaces/srv/__init__.py'...
[6.068s] Compiling '/home/jiujiujiur0000/workspace/vscode/turtorials/install/tutorial_interfaces/lib/python3.12/site-packages/tutorial_interfaces/srv/_add_three_ints.py'...
[6.073s] -- Installing: /home/jiujiujiur0000/workspace/vscode/turtorials/install/tutorial_interfaces/lib/python3.12/site-packages/tutorial_interfaces/tutorial_interfaces_s__rosidl_typesupport_fastrtps_c.so
[6.074s] -- Set non-toolchain portion of runtime path of "/home/jiujiujiur0000/workspace/vscode/turtorials/install/tutorial_interfaces/lib/python3.12/site-packages/tutorial_interfaces/tutorial_interfaces_s__rosidl_typesupport_fastrtps_c.so" to ""
[6.074s] -- Installing: /home/jiujiujiur0000/workspace/vscode/turtorials/install/tutorial_interfaces/lib/python3.12/site-packages/tutorial_interfaces/tutorial_interfaces_s__rosidl_typesupport_introspection_c.so
[6.074s] -- Set non-toolchain portion of runtime path of "/home/jiujiujiur0000/workspace/vscode/turtorials/install/tutorial_interfaces/lib/python3.12/site-packages/tutorial_interfaces/tutorial_interfaces_s__rosidl_typesupport_introspection_c.so" to ""
[6.075s] -- Installing: /home/jiujiujiur0000/workspace/vscode/turtorials/install/tutorial_interfaces/lib/python3.12/site-packages/tutorial_interfaces/tutorial_interfaces_s__rosidl_typesupport_c.so
[6.075s] -- Set non-toolchain portion of runtime path of "/home/jiujiujiur0000/workspace/vscode/turtorials/install/tutorial_interfaces/lib/python3.12/site-packages/tutorial_interfaces/tutorial_interfaces_s__rosidl_typesupport_c.so" to ""
[6.075s] -- Installing: /home/jiujiujiur0000/workspace/vscode/turtorials/install/tutorial_interfaces/lib/libtutorial_interfaces__rosidl_generator_py.so
[6.076s] -- Set non-toolchain portion of runtime path of "/home/jiujiujiur0000/workspace/vscode/turtorials/install/tutorial_interfaces/lib/libtutorial_interfaces__rosidl_generator_py.so" to ""
[6.076s] -- Installing: /home/jiujiujiur0000/workspace/vscode/turtorials/install/tutorial_interfaces/share/tutorial_interfaces/msg/Num.idl
[6.076s] -- Installing: /home/jiujiujiur0000/workspace/vscode/turtorials/install/tutorial_interfaces/share/tutorial_interfaces/msg/Sphere.idl
[6.076s] -- Installing: /home/jiujiujiur0000/workspace/vscode/turtorials/install/tutorial_interfaces/share/tutorial_interfaces/srv/AddThreeInts.idl
[6.076s] -- Installing: /home/jiujiujiur0000/workspace/vscode/turtorials/install/tutorial_interfaces/share/tutorial_interfaces/msg/Num.msg
[6.076s] -- Installing: /home/jiujiujiur0000/workspace/vscode/turtorials/install/tutorial_interfaces/share/tutorial_interfaces/msg/Sphere.msg
[6.076s] -- Installing: /home/jiujiujiur0000/workspace/vscode/turtorials/install/tutorial_interfaces/share/tutorial_interfaces/srv/AddThreeInts.srv
[6.077s] -- Installing: /home/jiujiujiur0000/workspace/vscode/turtorials/install/tutorial_interfaces/share/ament_index/resource_index/package_run_dependencies/tutorial_interfaces
[6.077s] -- Installing: /home/jiujiujiur0000/workspace/vscode/turtorials/install/tutorial_interfaces/share/ament_index/resource_index/parent_prefix_path/tutorial_interfaces
[6.077s] -- Installing: /home/jiujiujiur0000/workspace/vscode/turtorials/install/tutorial_interfaces/share/tutorial_interfaces/environment/ament_prefix_path.sh
[6.077s] -- Installing: /home/jiujiujiur0000/workspace/vscode/turtorials/install/tutorial_interfaces/share/tutorial_interfaces/environment/ament_prefix_path.dsv
[6.077s] -- Installing: /home/jiujiujiur0000/workspace/vscode/turtorials/install/tutorial_interfaces/share/tutorial_interfaces/environment/path.sh
[6.077s] -- Installing: /home/jiujiujiur0000/workspace/vscode/turtorials/install/tutorial_interfaces/share/tutorial_interfaces/environment/path.dsv
[6.078s] -- Installing: /home/jiujiujiur0000/workspace/vscode/turtorials/install/tutorial_interfaces/share/tutorial_interfaces/local_setup.bash
[6.078s] -- Installing: /home/jiujiujiur0000/workspace/vscode/turtorials/install/tutorial_interfaces/share/tutorial_interfaces/local_setup.sh
[6.078s] -- Installing: /home/jiujiujiur0000/workspace/vscode/turtorials/install/tutorial_interfaces/share/tutorial_interfaces/local_setup.zsh
[6.078s] -- Installing: /home/jiujiujiur0000/workspace/vscode/turtorials/install/tutorial_interfaces/share/tutorial_interfaces/local_setup.dsv
[6.078s] -- Installing: /home/jiujiujiur0000/workspace/vscode/turtorials/install/tutorial_interfaces/share/tutorial_interfaces/package.dsv
[6.078s] -- Installing: /home/jiujiujiur0000/workspace/vscode/turtorials/install/tutorial_interfaces/share/ament_index/resource_index/packages/tutorial_interfaces
[6.078s] -- Installing: /home/jiujiujiur0000/workspace/vscode/turtorials/install/tutorial_interfaces/share/tutorial_interfaces/cmake/export_tutorial_interfaces__rosidl_generator_cExport.cmake
[6.079s] -- Installing: /home/jiujiujiur0000/workspace/vscode/turtorials/install/tutorial_interfaces/share/tutorial_interfaces/cmake/export_tutorial_interfaces__rosidl_generator_cExport-noconfig.cmake
[6.079s] -- Installing: /home/jiujiujiur0000/workspace/vscode/turtorials/install/tutorial_interfaces/share/tutorial_interfaces/cmake/export_tutorial_interfaces__rosidl_typesupport_fastrtps_cExport.cmake
[6.079s] -- Installing: /home/jiujiujiur0000/workspace/vscode/turtorials/install/tutorial_interfaces/share/tutorial_interfaces/cmake/export_tutorial_interfaces__rosidl_typesupport_fastrtps_cExport-noconfig.cmake
[6.079s] -- Installing: /home/jiujiujiur0000/workspace/vscode/turtorials/install/tutorial_interfaces/share/tutorial_interfaces/cmake/export_tutorial_interfaces__rosidl_generator_cppExport.cmake
[6.079s] -- Installing: /home/jiujiujiur0000/workspace/vscode/turtorials/install/tutorial_interfaces/share/tutorial_interfaces/cmake/export_tutorial_interfaces__rosidl_typesupport_fastrtps_cppExport.cmake
[6.079s] -- Installing: /home/jiujiujiur0000/workspace/vscode/turtorials/install/tutorial_interfaces/share/tutorial_interfaces/cmake/export_tutorial_interfaces__rosidl_typesupport_fastrtps_cppExport-noconfig.cmake
[6.080s] -- Installing: /home/jiujiujiur0000/workspace/vscode/turtorials/install/tutorial_interfaces/share/tutorial_interfaces/cmake/tutorial_interfaces__rosidl_typesupport_introspection_cExport.cmake
[6.080s] -- Installing: /home/jiujiujiur0000/workspace/vscode/turtorials/install/tutorial_interfaces/share/tutorial_interfaces/cmake/tutorial_interfaces__rosidl_typesupport_introspection_cExport-noconfig.cmake
[6.080s] -- Installing: /home/jiujiujiur0000/workspace/vscode/turtorials/install/tutorial_interfaces/share/tutorial_interfaces/cmake/tutorial_interfaces__rosidl_typesupport_cExport.cmake
[6.080s] -- Installing: /home/jiujiujiur0000/workspace/vscode/turtorials/install/tutorial_interfaces/share/tutorial_interfaces/cmake/tutorial_interfaces__rosidl_typesupport_cExport-noconfig.cmake
[6.080s] -- Installing: /home/jiujiujiur0000/workspace/vscode/turtorials/install/tutorial_interfaces/share/tutorial_interfaces/cmake/tutorial_interfaces__rosidl_typesupport_introspection_cppExport.cmake
[6.080s] -- Installing: /home/jiujiujiur0000/workspace/vscode/turtorials/install/tutorial_interfaces/share/tutorial_interfaces/cmake/tutorial_interfaces__rosidl_typesupport_introspection_cppExport-noconfig.cmake
[6.080s] -- Installing: /home/jiujiujiur0000/workspace/vscode/turtorials/install/tutorial_interfaces/share/tutorial_interfaces/cmake/tutorial_interfaces__rosidl_typesupport_cppExport.cmake
[6.081s] -- Installing: /home/jiujiujiur0000/workspace/vscode/turtorials/install/tutorial_interfaces/share/tutorial_interfaces/cmake/tutorial_interfaces__rosidl_typesupport_cppExport-noconfig.cmake
[6.081s] -- Installing: /home/jiujiujiur0000/workspace/vscode/turtorials/install/tutorial_interfaces/share/tutorial_interfaces/cmake/export_tutorial_interfaces__rosidl_generator_pyExport.cmake
[6.081s] -- Installing: /home/jiujiujiur0000/workspace/vscode/turtorials/install/tutorial_interfaces/share/tutorial_interfaces/cmake/export_tutorial_interfaces__rosidl_generator_pyExport-noconfig.cmake
[6.081s] -- Installing: /home/jiujiujiur0000/workspace/vscode/turtorials/install/tutorial_interfaces/share/tutorial_interfaces/cmake/rosidl_cmake-extras.cmake
[6.081s] -- Installing: /home/jiujiujiur0000/workspace/vscode/turtorials/install/tutorial_interfaces/share/tutorial_interfaces/cmake/ament_cmake_export_dependencies-extras.cmake
[6.081s] -- Installing: /home/jiujiujiur0000/workspace/vscode/turtorials/install/tutorial_interfaces/share/tutorial_interfaces/cmake/ament_cmake_export_include_directories-extras.cmake
[6.082s] -- Installing: /home/jiujiujiur0000/workspace/vscode/turtorials/install/tutorial_interfaces/share/tutorial_interfaces/cmake/ament_cmake_export_libraries-extras.cmake
[6.082s] -- Installing: /home/jiujiujiur0000/workspace/vscode/turtorials/install/tutorial_interfaces/share/tutorial_interfaces/cmake/ament_cmake_export_targets-extras.cmake
[6.082s] -- Installing: /home/jiujiujiur0000/workspace/vscode/turtorials/install/tutorial_interfaces/share/tutorial_interfaces/cmake/rosidl_cmake_export_typesupport_targets-extras.cmake
[6.082s] -- Installing: /home/jiujiujiur0000/workspace/vscode/turtorials/install/tutorial_interfaces/share/tutorial_interfaces/cmake/rosidl_cmake_export_typesupport_libraries-extras.cmake
[6.082s] -- Installing: /home/jiujiujiur0000/workspace/vscode/turtorials/install/tutorial_interfaces/share/tutorial_interfaces/cmake/tutorial_interfacesConfig.cmake
[6.082s] -- Installing: /home/jiujiujiur0000/workspace/vscode/turtorials/install/tutorial_interfaces/share/tutorial_interfaces/cmake/tutorial_interfacesConfig-version.cmake
[6.082s] -- Installing: /home/jiujiujiur0000/workspace/vscode/turtorials/install/tutorial_interfaces/share/tutorial_interfaces/package.xml
[6.085s] Invoked command in '/home/jiujiujiur0000/workspace/vscode/turtorials/build/tutorial_interfaces' returned '0': CMAKE_PREFIX_PATH=${CMAKE_PREFIX_PATH}:/opt/ros/jazzy DEBUGINFOD_URLS=https://debuginfod.ubuntu.com /usr/bin/cmake --install /home/jiujiujiur0000/workspace/vscode/turtorials/build/tutorial_interfaces
