[0.091s] DEBUG:colcon:Command line arguments: ['/usr/bin/colcon', 'build', '--packages-select', 'tutorial_interfaces']
[0.091s] DEBUG:colcon:Parsed command line arguments: Namespace(log_base=None, log_level=None, verb_name='build', build_base='build', install_base='install', merge_install=False, symlink_install=False, test_result_base=None, continue_on_error=False, executor='parallel', parallel_workers=16, event_handlers=None, ignore_user_meta=False, metas=['./colcon.meta'], base_paths=['.'], packages_ignore=None, packages_ignore_regex=None, paths=None, packages_up_to=None, packages_up_to_regex=None, packages_above=None, packages_above_and_dependencies=None, packages_above_depth=None, packages_select_by_dep=None, packages_skip_by_dep=None, packages_skip_up_to=None, packages_select_build_failed=False, packages_skip_build_finished=False, packages_select_test_failures=False, packages_skip_test_passed=False, packages_select=['tutorial_interfaces'], packages_skip=None, packages_select_regex=None, packages_skip_regex=None, packages_start=None, packages_end=None, allow_overriding=[], cmake_args=None, cmake_target=None, cmake_target_skip_unavailable=False, cmake_clean_cache=False, cmake_clean_first=False, cmake_force_configure=False, ament_cmake_args=None, catkin_cmake_args=None, catkin_skip_building_tests=False, mixin_files=None, mixin=None, verb_parser=<colcon_mixin.mixin.mixin_argument.MixinArgumentDecorator object at 0x712b033b11c0>, verb_extension=<colcon_core.verb.build.BuildVerb object at 0x712b034cd1c0>, main=<bound method BuildVerb.main of <colcon_core.verb.build.BuildVerb object at 0x712b034cd1c0>>, mixin_verb=('build',))
[0.124s] Level 1:colcon.colcon_core.package_discovery:discover_packages(colcon_meta) check parameters
[0.124s] Level 1:colcon.colcon_core.package_discovery:discover_packages(recursive) check parameters
[0.124s] Level 1:colcon.colcon_core.package_discovery:discover_packages(ignore) check parameters
[0.124s] Level 1:colcon.colcon_core.package_discovery:discover_packages(path) check parameters
[0.124s] Level 1:colcon.colcon_core.package_discovery:discover_packages(colcon_meta) discover
[0.124s] Level 1:colcon.colcon_core.package_discovery:discover_packages(recursive) discover
[0.124s] INFO:colcon.colcon_core.package_discovery:Crawling recursively for packages in '/home/jiujiujiur0000/workspace/vscode/turtorials'
[0.124s] Level 1:colcon.colcon_core.package_identification:_identify(.) by extensions ['ignore', 'ignore_ament_install']
[0.125s] Level 1:colcon.colcon_core.package_identification:_identify(.) by extension 'ignore'
[0.125s] Level 1:colcon.colcon_core.package_identification:_identify(.) by extension 'ignore_ament_install'
[0.125s] Level 1:colcon.colcon_core.package_identification:_identify(.) by extensions ['colcon_pkg']
[0.125s] Level 1:colcon.colcon_core.package_identification:_identify(.) by extension 'colcon_pkg'
[0.125s] Level 1:colcon.colcon_core.package_identification:_identify(.) by extensions ['colcon_meta']
[0.125s] Level 1:colcon.colcon_core.package_identification:_identify(.) by extension 'colcon_meta'
[0.125s] Level 1:colcon.colcon_core.package_identification:_identify(.) by extensions ['ros']
[0.125s] Level 1:colcon.colcon_core.package_identification:_identify(.) by extension 'ros'
[0.145s] Level 1:colcon.colcon_core.package_identification:_identify(.) by extensions ['cmake', 'python']
[0.145s] Level 1:colcon.colcon_core.package_identification:_identify(.) by extension 'cmake'
[0.145s] Level 1:colcon.colcon_core.package_identification:_identify(.) by extension 'python'
[0.145s] Level 1:colcon.colcon_core.package_identification:_identify(.) by extensions ['python_setup_py']
[0.145s] Level 1:colcon.colcon_core.package_identification:_identify(.) by extension 'python_setup_py'
[0.145s] Level 1:colcon.colcon_core.package_identification:_identify(build) by extensions ['ignore', 'ignore_ament_install']
[0.145s] Level 1:colcon.colcon_core.package_identification:_identify(build) by extension 'ignore'
[0.145s] Level 1:colcon.colcon_core.package_identification:_identify(build) ignored
[0.145s] Level 1:colcon.colcon_core.package_identification:_identify(install) by extensions ['ignore', 'ignore_ament_install']
[0.145s] Level 1:colcon.colcon_core.package_identification:_identify(install) by extension 'ignore'
[0.145s] Level 1:colcon.colcon_core.package_identification:_identify(install) ignored
[0.146s] Level 1:colcon.colcon_core.package_identification:_identify(log) by extensions ['ignore', 'ignore_ament_install']
[0.146s] Level 1:colcon.colcon_core.package_identification:_identify(log) by extension 'ignore'
[0.146s] Level 1:colcon.colcon_core.package_identification:_identify(log) ignored
[0.146s] Level 1:colcon.colcon_core.package_identification:_identify(src) by extensions ['ignore', 'ignore_ament_install']
[0.146s] Level 1:colcon.colcon_core.package_identification:_identify(src) by extension 'ignore'
[0.146s] Level 1:colcon.colcon_core.package_identification:_identify(src) by extension 'ignore_ament_install'
[0.146s] Level 1:colcon.colcon_core.package_identification:_identify(src) by extensions ['colcon_pkg']
[0.146s] Level 1:colcon.colcon_core.package_identification:_identify(src) by extension 'colcon_pkg'
[0.146s] Level 1:colcon.colcon_core.package_identification:_identify(src) by extensions ['colcon_meta']
[0.146s] Level 1:colcon.colcon_core.package_identification:_identify(src) by extension 'colcon_meta'
[0.146s] Level 1:colcon.colcon_core.package_identification:_identify(src) by extensions ['ros']
[0.146s] Level 1:colcon.colcon_core.package_identification:_identify(src) by extension 'ros'
[0.146s] Level 1:colcon.colcon_core.package_identification:_identify(src) by extensions ['cmake', 'python']
[0.146s] Level 1:colcon.colcon_core.package_identification:_identify(src) by extension 'cmake'
[0.146s] Level 1:colcon.colcon_core.package_identification:_identify(src) by extension 'python'
[0.146s] Level 1:colcon.colcon_core.package_identification:_identify(src) by extensions ['python_setup_py']
[0.146s] Level 1:colcon.colcon_core.package_identification:_identify(src) by extension 'python_setup_py'
[0.146s] Level 1:colcon.colcon_core.package_identification:_identify(src/learning_tf2_cpp) by extensions ['ignore', 'ignore_ament_install']
[0.147s] Level 1:colcon.colcon_core.package_identification:_identify(src/learning_tf2_cpp) by extension 'ignore'
[0.147s] Level 1:colcon.colcon_core.package_identification:_identify(src/learning_tf2_cpp) by extension 'ignore_ament_install'
[0.147s] Level 1:colcon.colcon_core.package_identification:_identify(src/learning_tf2_cpp) by extensions ['colcon_pkg']
[0.147s] Level 1:colcon.colcon_core.package_identification:_identify(src/learning_tf2_cpp) by extension 'colcon_pkg'
[0.147s] Level 1:colcon.colcon_core.package_identification:_identify(src/learning_tf2_cpp) by extensions ['colcon_meta']
[0.147s] Level 1:colcon.colcon_core.package_identification:_identify(src/learning_tf2_cpp) by extension 'colcon_meta'
[0.147s] Level 1:colcon.colcon_core.package_identification:_identify(src/learning_tf2_cpp) by extensions ['ros']
[0.147s] Level 1:colcon.colcon_core.package_identification:_identify(src/learning_tf2_cpp) by extension 'ros'
[0.149s] DEBUG:colcon.colcon_core.package_identification:Package 'src/learning_tf2_cpp' with type 'ros.ament_cmake' and name 'learning_tf2_cpp'
[0.149s] Level 1:colcon.colcon_core.package_identification:_identify(src/tutorial_interfaces) by extensions ['ignore', 'ignore_ament_install']
[0.149s] Level 1:colcon.colcon_core.package_identification:_identify(src/tutorial_interfaces) by extension 'ignore'
[0.149s] Level 1:colcon.colcon_core.package_identification:_identify(src/tutorial_interfaces) by extension 'ignore_ament_install'
[0.149s] Level 1:colcon.colcon_core.package_identification:_identify(src/tutorial_interfaces) by extensions ['colcon_pkg']
[0.149s] Level 1:colcon.colcon_core.package_identification:_identify(src/tutorial_interfaces) by extension 'colcon_pkg'
[0.149s] Level 1:colcon.colcon_core.package_identification:_identify(src/tutorial_interfaces) by extensions ['colcon_meta']
[0.149s] Level 1:colcon.colcon_core.package_identification:_identify(src/tutorial_interfaces) by extension 'colcon_meta'
[0.149s] Level 1:colcon.colcon_core.package_identification:_identify(src/tutorial_interfaces) by extensions ['ros']
[0.149s] Level 1:colcon.colcon_core.package_identification:_identify(src/tutorial_interfaces) by extension 'ros'
[0.150s] DEBUG:colcon.colcon_core.package_identification:Package 'src/tutorial_interfaces' with type 'ros.ament_cmake' and name 'tutorial_interfaces'
[0.150s] Level 1:colcon.colcon_core.package_discovery:discover_packages(recursive) using defaults
[0.150s] Level 1:colcon.colcon_core.package_discovery:discover_packages(ignore) discover
[0.150s] Level 1:colcon.colcon_core.package_discovery:discover_packages(ignore) using defaults
[0.150s] Level 1:colcon.colcon_core.package_discovery:discover_packages(path) discover
[0.150s] Level 1:colcon.colcon_core.package_discovery:discover_packages(path) using defaults
[0.163s] INFO:colcon.colcon_core.package_selection:Skipping not selected package 'learning_tf2_cpp' in 'src/learning_tf2_cpp'
[0.163s] Level 1:colcon.colcon_core.package_discovery:discover_packages(prefix_path) check parameters
[0.163s] Level 1:colcon.colcon_core.package_discovery:discover_packages(prefix_path) discover
[0.165s] DEBUG:colcon.colcon_installed_package_information.package_discovery:Found 1 installed packages in /home/jiujiujiur0000/workspace/vscode/turtorials/install
[0.165s] DEBUG:colcon.colcon_installed_package_information.package_discovery:Found 19 installed packages in /home/jiujiujiur0000/workspace/vscode/ros2_control_demos/install
[0.167s] DEBUG:colcon.colcon_installed_package_information.package_discovery:Found 363 installed packages in /opt/ros/jazzy
[0.168s] Level 1:colcon.colcon_core.package_discovery:discover_packages(prefix_path) using defaults
[0.210s] Level 5:colcon.colcon_core.verb:set package 'tutorial_interfaces' build argument 'cmake_args' from command line to 'None'
[0.210s] Level 5:colcon.colcon_core.verb:set package 'tutorial_interfaces' build argument 'cmake_target' from command line to 'None'
[0.210s] Level 5:colcon.colcon_core.verb:set package 'tutorial_interfaces' build argument 'cmake_target_skip_unavailable' from command line to 'False'
[0.210s] Level 5:colcon.colcon_core.verb:set package 'tutorial_interfaces' build argument 'cmake_clean_cache' from command line to 'False'
[0.210s] Level 5:colcon.colcon_core.verb:set package 'tutorial_interfaces' build argument 'cmake_clean_first' from command line to 'False'
[0.210s] Level 5:colcon.colcon_core.verb:set package 'tutorial_interfaces' build argument 'cmake_force_configure' from command line to 'False'
[0.210s] Level 5:colcon.colcon_core.verb:set package 'tutorial_interfaces' build argument 'ament_cmake_args' from command line to 'None'
[0.210s] Level 5:colcon.colcon_core.verb:set package 'tutorial_interfaces' build argument 'catkin_cmake_args' from command line to 'None'
[0.210s] Level 5:colcon.colcon_core.verb:set package 'tutorial_interfaces' build argument 'catkin_skip_building_tests' from command line to 'False'
[0.211s] DEBUG:colcon.colcon_core.verb:Building package 'tutorial_interfaces' with the following arguments: {'ament_cmake_args': None, 'build_base': '/home/jiujiujiur0000/workspace/vscode/turtorials/build/tutorial_interfaces', 'catkin_cmake_args': None, 'catkin_skip_building_tests': False, 'cmake_args': None, 'cmake_clean_cache': False, 'cmake_clean_first': False, 'cmake_force_configure': False, 'cmake_target': None, 'cmake_target_skip_unavailable': False, 'install_base': '/home/jiujiujiur0000/workspace/vscode/turtorials/install/tutorial_interfaces', 'merge_install': False, 'path': '/home/jiujiujiur0000/workspace/vscode/turtorials/src/tutorial_interfaces', 'symlink_install': False, 'test_result_base': None}
[0.211s] INFO:colcon.colcon_core.executor:Executing jobs using 'parallel' executor
[0.212s] DEBUG:colcon.colcon_parallel_executor.executor.parallel:run_until_complete
[0.212s] INFO:colcon.colcon_ros.task.ament_cmake.build:Building ROS package in '/home/jiujiujiur0000/workspace/vscode/turtorials/src/tutorial_interfaces' with build type 'ament_cmake'
[0.212s] INFO:colcon.colcon_cmake.task.cmake.build:Building CMake package in '/home/jiujiujiur0000/workspace/vscode/turtorials/src/tutorial_interfaces'
[0.214s] INFO:colcon.colcon_core.plugin_system:Skipping extension 'colcon_core.shell.bat': Not used on non-Windows systems
[0.214s] INFO:colcon.colcon_core.shell:Skip shell extension 'powershell' for command environment: Not usable outside of PowerShell
[0.214s] DEBUG:colcon.colcon_core.shell:Skip shell extension 'dsv' for command environment
[0.222s] DEBUG:colcon.colcon_core.event_handler.log_command:Invoking command in '/home/jiujiujiur0000/workspace/vscode/turtorials/build/tutorial_interfaces': CMAKE_PREFIX_PATH=${CMAKE_PREFIX_PATH}:/opt/ros/jazzy DEBUGINFOD_URLS=https://debuginfod.ubuntu.com /usr/bin/cmake /home/jiujiujiur0000/workspace/vscode/turtorials/src/tutorial_interfaces -DCMAKE_INSTALL_PREFIX=/home/jiujiujiur0000/workspace/vscode/turtorials/install/tutorial_interfaces
[3.386s] DEBUG:colcon.colcon_core.event_handler.log_command:Invoked command in '/home/jiujiujiur0000/workspace/vscode/turtorials/build/tutorial_interfaces' returned '0': CMAKE_PREFIX_PATH=${CMAKE_PREFIX_PATH}:/opt/ros/jazzy DEBUGINFOD_URLS=https://debuginfod.ubuntu.com /usr/bin/cmake /home/jiujiujiur0000/workspace/vscode/turtorials/src/tutorial_interfaces -DCMAKE_INSTALL_PREFIX=/home/jiujiujiur0000/workspace/vscode/turtorials/install/tutorial_interfaces
[3.387s] DEBUG:colcon.colcon_core.event_handler.log_command:Invoking command in '/home/jiujiujiur0000/workspace/vscode/turtorials/build/tutorial_interfaces': CMAKE_PREFIX_PATH=${CMAKE_PREFIX_PATH}:/opt/ros/jazzy DEBUGINFOD_URLS=https://debuginfod.ubuntu.com /usr/bin/cmake --build /home/jiujiujiur0000/workspace/vscode/turtorials/build/tutorial_interfaces -- -j16 -l16
[5.926s] DEBUG:colcon.colcon_core.event_handler.log_command:Invoked command in '/home/jiujiujiur0000/workspace/vscode/turtorials/build/tutorial_interfaces' returned '0': CMAKE_PREFIX_PATH=${CMAKE_PREFIX_PATH}:/opt/ros/jazzy DEBUGINFOD_URLS=https://debuginfod.ubuntu.com /usr/bin/cmake --build /home/jiujiujiur0000/workspace/vscode/turtorials/build/tutorial_interfaces -- -j16 -l16
[5.937s] DEBUG:colcon.colcon_core.event_handler.log_command:Invoking command in '/home/jiujiujiur0000/workspace/vscode/turtorials/build/tutorial_interfaces': CMAKE_PREFIX_PATH=${CMAKE_PREFIX_PATH}:/opt/ros/jazzy DEBUGINFOD_URLS=https://debuginfod.ubuntu.com /usr/bin/cmake --install /home/jiujiujiur0000/workspace/vscode/turtorials/build/tutorial_interfaces
[6.017s] Level 1:colcon.colcon_core.environment:create_environment_scripts_only(tutorial_interfaces)
[6.018s] DEBUG:colcon.colcon_core.event_handler.log_command:Invoked command in '/home/jiujiujiur0000/workspace/vscode/turtorials/build/tutorial_interfaces' returned '0': CMAKE_PREFIX_PATH=${CMAKE_PREFIX_PATH}:/opt/ros/jazzy DEBUGINFOD_URLS=https://debuginfod.ubuntu.com /usr/bin/cmake --install /home/jiujiujiur0000/workspace/vscode/turtorials/build/tutorial_interfaces
[6.020s] Level 1:colcon.colcon_core.environment:checking '/home/jiujiujiur0000/workspace/vscode/turtorials/install/tutorial_interfaces' for CMake module files
[6.020s] Level 1:colcon.colcon_core.environment:checking '/home/jiujiujiur0000/workspace/vscode/turtorials/install/tutorial_interfaces' for CMake config files
[6.021s] Level 1:colcon.colcon_core.shell:create_environment_hook('tutorial_interfaces', 'cmake_prefix_path')
[6.021s] INFO:colcon.colcon_core.shell:Creating environment hook '/home/jiujiujiur0000/workspace/vscode/turtorials/install/tutorial_interfaces/share/tutorial_interfaces/hook/cmake_prefix_path.ps1'
[6.021s] INFO:colcon.colcon_core.shell:Creating environment descriptor '/home/jiujiujiur0000/workspace/vscode/turtorials/install/tutorial_interfaces/share/tutorial_interfaces/hook/cmake_prefix_path.dsv'
[6.022s] INFO:colcon.colcon_core.shell:Creating environment hook '/home/jiujiujiur0000/workspace/vscode/turtorials/install/tutorial_interfaces/share/tutorial_interfaces/hook/cmake_prefix_path.sh'
[6.022s] Level 1:colcon.colcon_core.environment:checking '/home/jiujiujiur0000/workspace/vscode/turtorials/install/tutorial_interfaces/lib'
[6.022s] Level 1:colcon.colcon_core.shell:create_environment_hook('tutorial_interfaces', 'ld_library_path_lib')
[6.023s] INFO:colcon.colcon_core.shell:Creating environment hook '/home/jiujiujiur0000/workspace/vscode/turtorials/install/tutorial_interfaces/share/tutorial_interfaces/hook/ld_library_path_lib.ps1'
[6.023s] INFO:colcon.colcon_core.shell:Creating environment descriptor '/home/jiujiujiur0000/workspace/vscode/turtorials/install/tutorial_interfaces/share/tutorial_interfaces/hook/ld_library_path_lib.dsv'
[6.023s] INFO:colcon.colcon_core.shell:Creating environment hook '/home/jiujiujiur0000/workspace/vscode/turtorials/install/tutorial_interfaces/share/tutorial_interfaces/hook/ld_library_path_lib.sh'
[6.023s] Level 1:colcon.colcon_core.environment:checking '/home/jiujiujiur0000/workspace/vscode/turtorials/install/tutorial_interfaces/bin'
[6.023s] Level 1:colcon.colcon_core.environment:checking '/home/jiujiujiur0000/workspace/vscode/turtorials/install/tutorial_interfaces/lib/pkgconfig/tutorial_interfaces.pc'
[6.024s] Level 1:colcon.colcon_core.environment:checking '/home/jiujiujiur0000/workspace/vscode/turtorials/install/tutorial_interfaces/lib/python3.12/site-packages'
[6.024s] Level 1:colcon.colcon_core.shell:create_environment_hook('tutorial_interfaces', 'pythonpath')
[6.024s] INFO:colcon.colcon_core.shell:Creating environment hook '/home/jiujiujiur0000/workspace/vscode/turtorials/install/tutorial_interfaces/share/tutorial_interfaces/hook/pythonpath.ps1'
[6.024s] INFO:colcon.colcon_core.shell:Creating environment descriptor '/home/jiujiujiur0000/workspace/vscode/turtorials/install/tutorial_interfaces/share/tutorial_interfaces/hook/pythonpath.dsv'
[6.025s] INFO:colcon.colcon_core.shell:Creating environment hook '/home/jiujiujiur0000/workspace/vscode/turtorials/install/tutorial_interfaces/share/tutorial_interfaces/hook/pythonpath.sh'
[6.025s] Level 1:colcon.colcon_core.environment:checking '/home/jiujiujiur0000/workspace/vscode/turtorials/install/tutorial_interfaces/bin'
[6.025s] INFO:colcon.colcon_core.shell:Creating package script '/home/jiujiujiur0000/workspace/vscode/turtorials/install/tutorial_interfaces/share/tutorial_interfaces/package.ps1'
[6.026s] INFO:colcon.colcon_core.shell:Creating package descriptor '/home/jiujiujiur0000/workspace/vscode/turtorials/install/tutorial_interfaces/share/tutorial_interfaces/package.dsv'
[6.026s] INFO:colcon.colcon_core.shell:Creating package script '/home/jiujiujiur0000/workspace/vscode/turtorials/install/tutorial_interfaces/share/tutorial_interfaces/package.sh'
[6.027s] INFO:colcon.colcon_core.shell:Creating package script '/home/jiujiujiur0000/workspace/vscode/turtorials/install/tutorial_interfaces/share/tutorial_interfaces/package.bash'
[6.027s] INFO:colcon.colcon_core.shell:Creating package script '/home/jiujiujiur0000/workspace/vscode/turtorials/install/tutorial_interfaces/share/tutorial_interfaces/package.zsh'
[6.028s] Level 1:colcon.colcon_core.environment:create_file_with_runtime_dependencies(/home/jiujiujiur0000/workspace/vscode/turtorials/install/tutorial_interfaces/share/colcon-core/packages/tutorial_interfaces)
[6.028s] Level 1:colcon.colcon_core.environment:create_environment_scripts_only(tutorial_interfaces)
[6.028s] Level 1:colcon.colcon_core.environment:checking '/home/jiujiujiur0000/workspace/vscode/turtorials/install/tutorial_interfaces' for CMake module files
[6.029s] Level 1:colcon.colcon_core.environment:checking '/home/jiujiujiur0000/workspace/vscode/turtorials/install/tutorial_interfaces' for CMake config files
[6.029s] Level 1:colcon.colcon_core.shell:create_environment_hook('tutorial_interfaces', 'cmake_prefix_path')
[6.029s] INFO:colcon.colcon_core.shell:Creating environment hook '/home/jiujiujiur0000/workspace/vscode/turtorials/install/tutorial_interfaces/share/tutorial_interfaces/hook/cmake_prefix_path.ps1'
[6.030s] INFO:colcon.colcon_core.shell:Creating environment descriptor '/home/jiujiujiur0000/workspace/vscode/turtorials/install/tutorial_interfaces/share/tutorial_interfaces/hook/cmake_prefix_path.dsv'
[6.030s] INFO:colcon.colcon_core.shell:Creating environment hook '/home/jiujiujiur0000/workspace/vscode/turtorials/install/tutorial_interfaces/share/tutorial_interfaces/hook/cmake_prefix_path.sh'
[6.030s] Level 1:colcon.colcon_core.environment:checking '/home/jiujiujiur0000/workspace/vscode/turtorials/install/tutorial_interfaces/lib'
[6.031s] Level 1:colcon.colcon_core.shell:create_environment_hook('tutorial_interfaces', 'ld_library_path_lib')
[6.031s] INFO:colcon.colcon_core.shell:Creating environment hook '/home/jiujiujiur0000/workspace/vscode/turtorials/install/tutorial_interfaces/share/tutorial_interfaces/hook/ld_library_path_lib.ps1'
[6.031s] INFO:colcon.colcon_core.shell:Creating environment descriptor '/home/jiujiujiur0000/workspace/vscode/turtorials/install/tutorial_interfaces/share/tutorial_interfaces/hook/ld_library_path_lib.dsv'
[6.031s] INFO:colcon.colcon_core.shell:Creating environment hook '/home/jiujiujiur0000/workspace/vscode/turtorials/install/tutorial_interfaces/share/tutorial_interfaces/hook/ld_library_path_lib.sh'
[6.032s] Level 1:colcon.colcon_core.environment:checking '/home/jiujiujiur0000/workspace/vscode/turtorials/install/tutorial_interfaces/bin'
[6.032s] Level 1:colcon.colcon_core.environment:checking '/home/jiujiujiur0000/workspace/vscode/turtorials/install/tutorial_interfaces/lib/pkgconfig/tutorial_interfaces.pc'
[6.032s] Level 1:colcon.colcon_core.environment:checking '/home/jiujiujiur0000/workspace/vscode/turtorials/install/tutorial_interfaces/lib/python3.12/site-packages'
[6.032s] Level 1:colcon.colcon_core.shell:create_environment_hook('tutorial_interfaces', 'pythonpath')
[6.032s] INFO:colcon.colcon_core.shell:Creating environment hook '/home/jiujiujiur0000/workspace/vscode/turtorials/install/tutorial_interfaces/share/tutorial_interfaces/hook/pythonpath.ps1'
[6.033s] INFO:colcon.colcon_core.shell:Creating environment descriptor '/home/jiujiujiur0000/workspace/vscode/turtorials/install/tutorial_interfaces/share/tutorial_interfaces/hook/pythonpath.dsv'
[6.033s] INFO:colcon.colcon_core.shell:Creating environment hook '/home/jiujiujiur0000/workspace/vscode/turtorials/install/tutorial_interfaces/share/tutorial_interfaces/hook/pythonpath.sh'
[6.033s] Level 1:colcon.colcon_core.environment:checking '/home/jiujiujiur0000/workspace/vscode/turtorials/install/tutorial_interfaces/bin'
[6.034s] INFO:colcon.colcon_core.shell:Creating package script '/home/jiujiujiur0000/workspace/vscode/turtorials/install/tutorial_interfaces/share/tutorial_interfaces/package.ps1'
[6.034s] INFO:colcon.colcon_core.shell:Creating package descriptor '/home/jiujiujiur0000/workspace/vscode/turtorials/install/tutorial_interfaces/share/tutorial_interfaces/package.dsv'
[6.034s] INFO:colcon.colcon_core.shell:Creating package script '/home/jiujiujiur0000/workspace/vscode/turtorials/install/tutorial_interfaces/share/tutorial_interfaces/package.sh'
[6.035s] INFO:colcon.colcon_core.shell:Creating package script '/home/jiujiujiur0000/workspace/vscode/turtorials/install/tutorial_interfaces/share/tutorial_interfaces/package.bash'
[6.035s] INFO:colcon.colcon_core.shell:Creating package script '/home/jiujiujiur0000/workspace/vscode/turtorials/install/tutorial_interfaces/share/tutorial_interfaces/package.zsh'
[6.035s] Level 1:colcon.colcon_core.environment:create_file_with_runtime_dependencies(/home/jiujiujiur0000/workspace/vscode/turtorials/install/tutorial_interfaces/share/colcon-core/packages/tutorial_interfaces)
[6.036s] DEBUG:colcon.colcon_parallel_executor.executor.parallel:closing loop
[6.036s] DEBUG:colcon.colcon_parallel_executor.executor.parallel:loop closed
[6.036s] DEBUG:colcon.colcon_parallel_executor.executor.parallel:run_until_complete finished with '0'
[6.036s] DEBUG:colcon.colcon_core.event_reactor:joining thread
[6.041s] INFO:colcon.colcon_core.plugin_system:Skipping extension 'colcon_notification.desktop_notification.terminal_notifier': Not used on non-Darwin systems
[6.041s] INFO:colcon.colcon_core.plugin_system:Skipping extension 'colcon_notification.desktop_notification.win32': Not used on non-Windows systems
[6.041s] INFO:colcon.colcon_notification.desktop_notification:Sending desktop notification using 'notify2'
[6.052s] DEBUG:colcon.colcon_core.event_reactor:joined thread
[6.052s] INFO:colcon.colcon_core.shell:Creating prefix script '/home/jiujiujiur0000/workspace/vscode/turtorials/install/local_setup.ps1'
[6.053s] INFO:colcon.colcon_core.shell:Creating prefix util module '/home/jiujiujiur0000/workspace/vscode/turtorials/install/_local_setup_util_ps1.py'
[6.054s] INFO:colcon.colcon_core.shell:Creating prefix chain script '/home/jiujiujiur0000/workspace/vscode/turtorials/install/setup.ps1'
[6.054s] INFO:colcon.colcon_core.shell:Creating prefix script '/home/jiujiujiur0000/workspace/vscode/turtorials/install/local_setup.sh'
[6.055s] INFO:colcon.colcon_core.shell:Creating prefix util module '/home/jiujiujiur0000/workspace/vscode/turtorials/install/_local_setup_util_sh.py'
[6.055s] INFO:colcon.colcon_core.shell:Creating prefix chain script '/home/jiujiujiur0000/workspace/vscode/turtorials/install/setup.sh'
[6.056s] INFO:colcon.colcon_core.shell:Creating prefix script '/home/jiujiujiur0000/workspace/vscode/turtorials/install/local_setup.bash'
[6.056s] INFO:colcon.colcon_core.shell:Creating prefix chain script '/home/jiujiujiur0000/workspace/vscode/turtorials/install/setup.bash'
[6.057s] INFO:colcon.colcon_core.shell:Creating prefix script '/home/jiujiujiur0000/workspace/vscode/turtorials/install/local_setup.zsh'
[6.057s] INFO:colcon.colcon_core.shell:Creating prefix chain script '/home/jiujiujiur0000/workspace/vscode/turtorials/install/setup.zsh'
