[  2%] Built target more_interfaces__rosidl_generator_type_description
[  2%] Built target ament_cmake_python_copy_more_interfaces
[  5%] Built target more_interfaces__cpp
[ 19%] Built target more_interfaces__rosidl_generator_c
[ 27%] Built target more_interfaces__rosidl_typesupport_introspection_c
[ 36%] Built target more_interfaces__rosidl_typesupport_c
[ 44%] Built target more_interfaces__rosidl_typesupport_fastrtps_c
[ 66%] Built target more_interfaces__rosidl_typesupport_introspection_cpp
[ 69%] Built target more_interfaces__rosidl_typesupport_fastrtps_cpp
[ 69%] Built target more_interfaces__rosidl_typesupport_cpp
[ 69%] Built target more_interfaces
[ 75%] Built target publish_address_book
[ 77%] Built target more_interfaces__py
[ 83%] Built target more_interfaces__rosidl_generator_py
[100%] Built target more_interfaces_s__rosidl_typesupport_fastrtps_c
[100%] Built target more_interfaces_s__rosidl_typesupport_introspection_c
[100%] Built target more_interfaces_s__rosidl_typesupport_c
running egg_info
writing more_interfaces.egg-info/PKG-INFO
writing dependency_links to more_interfaces.egg-info/dependency_links.txt
writing top-level names to more_interfaces.egg-info/top_level.txt
reading manifest file 'more_interfaces.egg-info/SOURCES.txt'
writing manifest file 'more_interfaces.egg-info/SOURCES.txt'
[100%] Built target ament_cmake_python_build_more_interfaces_egg
