[0.019s] Invoking command in '/home/jiujiujiur0000/workspace/vscode/turtorials/build/polygon_plugins': AMENT_PREFIX_PATH=/home/jiujiujiur0000/workspace/vscode/turtorials/install/polygon_base:${AMENT_PREFIX_PATH} CMAKE_PREFIX_PATH=/home/jiujiujiur0000/workspace/vscode/turtorials/install/polygon_base:/home/jiujiujiur0000/workspace/vscode/turtorials/install/cpp_srvcli:/home/jiujiujiur0000/workspace/vscode/turtorials/install/cpp_pubsub:/home/jiujiujiur0000/workspace/vscode/turtorials/install/tutorial_interfaces:/home/jiujiujiur0000/workspace/vscode/turtorials/install/more_interfaces:/home/jiujiujiur0000/workspace/vscode/turtorials/install/learning_tf2_cpp:/home/jiujiujiur0000/workspace/vscode/ros2_control_demos/install:/opt/ros/jazzy/opt/gz_sim_vendor:/opt/ros/jazzy/opt/gz_sensors_vendor:/opt/ros/jazzy/opt/gz_physics_vendor:/opt/ros/jazzy/opt/sdformat_vendor:/opt/ros/jazzy/opt/gz_gui_vendor:/opt/ros/jazzy/opt/gz_transport_vendor:/opt/ros/jazzy/opt/gz_rendering_vendor:/opt/ros/jazzy/opt/gz_plugin_vendor:/opt/ros/jazzy/opt/gz_fuel_tools_vendor:/opt/ros/jazzy/opt/gz_msgs_vendor:/opt/ros/jazzy/opt/gz_common_vendor:/opt/ros/jazzy/opt/gz_math_vendor:/opt/ros/jazzy/opt/gz_utils_vendor:/opt/ros/jazzy/opt/gz_tools_vendor:/opt/ros/jazzy/opt/gz_ogre_next_vendor:/opt/ros/jazzy/opt/gz_dartsim_vendor:/opt/ros/jazzy/opt/gz_cmake_vendor:/opt/ros/jazzy DEBUGINFOD_URLS=https://debuginfod.ubuntu.com /usr/bin/cmake --build /home/jiujiujiur0000/workspace/vscode/turtorials/build/polygon_plugins -- -j16 -l16
[0.073s] [100%] Built target polygon_plugins
[0.086s] Invoked command in '/home/jiujiujiur0000/workspace/vscode/turtorials/build/polygon_plugins' returned '0': AMENT_PREFIX_PATH=/home/jiujiujiur0000/workspace/vscode/turtorials/install/polygon_base:${AMENT_PREFIX_PATH} CMAKE_PREFIX_PATH=/home/jiujiujiur0000/workspace/vscode/turtorials/install/polygon_base:/home/jiujiujiur0000/workspace/vscode/turtorials/install/cpp_srvcli:/home/jiujiujiur0000/workspace/vscode/turtorials/install/cpp_pubsub:/home/jiujiujiur0000/workspace/vscode/turtorials/install/tutorial_interfaces:/home/jiujiujiur0000/workspace/vscode/turtorials/install/more_interfaces:/home/jiujiujiur0000/workspace/vscode/turtorials/install/learning_tf2_cpp:/home/jiujiujiur0000/workspace/vscode/ros2_control_demos/install:/opt/ros/jazzy/opt/gz_sim_vendor:/opt/ros/jazzy/opt/gz_sensors_vendor:/opt/ros/jazzy/opt/gz_physics_vendor:/opt/ros/jazzy/opt/sdformat_vendor:/opt/ros/jazzy/opt/gz_gui_vendor:/opt/ros/jazzy/opt/gz_transport_vendor:/opt/ros/jazzy/opt/gz_rendering_vendor:/opt/ros/jazzy/opt/gz_plugin_vendor:/opt/ros/jazzy/opt/gz_fuel_tools_vendor:/opt/ros/jazzy/opt/gz_msgs_vendor:/opt/ros/jazzy/opt/gz_common_vendor:/opt/ros/jazzy/opt/gz_math_vendor:/opt/ros/jazzy/opt/gz_utils_vendor:/opt/ros/jazzy/opt/gz_tools_vendor:/opt/ros/jazzy/opt/gz_ogre_next_vendor:/opt/ros/jazzy/opt/gz_dartsim_vendor:/opt/ros/jazzy/opt/gz_cmake_vendor:/opt/ros/jazzy DEBUGINFOD_URLS=https://debuginfod.ubuntu.com /usr/bin/cmake --build /home/jiujiujiur0000/workspace/vscode/turtorials/build/polygon_plugins -- -j16 -l16
[0.087s] Invoking command in '/home/jiujiujiur0000/workspace/vscode/turtorials/build/polygon_plugins': AMENT_PREFIX_PATH=/home/jiujiujiur0000/workspace/vscode/turtorials/install/polygon_base:${AMENT_PREFIX_PATH} CMAKE_PREFIX_PATH=/home/jiujiujiur0000/workspace/vscode/turtorials/install/polygon_base:/home/jiujiujiur0000/workspace/vscode/turtorials/install/cpp_srvcli:/home/jiujiujiur0000/workspace/vscode/turtorials/install/cpp_pubsub:/home/jiujiujiur0000/workspace/vscode/turtorials/install/tutorial_interfaces:/home/jiujiujiur0000/workspace/vscode/turtorials/install/more_interfaces:/home/jiujiujiur0000/workspace/vscode/turtorials/install/learning_tf2_cpp:/home/jiujiujiur0000/workspace/vscode/ros2_control_demos/install:/opt/ros/jazzy/opt/gz_sim_vendor:/opt/ros/jazzy/opt/gz_sensors_vendor:/opt/ros/jazzy/opt/gz_physics_vendor:/opt/ros/jazzy/opt/sdformat_vendor:/opt/ros/jazzy/opt/gz_gui_vendor:/opt/ros/jazzy/opt/gz_transport_vendor:/opt/ros/jazzy/opt/gz_rendering_vendor:/opt/ros/jazzy/opt/gz_plugin_vendor:/opt/ros/jazzy/opt/gz_fuel_tools_vendor:/opt/ros/jazzy/opt/gz_msgs_vendor:/opt/ros/jazzy/opt/gz_common_vendor:/opt/ros/jazzy/opt/gz_math_vendor:/opt/ros/jazzy/opt/gz_utils_vendor:/opt/ros/jazzy/opt/gz_tools_vendor:/opt/ros/jazzy/opt/gz_ogre_next_vendor:/opt/ros/jazzy/opt/gz_dartsim_vendor:/opt/ros/jazzy/opt/gz_cmake_vendor:/opt/ros/jazzy DEBUGINFOD_URLS=https://debuginfod.ubuntu.com /usr/bin/cmake --install /home/jiujiujiur0000/workspace/vscode/turtorials/build/polygon_plugins
[0.096s] -- Install configuration: ""
[0.096s] -- Up-to-date: /home/jiujiujiur0000/workspace/vscode/turtorials/install/polygon_plugins/share/polygon_plugins/plugins.xml
[0.097s] -- Up-to-date: /home/jiujiujiur0000/workspace/vscode/turtorials/install/polygon_plugins/include/polygon_plugins
[0.097s] -- Up-to-date: /home/jiujiujiur0000/workspace/vscode/turtorials/install/polygon_plugins/include/polygon_plugins/polygon_plugins
[0.097s] -- Up-to-date: /home/jiujiujiur0000/workspace/vscode/turtorials/install/polygon_plugins/include/polygon_plugins/polygon_plugins/visibility_control.h
[0.097s] -- Up-to-date: /home/jiujiujiur0000/workspace/vscode/turtorials/install/polygon_plugins/include/polygon_plugins/polygon_plugins/polygon_plugins.hpp
[0.097s] -- Up-to-date: /home/jiujiujiur0000/workspace/vscode/turtorials/install/polygon_plugins/lib/libpolygon_plugins.so
[0.097s] -- Up-to-date: /home/jiujiujiur0000/workspace/vscode/turtorials/install/polygon_plugins/share/polygon_plugins/environment/library_path.sh
[0.097s] -- Up-to-date: /home/jiujiujiur0000/workspace/vscode/turtorials/install/polygon_plugins/share/polygon_plugins/environment/library_path.dsv
[0.097s] -- Up-to-date: /home/jiujiujiur0000/workspace/vscode/turtorials/install/polygon_plugins/share/ament_index/resource_index/package_run_dependencies/polygon_plugins
[0.098s] -- Up-to-date: /home/jiujiujiur0000/workspace/vscode/turtorials/install/polygon_plugins/share/ament_index/resource_index/parent_prefix_path/polygon_plugins
[0.098s] -- Up-to-date: /home/jiujiujiur0000/workspace/vscode/turtorials/install/polygon_plugins/share/polygon_plugins/environment/ament_prefix_path.sh
[0.098s] -- Up-to-date: /home/jiujiujiur0000/workspace/vscode/turtorials/install/polygon_plugins/share/polygon_plugins/environment/ament_prefix_path.dsv
[0.098s] -- Up-to-date: /home/jiujiujiur0000/workspace/vscode/turtorials/install/polygon_plugins/share/polygon_plugins/environment/path.sh
[0.098s] -- Up-to-date: /home/jiujiujiur0000/workspace/vscode/turtorials/install/polygon_plugins/share/polygon_plugins/environment/path.dsv
[0.098s] -- Up-to-date: /home/jiujiujiur0000/workspace/vscode/turtorials/install/polygon_plugins/share/polygon_plugins/local_setup.bash
[0.098s] -- Up-to-date: /home/jiujiujiur0000/workspace/vscode/turtorials/install/polygon_plugins/share/polygon_plugins/local_setup.sh
[0.098s] -- Up-to-date: /home/jiujiujiur0000/workspace/vscode/turtorials/install/polygon_plugins/share/polygon_plugins/local_setup.zsh
[0.099s] -- Up-to-date: /home/jiujiujiur0000/workspace/vscode/turtorials/install/polygon_plugins/share/polygon_plugins/local_setup.dsv
[0.099s] -- Installing: /home/jiujiujiur0000/workspace/vscode/turtorials/install/polygon_plugins/share/polygon_plugins/package.dsv
[0.099s] -- Up-to-date: /home/jiujiujiur0000/workspace/vscode/turtorials/install/polygon_plugins/share/ament_index/resource_index/packages/polygon_plugins
[0.099s] -- Up-to-date: /home/jiujiujiur0000/workspace/vscode/turtorials/install/polygon_plugins/share/ament_index/resource_index/polygon_base__pluginlib__plugin/polygon_plugins
[0.099s] -- Up-to-date: /home/jiujiujiur0000/workspace/vscode/turtorials/install/polygon_plugins/share/polygon_plugins/cmake/export_polygon_pluginsExport.cmake
[0.099s] -- Up-to-date: /home/jiujiujiur0000/workspace/vscode/turtorials/install/polygon_plugins/share/polygon_plugins/cmake/export_polygon_pluginsExport-noconfig.cmake
[0.099s] -- Up-to-date: /home/jiujiujiur0000/workspace/vscode/turtorials/install/polygon_plugins/share/polygon_plugins/cmake/ament_cmake_export_include_directories-extras.cmake
[0.099s] -- Up-to-date: /home/jiujiujiur0000/workspace/vscode/turtorials/install/polygon_plugins/share/polygon_plugins/cmake/ament_cmake_export_libraries-extras.cmake
[0.099s] -- Up-to-date: /home/jiujiujiur0000/workspace/vscode/turtorials/install/polygon_plugins/share/polygon_plugins/cmake/ament_cmake_export_targets-extras.cmake
[0.099s] -- Up-to-date: /home/jiujiujiur0000/workspace/vscode/turtorials/install/polygon_plugins/share/polygon_plugins/cmake/polygon_pluginsConfig.cmake
[0.099s] -- Up-to-date: /home/jiujiujiur0000/workspace/vscode/turtorials/install/polygon_plugins/share/polygon_plugins/cmake/polygon_pluginsConfig-version.cmake
[0.100s] -- Up-to-date: /home/jiujiujiur0000/workspace/vscode/turtorials/install/polygon_plugins/share/polygon_plugins/package.xml
[0.101s] Invoked command in '/home/jiujiujiur0000/workspace/vscode/turtorials/build/polygon_plugins' returned '0': AMENT_PREFIX_PATH=/home/jiujiujiur0000/workspace/vscode/turtorials/install/polygon_base:${AMENT_PREFIX_PATH} CMAKE_PREFIX_PATH=/home/jiujiujiur0000/workspace/vscode/turtorials/install/polygon_base:/home/jiujiujiur0000/workspace/vscode/turtorials/install/cpp_srvcli:/home/jiujiujiur0000/workspace/vscode/turtorials/install/cpp_pubsub:/home/jiujiujiur0000/workspace/vscode/turtorials/install/tutorial_interfaces:/home/jiujiujiur0000/workspace/vscode/turtorials/install/more_interfaces:/home/jiujiujiur0000/workspace/vscode/turtorials/install/learning_tf2_cpp:/home/jiujiujiur0000/workspace/vscode/ros2_control_demos/install:/opt/ros/jazzy/opt/gz_sim_vendor:/opt/ros/jazzy/opt/gz_sensors_vendor:/opt/ros/jazzy/opt/gz_physics_vendor:/opt/ros/jazzy/opt/sdformat_vendor:/opt/ros/jazzy/opt/gz_gui_vendor:/opt/ros/jazzy/opt/gz_transport_vendor:/opt/ros/jazzy/opt/gz_rendering_vendor:/opt/ros/jazzy/opt/gz_plugin_vendor:/opt/ros/jazzy/opt/gz_fuel_tools_vendor:/opt/ros/jazzy/opt/gz_msgs_vendor:/opt/ros/jazzy/opt/gz_common_vendor:/opt/ros/jazzy/opt/gz_math_vendor:/opt/ros/jazzy/opt/gz_utils_vendor:/opt/ros/jazzy/opt/gz_tools_vendor:/opt/ros/jazzy/opt/gz_ogre_next_vendor:/opt/ros/jazzy/opt/gz_dartsim_vendor:/opt/ros/jazzy/opt/gz_cmake_vendor:/opt/ros/jazzy DEBUGINFOD_URLS=https://debuginfod.ubuntu.com /usr/bin/cmake --install /home/jiujiujiur0000/workspace/vscode/turtorials/build/polygon_plugins
