[0.010s] Invoking command in '/home/jiujiujiur0000/workspace/vscode/turtorials/build/custom_action_cpp': CMAKE_PREFIX_PATH=${CMAKE_PREFIX_PATH}:/opt/ros/jazzy DEBUGINFOD_URLS=https://debuginfod.ubuntu.com /usr/bin/cmake /home/jiujiujiur0000/workspace/vscode/turtorials/src/custom_action_cpp -DCMAKE_INSTALL_PREFIX=/home/jiujiujiur0000/workspace/vscode/turtorials/install/custom_action_cpp
[0.023s] -- Found ament_cmake: 2.5.4 (/opt/ros/jazzy/share/ament_cmake/cmake)
[0.221s] [31mCMake Error at CMakeLists.txt:10 (find_package):
[0.221s]   By not providing "Findcustom_action_interfaces.cmake" in CMAKE_MODULE_PATH
[0.221s]   this project has asked CMake to find a package configuration file provided
[0.221s]   by "custom_action_interfaces", but CMake did not find one.
[0.221s] 
[0.221s]   Could not find a package configuration file provided by
[0.221s]   "custom_action_interfaces" with any of the following names:
[0.221s] 
[0.221s]     custom_action_interfacesConfig.cmake
[0.221s]     custom_action_interfaces-config.cmake
[0.222s] 
[0.222s]   Add the installation prefix of "custom_action_interfaces" to
[0.222s]   CMAKE_PREFIX_PATH or set "custom_action_interfaces_DIR" to a directory
[0.222s]   containing one of the above files.  If "custom_action_interfaces" provides
[0.222s]   a separate development package or SDK, be sure it has been installed.
[0.222s] 
[0.222s] [0m
[0.222s] -- Configuring incomplete, errors occurred!
[0.224s] Invoked command in '/home/jiujiujiur0000/workspace/vscode/turtorials/build/custom_action_cpp' returned '1': CMAKE_PREFIX_PATH=${CMAKE_PREFIX_PATH}:/opt/ros/jazzy DEBUGINFOD_URLS=https://debuginfod.ubuntu.com /usr/bin/cmake /home/jiujiujiur0000/workspace/vscode/turtorials/src/custom_action_cpp -DCMAKE_INSTALL_PREFIX=/home/jiujiujiur0000/workspace/vscode/turtorials/install/custom_action_cpp
