[0.093s] DEBUG:colcon:Command line arguments: ['/usr/bin/colcon', 'build', '--packages-select', 'custom_action_cpp']
[0.093s] DEBUG:colcon:Parsed command line arguments: Namespace(log_base=None, log_level=None, verb_name='build', build_base='build', install_base='install', merge_install=False, symlink_install=False, test_result_base=None, continue_on_error=False, executor='parallel', parallel_workers=16, event_handlers=None, ignore_user_meta=False, metas=['./colcon.meta'], base_paths=['.'], packages_ignore=None, packages_ignore_regex=None, paths=None, packages_up_to=None, packages_up_to_regex=None, packages_above=None, packages_above_and_dependencies=None, packages_above_depth=None, packages_select_by_dep=None, packages_skip_by_dep=None, packages_skip_up_to=None, packages_select_build_failed=False, packages_skip_build_finished=False, packages_select_test_failures=False, packages_skip_test_passed=False, packages_select=['custom_action_cpp'], packages_skip=None, packages_select_regex=None, packages_skip_regex=None, packages_start=None, packages_end=None, allow_overriding=[], cmake_args=None, cmake_target=None, cmake_target_skip_unavailable=False, cmake_clean_cache=False, cmake_clean_first=False, cmake_force_configure=False, ament_cmake_args=None, catkin_cmake_args=None, catkin_skip_building_tests=False, mixin_files=None, mixin=None, verb_parser=<colcon_mixin.mixin.mixin_argument.MixinArgumentDecorator object at 0x7c48eacab410>, verb_extension=<colcon_core.verb.build.BuildVerb object at 0x7c48eaca98b0>, main=<bound method BuildVerb.main of <colcon_core.verb.build.BuildVerb object at 0x7c48eaca98b0>>, mixin_verb=('build',))
[0.126s] Level 1:colcon.colcon_core.package_discovery:discover_packages(colcon_meta) check parameters
[0.126s] Level 1:colcon.colcon_core.package_discovery:discover_packages(recursive) check parameters
[0.126s] Level 1:colcon.colcon_core.package_discovery:discover_packages(ignore) check parameters
[0.126s] Level 1:colcon.colcon_core.package_discovery:discover_packages(path) check parameters
[0.126s] Level 1:colcon.colcon_core.package_discovery:discover_packages(colcon_meta) discover
[0.126s] Level 1:colcon.colcon_core.package_discovery:discover_packages(recursive) discover
[0.126s] INFO:colcon.colcon_core.package_discovery:Crawling recursively for packages in '/home/jiujiujiur0000/workspace/vscode/turtorials'
[0.126s] Level 1:colcon.colcon_core.package_identification:_identify(.) by extensions ['ignore', 'ignore_ament_install']
[0.126s] Level 1:colcon.colcon_core.package_identification:_identify(.) by extension 'ignore'
[0.126s] Level 1:colcon.colcon_core.package_identification:_identify(.) by extension 'ignore_ament_install'
[0.126s] Level 1:colcon.colcon_core.package_identification:_identify(.) by extensions ['colcon_pkg']
[0.126s] Level 1:colcon.colcon_core.package_identification:_identify(.) by extension 'colcon_pkg'
[0.126s] Level 1:colcon.colcon_core.package_identification:_identify(.) by extensions ['colcon_meta']
[0.126s] Level 1:colcon.colcon_core.package_identification:_identify(.) by extension 'colcon_meta'
[0.126s] Level 1:colcon.colcon_core.package_identification:_identify(.) by extensions ['ros']
[0.126s] Level 1:colcon.colcon_core.package_identification:_identify(.) by extension 'ros'
[0.146s] Level 1:colcon.colcon_core.package_identification:_identify(.) by extensions ['cmake', 'python']
[0.146s] Level 1:colcon.colcon_core.package_identification:_identify(.) by extension 'cmake'
[0.146s] Level 1:colcon.colcon_core.package_identification:_identify(.) by extension 'python'
[0.146s] Level 1:colcon.colcon_core.package_identification:_identify(.) by extensions ['python_setup_py']
[0.146s] Level 1:colcon.colcon_core.package_identification:_identify(.) by extension 'python_setup_py'
[0.146s] Level 1:colcon.colcon_core.package_identification:_identify(build) by extensions ['ignore', 'ignore_ament_install']
[0.146s] Level 1:colcon.colcon_core.package_identification:_identify(build) by extension 'ignore'
[0.146s] Level 1:colcon.colcon_core.package_identification:_identify(build) ignored
[0.146s] Level 1:colcon.colcon_core.package_identification:_identify(install) by extensions ['ignore', 'ignore_ament_install']
[0.146s] Level 1:colcon.colcon_core.package_identification:_identify(install) by extension 'ignore'
[0.146s] Level 1:colcon.colcon_core.package_identification:_identify(install) ignored
[0.147s] Level 1:colcon.colcon_core.package_identification:_identify(log) by extensions ['ignore', 'ignore_ament_install']
[0.147s] Level 1:colcon.colcon_core.package_identification:_identify(log) by extension 'ignore'
[0.147s] Level 1:colcon.colcon_core.package_identification:_identify(log) ignored
[0.147s] Level 1:colcon.colcon_core.package_identification:_identify(src) by extensions ['ignore', 'ignore_ament_install']
[0.147s] Level 1:colcon.colcon_core.package_identification:_identify(src) by extension 'ignore'
[0.147s] Level 1:colcon.colcon_core.package_identification:_identify(src) by extension 'ignore_ament_install'
[0.147s] Level 1:colcon.colcon_core.package_identification:_identify(src) by extensions ['colcon_pkg']
[0.147s] Level 1:colcon.colcon_core.package_identification:_identify(src) by extension 'colcon_pkg'
[0.147s] Level 1:colcon.colcon_core.package_identification:_identify(src) by extensions ['colcon_meta']
[0.147s] Level 1:colcon.colcon_core.package_identification:_identify(src) by extension 'colcon_meta'
[0.147s] Level 1:colcon.colcon_core.package_identification:_identify(src) by extensions ['ros']
[0.147s] Level 1:colcon.colcon_core.package_identification:_identify(src) by extension 'ros'
[0.147s] Level 1:colcon.colcon_core.package_identification:_identify(src) by extensions ['cmake', 'python']
[0.147s] Level 1:colcon.colcon_core.package_identification:_identify(src) by extension 'cmake'
[0.147s] Level 1:colcon.colcon_core.package_identification:_identify(src) by extension 'python'
[0.147s] Level 1:colcon.colcon_core.package_identification:_identify(src) by extensions ['python_setup_py']
[0.147s] Level 1:colcon.colcon_core.package_identification:_identify(src) by extension 'python_setup_py'
[0.147s] Level 1:colcon.colcon_core.package_identification:_identify(src/cpp_parameters) by extensions ['ignore', 'ignore_ament_install']
[0.148s] Level 1:colcon.colcon_core.package_identification:_identify(src/cpp_parameters) by extension 'ignore'
[0.148s] Level 1:colcon.colcon_core.package_identification:_identify(src/cpp_parameters) by extension 'ignore_ament_install'
[0.148s] Level 1:colcon.colcon_core.package_identification:_identify(src/cpp_parameters) by extensions ['colcon_pkg']
[0.148s] Level 1:colcon.colcon_core.package_identification:_identify(src/cpp_parameters) by extension 'colcon_pkg'
[0.148s] Level 1:colcon.colcon_core.package_identification:_identify(src/cpp_parameters) by extensions ['colcon_meta']
[0.148s] Level 1:colcon.colcon_core.package_identification:_identify(src/cpp_parameters) by extension 'colcon_meta'
[0.148s] Level 1:colcon.colcon_core.package_identification:_identify(src/cpp_parameters) by extensions ['ros']
[0.148s] Level 1:colcon.colcon_core.package_identification:_identify(src/cpp_parameters) by extension 'ros'
[0.150s] DEBUG:colcon.colcon_core.package_identification:Package 'src/cpp_parameters' with type 'ros.ament_cmake' and name 'cpp_parameters'
[0.150s] Level 1:colcon.colcon_core.package_identification:_identify(src/cpp_pubsub) by extensions ['ignore', 'ignore_ament_install']
[0.150s] Level 1:colcon.colcon_core.package_identification:_identify(src/cpp_pubsub) by extension 'ignore'
[0.150s] Level 1:colcon.colcon_core.package_identification:_identify(src/cpp_pubsub) by extension 'ignore_ament_install'
[0.150s] Level 1:colcon.colcon_core.package_identification:_identify(src/cpp_pubsub) by extensions ['colcon_pkg']
[0.150s] Level 1:colcon.colcon_core.package_identification:_identify(src/cpp_pubsub) by extension 'colcon_pkg'
[0.150s] Level 1:colcon.colcon_core.package_identification:_identify(src/cpp_pubsub) by extensions ['colcon_meta']
[0.150s] Level 1:colcon.colcon_core.package_identification:_identify(src/cpp_pubsub) by extension 'colcon_meta'
[0.150s] Level 1:colcon.colcon_core.package_identification:_identify(src/cpp_pubsub) by extensions ['ros']
[0.150s] Level 1:colcon.colcon_core.package_identification:_identify(src/cpp_pubsub) by extension 'ros'
[0.151s] DEBUG:colcon.colcon_core.package_identification:Package 'src/cpp_pubsub' with type 'ros.ament_cmake' and name 'cpp_pubsub'
[0.151s] Level 1:colcon.colcon_core.package_identification:_identify(src/cpp_srvcli) by extensions ['ignore', 'ignore_ament_install']
[0.151s] Level 1:colcon.colcon_core.package_identification:_identify(src/cpp_srvcli) by extension 'ignore'
[0.151s] Level 1:colcon.colcon_core.package_identification:_identify(src/cpp_srvcli) by extension 'ignore_ament_install'
[0.151s] Level 1:colcon.colcon_core.package_identification:_identify(src/cpp_srvcli) by extensions ['colcon_pkg']
[0.151s] Level 1:colcon.colcon_core.package_identification:_identify(src/cpp_srvcli) by extension 'colcon_pkg'
[0.151s] Level 1:colcon.colcon_core.package_identification:_identify(src/cpp_srvcli) by extensions ['colcon_meta']
[0.151s] Level 1:colcon.colcon_core.package_identification:_identify(src/cpp_srvcli) by extension 'colcon_meta'
[0.151s] Level 1:colcon.colcon_core.package_identification:_identify(src/cpp_srvcli) by extensions ['ros']
[0.151s] Level 1:colcon.colcon_core.package_identification:_identify(src/cpp_srvcli) by extension 'ros'
[0.151s] DEBUG:colcon.colcon_core.package_identification:Package 'src/cpp_srvcli' with type 'ros.ament_cmake' and name 'cpp_srvcli'
[0.152s] Level 1:colcon.colcon_core.package_identification:_identify(src/custom_action_cpp) by extensions ['ignore', 'ignore_ament_install']
[0.152s] Level 1:colcon.colcon_core.package_identification:_identify(src/custom_action_cpp) by extension 'ignore'
[0.152s] Level 1:colcon.colcon_core.package_identification:_identify(src/custom_action_cpp) by extension 'ignore_ament_install'
[0.152s] Level 1:colcon.colcon_core.package_identification:_identify(src/custom_action_cpp) by extensions ['colcon_pkg']
[0.152s] Level 1:colcon.colcon_core.package_identification:_identify(src/custom_action_cpp) by extension 'colcon_pkg'
[0.152s] Level 1:colcon.colcon_core.package_identification:_identify(src/custom_action_cpp) by extensions ['colcon_meta']
[0.152s] Level 1:colcon.colcon_core.package_identification:_identify(src/custom_action_cpp) by extension 'colcon_meta'
[0.152s] Level 1:colcon.colcon_core.package_identification:_identify(src/custom_action_cpp) by extensions ['ros']
[0.152s] Level 1:colcon.colcon_core.package_identification:_identify(src/custom_action_cpp) by extension 'ros'
[0.152s] DEBUG:colcon.colcon_core.package_identification:Package 'src/custom_action_cpp' with type 'ros.ament_cmake' and name 'custom_action_cpp'
[0.152s] Level 1:colcon.colcon_core.package_identification:_identify(src/custom_action_interfaces) by extensions ['ignore', 'ignore_ament_install']
[0.153s] Level 1:colcon.colcon_core.package_identification:_identify(src/custom_action_interfaces) by extension 'ignore'
[0.153s] Level 1:colcon.colcon_core.package_identification:_identify(src/custom_action_interfaces) by extension 'ignore_ament_install'
[0.153s] Level 1:colcon.colcon_core.package_identification:_identify(src/custom_action_interfaces) by extensions ['colcon_pkg']
[0.153s] Level 1:colcon.colcon_core.package_identification:_identify(src/custom_action_interfaces) by extension 'colcon_pkg'
[0.153s] Level 1:colcon.colcon_core.package_identification:_identify(src/custom_action_interfaces) by extensions ['colcon_meta']
[0.153s] Level 1:colcon.colcon_core.package_identification:_identify(src/custom_action_interfaces) by extension 'colcon_meta'
[0.153s] Level 1:colcon.colcon_core.package_identification:_identify(src/custom_action_interfaces) by extensions ['ros']
[0.153s] Level 1:colcon.colcon_core.package_identification:_identify(src/custom_action_interfaces) by extension 'ros'
[0.153s] DEBUG:colcon.colcon_core.package_identification:Package 'src/custom_action_interfaces' with type 'ros.ament_cmake' and name 'custom_action_interfaces'
[0.153s] Level 1:colcon.colcon_core.package_identification:_identify(src/learning_tf2_cpp) by extensions ['ignore', 'ignore_ament_install']
[0.153s] Level 1:colcon.colcon_core.package_identification:_identify(src/learning_tf2_cpp) by extension 'ignore'
[0.153s] Level 1:colcon.colcon_core.package_identification:_identify(src/learning_tf2_cpp) by extension 'ignore_ament_install'
[0.153s] Level 1:colcon.colcon_core.package_identification:_identify(src/learning_tf2_cpp) by extensions ['colcon_pkg']
[0.153s] Level 1:colcon.colcon_core.package_identification:_identify(src/learning_tf2_cpp) by extension 'colcon_pkg'
[0.154s] Level 1:colcon.colcon_core.package_identification:_identify(src/learning_tf2_cpp) by extensions ['colcon_meta']
[0.154s] Level 1:colcon.colcon_core.package_identification:_identify(src/learning_tf2_cpp) by extension 'colcon_meta'
[0.154s] Level 1:colcon.colcon_core.package_identification:_identify(src/learning_tf2_cpp) by extensions ['ros']
[0.154s] Level 1:colcon.colcon_core.package_identification:_identify(src/learning_tf2_cpp) by extension 'ros'
[0.154s] DEBUG:colcon.colcon_core.package_identification:Package 'src/learning_tf2_cpp' with type 'ros.ament_cmake' and name 'learning_tf2_cpp'
[0.154s] Level 1:colcon.colcon_core.package_identification:_identify(src/more_interfaces) by extensions ['ignore', 'ignore_ament_install']
[0.154s] Level 1:colcon.colcon_core.package_identification:_identify(src/more_interfaces) by extension 'ignore'
[0.154s] Level 1:colcon.colcon_core.package_identification:_identify(src/more_interfaces) by extension 'ignore_ament_install'
[0.154s] Level 1:colcon.colcon_core.package_identification:_identify(src/more_interfaces) by extensions ['colcon_pkg']
[0.154s] Level 1:colcon.colcon_core.package_identification:_identify(src/more_interfaces) by extension 'colcon_pkg'
[0.154s] Level 1:colcon.colcon_core.package_identification:_identify(src/more_interfaces) by extensions ['colcon_meta']
[0.155s] Level 1:colcon.colcon_core.package_identification:_identify(src/more_interfaces) by extension 'colcon_meta'
[0.155s] Level 1:colcon.colcon_core.package_identification:_identify(src/more_interfaces) by extensions ['ros']
[0.155s] Level 1:colcon.colcon_core.package_identification:_identify(src/more_interfaces) by extension 'ros'
[0.155s] DEBUG:colcon.colcon_core.package_identification:Package 'src/more_interfaces' with type 'ros.ament_cmake' and name 'more_interfaces'
[0.155s] Level 1:colcon.colcon_core.package_identification:_identify(src/polygon_base) by extensions ['ignore', 'ignore_ament_install']
[0.155s] Level 1:colcon.colcon_core.package_identification:_identify(src/polygon_base) by extension 'ignore'
[0.155s] Level 1:colcon.colcon_core.package_identification:_identify(src/polygon_base) by extension 'ignore_ament_install'
[0.155s] Level 1:colcon.colcon_core.package_identification:_identify(src/polygon_base) by extensions ['colcon_pkg']
[0.155s] Level 1:colcon.colcon_core.package_identification:_identify(src/polygon_base) by extension 'colcon_pkg'
[0.155s] Level 1:colcon.colcon_core.package_identification:_identify(src/polygon_base) by extensions ['colcon_meta']
[0.155s] Level 1:colcon.colcon_core.package_identification:_identify(src/polygon_base) by extension 'colcon_meta'
[0.155s] Level 1:colcon.colcon_core.package_identification:_identify(src/polygon_base) by extensions ['ros']
[0.155s] Level 1:colcon.colcon_core.package_identification:_identify(src/polygon_base) by extension 'ros'
[0.156s] DEBUG:colcon.colcon_core.package_identification:Package 'src/polygon_base' with type 'ros.ament_cmake' and name 'polygon_base'
[0.156s] Level 1:colcon.colcon_core.package_identification:_identify(src/polygon_plugins) by extensions ['ignore', 'ignore_ament_install']
[0.156s] Level 1:colcon.colcon_core.package_identification:_identify(src/polygon_plugins) by extension 'ignore'
[0.156s] Level 1:colcon.colcon_core.package_identification:_identify(src/polygon_plugins) by extension 'ignore_ament_install'
[0.156s] Level 1:colcon.colcon_core.package_identification:_identify(src/polygon_plugins) by extensions ['colcon_pkg']
[0.156s] Level 1:colcon.colcon_core.package_identification:_identify(src/polygon_plugins) by extension 'colcon_pkg'
[0.156s] Level 1:colcon.colcon_core.package_identification:_identify(src/polygon_plugins) by extensions ['colcon_meta']
[0.156s] Level 1:colcon.colcon_core.package_identification:_identify(src/polygon_plugins) by extension 'colcon_meta'
[0.156s] Level 1:colcon.colcon_core.package_identification:_identify(src/polygon_plugins) by extensions ['ros']
[0.156s] Level 1:colcon.colcon_core.package_identification:_identify(src/polygon_plugins) by extension 'ros'
[0.157s] DEBUG:colcon.colcon_core.package_identification:Package 'src/polygon_plugins' with type 'ros.ament_cmake' and name 'polygon_plugins'
[0.157s] Level 1:colcon.colcon_core.package_identification:_identify(src/tutorial_interfaces) by extensions ['ignore', 'ignore_ament_install']
[0.157s] Level 1:colcon.colcon_core.package_identification:_identify(src/tutorial_interfaces) by extension 'ignore'
[0.157s] Level 1:colcon.colcon_core.package_identification:_identify(src/tutorial_interfaces) by extension 'ignore_ament_install'
[0.157s] Level 1:colcon.colcon_core.package_identification:_identify(src/tutorial_interfaces) by extensions ['colcon_pkg']
[0.157s] Level 1:colcon.colcon_core.package_identification:_identify(src/tutorial_interfaces) by extension 'colcon_pkg'
[0.157s] Level 1:colcon.colcon_core.package_identification:_identify(src/tutorial_interfaces) by extensions ['colcon_meta']
[0.157s] Level 1:colcon.colcon_core.package_identification:_identify(src/tutorial_interfaces) by extension 'colcon_meta'
[0.157s] Level 1:colcon.colcon_core.package_identification:_identify(src/tutorial_interfaces) by extensions ['ros']
[0.157s] Level 1:colcon.colcon_core.package_identification:_identify(src/tutorial_interfaces) by extension 'ros'
[0.157s] DEBUG:colcon.colcon_core.package_identification:Package 'src/tutorial_interfaces' with type 'ros.ament_cmake' and name 'tutorial_interfaces'
[0.157s] Level 1:colcon.colcon_core.package_discovery:discover_packages(recursive) using defaults
[0.158s] Level 1:colcon.colcon_core.package_discovery:discover_packages(ignore) discover
[0.158s] Level 1:colcon.colcon_core.package_discovery:discover_packages(ignore) using defaults
[0.158s] Level 1:colcon.colcon_core.package_discovery:discover_packages(path) discover
[0.158s] Level 1:colcon.colcon_core.package_discovery:discover_packages(path) using defaults
[0.172s] INFO:colcon.colcon_core.package_selection:Skipping not selected package 'cpp_parameters' in 'src/cpp_parameters'
[0.172s] INFO:colcon.colcon_core.package_selection:Skipping not selected package 'custom_action_interfaces' in 'src/custom_action_interfaces'
[0.172s] INFO:colcon.colcon_core.package_selection:Skipping not selected package 'learning_tf2_cpp' in 'src/learning_tf2_cpp'
[0.172s] INFO:colcon.colcon_core.package_selection:Skipping not selected package 'more_interfaces' in 'src/more_interfaces'
[0.172s] INFO:colcon.colcon_core.package_selection:Skipping not selected package 'polygon_base' in 'src/polygon_base'
[0.172s] INFO:colcon.colcon_core.package_selection:Skipping not selected package 'tutorial_interfaces' in 'src/tutorial_interfaces'
[0.172s] INFO:colcon.colcon_core.package_selection:Skipping not selected package 'cpp_pubsub' in 'src/cpp_pubsub'
[0.172s] INFO:colcon.colcon_core.package_selection:Skipping not selected package 'cpp_srvcli' in 'src/cpp_srvcli'
[0.172s] INFO:colcon.colcon_core.package_selection:Skipping not selected package 'polygon_plugins' in 'src/polygon_plugins'
[0.173s] Level 1:colcon.colcon_core.package_discovery:discover_packages(prefix_path) check parameters
[0.173s] Level 1:colcon.colcon_core.package_discovery:discover_packages(prefix_path) discover
[0.175s] DEBUG:colcon.colcon_installed_package_information.package_discovery:Found 10 installed packages in /home/jiujiujiur0000/workspace/vscode/turtorials/install
[0.175s] DEBUG:colcon.colcon_installed_package_information.package_discovery:Found 19 installed packages in /home/jiujiujiur0000/workspace/vscode/ros2_control_demos/install
[0.177s] DEBUG:colcon.colcon_installed_package_information.package_discovery:Found 363 installed packages in /opt/ros/jazzy
[0.178s] Level 1:colcon.colcon_core.package_discovery:discover_packages(prefix_path) using defaults
[0.219s] Level 5:colcon.colcon_core.verb:set package 'custom_action_cpp' build argument 'cmake_args' from command line to 'None'
[0.219s] Level 5:colcon.colcon_core.verb:set package 'custom_action_cpp' build argument 'cmake_target' from command line to 'None'
[0.219s] Level 5:colcon.colcon_core.verb:set package 'custom_action_cpp' build argument 'cmake_target_skip_unavailable' from command line to 'False'
[0.219s] Level 5:colcon.colcon_core.verb:set package 'custom_action_cpp' build argument 'cmake_clean_cache' from command line to 'False'
[0.219s] Level 5:colcon.colcon_core.verb:set package 'custom_action_cpp' build argument 'cmake_clean_first' from command line to 'False'
[0.219s] Level 5:colcon.colcon_core.verb:set package 'custom_action_cpp' build argument 'cmake_force_configure' from command line to 'False'
[0.219s] Level 5:colcon.colcon_core.verb:set package 'custom_action_cpp' build argument 'ament_cmake_args' from command line to 'None'
[0.219s] Level 5:colcon.colcon_core.verb:set package 'custom_action_cpp' build argument 'catkin_cmake_args' from command line to 'None'
[0.219s] Level 5:colcon.colcon_core.verb:set package 'custom_action_cpp' build argument 'catkin_skip_building_tests' from command line to 'False'
[0.220s] DEBUG:colcon.colcon_core.verb:Building package 'custom_action_cpp' with the following arguments: {'ament_cmake_args': None, 'build_base': '/home/jiujiujiur0000/workspace/vscode/turtorials/build/custom_action_cpp', 'catkin_cmake_args': None, 'catkin_skip_building_tests': False, 'cmake_args': None, 'cmake_clean_cache': False, 'cmake_clean_first': False, 'cmake_force_configure': False, 'cmake_target': None, 'cmake_target_skip_unavailable': False, 'install_base': '/home/jiujiujiur0000/workspace/vscode/turtorials/install/custom_action_cpp', 'merge_install': False, 'path': '/home/jiujiujiur0000/workspace/vscode/turtorials/src/custom_action_cpp', 'symlink_install': False, 'test_result_base': None}
[0.220s] INFO:colcon.colcon_core.executor:Executing jobs using 'parallel' executor
[0.221s] DEBUG:colcon.colcon_parallel_executor.executor.parallel:run_until_complete
[0.221s] INFO:colcon.colcon_ros.task.ament_cmake.build:Building ROS package in '/home/jiujiujiur0000/workspace/vscode/turtorials/src/custom_action_cpp' with build type 'ament_cmake'
[0.221s] INFO:colcon.colcon_cmake.task.cmake.build:Building CMake package in '/home/jiujiujiur0000/workspace/vscode/turtorials/src/custom_action_cpp'
[0.223s] INFO:colcon.colcon_core.plugin_system:Skipping extension 'colcon_core.shell.bat': Not used on non-Windows systems
[0.223s] INFO:colcon.colcon_core.shell:Skip shell extension 'powershell' for command environment: Not usable outside of PowerShell
[0.223s] DEBUG:colcon.colcon_core.shell:Skip shell extension 'dsv' for command environment
[0.235s] DEBUG:colcon.colcon_core.event_handler.log_command:Invoking command in '/home/jiujiujiur0000/workspace/vscode/turtorials/build/custom_action_cpp': AMENT_PREFIX_PATH=/home/jiujiujiur0000/workspace/vscode/turtorials/install/custom_action_interfaces:${AMENT_PREFIX_PATH} CMAKE_PREFIX_PATH=/home/jiujiujiur0000/workspace/vscode/turtorials/install/custom_action_interfaces:/home/jiujiujiur0000/workspace/vscode/turtorials/install/cpp_srvcli:/home/jiujiujiur0000/workspace/vscode/turtorials/install/cpp_pubsub:/home/jiujiujiur0000/workspace/vscode/turtorials/install/tutorial_interfaces:/home/jiujiujiur0000/workspace/vscode/turtorials/install/more_interfaces:/home/jiujiujiur0000/workspace/vscode/turtorials/install/learning_tf2_cpp:/home/jiujiujiur0000/workspace/vscode/ros2_control_demos/install:/opt/ros/jazzy/opt/gz_sim_vendor:/opt/ros/jazzy/opt/gz_sensors_vendor:/opt/ros/jazzy/opt/gz_physics_vendor:/opt/ros/jazzy/opt/sdformat_vendor:/opt/ros/jazzy/opt/gz_gui_vendor:/opt/ros/jazzy/opt/gz_transport_vendor:/opt/ros/jazzy/opt/gz_rendering_vendor:/opt/ros/jazzy/opt/gz_plugin_vendor:/opt/ros/jazzy/opt/gz_fuel_tools_vendor:/opt/ros/jazzy/opt/gz_msgs_vendor:/opt/ros/jazzy/opt/gz_common_vendor:/opt/ros/jazzy/opt/gz_math_vendor:/opt/ros/jazzy/opt/gz_utils_vendor:/opt/ros/jazzy/opt/gz_tools_vendor:/opt/ros/jazzy/opt/gz_ogre_next_vendor:/opt/ros/jazzy/opt/gz_dartsim_vendor:/opt/ros/jazzy/opt/gz_cmake_vendor:/opt/ros/jazzy DEBUGINFOD_URLS=https://debuginfod.ubuntu.com LD_LIBRARY_PATH=/home/jiujiujiur0000/workspace/vscode/turtorials/install/custom_action_interfaces/lib:${LD_LIBRARY_PATH} PYTHONPATH=/home/jiujiujiur0000/workspace/vscode/turtorials/install/custom_action_interfaces/lib/python3.12/site-packages:${PYTHONPATH} /usr/bin/cmake /home/jiujiujiur0000/workspace/vscode/turtorials/src/custom_action_cpp -DCMAKE_INSTALL_PREFIX=/home/jiujiujiur0000/workspace/vscode/turtorials/install/custom_action_cpp
[1.134s] DEBUG:colcon.colcon_core.event_handler.log_command:Invoked command in '/home/jiujiujiur0000/workspace/vscode/turtorials/build/custom_action_cpp' returned '0': AMENT_PREFIX_PATH=/home/jiujiujiur0000/workspace/vscode/turtorials/install/custom_action_interfaces:${AMENT_PREFIX_PATH} CMAKE_PREFIX_PATH=/home/jiujiujiur0000/workspace/vscode/turtorials/install/custom_action_interfaces:/home/jiujiujiur0000/workspace/vscode/turtorials/install/cpp_srvcli:/home/jiujiujiur0000/workspace/vscode/turtorials/install/cpp_pubsub:/home/jiujiujiur0000/workspace/vscode/turtorials/install/tutorial_interfaces:/home/jiujiujiur0000/workspace/vscode/turtorials/install/more_interfaces:/home/jiujiujiur0000/workspace/vscode/turtorials/install/learning_tf2_cpp:/home/jiujiujiur0000/workspace/vscode/ros2_control_demos/install:/opt/ros/jazzy/opt/gz_sim_vendor:/opt/ros/jazzy/opt/gz_sensors_vendor:/opt/ros/jazzy/opt/gz_physics_vendor:/opt/ros/jazzy/opt/sdformat_vendor:/opt/ros/jazzy/opt/gz_gui_vendor:/opt/ros/jazzy/opt/gz_transport_vendor:/opt/ros/jazzy/opt/gz_rendering_vendor:/opt/ros/jazzy/opt/gz_plugin_vendor:/opt/ros/jazzy/opt/gz_fuel_tools_vendor:/opt/ros/jazzy/opt/gz_msgs_vendor:/opt/ros/jazzy/opt/gz_common_vendor:/opt/ros/jazzy/opt/gz_math_vendor:/opt/ros/jazzy/opt/gz_utils_vendor:/opt/ros/jazzy/opt/gz_tools_vendor:/opt/ros/jazzy/opt/gz_ogre_next_vendor:/opt/ros/jazzy/opt/gz_dartsim_vendor:/opt/ros/jazzy/opt/gz_cmake_vendor:/opt/ros/jazzy DEBUGINFOD_URLS=https://debuginfod.ubuntu.com LD_LIBRARY_PATH=/home/jiujiujiur0000/workspace/vscode/turtorials/install/custom_action_interfaces/lib:${LD_LIBRARY_PATH} PYTHONPATH=/home/jiujiujiur0000/workspace/vscode/turtorials/install/custom_action_interfaces/lib/python3.12/site-packages:${PYTHONPATH} /usr/bin/cmake /home/jiujiujiur0000/workspace/vscode/turtorials/src/custom_action_cpp -DCMAKE_INSTALL_PREFIX=/home/jiujiujiur0000/workspace/vscode/turtorials/install/custom_action_cpp
[1.135s] DEBUG:colcon.colcon_core.event_handler.log_command:Invoking command in '/home/jiujiujiur0000/workspace/vscode/turtorials/build/custom_action_cpp': AMENT_PREFIX_PATH=/home/jiujiujiur0000/workspace/vscode/turtorials/install/custom_action_interfaces:${AMENT_PREFIX_PATH} CMAKE_PREFIX_PATH=/home/jiujiujiur0000/workspace/vscode/turtorials/install/custom_action_interfaces:/home/jiujiujiur0000/workspace/vscode/turtorials/install/cpp_srvcli:/home/jiujiujiur0000/workspace/vscode/turtorials/install/cpp_pubsub:/home/jiujiujiur0000/workspace/vscode/turtorials/install/tutorial_interfaces:/home/jiujiujiur0000/workspace/vscode/turtorials/install/more_interfaces:/home/jiujiujiur0000/workspace/vscode/turtorials/install/learning_tf2_cpp:/home/jiujiujiur0000/workspace/vscode/ros2_control_demos/install:/opt/ros/jazzy/opt/gz_sim_vendor:/opt/ros/jazzy/opt/gz_sensors_vendor:/opt/ros/jazzy/opt/gz_physics_vendor:/opt/ros/jazzy/opt/sdformat_vendor:/opt/ros/jazzy/opt/gz_gui_vendor:/opt/ros/jazzy/opt/gz_transport_vendor:/opt/ros/jazzy/opt/gz_rendering_vendor:/opt/ros/jazzy/opt/gz_plugin_vendor:/opt/ros/jazzy/opt/gz_fuel_tools_vendor:/opt/ros/jazzy/opt/gz_msgs_vendor:/opt/ros/jazzy/opt/gz_common_vendor:/opt/ros/jazzy/opt/gz_math_vendor:/opt/ros/jazzy/opt/gz_utils_vendor:/opt/ros/jazzy/opt/gz_tools_vendor:/opt/ros/jazzy/opt/gz_ogre_next_vendor:/opt/ros/jazzy/opt/gz_dartsim_vendor:/opt/ros/jazzy/opt/gz_cmake_vendor:/opt/ros/jazzy DEBUGINFOD_URLS=https://debuginfod.ubuntu.com LD_LIBRARY_PATH=/home/jiujiujiur0000/workspace/vscode/turtorials/install/custom_action_interfaces/lib:${LD_LIBRARY_PATH} PYTHONPATH=/home/jiujiujiur0000/workspace/vscode/turtorials/install/custom_action_interfaces/lib/python3.12/site-packages:${PYTHONPATH} /usr/bin/cmake --build /home/jiujiujiur0000/workspace/vscode/turtorials/build/custom_action_cpp -- -j16 -l16
[4.634s] DEBUG:colcon.colcon_core.event_handler.log_command:Invoked command in '/home/jiujiujiur0000/workspace/vscode/turtorials/build/custom_action_cpp' returned '0': AMENT_PREFIX_PATH=/home/jiujiujiur0000/workspace/vscode/turtorials/install/custom_action_interfaces:${AMENT_PREFIX_PATH} CMAKE_PREFIX_PATH=/home/jiujiujiur0000/workspace/vscode/turtorials/install/custom_action_interfaces:/home/jiujiujiur0000/workspace/vscode/turtorials/install/cpp_srvcli:/home/jiujiujiur0000/workspace/vscode/turtorials/install/cpp_pubsub:/home/jiujiujiur0000/workspace/vscode/turtorials/install/tutorial_interfaces:/home/jiujiujiur0000/workspace/vscode/turtorials/install/more_interfaces:/home/jiujiujiur0000/workspace/vscode/turtorials/install/learning_tf2_cpp:/home/jiujiujiur0000/workspace/vscode/ros2_control_demos/install:/opt/ros/jazzy/opt/gz_sim_vendor:/opt/ros/jazzy/opt/gz_sensors_vendor:/opt/ros/jazzy/opt/gz_physics_vendor:/opt/ros/jazzy/opt/sdformat_vendor:/opt/ros/jazzy/opt/gz_gui_vendor:/opt/ros/jazzy/opt/gz_transport_vendor:/opt/ros/jazzy/opt/gz_rendering_vendor:/opt/ros/jazzy/opt/gz_plugin_vendor:/opt/ros/jazzy/opt/gz_fuel_tools_vendor:/opt/ros/jazzy/opt/gz_msgs_vendor:/opt/ros/jazzy/opt/gz_common_vendor:/opt/ros/jazzy/opt/gz_math_vendor:/opt/ros/jazzy/opt/gz_utils_vendor:/opt/ros/jazzy/opt/gz_tools_vendor:/opt/ros/jazzy/opt/gz_ogre_next_vendor:/opt/ros/jazzy/opt/gz_dartsim_vendor:/opt/ros/jazzy/opt/gz_cmake_vendor:/opt/ros/jazzy DEBUGINFOD_URLS=https://debuginfod.ubuntu.com LD_LIBRARY_PATH=/home/jiujiujiur0000/workspace/vscode/turtorials/install/custom_action_interfaces/lib:${LD_LIBRARY_PATH} PYTHONPATH=/home/jiujiujiur0000/workspace/vscode/turtorials/install/custom_action_interfaces/lib/python3.12/site-packages:${PYTHONPATH} /usr/bin/cmake --build /home/jiujiujiur0000/workspace/vscode/turtorials/build/custom_action_cpp -- -j16 -l16
[4.644s] DEBUG:colcon.colcon_core.event_handler.log_command:Invoking command in '/home/jiujiujiur0000/workspace/vscode/turtorials/build/custom_action_cpp': AMENT_PREFIX_PATH=/home/jiujiujiur0000/workspace/vscode/turtorials/install/custom_action_interfaces:${AMENT_PREFIX_PATH} CMAKE_PREFIX_PATH=/home/jiujiujiur0000/workspace/vscode/turtorials/install/custom_action_interfaces:/home/jiujiujiur0000/workspace/vscode/turtorials/install/cpp_srvcli:/home/jiujiujiur0000/workspace/vscode/turtorials/install/cpp_pubsub:/home/jiujiujiur0000/workspace/vscode/turtorials/install/tutorial_interfaces:/home/jiujiujiur0000/workspace/vscode/turtorials/install/more_interfaces:/home/jiujiujiur0000/workspace/vscode/turtorials/install/learning_tf2_cpp:/home/jiujiujiur0000/workspace/vscode/ros2_control_demos/install:/opt/ros/jazzy/opt/gz_sim_vendor:/opt/ros/jazzy/opt/gz_sensors_vendor:/opt/ros/jazzy/opt/gz_physics_vendor:/opt/ros/jazzy/opt/sdformat_vendor:/opt/ros/jazzy/opt/gz_gui_vendor:/opt/ros/jazzy/opt/gz_transport_vendor:/opt/ros/jazzy/opt/gz_rendering_vendor:/opt/ros/jazzy/opt/gz_plugin_vendor:/opt/ros/jazzy/opt/gz_fuel_tools_vendor:/opt/ros/jazzy/opt/gz_msgs_vendor:/opt/ros/jazzy/opt/gz_common_vendor:/opt/ros/jazzy/opt/gz_math_vendor:/opt/ros/jazzy/opt/gz_utils_vendor:/opt/ros/jazzy/opt/gz_tools_vendor:/opt/ros/jazzy/opt/gz_ogre_next_vendor:/opt/ros/jazzy/opt/gz_dartsim_vendor:/opt/ros/jazzy/opt/gz_cmake_vendor:/opt/ros/jazzy DEBUGINFOD_URLS=https://debuginfod.ubuntu.com LD_LIBRARY_PATH=/home/jiujiujiur0000/workspace/vscode/turtorials/install/custom_action_interfaces/lib:${LD_LIBRARY_PATH} PYTHONPATH=/home/jiujiujiur0000/workspace/vscode/turtorials/install/custom_action_interfaces/lib/python3.12/site-packages:${PYTHONPATH} /usr/bin/cmake --install /home/jiujiujiur0000/workspace/vscode/turtorials/build/custom_action_cpp
[4.659s] Level 1:colcon.colcon_core.environment:create_environment_scripts_only(custom_action_cpp)
[4.660s] DEBUG:colcon.colcon_core.event_handler.log_command:Invoked command in '/home/jiujiujiur0000/workspace/vscode/turtorials/build/custom_action_cpp' returned '0': AMENT_PREFIX_PATH=/home/jiujiujiur0000/workspace/vscode/turtorials/install/custom_action_interfaces:${AMENT_PREFIX_PATH} CMAKE_PREFIX_PATH=/home/jiujiujiur0000/workspace/vscode/turtorials/install/custom_action_interfaces:/home/jiujiujiur0000/workspace/vscode/turtorials/install/cpp_srvcli:/home/jiujiujiur0000/workspace/vscode/turtorials/install/cpp_pubsub:/home/jiujiujiur0000/workspace/vscode/turtorials/install/tutorial_interfaces:/home/jiujiujiur0000/workspace/vscode/turtorials/install/more_interfaces:/home/jiujiujiur0000/workspace/vscode/turtorials/install/learning_tf2_cpp:/home/jiujiujiur0000/workspace/vscode/ros2_control_demos/install:/opt/ros/jazzy/opt/gz_sim_vendor:/opt/ros/jazzy/opt/gz_sensors_vendor:/opt/ros/jazzy/opt/gz_physics_vendor:/opt/ros/jazzy/opt/sdformat_vendor:/opt/ros/jazzy/opt/gz_gui_vendor:/opt/ros/jazzy/opt/gz_transport_vendor:/opt/ros/jazzy/opt/gz_rendering_vendor:/opt/ros/jazzy/opt/gz_plugin_vendor:/opt/ros/jazzy/opt/gz_fuel_tools_vendor:/opt/ros/jazzy/opt/gz_msgs_vendor:/opt/ros/jazzy/opt/gz_common_vendor:/opt/ros/jazzy/opt/gz_math_vendor:/opt/ros/jazzy/opt/gz_utils_vendor:/opt/ros/jazzy/opt/gz_tools_vendor:/opt/ros/jazzy/opt/gz_ogre_next_vendor:/opt/ros/jazzy/opt/gz_dartsim_vendor:/opt/ros/jazzy/opt/gz_cmake_vendor:/opt/ros/jazzy DEBUGINFOD_URLS=https://debuginfod.ubuntu.com LD_LIBRARY_PATH=/home/jiujiujiur0000/workspace/vscode/turtorials/install/custom_action_interfaces/lib:${LD_LIBRARY_PATH} PYTHONPATH=/home/jiujiujiur0000/workspace/vscode/turtorials/install/custom_action_interfaces/lib/python3.12/site-packages:${PYTHONPATH} /usr/bin/cmake --install /home/jiujiujiur0000/workspace/vscode/turtorials/build/custom_action_cpp
[4.662s] Level 1:colcon.colcon_core.environment:checking '/home/jiujiujiur0000/workspace/vscode/turtorials/install/custom_action_cpp' for CMake module files
[4.662s] Level 1:colcon.colcon_core.environment:checking '/home/jiujiujiur0000/workspace/vscode/turtorials/install/custom_action_cpp' for CMake config files
[4.662s] Level 1:colcon.colcon_core.shell:create_environment_hook('custom_action_cpp', 'cmake_prefix_path')
[4.662s] INFO:colcon.colcon_core.shell:Creating environment hook '/home/jiujiujiur0000/workspace/vscode/turtorials/install/custom_action_cpp/share/custom_action_cpp/hook/cmake_prefix_path.ps1'
[4.663s] INFO:colcon.colcon_core.shell:Creating environment descriptor '/home/jiujiujiur0000/workspace/vscode/turtorials/install/custom_action_cpp/share/custom_action_cpp/hook/cmake_prefix_path.dsv'
[4.663s] INFO:colcon.colcon_core.shell:Creating environment hook '/home/jiujiujiur0000/workspace/vscode/turtorials/install/custom_action_cpp/share/custom_action_cpp/hook/cmake_prefix_path.sh'
[4.664s] Level 1:colcon.colcon_core.environment:checking '/home/jiujiujiur0000/workspace/vscode/turtorials/install/custom_action_cpp/lib'
[4.664s] Level 1:colcon.colcon_core.shell:create_environment_hook('custom_action_cpp', 'ld_library_path_lib')
[4.664s] INFO:colcon.colcon_core.shell:Creating environment hook '/home/jiujiujiur0000/workspace/vscode/turtorials/install/custom_action_cpp/share/custom_action_cpp/hook/ld_library_path_lib.ps1'
[4.664s] INFO:colcon.colcon_core.shell:Creating environment descriptor '/home/jiujiujiur0000/workspace/vscode/turtorials/install/custom_action_cpp/share/custom_action_cpp/hook/ld_library_path_lib.dsv'
[4.665s] INFO:colcon.colcon_core.shell:Creating environment hook '/home/jiujiujiur0000/workspace/vscode/turtorials/install/custom_action_cpp/share/custom_action_cpp/hook/ld_library_path_lib.sh'
[4.665s] Level 1:colcon.colcon_core.environment:checking '/home/jiujiujiur0000/workspace/vscode/turtorials/install/custom_action_cpp/bin'
[4.665s] Level 1:colcon.colcon_core.environment:checking '/home/jiujiujiur0000/workspace/vscode/turtorials/install/custom_action_cpp/lib/pkgconfig/custom_action_cpp.pc'
[4.665s] Level 1:colcon.colcon_core.environment:checking '/home/jiujiujiur0000/workspace/vscode/turtorials/install/custom_action_cpp/lib/python3.12/site-packages'
[4.665s] Level 1:colcon.colcon_core.environment:checking '/home/jiujiujiur0000/workspace/vscode/turtorials/install/custom_action_cpp/bin'
[4.666s] INFO:colcon.colcon_core.shell:Creating package script '/home/jiujiujiur0000/workspace/vscode/turtorials/install/custom_action_cpp/share/custom_action_cpp/package.ps1'
[4.666s] INFO:colcon.colcon_core.shell:Creating package descriptor '/home/jiujiujiur0000/workspace/vscode/turtorials/install/custom_action_cpp/share/custom_action_cpp/package.dsv'
[4.667s] INFO:colcon.colcon_core.shell:Creating package script '/home/jiujiujiur0000/workspace/vscode/turtorials/install/custom_action_cpp/share/custom_action_cpp/package.sh'
[4.667s] INFO:colcon.colcon_core.shell:Creating package script '/home/jiujiujiur0000/workspace/vscode/turtorials/install/custom_action_cpp/share/custom_action_cpp/package.bash'
[4.668s] INFO:colcon.colcon_core.shell:Creating package script '/home/jiujiujiur0000/workspace/vscode/turtorials/install/custom_action_cpp/share/custom_action_cpp/package.zsh'
[4.668s] Level 1:colcon.colcon_core.environment:create_file_with_runtime_dependencies(/home/jiujiujiur0000/workspace/vscode/turtorials/install/custom_action_cpp/share/colcon-core/packages/custom_action_cpp)
[4.668s] Level 1:colcon.colcon_core.environment:create_environment_scripts_only(custom_action_cpp)
[4.669s] Level 1:colcon.colcon_core.environment:checking '/home/jiujiujiur0000/workspace/vscode/turtorials/install/custom_action_cpp' for CMake module files
[4.669s] Level 1:colcon.colcon_core.environment:checking '/home/jiujiujiur0000/workspace/vscode/turtorials/install/custom_action_cpp' for CMake config files
[4.669s] Level 1:colcon.colcon_core.shell:create_environment_hook('custom_action_cpp', 'cmake_prefix_path')
[4.669s] INFO:colcon.colcon_core.shell:Creating environment hook '/home/jiujiujiur0000/workspace/vscode/turtorials/install/custom_action_cpp/share/custom_action_cpp/hook/cmake_prefix_path.ps1'
[4.670s] INFO:colcon.colcon_core.shell:Creating environment descriptor '/home/jiujiujiur0000/workspace/vscode/turtorials/install/custom_action_cpp/share/custom_action_cpp/hook/cmake_prefix_path.dsv'
[4.670s] INFO:colcon.colcon_core.shell:Creating environment hook '/home/jiujiujiur0000/workspace/vscode/turtorials/install/custom_action_cpp/share/custom_action_cpp/hook/cmake_prefix_path.sh'
[4.670s] Level 1:colcon.colcon_core.environment:checking '/home/jiujiujiur0000/workspace/vscode/turtorials/install/custom_action_cpp/lib'
[4.670s] Level 1:colcon.colcon_core.shell:create_environment_hook('custom_action_cpp', 'ld_library_path_lib')
[4.671s] INFO:colcon.colcon_core.shell:Creating environment hook '/home/jiujiujiur0000/workspace/vscode/turtorials/install/custom_action_cpp/share/custom_action_cpp/hook/ld_library_path_lib.ps1'
[4.671s] INFO:colcon.colcon_core.shell:Creating environment descriptor '/home/jiujiujiur0000/workspace/vscode/turtorials/install/custom_action_cpp/share/custom_action_cpp/hook/ld_library_path_lib.dsv'
[4.671s] INFO:colcon.colcon_core.shell:Creating environment hook '/home/jiujiujiur0000/workspace/vscode/turtorials/install/custom_action_cpp/share/custom_action_cpp/hook/ld_library_path_lib.sh'
[4.672s] Level 1:colcon.colcon_core.environment:checking '/home/jiujiujiur0000/workspace/vscode/turtorials/install/custom_action_cpp/bin'
[4.672s] Level 1:colcon.colcon_core.environment:checking '/home/jiujiujiur0000/workspace/vscode/turtorials/install/custom_action_cpp/lib/pkgconfig/custom_action_cpp.pc'
[4.672s] Level 1:colcon.colcon_core.environment:checking '/home/jiujiujiur0000/workspace/vscode/turtorials/install/custom_action_cpp/lib/python3.12/site-packages'
[4.672s] Level 1:colcon.colcon_core.environment:checking '/home/jiujiujiur0000/workspace/vscode/turtorials/install/custom_action_cpp/bin'
[4.672s] INFO:colcon.colcon_core.shell:Creating package script '/home/jiujiujiur0000/workspace/vscode/turtorials/install/custom_action_cpp/share/custom_action_cpp/package.ps1'
[4.673s] INFO:colcon.colcon_core.shell:Creating package descriptor '/home/jiujiujiur0000/workspace/vscode/turtorials/install/custom_action_cpp/share/custom_action_cpp/package.dsv'
[4.673s] INFO:colcon.colcon_core.shell:Creating package script '/home/jiujiujiur0000/workspace/vscode/turtorials/install/custom_action_cpp/share/custom_action_cpp/package.sh'
[4.673s] INFO:colcon.colcon_core.shell:Creating package script '/home/jiujiujiur0000/workspace/vscode/turtorials/install/custom_action_cpp/share/custom_action_cpp/package.bash'
[4.674s] INFO:colcon.colcon_core.shell:Creating package script '/home/jiujiujiur0000/workspace/vscode/turtorials/install/custom_action_cpp/share/custom_action_cpp/package.zsh'
[4.674s] Level 1:colcon.colcon_core.environment:create_file_with_runtime_dependencies(/home/jiujiujiur0000/workspace/vscode/turtorials/install/custom_action_cpp/share/colcon-core/packages/custom_action_cpp)
[4.674s] DEBUG:colcon.colcon_parallel_executor.executor.parallel:closing loop
[4.675s] DEBUG:colcon.colcon_parallel_executor.executor.parallel:loop closed
[4.675s] DEBUG:colcon.colcon_parallel_executor.executor.parallel:run_until_complete finished with '0'
[4.675s] DEBUG:colcon.colcon_core.event_reactor:joining thread
[4.680s] INFO:colcon.colcon_core.plugin_system:Skipping extension 'colcon_notification.desktop_notification.terminal_notifier': Not used on non-Darwin systems
[4.680s] INFO:colcon.colcon_core.plugin_system:Skipping extension 'colcon_notification.desktop_notification.win32': Not used on non-Windows systems
[4.680s] INFO:colcon.colcon_notification.desktop_notification:Sending desktop notification using 'notify2'
[4.690s] DEBUG:colcon.colcon_core.event_reactor:joined thread
[4.690s] INFO:colcon.colcon_core.shell:Creating prefix script '/home/jiujiujiur0000/workspace/vscode/turtorials/install/local_setup.ps1'
[4.691s] INFO:colcon.colcon_core.shell:Creating prefix util module '/home/jiujiujiur0000/workspace/vscode/turtorials/install/_local_setup_util_ps1.py'
[4.692s] INFO:colcon.colcon_core.shell:Creating prefix chain script '/home/jiujiujiur0000/workspace/vscode/turtorials/install/setup.ps1'
[4.693s] INFO:colcon.colcon_core.shell:Creating prefix script '/home/jiujiujiur0000/workspace/vscode/turtorials/install/local_setup.sh'
[4.693s] INFO:colcon.colcon_core.shell:Creating prefix util module '/home/jiujiujiur0000/workspace/vscode/turtorials/install/_local_setup_util_sh.py'
[4.694s] INFO:colcon.colcon_core.shell:Creating prefix chain script '/home/jiujiujiur0000/workspace/vscode/turtorials/install/setup.sh'
[4.694s] INFO:colcon.colcon_core.shell:Creating prefix script '/home/jiujiujiur0000/workspace/vscode/turtorials/install/local_setup.bash'
[4.695s] INFO:colcon.colcon_core.shell:Creating prefix chain script '/home/jiujiujiur0000/workspace/vscode/turtorials/install/setup.bash'
[4.696s] INFO:colcon.colcon_core.shell:Creating prefix script '/home/jiujiujiur0000/workspace/vscode/turtorials/install/local_setup.zsh'
[4.696s] INFO:colcon.colcon_core.shell:Creating prefix chain script '/home/jiujiujiur0000/workspace/vscode/turtorials/install/setup.zsh'
