[0.021s] Invoking command in '/home/jiujiujiur0000/workspace/vscode/turtorials/build/more_interfaces': CMAKE_PREFIX_PATH=${CMAKE_PREFIX_PATH}:/opt/ros/jazzy DEBUGINFOD_URLS=https://debuginfod.ubuntu.com /usr/bin/cmake --build /home/jiujiujiur0000/workspace/vscode/turtorials/build/more_interfaces -- -j16 -l16
[0.076s] [  2%] Built target more_interfaces__rosidl_generator_type_description
[0.089s] [  2%] Built target ament_cmake_python_copy_more_interfaces
[0.100s] [  5%] Built target more_interfaces__cpp
[0.101s] [ 19%] Built target more_interfaces__rosidl_generator_c
[0.128s] [ 33%] Built target more_interfaces__rosidl_typesupport_introspection_c
[0.129s] [ 44%] Built target more_interfaces__rosidl_typesupport_introspection_cpp
[0.129s] [ 44%] Built target more_interfaces__rosidl_typesupport_c
[0.129s] [ 52%] Built target more_interfaces__rosidl_typesupport_cpp
[0.129s] [ 61%] Built target more_interfaces__rosidl_typesupport_fastrtps_cpp
[0.132s] [ 69%] Built target more_interfaces__rosidl_typesupport_fastrtps_c
[0.157s] [ 69%] Built target more_interfaces
[0.159s] [ 75%] Built target publish_address_book
[0.180s] [ 77%] Built target more_interfaces__py
[0.205s] [ 83%] Built target more_interfaces__rosidl_generator_py
[0.229s] [ 94%] Built target more_interfaces_s__rosidl_typesupport_fastrtps_c
[0.229s] [ 94%] Built target more_interfaces_s__rosidl_typesupport_c
[0.229s] [100%] Built target more_interfaces_s__rosidl_typesupport_introspection_c
[0.312s] running egg_info
[0.332s] writing more_interfaces.egg-info/PKG-INFO
[0.332s] writing dependency_links to more_interfaces.egg-info/dependency_links.txt
[0.332s] writing top-level names to more_interfaces.egg-info/top_level.txt
[0.392s] reading manifest file 'more_interfaces.egg-info/SOURCES.txt'
[0.392s] writing manifest file 'more_interfaces.egg-info/SOURCES.txt'
[0.418s] [100%] Built target ament_cmake_python_build_more_interfaces_egg
