[0.011s] Invoking command in '/home/jiujiujiur0000/workspace/vscode/turtorials/build/more_interfaces': CMAKE_PREFIX_PATH=${CMAKE_PREFIX_PATH}:/opt/ros/jazzy DEBUGINFOD_URLS=https://debuginfod.ubuntu.com /usr/bin/cmake --build /home/jiujiujiur0000/workspace/vscode/turtorials/build/more_interfaces -- -j16 -l16
[0.037s] -- Found ament_cmake: 2.5.4 (/opt/ros/jazzy/share/ament_cmake/cmake)
[0.124s] -- Found rosidl_default_generators: 1.6.0 (/opt/ros/jazzy/share/rosidl_default_generators/cmake)
[0.126s] -- Using all available rosidl_typesupport_c: rosidl_typesupport_fastrtps_c;rosidl_typesupport_introspection_c
[0.156s] -- Using all available rosidl_typesupport_cpp: rosidl_typesupport_fastrtps_cpp;rosidl_typesupport_introspection_cpp
[0.178s] -- Found rosidl_adapter: 4.6.6 (/opt/ros/jazzy/share/rosidl_adapter/cmake)
[0.179s] -- Found rclcpp: 28.1.12 (/opt/ros/jazzy/share/rclcpp/cmake)
[0.232s] -- Found rmw_implementation_cmake: 7.3.2 (/opt/ros/jazzy/share/rmw_implementation_cmake/cmake)
[0.233s] -- Found rmw_fastrtps_cpp: 8.4.3 (/opt/ros/jazzy/share/rmw_fastrtps_cpp/cmake)
[0.293s] -- Using RMW implementation 'rmw_fastrtps_cpp' as default
[0.557s] -- Found ament_cmake_ros: 0.12.0 (/opt/ros/jazzy/share/ament_cmake_ros/cmake)
[0.635s] -- Using all available rosidl_typesupport_c: rosidl_typesupport_fastrtps_c;rosidl_typesupport_introspection_c
[0.732s] -- Using all available rosidl_typesupport_cpp: rosidl_typesupport_fastrtps_cpp;rosidl_typesupport_introspection_cpp
[0.734s] -- Found python_cmake_module: 0.11.1 (/opt/ros/jazzy/share/python_cmake_module/cmake)
[0.951s] -- Found Python3: /usr/bin/python3 (found version "3.12.3") found components: Interpreter Development NumPy Development.Module Development.Embed 
[0.958s] -- Found ament_lint_auto: 0.17.3 (/opt/ros/jazzy/share/ament_lint_auto/cmake)
[0.965s] -- Added test 'cppcheck' to perform static code analysis on C / C++ code
[0.966s] -- Configured cppcheck include dirs: 
[0.966s] -- Configured cppcheck exclude dirs and/or files: 
[0.966s] -- Added test 'lint_cmake' to check CMake code style
[0.967s] -- Added test 'uncrustify' to check C / C++ code style
[0.967s] -- Configured uncrustify additional arguments: 
[0.968s] -- Added test 'xmllint' to check XML markup files
[0.969s] -- Configuring done (0.9s)
[1.000s] -- Generating done (0.0s)
[1.012s] -- Build files have been written to: /home/jiujiujiur0000/workspace/vscode/turtorials/build/more_interfaces
[1.051s] [  2%] Built target more_interfaces__rosidl_generator_type_description
[1.061s] [  2%] Built target ament_cmake_python_copy_more_interfaces
[1.071s] [  5%] Built target more_interfaces__cpp
[1.073s] [ 19%] Built target more_interfaces__rosidl_generator_c
[1.097s] [ 44%] Built target more_interfaces__rosidl_typesupport_introspection_c
[1.097s] [ 44%] Built target more_interfaces__rosidl_typesupport_c
[1.097s] [ 44%] Built target more_interfaces__rosidl_typesupport_cpp
[1.097s] [ 52%] Built target more_interfaces__rosidl_typesupport_introspection_cpp
[1.097s] [ 69%] Built target more_interfaces__rosidl_typesupport_fastrtps_cpp
[1.097s] [ 69%] Built target more_interfaces__rosidl_typesupport_fastrtps_c
[1.120s] [ 69%] Built target more_interfaces
[1.128s] [ 75%] Built target publish_address_book
[1.142s] [ 77%] Built target more_interfaces__py
[1.168s] [ 83%] Built target more_interfaces__rosidl_generator_py
[1.194s] [100%] Built target more_interfaces_s__rosidl_typesupport_fastrtps_c
[1.194s] [100%] Built target more_interfaces_s__rosidl_typesupport_introspection_c
[1.194s] [100%] Built target more_interfaces_s__rosidl_typesupport_c
[1.260s] running egg_info
[1.279s] writing more_interfaces.egg-info/PKG-INFO
[1.279s] writing dependency_links to more_interfaces.egg-info/dependency_links.txt
[1.279s] writing top-level names to more_interfaces.egg-info/top_level.txt
[1.335s] reading manifest file 'more_interfaces.egg-info/SOURCES.txt'
[1.336s] writing manifest file 'more_interfaces.egg-info/SOURCES.txt'
[1.360s] [100%] Built target ament_cmake_python_build_more_interfaces_egg
[1.373s] Invoked command in '/home/jiujiujiur0000/workspace/vscode/turtorials/build/more_interfaces' returned '0': CMAKE_PREFIX_PATH=${CMAKE_PREFIX_PATH}:/opt/ros/jazzy DEBUGINFOD_URLS=https://debuginfod.ubuntu.com /usr/bin/cmake --build /home/jiujiujiur0000/workspace/vscode/turtorials/build/more_interfaces -- -j16 -l16
[1.384s] Invoking command in '/home/jiujiujiur0000/workspace/vscode/turtorials/build/more_interfaces': CMAKE_PREFIX_PATH=${CMAKE_PREFIX_PATH}:/opt/ros/jazzy DEBUGINFOD_URLS=https://debuginfod.ubuntu.com /usr/bin/cmake --install /home/jiujiujiur0000/workspace/vscode/turtorials/build/more_interfaces
[1.393s] -- Install configuration: ""
[1.393s] -- Up-to-date: /home/jiujiujiur0000/workspace/vscode/turtorials/install/more_interfaces/share/ament_index/resource_index/rosidl_interfaces/more_interfaces
[1.393s] -- Up-to-date: /home/jiujiujiur0000/workspace/vscode/turtorials/install/more_interfaces/share/more_interfaces/msg/AddressBook.json
[1.393s] -- Up-to-date: /home/jiujiujiur0000/workspace/vscode/turtorials/install/more_interfaces/include/more_interfaces/more_interfaces
[1.393s] -- Up-to-date: /home/jiujiujiur0000/workspace/vscode/turtorials/install/more_interfaces/include/more_interfaces/more_interfaces/msg
[1.393s] -- Up-to-date: /home/jiujiujiur0000/workspace/vscode/turtorials/install/more_interfaces/include/more_interfaces/more_interfaces/msg/detail
[1.393s] -- Up-to-date: /home/jiujiujiur0000/workspace/vscode/turtorials/install/more_interfaces/include/more_interfaces/more_interfaces/msg/detail/address_book__struct.h
[1.393s] -- Up-to-date: /home/jiujiujiur0000/workspace/vscode/turtorials/install/more_interfaces/include/more_interfaces/more_interfaces/msg/detail/address_book__type_support.h
[1.393s] -- Installing: /home/jiujiujiur0000/workspace/vscode/turtorials/install/more_interfaces/include/more_interfaces/more_interfaces/msg/detail/address_book__type_support.c
[1.393s] -- Up-to-date: /home/jiujiujiur0000/workspace/vscode/turtorials/install/more_interfaces/include/more_interfaces/more_interfaces/msg/detail/address_book__description.c
[1.394s] -- Up-to-date: /home/jiujiujiur0000/workspace/vscode/turtorials/install/more_interfaces/include/more_interfaces/more_interfaces/msg/detail/address_book__functions.c
[1.394s] -- Up-to-date: /home/jiujiujiur0000/workspace/vscode/turtorials/install/more_interfaces/include/more_interfaces/more_interfaces/msg/detail/address_book__functions.h
[1.394s] -- Up-to-date: /home/jiujiujiur0000/workspace/vscode/turtorials/install/more_interfaces/include/more_interfaces/more_interfaces/msg/address_book.h
[1.394s] -- Up-to-date: /home/jiujiujiur0000/workspace/vscode/turtorials/install/more_interfaces/include/more_interfaces/more_interfaces/msg/rosidl_generator_c__visibility_control.h
[1.394s] -- Up-to-date: /home/jiujiujiur0000/workspace/vscode/turtorials/install/more_interfaces/share/more_interfaces/environment/library_path.sh
[1.394s] -- Up-to-date: /home/jiujiujiur0000/workspace/vscode/turtorials/install/more_interfaces/share/more_interfaces/environment/library_path.dsv
[1.394s] -- Up-to-date: /home/jiujiujiur0000/workspace/vscode/turtorials/install/more_interfaces/lib/libmore_interfaces__rosidl_generator_c.so
[1.394s] -- Up-to-date: /home/jiujiujiur0000/workspace/vscode/turtorials/install/more_interfaces/include/more_interfaces/more_interfaces
[1.394s] -- Up-to-date: /home/jiujiujiur0000/workspace/vscode/turtorials/install/more_interfaces/include/more_interfaces/more_interfaces/msg
[1.394s] -- Up-to-date: /home/jiujiujiur0000/workspace/vscode/turtorials/install/more_interfaces/include/more_interfaces/more_interfaces/msg/detail
[1.394s] -- Up-to-date: /home/jiujiujiur0000/workspace/vscode/turtorials/install/more_interfaces/include/more_interfaces/more_interfaces/msg/detail/address_book__rosidl_typesupport_fastrtps_c.h
[1.394s] -- Up-to-date: /home/jiujiujiur0000/workspace/vscode/turtorials/install/more_interfaces/include/more_interfaces/more_interfaces/msg/rosidl_typesupport_fastrtps_c__visibility_control.h
[1.394s] -- Up-to-date: /home/jiujiujiur0000/workspace/vscode/turtorials/install/more_interfaces/lib/libmore_interfaces__rosidl_typesupport_fastrtps_c.so
[1.394s] -- Up-to-date: /home/jiujiujiur0000/workspace/vscode/turtorials/install/more_interfaces/include/more_interfaces/more_interfaces
[1.394s] -- Up-to-date: /home/jiujiujiur0000/workspace/vscode/turtorials/install/more_interfaces/include/more_interfaces/more_interfaces/msg
[1.395s] -- Up-to-date: /home/jiujiujiur0000/workspace/vscode/turtorials/install/more_interfaces/include/more_interfaces/more_interfaces/msg/detail
[1.395s] -- Installing: /home/jiujiujiur0000/workspace/vscode/turtorials/install/more_interfaces/include/more_interfaces/more_interfaces/msg/detail/address_book__type_support.c
[1.395s] -- Up-to-date: /home/jiujiujiur0000/workspace/vscode/turtorials/install/more_interfaces/include/more_interfaces/more_interfaces/msg/detail/address_book__rosidl_typesupport_introspection_c.h
[1.395s] -- Up-to-date: /home/jiujiujiur0000/workspace/vscode/turtorials/install/more_interfaces/include/more_interfaces/more_interfaces/msg/rosidl_typesupport_introspection_c__visibility_control.h
[1.395s] -- Up-to-date: /home/jiujiujiur0000/workspace/vscode/turtorials/install/more_interfaces/lib/libmore_interfaces__rosidl_typesupport_introspection_c.so
[1.395s] -- Up-to-date: /home/jiujiujiur0000/workspace/vscode/turtorials/install/more_interfaces/lib/libmore_interfaces__rosidl_typesupport_c.so
[1.395s] -- Up-to-date: /home/jiujiujiur0000/workspace/vscode/turtorials/install/more_interfaces/include/more_interfaces/more_interfaces
[1.395s] -- Up-to-date: /home/jiujiujiur0000/workspace/vscode/turtorials/install/more_interfaces/include/more_interfaces/more_interfaces/msg
[1.396s] -- Up-to-date: /home/jiujiujiur0000/workspace/vscode/turtorials/install/more_interfaces/include/more_interfaces/more_interfaces/msg/detail
[1.396s] -- Up-to-date: /home/jiujiujiur0000/workspace/vscode/turtorials/install/more_interfaces/include/more_interfaces/more_interfaces/msg/detail/address_book__type_support.hpp
[1.396s] -- Up-to-date: /home/jiujiujiur0000/workspace/vscode/turtorials/install/more_interfaces/include/more_interfaces/more_interfaces/msg/detail/address_book__traits.hpp
[1.396s] -- Up-to-date: /home/jiujiujiur0000/workspace/vscode/turtorials/install/more_interfaces/include/more_interfaces/more_interfaces/msg/detail/address_book__struct.hpp
[1.396s] -- Up-to-date: /home/jiujiujiur0000/workspace/vscode/turtorials/install/more_interfaces/include/more_interfaces/more_interfaces/msg/detail/address_book__builder.hpp
[1.396s] -- Up-to-date: /home/jiujiujiur0000/workspace/vscode/turtorials/install/more_interfaces/include/more_interfaces/more_interfaces/msg/address_book.hpp
[1.396s] -- Up-to-date: /home/jiujiujiur0000/workspace/vscode/turtorials/install/more_interfaces/include/more_interfaces/more_interfaces/msg/rosidl_generator_cpp__visibility_control.hpp
[1.396s] -- Up-to-date: /home/jiujiujiur0000/workspace/vscode/turtorials/install/more_interfaces/include/more_interfaces/more_interfaces
[1.396s] -- Up-to-date: /home/jiujiujiur0000/workspace/vscode/turtorials/install/more_interfaces/include/more_interfaces/more_interfaces/msg
[1.396s] -- Up-to-date: /home/jiujiujiur0000/workspace/vscode/turtorials/install/more_interfaces/include/more_interfaces/more_interfaces/msg/detail
[1.396s] -- Up-to-date: /home/jiujiujiur0000/workspace/vscode/turtorials/install/more_interfaces/include/more_interfaces/more_interfaces/msg/detail/dds_fastrtps
[1.396s] -- Up-to-date: /home/jiujiujiur0000/workspace/vscode/turtorials/install/more_interfaces/include/more_interfaces/more_interfaces/msg/detail/address_book__rosidl_typesupport_fastrtps_cpp.hpp
[1.396s] -- Up-to-date: /home/jiujiujiur0000/workspace/vscode/turtorials/install/more_interfaces/include/more_interfaces/more_interfaces/msg/rosidl_typesupport_fastrtps_cpp__visibility_control.h
[1.396s] -- Up-to-date: /home/jiujiujiur0000/workspace/vscode/turtorials/install/more_interfaces/lib/libmore_interfaces__rosidl_typesupport_fastrtps_cpp.so
[1.396s] -- Up-to-date: /home/jiujiujiur0000/workspace/vscode/turtorials/install/more_interfaces/include/more_interfaces/more_interfaces
[1.397s] -- Up-to-date: /home/jiujiujiur0000/workspace/vscode/turtorials/install/more_interfaces/include/more_interfaces/more_interfaces/msg
[1.397s] -- Up-to-date: /home/jiujiujiur0000/workspace/vscode/turtorials/install/more_interfaces/include/more_interfaces/more_interfaces/msg/detail
[1.397s] -- Up-to-date: /home/jiujiujiur0000/workspace/vscode/turtorials/install/more_interfaces/include/more_interfaces/more_interfaces/msg/detail/address_book__rosidl_typesupport_introspection_cpp.hpp
[1.397s] -- Up-to-date: /home/jiujiujiur0000/workspace/vscode/turtorials/install/more_interfaces/include/more_interfaces/more_interfaces/msg/detail/address_book__type_support.cpp
[1.397s] -- Up-to-date: /home/jiujiujiur0000/workspace/vscode/turtorials/install/more_interfaces/lib/libmore_interfaces__rosidl_typesupport_introspection_cpp.so
[1.397s] -- Up-to-date: /home/jiujiujiur0000/workspace/vscode/turtorials/install/more_interfaces/lib/libmore_interfaces__rosidl_typesupport_cpp.so
[1.397s] -- Up-to-date: /home/jiujiujiur0000/workspace/vscode/turtorials/install/more_interfaces/share/more_interfaces/environment/pythonpath.sh
[1.397s] -- Up-to-date: /home/jiujiujiur0000/workspace/vscode/turtorials/install/more_interfaces/share/more_interfaces/environment/pythonpath.dsv
[1.397s] -- Up-to-date: /home/jiujiujiur0000/workspace/vscode/turtorials/install/more_interfaces/lib/python3.12/site-packages/more_interfaces-0.0.0-py3.12.egg-info
[1.397s] -- Installing: /home/jiujiujiur0000/workspace/vscode/turtorials/install/more_interfaces/lib/python3.12/site-packages/more_interfaces-0.0.0-py3.12.egg-info/top_level.txt
[1.397s] -- Installing: /home/jiujiujiur0000/workspace/vscode/turtorials/install/more_interfaces/lib/python3.12/site-packages/more_interfaces-0.0.0-py3.12.egg-info/dependency_links.txt
[1.398s] -- Installing: /home/jiujiujiur0000/workspace/vscode/turtorials/install/more_interfaces/lib/python3.12/site-packages/more_interfaces-0.0.0-py3.12.egg-info/PKG-INFO
[1.398s] -- Installing: /home/jiujiujiur0000/workspace/vscode/turtorials/install/more_interfaces/lib/python3.12/site-packages/more_interfaces-0.0.0-py3.12.egg-info/SOURCES.txt
[1.398s] -- Up-to-date: /home/jiujiujiur0000/workspace/vscode/turtorials/install/more_interfaces/lib/python3.12/site-packages/more_interfaces
[1.398s] -- Up-to-date: /home/jiujiujiur0000/workspace/vscode/turtorials/install/more_interfaces/lib/python3.12/site-packages/more_interfaces/more_interfaces_s__rosidl_typesupport_fastrtps_c.so
[1.398s] -- Up-to-date: /home/jiujiujiur0000/workspace/vscode/turtorials/install/more_interfaces/lib/python3.12/site-packages/more_interfaces/more_interfaces_s__rosidl_typesupport_c.so
[1.398s] -- Up-to-date: /home/jiujiujiur0000/workspace/vscode/turtorials/install/more_interfaces/lib/python3.12/site-packages/more_interfaces/more_interfaces_s__rosidl_typesupport_introspection_c.so
[1.398s] -- Up-to-date: /home/jiujiujiur0000/workspace/vscode/turtorials/install/more_interfaces/lib/python3.12/site-packages/more_interfaces/_more_interfaces_s.ep.rosidl_typesupport_c.c
[1.398s] -- Up-to-date: /home/jiujiujiur0000/workspace/vscode/turtorials/install/more_interfaces/lib/python3.12/site-packages/more_interfaces/_more_interfaces_s.ep.rosidl_typesupport_fastrtps_c.c
[1.398s] -- Up-to-date: /home/jiujiujiur0000/workspace/vscode/turtorials/install/more_interfaces/lib/python3.12/site-packages/more_interfaces/_more_interfaces_s.ep.rosidl_typesupport_introspection_c.c
[1.398s] -- Installing: /home/jiujiujiur0000/workspace/vscode/turtorials/install/more_interfaces/lib/python3.12/site-packages/more_interfaces/__init__.py
[1.399s] -- Up-to-date: /home/jiujiujiur0000/workspace/vscode/turtorials/install/more_interfaces/lib/python3.12/site-packages/more_interfaces/msg
[1.399s] -- Up-to-date: /home/jiujiujiur0000/workspace/vscode/turtorials/install/more_interfaces/lib/python3.12/site-packages/more_interfaces/msg/_address_book_s.c
[1.399s] -- Up-to-date: /home/jiujiujiur0000/workspace/vscode/turtorials/install/more_interfaces/lib/python3.12/site-packages/more_interfaces/msg/_address_book.py
[1.399s] -- Up-to-date: /home/jiujiujiur0000/workspace/vscode/turtorials/install/more_interfaces/lib/python3.12/site-packages/more_interfaces/msg/__init__.py
[1.429s] Listing '/home/jiujiujiur0000/workspace/vscode/turtorials/install/more_interfaces/lib/python3.12/site-packages/more_interfaces'...
[1.429s] Compiling '/home/jiujiujiur0000/workspace/vscode/turtorials/install/more_interfaces/lib/python3.12/site-packages/more_interfaces/__init__.py'...
[1.429s] Listing '/home/jiujiujiur0000/workspace/vscode/turtorials/install/more_interfaces/lib/python3.12/site-packages/more_interfaces/msg'...
[1.434s] -- Up-to-date: /home/jiujiujiur0000/workspace/vscode/turtorials/install/more_interfaces/lib/python3.12/site-packages/more_interfaces/more_interfaces_s__rosidl_typesupport_fastrtps_c.so
[1.434s] -- Up-to-date: /home/jiujiujiur0000/workspace/vscode/turtorials/install/more_interfaces/lib/python3.12/site-packages/more_interfaces/more_interfaces_s__rosidl_typesupport_introspection_c.so
[1.434s] -- Up-to-date: /home/jiujiujiur0000/workspace/vscode/turtorials/install/more_interfaces/lib/python3.12/site-packages/more_interfaces/more_interfaces_s__rosidl_typesupport_c.so
[1.435s] -- Up-to-date: /home/jiujiujiur0000/workspace/vscode/turtorials/install/more_interfaces/lib/libmore_interfaces__rosidl_generator_py.so
[1.435s] -- Up-to-date: /home/jiujiujiur0000/workspace/vscode/turtorials/install/more_interfaces/share/more_interfaces/msg/AddressBook.idl
[1.435s] -- Up-to-date: /home/jiujiujiur0000/workspace/vscode/turtorials/install/more_interfaces/share/more_interfaces/msg/AddressBook.msg
[1.435s] -- Up-to-date: /home/jiujiujiur0000/workspace/vscode/turtorials/install/more_interfaces/lib/more_interfaces/publish_address_book
[1.435s] -- Up-to-date: /home/jiujiujiur0000/workspace/vscode/turtorials/install/more_interfaces/share/ament_index/resource_index/package_run_dependencies/more_interfaces
[1.435s] -- Up-to-date: /home/jiujiujiur0000/workspace/vscode/turtorials/install/more_interfaces/share/ament_index/resource_index/parent_prefix_path/more_interfaces
[1.435s] -- Up-to-date: /home/jiujiujiur0000/workspace/vscode/turtorials/install/more_interfaces/share/more_interfaces/environment/ament_prefix_path.sh
[1.436s] -- Up-to-date: /home/jiujiujiur0000/workspace/vscode/turtorials/install/more_interfaces/share/more_interfaces/environment/ament_prefix_path.dsv
[1.436s] -- Up-to-date: /home/jiujiujiur0000/workspace/vscode/turtorials/install/more_interfaces/share/more_interfaces/environment/path.sh
[1.436s] -- Up-to-date: /home/jiujiujiur0000/workspace/vscode/turtorials/install/more_interfaces/share/more_interfaces/environment/path.dsv
[1.436s] -- Up-to-date: /home/jiujiujiur0000/workspace/vscode/turtorials/install/more_interfaces/share/more_interfaces/local_setup.bash
[1.436s] -- Up-to-date: /home/jiujiujiur0000/workspace/vscode/turtorials/install/more_interfaces/share/more_interfaces/local_setup.sh
[1.436s] -- Up-to-date: /home/jiujiujiur0000/workspace/vscode/turtorials/install/more_interfaces/share/more_interfaces/local_setup.zsh
[1.436s] -- Up-to-date: /home/jiujiujiur0000/workspace/vscode/turtorials/install/more_interfaces/share/more_interfaces/local_setup.dsv
[1.436s] -- Installing: /home/jiujiujiur0000/workspace/vscode/turtorials/install/more_interfaces/share/more_interfaces/package.dsv
[1.436s] -- Up-to-date: /home/jiujiujiur0000/workspace/vscode/turtorials/install/more_interfaces/share/ament_index/resource_index/packages/more_interfaces
[1.436s] -- Up-to-date: /home/jiujiujiur0000/workspace/vscode/turtorials/install/more_interfaces/share/more_interfaces/cmake/export_more_interfaces__rosidl_generator_cExport.cmake
[1.436s] -- Up-to-date: /home/jiujiujiur0000/workspace/vscode/turtorials/install/more_interfaces/share/more_interfaces/cmake/export_more_interfaces__rosidl_generator_cExport-noconfig.cmake
[1.437s] -- Up-to-date: /home/jiujiujiur0000/workspace/vscode/turtorials/install/more_interfaces/share/more_interfaces/cmake/export_more_interfaces__rosidl_typesupport_fastrtps_cExport.cmake
[1.437s] -- Up-to-date: /home/jiujiujiur0000/workspace/vscode/turtorials/install/more_interfaces/share/more_interfaces/cmake/export_more_interfaces__rosidl_typesupport_fastrtps_cExport-noconfig.cmake
[1.437s] -- Up-to-date: /home/jiujiujiur0000/workspace/vscode/turtorials/install/more_interfaces/share/more_interfaces/cmake/more_interfaces__rosidl_typesupport_introspection_cExport.cmake
[1.437s] -- Up-to-date: /home/jiujiujiur0000/workspace/vscode/turtorials/install/more_interfaces/share/more_interfaces/cmake/more_interfaces__rosidl_typesupport_introspection_cExport-noconfig.cmake
[1.437s] -- Up-to-date: /home/jiujiujiur0000/workspace/vscode/turtorials/install/more_interfaces/share/more_interfaces/cmake/more_interfaces__rosidl_typesupport_cExport.cmake
[1.437s] -- Up-to-date: /home/jiujiujiur0000/workspace/vscode/turtorials/install/more_interfaces/share/more_interfaces/cmake/more_interfaces__rosidl_typesupport_cExport-noconfig.cmake
[1.437s] -- Up-to-date: /home/jiujiujiur0000/workspace/vscode/turtorials/install/more_interfaces/share/more_interfaces/cmake/export_more_interfaces__rosidl_generator_cppExport.cmake
[1.437s] -- Up-to-date: /home/jiujiujiur0000/workspace/vscode/turtorials/install/more_interfaces/share/more_interfaces/cmake/export_more_interfaces__rosidl_typesupport_fastrtps_cppExport.cmake
[1.437s] -- Up-to-date: /home/jiujiujiur0000/workspace/vscode/turtorials/install/more_interfaces/share/more_interfaces/cmake/export_more_interfaces__rosidl_typesupport_fastrtps_cppExport-noconfig.cmake
[1.437s] -- Up-to-date: /home/jiujiujiur0000/workspace/vscode/turtorials/install/more_interfaces/share/more_interfaces/cmake/more_interfaces__rosidl_typesupport_introspection_cppExport.cmake
[1.437s] -- Up-to-date: /home/jiujiujiur0000/workspace/vscode/turtorials/install/more_interfaces/share/more_interfaces/cmake/more_interfaces__rosidl_typesupport_introspection_cppExport-noconfig.cmake
[1.437s] -- Up-to-date: /home/jiujiujiur0000/workspace/vscode/turtorials/install/more_interfaces/share/more_interfaces/cmake/more_interfaces__rosidl_typesupport_cppExport.cmake
[1.437s] -- Up-to-date: /home/jiujiujiur0000/workspace/vscode/turtorials/install/more_interfaces/share/more_interfaces/cmake/more_interfaces__rosidl_typesupport_cppExport-noconfig.cmake
[1.437s] -- Up-to-date: /home/jiujiujiur0000/workspace/vscode/turtorials/install/more_interfaces/share/more_interfaces/cmake/export_more_interfaces__rosidl_generator_pyExport.cmake
[1.438s] -- Up-to-date: /home/jiujiujiur0000/workspace/vscode/turtorials/install/more_interfaces/share/more_interfaces/cmake/export_more_interfaces__rosidl_generator_pyExport-noconfig.cmake
[1.438s] -- Up-to-date: /home/jiujiujiur0000/workspace/vscode/turtorials/install/more_interfaces/share/more_interfaces/cmake/rosidl_cmake-extras.cmake
[1.438s] -- Up-to-date: /home/jiujiujiur0000/workspace/vscode/turtorials/install/more_interfaces/share/more_interfaces/cmake/ament_cmake_export_include_directories-extras.cmake
[1.438s] -- Up-to-date: /home/jiujiujiur0000/workspace/vscode/turtorials/install/more_interfaces/share/more_interfaces/cmake/ament_cmake_export_libraries-extras.cmake
[1.438s] -- Up-to-date: /home/jiujiujiur0000/workspace/vscode/turtorials/install/more_interfaces/share/more_interfaces/cmake/ament_cmake_export_targets-extras.cmake
[1.438s] -- Up-to-date: /home/jiujiujiur0000/workspace/vscode/turtorials/install/more_interfaces/share/more_interfaces/cmake/rosidl_cmake_export_typesupport_targets-extras.cmake
[1.438s] -- Up-to-date: /home/jiujiujiur0000/workspace/vscode/turtorials/install/more_interfaces/share/more_interfaces/cmake/ament_cmake_export_dependencies-extras.cmake
[1.438s] -- Up-to-date: /home/jiujiujiur0000/workspace/vscode/turtorials/install/more_interfaces/share/more_interfaces/cmake/rosidl_cmake_export_typesupport_libraries-extras.cmake
[1.438s] -- Up-to-date: /home/jiujiujiur0000/workspace/vscode/turtorials/install/more_interfaces/share/more_interfaces/cmake/more_interfacesConfig.cmake
[1.438s] -- Up-to-date: /home/jiujiujiur0000/workspace/vscode/turtorials/install/more_interfaces/share/more_interfaces/cmake/more_interfacesConfig-version.cmake
[1.438s] -- Up-to-date: /home/jiujiujiur0000/workspace/vscode/turtorials/install/more_interfaces/share/more_interfaces/package.xml
[1.440s] Invoked command in '/home/jiujiujiur0000/workspace/vscode/turtorials/build/more_interfaces' returned '0': CMAKE_PREFIX_PATH=${CMAKE_PREFIX_PATH}:/opt/ros/jazzy DEBUGINFOD_URLS=https://debuginfod.ubuntu.com /usr/bin/cmake --install /home/jiujiujiur0000/workspace/vscode/turtorials/build/more_interfaces
