-- Found ament_cmake: 2.5.4 (/opt/ros/jazzy/share/ament_cmake/cmake)
-- Found rclcpp: 28.1.12 (/opt/ros/jazzy/share/rclcpp/cmake)
-- Found rosidl_generator_c: 4.6.6 (/opt/ros/jazzy/share/rosidl_generator_c/cmake)
-- Found rosidl_generator_cpp: 4.6.6 (/opt/ros/jazzy/share/rosidl_generator_cpp/cmake)
-- Using all available rosidl_typesupport_c: rosidl_typesupport_fastrtps_c;rosidl_typesupport_introspection_c
-- Using all available rosidl_typesupport_cpp: rosidl_typesupport_fastrtps_cpp;rosidl_typesupport_introspection_cpp
-- Found rmw_implementation_cmake: 7.3.2 (/opt/ros/jazzy/share/rmw_implementation_cmake/cmake)
-- Found rmw_fastrtps_cpp: 8.4.3 (/opt/ros/jazzy/share/rmw_fastrtps_cpp/cmake)
-- Using RMW implementation 'rmw_fastrtps_cpp' as default
-- Found tutorial_interfaces: 0.0.0 (/home/jiujiujiur0000/workspace/vscode/turtorials/install/tutorial_interfaces/share/tutorial_interfaces/cmake)
-- Found ament_lint_auto: 0.17.3 (/opt/ros/jazzy/share/ament_lint_auto/cmake)
-- Added test 'cppcheck' to perform static code analysis on C / C++ code
-- Configured cppcheck include dirs: 
-- Configured cppcheck exclude dirs and/or files: 
-- Added test 'lint_cmake' to check CMake code style
-- Added test 'uncrustify' to check C / C++ code style
-- Configured uncrustify additional arguments: 
-- Added test 'xmllint' to check XML markup files
-- Configuring done (0.6s)
-- Generating done (0.0s)
-- Build files have been written to: /home/jiujiujiur0000/workspace/vscode/turtorials/build/cpp_pubsub
[ 50%] [32mBuilding CXX object CMakeFiles/talker.dir/src/publisher_member_function.cpp.o[0m
[ 50%] [32mBuilding CXX object CMakeFiles/listener.dir/src/subscriber_member_function.cpp.o[0m
[ 75%] [32m[1mLinking CXX executable talker[0m
[ 75%] Built target talker
[100%] [32m[1mLinking CXX executable listener[0m
[100%] Built target listener
-- Install configuration: ""
-- Installing: /home/jiujiujiur0000/workspace/vscode/turtorials/install/cpp_pubsub/lib/cpp_pubsub/talker
-- Set non-toolchain portion of runtime path of "/home/jiujiujiur0000/workspace/vscode/turtorials/install/cpp_pubsub/lib/cpp_pubsub/talker" to ""
-- Installing: /home/jiujiujiur0000/workspace/vscode/turtorials/install/cpp_pubsub/lib/cpp_pubsub/listener
-- Set non-toolchain portion of runtime path of "/home/jiujiujiur0000/workspace/vscode/turtorials/install/cpp_pubsub/lib/cpp_pubsub/listener" to ""
-- Installing: /home/jiujiujiur0000/workspace/vscode/turtorials/install/cpp_pubsub/share/ament_index/resource_index/package_run_dependencies/cpp_pubsub
-- Installing: /home/jiujiujiur0000/workspace/vscode/turtorials/install/cpp_pubsub/share/ament_index/resource_index/parent_prefix_path/cpp_pubsub
-- Installing: /home/jiujiujiur0000/workspace/vscode/turtorials/install/cpp_pubsub/share/cpp_pubsub/environment/ament_prefix_path.sh
-- Installing: /home/jiujiujiur0000/workspace/vscode/turtorials/install/cpp_pubsub/share/cpp_pubsub/environment/ament_prefix_path.dsv
-- Installing: /home/jiujiujiur0000/workspace/vscode/turtorials/install/cpp_pubsub/share/cpp_pubsub/environment/path.sh
-- Installing: /home/jiujiujiur0000/workspace/vscode/turtorials/install/cpp_pubsub/share/cpp_pubsub/environment/path.dsv
-- Installing: /home/jiujiujiur0000/workspace/vscode/turtorials/install/cpp_pubsub/share/cpp_pubsub/local_setup.bash
-- Installing: /home/jiujiujiur0000/workspace/vscode/turtorials/install/cpp_pubsub/share/cpp_pubsub/local_setup.sh
-- Installing: /home/jiujiujiur0000/workspace/vscode/turtorials/install/cpp_pubsub/share/cpp_pubsub/local_setup.zsh
-- Installing: /home/jiujiujiur0000/workspace/vscode/turtorials/install/cpp_pubsub/share/cpp_pubsub/local_setup.dsv
-- Installing: /home/jiujiujiur0000/workspace/vscode/turtorials/install/cpp_pubsub/share/cpp_pubsub/package.dsv
-- Installing: /home/jiujiujiur0000/workspace/vscode/turtorials/install/cpp_pubsub/share/ament_index/resource_index/packages/cpp_pubsub
-- Installing: /home/jiujiujiur0000/workspace/vscode/turtorials/install/cpp_pubsub/share/cpp_pubsub/cmake/cpp_pubsubConfig.cmake
-- Installing: /home/jiujiujiur0000/workspace/vscode/turtorials/install/cpp_pubsub/share/cpp_pubsub/cmake/cpp_pubsubConfig-version.cmake
-- Installing: /home/jiujiujiur0000/workspace/vscode/turtorials/install/cpp_pubsub/share/cpp_pubsub/package.xml
