[0.014s] Invoking command in '/home/jiujiujiur0000/workspace/vscode/turtorials/build/cpp_pubsub': CMAKE_PREFIX_PATH=${CMAKE_PREFIX_PATH}:/opt/ros/jazzy DEBUGINFOD_URLS=https://debuginfod.ubuntu.com /usr/bin/cmake /home/jiujiujiur0000/workspace/vscode/turtorials/src/cpp_pubsub -DCMAKE_INSTALL_PREFIX=/home/jiujiujiur0000/workspace/vscode/turtorials/install/cpp_pubsub
[0.026s] -- Found ament_cmake: 2.5.4 (/opt/ros/jazzy/share/ament_cmake/cmake)
[0.226s] -- Found rclcpp: 28.1.12 (/opt/ros/jazzy/share/rclcpp/cmake)
[0.251s] -- Found rosidl_generator_c: 4.6.6 (/opt/ros/jazzy/share/rosidl_generator_c/cmake)
[0.258s] -- Found rosidl_generator_cpp: 4.6.6 (/opt/ros/jazzy/share/rosidl_generator_cpp/cmake)
[0.267s] -- Using all available rosidl_typesupport_c: rosidl_typesupport_fastrtps_c;rosidl_typesupport_introspection_c
[0.278s] -- Using all available rosidl_typesupport_cpp: rosidl_typesupport_fastrtps_cpp;rosidl_typesupport_introspection_cpp
[0.329s] -- Found rmw_implementation_cmake: 7.3.2 (/opt/ros/jazzy/share/rmw_implementation_cmake/cmake)
[0.330s] -- Found rmw_fastrtps_cpp: 8.4.3 (/opt/ros/jazzy/share/rmw_fastrtps_cpp/cmake)
[0.387s] -- Using RMW implementation 'rmw_fastrtps_cpp' as default
[0.442s] -- Found tutorial_interfaces: 0.0.0 (/home/jiujiujiur0000/workspace/vscode/turtorials/install/tutorial_interfaces/share/tutorial_interfaces/cmake)
[0.494s] -- Found ament_lint_auto: 0.17.3 (/opt/ros/jazzy/share/ament_lint_auto/cmake)
[0.571s] -- Added test 'cppcheck' to perform static code analysis on C / C++ code
[0.571s] -- Configured cppcheck include dirs: 
[0.571s] -- Configured cppcheck exclude dirs and/or files: 
[0.571s] -- Added test 'lint_cmake' to check CMake code style
[0.572s] -- Added test 'uncrustify' to check C / C++ code style
[0.572s] -- Configured uncrustify additional arguments: 
[0.572s] -- Added test 'xmllint' to check XML markup files
[0.573s] -- Configuring done (0.6s)
[0.586s] -- Generating done (0.0s)
[0.590s] -- Build files have been written to: /home/jiujiujiur0000/workspace/vscode/turtorials/build/cpp_pubsub
[0.597s] Invoked command in '/home/jiujiujiur0000/workspace/vscode/turtorials/build/cpp_pubsub' returned '0': CMAKE_PREFIX_PATH=${CMAKE_PREFIX_PATH}:/opt/ros/jazzy DEBUGINFOD_URLS=https://debuginfod.ubuntu.com /usr/bin/cmake /home/jiujiujiur0000/workspace/vscode/turtorials/src/cpp_pubsub -DCMAKE_INSTALL_PREFIX=/home/jiujiujiur0000/workspace/vscode/turtorials/install/cpp_pubsub
[0.598s] Invoking command in '/home/jiujiujiur0000/workspace/vscode/turtorials/build/cpp_pubsub': CMAKE_PREFIX_PATH=${CMAKE_PREFIX_PATH}:/opt/ros/jazzy DEBUGINFOD_URLS=https://debuginfod.ubuntu.com /usr/bin/cmake --build /home/jiujiujiur0000/workspace/vscode/turtorials/build/cpp_pubsub -- -j16 -l16
[0.650s] [ 50%] [32mBuilding CXX object CMakeFiles/talker.dir/src/publisher_member_function.cpp.o[0m
[0.650s] [ 50%] [32mBuilding CXX object CMakeFiles/listener.dir/src/subscriber_member_function.cpp.o[0m
[4.091s] [ 75%] [32m[1mLinking CXX executable talker[0m
[4.243s] [ 75%] Built target talker
[6.478s] [100%] [32m[1mLinking CXX executable listener[0m
[6.695s] [100%] Built target listener
[6.707s] Invoked command in '/home/jiujiujiur0000/workspace/vscode/turtorials/build/cpp_pubsub' returned '0': CMAKE_PREFIX_PATH=${CMAKE_PREFIX_PATH}:/opt/ros/jazzy DEBUGINFOD_URLS=https://debuginfod.ubuntu.com /usr/bin/cmake --build /home/jiujiujiur0000/workspace/vscode/turtorials/build/cpp_pubsub -- -j16 -l16
[6.708s] Invoking command in '/home/jiujiujiur0000/workspace/vscode/turtorials/build/cpp_pubsub': CMAKE_PREFIX_PATH=${CMAKE_PREFIX_PATH}:/opt/ros/jazzy DEBUGINFOD_URLS=https://debuginfod.ubuntu.com /usr/bin/cmake --install /home/jiujiujiur0000/workspace/vscode/turtorials/build/cpp_pubsub
[6.715s] -- Install configuration: ""
[6.715s] -- Installing: /home/jiujiujiur0000/workspace/vscode/turtorials/install/cpp_pubsub/lib/cpp_pubsub/talker
[6.717s] -- Set non-toolchain portion of runtime path of "/home/jiujiujiur0000/workspace/vscode/turtorials/install/cpp_pubsub/lib/cpp_pubsub/talker" to ""
[6.717s] -- Installing: /home/jiujiujiur0000/workspace/vscode/turtorials/install/cpp_pubsub/lib/cpp_pubsub/listener
[6.721s] -- Set non-toolchain portion of runtime path of "/home/jiujiujiur0000/workspace/vscode/turtorials/install/cpp_pubsub/lib/cpp_pubsub/listener" to ""
[6.721s] -- Installing: /home/jiujiujiur0000/workspace/vscode/turtorials/install/cpp_pubsub/share/ament_index/resource_index/package_run_dependencies/cpp_pubsub
[6.722s] -- Installing: /home/jiujiujiur0000/workspace/vscode/turtorials/install/cpp_pubsub/share/ament_index/resource_index/parent_prefix_path/cpp_pubsub
[6.722s] -- Installing: /home/jiujiujiur0000/workspace/vscode/turtorials/install/cpp_pubsub/share/cpp_pubsub/environment/ament_prefix_path.sh
[6.722s] -- Installing: /home/jiujiujiur0000/workspace/vscode/turtorials/install/cpp_pubsub/share/cpp_pubsub/environment/ament_prefix_path.dsv
[6.722s] -- Installing: /home/jiujiujiur0000/workspace/vscode/turtorials/install/cpp_pubsub/share/cpp_pubsub/environment/path.sh
[6.722s] -- Installing: /home/jiujiujiur0000/workspace/vscode/turtorials/install/cpp_pubsub/share/cpp_pubsub/environment/path.dsv
[6.722s] -- Installing: /home/jiujiujiur0000/workspace/vscode/turtorials/install/cpp_pubsub/share/cpp_pubsub/local_setup.bash
[6.722s] -- Installing: /home/jiujiujiur0000/workspace/vscode/turtorials/install/cpp_pubsub/share/cpp_pubsub/local_setup.sh
[6.723s] -- Installing: /home/jiujiujiur0000/workspace/vscode/turtorials/install/cpp_pubsub/share/cpp_pubsub/local_setup.zsh
[6.723s] -- Installing: /home/jiujiujiur0000/workspace/vscode/turtorials/install/cpp_pubsub/share/cpp_pubsub/local_setup.dsv
[6.723s] -- Installing: /home/jiujiujiur0000/workspace/vscode/turtorials/install/cpp_pubsub/share/cpp_pubsub/package.dsv
[6.723s] -- Installing: /home/jiujiujiur0000/workspace/vscode/turtorials/install/cpp_pubsub/share/ament_index/resource_index/packages/cpp_pubsub
[6.724s] -- Installing: /home/jiujiujiur0000/workspace/vscode/turtorials/install/cpp_pubsub/share/cpp_pubsub/cmake/cpp_pubsubConfig.cmake
[6.724s] -- Installing: /home/jiujiujiur0000/workspace/vscode/turtorials/install/cpp_pubsub/share/cpp_pubsub/cmake/cpp_pubsubConfig-version.cmake
[6.724s] -- Installing: /home/jiujiujiur0000/workspace/vscode/turtorials/install/cpp_pubsub/share/cpp_pubsub/package.xml
[6.726s] Invoked command in '/home/jiujiujiur0000/workspace/vscode/turtorials/build/cpp_pubsub' returned '0': CMAKE_PREFIX_PATH=${CMAKE_PREFIX_PATH}:/opt/ros/jazzy DEBUGINFOD_URLS=https://debuginfod.ubuntu.com /usr/bin/cmake --install /home/jiujiujiur0000/workspace/vscode/turtorials/build/cpp_pubsub
