[0.017s] Invoking command in '/home/jiujiujiur0000/workspace/vscode/turtorials/build/cpp_srvcli': CMAKE_PREFIX_PATH=${CMAKE_PREFIX_PATH}:/opt/ros/jazzy DEBUGINFOD_URLS=https://debuginfod.ubuntu.com /usr/bin/cmake --build /home/jiujiujiur0000/workspace/vscode/turtorials/build/cpp_srvcli -- -j16 -l16
[0.077s] [ 50%] Built target server
[0.078s] [100%] Built target client
[0.091s] Invoked command in '/home/jiujiujiur0000/workspace/vscode/turtorials/build/cpp_srvcli' returned '0': CMAKE_PREFIX_PATH=${CMAKE_PREFIX_PATH}:/opt/ros/jazzy DEBUGINFOD_URLS=https://debuginfod.ubuntu.com /usr/bin/cmake --build /home/jiujiujiur0000/workspace/vscode/turtorials/build/cpp_srvcli -- -j16 -l16
[0.102s] Invoking command in '/home/jiujiujiur0000/workspace/vscode/turtorials/build/cpp_srvcli': CMAKE_PREFIX_PATH=${CMAKE_PREFIX_PATH}:/opt/ros/jazzy DEBUGINFOD_URLS=https://debuginfod.ubuntu.com /usr/bin/cmake --install /home/jiujiujiur0000/workspace/vscode/turtorials/build/cpp_srvcli
[0.110s] -- Install configuration: ""
[0.110s] -- Up-to-date: /home/jiujiujiur0000/workspace/vscode/turtorials/install/cpp_srvcli/lib/cpp_srvcli/server
[0.111s] -- Up-to-date: /home/jiujiujiur0000/workspace/vscode/turtorials/install/cpp_srvcli/lib/cpp_srvcli/client
[0.111s] -- Up-to-date: /home/jiujiujiur0000/workspace/vscode/turtorials/install/cpp_srvcli/share/ament_index/resource_index/package_run_dependencies/cpp_srvcli
[0.111s] -- Up-to-date: /home/jiujiujiur0000/workspace/vscode/turtorials/install/cpp_srvcli/share/ament_index/resource_index/parent_prefix_path/cpp_srvcli
[0.111s] -- Up-to-date: /home/jiujiujiur0000/workspace/vscode/turtorials/install/cpp_srvcli/share/cpp_srvcli/environment/ament_prefix_path.sh
[0.111s] -- Up-to-date: /home/jiujiujiur0000/workspace/vscode/turtorials/install/cpp_srvcli/share/cpp_srvcli/environment/ament_prefix_path.dsv
[0.112s] -- Up-to-date: /home/jiujiujiur0000/workspace/vscode/turtorials/install/cpp_srvcli/share/cpp_srvcli/environment/path.sh
[0.112s] -- Up-to-date: /home/jiujiujiur0000/workspace/vscode/turtorials/install/cpp_srvcli/share/cpp_srvcli/environment/path.dsv
[0.112s] -- Up-to-date: /home/jiujiujiur0000/workspace/vscode/turtorials/install/cpp_srvcli/share/cpp_srvcli/local_setup.bash
[0.112s] -- Up-to-date: /home/jiujiujiur0000/workspace/vscode/turtorials/install/cpp_srvcli/share/cpp_srvcli/local_setup.sh
[0.112s] -- Up-to-date: /home/jiujiujiur0000/workspace/vscode/turtorials/install/cpp_srvcli/share/cpp_srvcli/local_setup.zsh
[0.112s] -- Up-to-date: /home/jiujiujiur0000/workspace/vscode/turtorials/install/cpp_srvcli/share/cpp_srvcli/local_setup.dsv
[0.112s] -- Installing: /home/jiujiujiur0000/workspace/vscode/turtorials/install/cpp_srvcli/share/cpp_srvcli/package.dsv
[0.112s] -- Up-to-date: /home/jiujiujiur0000/workspace/vscode/turtorials/install/cpp_srvcli/share/ament_index/resource_index/packages/cpp_srvcli
[0.112s] -- Up-to-date: /home/jiujiujiur0000/workspace/vscode/turtorials/install/cpp_srvcli/share/cpp_srvcli/cmake/cpp_srvcliConfig.cmake
[0.113s] -- Up-to-date: /home/jiujiujiur0000/workspace/vscode/turtorials/install/cpp_srvcli/share/cpp_srvcli/cmake/cpp_srvcliConfig-version.cmake
[0.113s] -- Up-to-date: /home/jiujiujiur0000/workspace/vscode/turtorials/install/cpp_srvcli/share/cpp_srvcli/package.xml
[0.115s] Invoked command in '/home/jiujiujiur0000/workspace/vscode/turtorials/build/cpp_srvcli' returned '0': CMAKE_PREFIX_PATH=${CMAKE_PREFIX_PATH}:/opt/ros/jazzy DEBUGINFOD_URLS=https://debuginfod.ubuntu.com /usr/bin/cmake --install /home/jiujiujiur0000/workspace/vscode/turtorials/build/cpp_srvcli
